[2024-08-27T12:00:59.789+0000] {taskinstance.py:1083} INFO - Dependencies all met for <TaskInstance: catchup_example.python_operator scheduled__2024-08-27T07:30:00+00:00 [queued]>
[2024-08-27T12:00:59.828+0000] {taskinstance.py:1083} INFO - Dependencies all met for <TaskInstance: catchup_example.python_operator scheduled__2024-08-27T07:30:00+00:00 [queued]>
[2024-08-27T12:00:59.829+0000] {taskinstance.py:1279} INFO - 
--------------------------------------------------------------------------------
[2024-08-27T12:00:59.830+0000] {taskinstance.py:1280} INFO - Starting attempt 1 of 1
[2024-08-27T12:00:59.831+0000] {taskinstance.py:1281} INFO - 
--------------------------------------------------------------------------------
[2024-08-27T12:00:59.935+0000] {taskinstance.py:1300} INFO - Executing <Task(PythonOperator): python_operator> on 2024-08-27 07:30:00+00:00
[2024-08-27T12:00:59.950+0000] {standard_task_runner.py:55} INFO - Started process 114 to run task
[2024-08-27T12:00:59.961+0000] {standard_task_runner.py:82} INFO - Running: ['***', 'tasks', 'run', 'catchup_example', 'python_operator', 'scheduled__2024-08-27T07:30:00+00:00', '--job-id', '10', '--raw', '--subdir', 'DAGS_FOLDER/5catchup_dag.py', '--cfg-path', '/tmp/tmpgnbzs9x_']
[2024-08-27T12:00:59.962+0000] {standard_task_runner.py:83} INFO - Job 10: Subtask python_operator
[2024-08-27T12:01:00.258+0000] {task_command.py:388} INFO - Running <TaskInstance: catchup_example.python_operator scheduled__2024-08-27T07:30:00+00:00 [running]> on host bcac54097145
[2024-08-27T12:01:00.346+0000] {warnings.py:110} WARNING - /home/***/.local/lib/python3.7/site-packages/***/utils/context.py:205: AirflowContextDeprecationWarning: Accessing 'execution_date' from the template is deprecated and will be removed in a future version. Please use 'data_interval_start' or 'logical_date' instead.
  warnings.warn(_create_deprecation_warning(key, self._deprecation_replacements[key]))

[2024-08-27T12:01:00.449+0000] {taskinstance.py:1509} INFO - Exporting the following env vars:
AIRFLOW_CTX_DAG_OWNER=***
AIRFLOW_CTX_DAG_ID=catchup_example
AIRFLOW_CTX_TASK_ID=python_operator
AIRFLOW_CTX_EXECUTION_DATE=2024-08-27T07:30:00+00:00
AIRFLOW_CTX_TRY_NUMBER=1
AIRFLOW_CTX_DAG_RUN_ID=scheduled__2024-08-27T07:30:00+00:00
[2024-08-27T12:01:00.453+0000] {logging_mixin.py:137} INFO - conf: <***.configuration.AirflowConfigParser object at 0x7f1a0aad25d0>
[2024-08-27T12:01:00.460+0000] {logging_mixin.py:137} INFO - dag: <DAG: catchup_example>
[2024-08-27T12:01:00.463+0000] {logging_mixin.py:137} INFO - dag_run: <DagRun catchup_example @ 2024-08-27 07:30:00+00:00: scheduled__2024-08-27T07:30:00+00:00, state:running, queued_at: 2024-08-27 12:00:57.641100+00:00. externally triggered: False>
[2024-08-27T12:01:00.465+0000] {logging_mixin.py:137} INFO - data_interval_end: 2024-08-27T07:40:00+00:00
[2024-08-27T12:01:00.466+0000] {logging_mixin.py:137} INFO - data_interval_start: 2024-08-27T07:30:00+00:00
[2024-08-27T12:01:00.467+0000] {logging_mixin.py:137} INFO - ds: 2024-08-27
[2024-08-27T12:01:00.467+0000] {logging_mixin.py:137} INFO - ds_nodash: 20240827
[2024-08-27T12:01:00.467+0000] {logging_mixin.py:137} INFO - execution_date: 2024-08-27T07:30:00+00:00
[2024-08-27T12:01:00.468+0000] {logging_mixin.py:137} INFO - expanded_ti_count: None
[2024-08-27T12:01:00.473+0000] {logging_mixin.py:137} INFO - inlets: []
[2024-08-27T12:01:00.478+0000] {logging_mixin.py:137} INFO - logical_date: 2024-08-27T07:30:00+00:00
[2024-08-27T12:01:00.481+0000] {logging_mixin.py:137} INFO - macros: <module '***.macros' from '/home/***/.local/lib/python3.7/site-packages/***/macros/__init__.py'>
[2024-08-27T12:01:00.482+0000] {warnings.py:110} WARNING - /home/***/.local/lib/python3.7/site-packages/***/utils/context.py:313: AirflowContextDeprecationWarning: Accessing 'next_ds' from the template is deprecated and will be removed in a future version. Please use '{{ data_interval_end | ds }}' instead.
  warnings.warn(_create_deprecation_warning(k, replacements))

[2024-08-27T12:01:00.489+0000] {logging_mixin.py:137} INFO - next_ds: 2024-08-27
[2024-08-27T12:01:00.493+0000] {warnings.py:110} WARNING - /home/***/.local/lib/python3.7/site-packages/***/utils/context.py:313: AirflowContextDeprecationWarning: Accessing 'next_ds_nodash' from the template is deprecated and will be removed in a future version. Please use '{{ data_interval_end | ds_nodash }}' instead.
  warnings.warn(_create_deprecation_warning(k, replacements))

[2024-08-27T12:01:00.497+0000] {logging_mixin.py:137} INFO - next_ds_nodash: 20240827
[2024-08-27T12:01:00.500+0000] {warnings.py:110} WARNING - /home/***/.local/lib/python3.7/site-packages/***/utils/context.py:313: AirflowContextDeprecationWarning: Accessing 'next_execution_date' from the template is deprecated and will be removed in a future version. Please use 'data_interval_end' instead.
  warnings.warn(_create_deprecation_warning(k, replacements))

[2024-08-27T12:01:00.501+0000] {logging_mixin.py:137} INFO - next_execution_date: 2024-08-27T07:40:00+00:00
[2024-08-27T12:01:00.501+0000] {logging_mixin.py:137} INFO - outlets: []
[2024-08-27T12:01:00.502+0000] {logging_mixin.py:137} INFO - params: {}
[2024-08-27T12:01:00.502+0000] {logging_mixin.py:137} INFO - prev_data_interval_start_success: None
[2024-08-27T12:01:00.502+0000] {logging_mixin.py:137} INFO - prev_data_interval_end_success: None
[2024-08-27T12:01:00.509+0000] {warnings.py:110} WARNING - /home/***/.local/lib/python3.7/site-packages/***/utils/context.py:313: AirflowContextDeprecationWarning: Accessing 'prev_ds' from the template is deprecated and will be removed in a future version.
  warnings.warn(_create_deprecation_warning(k, replacements))

[2024-08-27T12:01:00.511+0000] {logging_mixin.py:137} INFO - prev_ds: 2024-08-27
[2024-08-27T12:01:00.515+0000] {warnings.py:110} WARNING - /home/***/.local/lib/python3.7/site-packages/***/utils/context.py:313: AirflowContextDeprecationWarning: Accessing 'prev_ds_nodash' from the template is deprecated and will be removed in a future version.
  warnings.warn(_create_deprecation_warning(k, replacements))

[2024-08-27T12:01:00.516+0000] {logging_mixin.py:137} INFO - prev_ds_nodash: 20240827
[2024-08-27T12:01:00.517+0000] {warnings.py:110} WARNING - /home/***/.local/lib/python3.7/site-packages/***/utils/context.py:313: AirflowContextDeprecationWarning: Accessing 'prev_execution_date' from the template is deprecated and will be removed in a future version.
  warnings.warn(_create_deprecation_warning(k, replacements))

[2024-08-27T12:01:00.517+0000] {logging_mixin.py:137} INFO - prev_execution_date: 2024-08-27T07:20:00+00:00
[2024-08-27T12:01:00.518+0000] {warnings.py:110} WARNING - /home/***/.local/lib/python3.7/site-packages/***/utils/context.py:313: AirflowContextDeprecationWarning: Accessing 'prev_execution_date_success' from the template is deprecated and will be removed in a future version. Please use 'prev_data_interval_start_success' instead.
  warnings.warn(_create_deprecation_warning(k, replacements))

[2024-08-27T12:01:00.518+0000] {logging_mixin.py:137} INFO - prev_execution_date_success: None
[2024-08-27T12:01:00.519+0000] {logging_mixin.py:137} INFO - prev_start_date_success: None
[2024-08-27T12:01:00.519+0000] {logging_mixin.py:137} INFO - run_id: scheduled__2024-08-27T07:30:00+00:00
[2024-08-27T12:01:00.527+0000] {logging_mixin.py:137} INFO - task: <Task(PythonOperator): python_operator>
[2024-08-27T12:01:00.533+0000] {logging_mixin.py:137} INFO - task_instance: <TaskInstance: catchup_example.python_operator scheduled__2024-08-27T07:30:00+00:00 [running]>
[2024-08-27T12:01:00.535+0000] {logging_mixin.py:137} INFO - task_instance_key_str: catchup_example__python_operator__20240827
[2024-08-27T12:01:00.543+0000] {logging_mixin.py:137} INFO - test_mode: False
[2024-08-27T12:01:00.545+0000] {logging_mixin.py:137} INFO - ti: <TaskInstance: catchup_example.python_operator scheduled__2024-08-27T07:30:00+00:00 [running]>
[2024-08-27T12:01:00.547+0000] {warnings.py:110} WARNING - /home/***/.local/lib/python3.7/site-packages/***/utils/context.py:313: AirflowContextDeprecationWarning: Accessing 'tomorrow_ds' from the template is deprecated and will be removed in a future version.
  warnings.warn(_create_deprecation_warning(k, replacements))

[2024-08-27T12:01:00.548+0000] {logging_mixin.py:137} INFO - tomorrow_ds: 2024-08-28
[2024-08-27T12:01:00.549+0000] {warnings.py:110} WARNING - /home/***/.local/lib/python3.7/site-packages/***/utils/context.py:313: AirflowContextDeprecationWarning: Accessing 'tomorrow_ds_nodash' from the template is deprecated and will be removed in a future version.
  warnings.warn(_create_deprecation_warning(k, replacements))

[2024-08-27T12:01:00.550+0000] {logging_mixin.py:137} INFO - tomorrow_ds_nodash: 20240828
[2024-08-27T12:01:00.587+0000] {logging_mixin.py:137} INFO - triggering_dataset_events: defaultdict(<class 'list'>, {})
[2024-08-27T12:01:00.589+0000] {logging_mixin.py:137} INFO - ts: 2024-08-27T07:30:00+00:00
[2024-08-27T12:01:00.590+0000] {logging_mixin.py:137} INFO - ts_nodash: 20240827T073000
[2024-08-27T12:01:00.594+0000] {logging_mixin.py:137} INFO - ts_nodash_with_tz: 20240827T073000+0000
[2024-08-27T12:01:00.595+0000] {logging_mixin.py:137} INFO - var: {'json': None, 'value': None}
[2024-08-27T12:01:00.595+0000] {logging_mixin.py:137} INFO - conn: None
[2024-08-27T12:01:00.596+0000] {warnings.py:110} WARNING - /home/***/.local/lib/python3.7/site-packages/***/utils/context.py:313: AirflowContextDeprecationWarning: Accessing 'yesterday_ds' from the template is deprecated and will be removed in a future version.
  warnings.warn(_create_deprecation_warning(k, replacements))

[2024-08-27T12:01:00.596+0000] {logging_mixin.py:137} INFO - yesterday_ds: 2024-08-26
[2024-08-27T12:01:00.597+0000] {warnings.py:110} WARNING - /home/***/.local/lib/python3.7/site-packages/***/utils/context.py:313: AirflowContextDeprecationWarning: Accessing 'yesterday_ds_nodash' from the template is deprecated and will be removed in a future version.
  warnings.warn(_create_deprecation_warning(k, replacements))

[2024-08-27T12:01:00.597+0000] {logging_mixin.py:137} INFO - yesterday_ds_nodash: 20240826
[2024-08-27T12:01:00.597+0000] {logging_mixin.py:137} INFO - templates_dict: None
[2024-08-27T12:01:00.598+0000] {python.py:177} INFO - Done. Returned value was: None
[2024-08-27T12:01:00.673+0000] {taskinstance.py:1323} INFO - Marking task as SUCCESS. dag_id=catchup_example, task_id=python_operator, execution_date=20240827T073000, start_date=20240827T120059, end_date=20240827T120100
[2024-08-27T12:01:00.750+0000] {local_task_job.py:208} INFO - Task exited with return code 0
[2024-08-27T12:01:00.808+0000] {taskinstance.py:2578} INFO - 1 downstream tasks scheduled from follow-on schedule check
