[2024-08-27T12:01:09.383+0000] {taskinstance.py:1083} INFO - Dependencies all met for <TaskInstance: catchup_example.python_operator scheduled__2024-08-27T09:10:00+00:00 [queued]>
[2024-08-27T12:01:09.421+0000] {taskinstance.py:1083} INFO - Dependencies all met for <TaskInstance: catchup_example.python_operator scheduled__2024-08-27T09:10:00+00:00 [queued]>
[2024-08-27T12:01:09.424+0000] {taskinstance.py:1279} INFO - 
--------------------------------------------------------------------------------
[2024-08-27T12:01:09.432+0000] {taskinstance.py:1280} INFO - Starting attempt 1 of 1
[2024-08-27T12:01:09.433+0000] {taskinstance.py:1281} INFO - 
--------------------------------------------------------------------------------
[2024-08-27T12:01:09.604+0000] {taskinstance.py:1300} INFO - Executing <Task(PythonOperator): python_operator> on 2024-08-27 09:10:00+00:00
[2024-08-27T12:01:09.612+0000] {standard_task_runner.py:55} INFO - Started process 150 to run task
[2024-08-27T12:01:09.617+0000] {standard_task_runner.py:82} INFO - Running: ['***', 'tasks', 'run', 'catchup_example', 'python_operator', 'scheduled__2024-08-27T09:10:00+00:00', '--job-id', '20', '--raw', '--subdir', 'DAGS_FOLDER/5catchup_dag.py', '--cfg-path', '/tmp/tmpn4pe7bnr']
[2024-08-27T12:01:09.619+0000] {standard_task_runner.py:83} INFO - Job 20: Subtask python_operator
[2024-08-27T12:01:09.830+0000] {task_command.py:388} INFO - Running <TaskInstance: catchup_example.python_operator scheduled__2024-08-27T09:10:00+00:00 [running]> on host bcac54097145
[2024-08-27T12:01:09.960+0000] {warnings.py:110} WARNING - /home/***/.local/lib/python3.7/site-packages/***/utils/context.py:205: AirflowContextDeprecationWarning: Accessing 'execution_date' from the template is deprecated and will be removed in a future version. Please use 'data_interval_start' or 'logical_date' instead.
  warnings.warn(_create_deprecation_warning(key, self._deprecation_replacements[key]))

[2024-08-27T12:01:10.066+0000] {taskinstance.py:1509} INFO - Exporting the following env vars:
AIRFLOW_CTX_DAG_OWNER=***
AIRFLOW_CTX_DAG_ID=catchup_example
AIRFLOW_CTX_TASK_ID=python_operator
AIRFLOW_CTX_EXECUTION_DATE=2024-08-27T09:10:00+00:00
AIRFLOW_CTX_TRY_NUMBER=1
AIRFLOW_CTX_DAG_RUN_ID=scheduled__2024-08-27T09:10:00+00:00
[2024-08-27T12:01:10.076+0000] {logging_mixin.py:137} INFO - conf: <***.configuration.AirflowConfigParser object at 0x7f1a0aad25d0>
[2024-08-27T12:01:10.078+0000] {logging_mixin.py:137} INFO - dag: <DAG: catchup_example>
[2024-08-27T12:01:10.090+0000] {logging_mixin.py:137} INFO - dag_run: <DagRun catchup_example @ 2024-08-27 09:10:00+00:00: scheduled__2024-08-27T09:10:00+00:00, state:running, queued_at: 2024-08-27 12:01:06.734054+00:00. externally triggered: False>
[2024-08-27T12:01:10.093+0000] {logging_mixin.py:137} INFO - data_interval_end: 2024-08-27T09:20:00+00:00
[2024-08-27T12:01:10.093+0000] {logging_mixin.py:137} INFO - data_interval_start: 2024-08-27T09:10:00+00:00
[2024-08-27T12:01:10.094+0000] {logging_mixin.py:137} INFO - ds: 2024-08-27
[2024-08-27T12:01:10.095+0000] {logging_mixin.py:137} INFO - ds_nodash: 20240827
[2024-08-27T12:01:10.107+0000] {logging_mixin.py:137} INFO - execution_date: 2024-08-27T09:10:00+00:00
[2024-08-27T12:01:10.108+0000] {logging_mixin.py:137} INFO - expanded_ti_count: None
[2024-08-27T12:01:10.109+0000] {logging_mixin.py:137} INFO - inlets: []
[2024-08-27T12:01:10.110+0000] {logging_mixin.py:137} INFO - logical_date: 2024-08-27T09:10:00+00:00
[2024-08-27T12:01:10.111+0000] {logging_mixin.py:137} INFO - macros: <module '***.macros' from '/home/***/.local/lib/python3.7/site-packages/***/macros/__init__.py'>
[2024-08-27T12:01:10.111+0000] {warnings.py:110} WARNING - /home/***/.local/lib/python3.7/site-packages/***/utils/context.py:313: AirflowContextDeprecationWarning: Accessing 'next_ds' from the template is deprecated and will be removed in a future version. Please use '{{ data_interval_end | ds }}' instead.
  warnings.warn(_create_deprecation_warning(k, replacements))

[2024-08-27T12:01:10.112+0000] {logging_mixin.py:137} INFO - next_ds: 2024-08-27
[2024-08-27T12:01:10.113+0000] {warnings.py:110} WARNING - /home/***/.local/lib/python3.7/site-packages/***/utils/context.py:313: AirflowContextDeprecationWarning: Accessing 'next_ds_nodash' from the template is deprecated and will be removed in a future version. Please use '{{ data_interval_end | ds_nodash }}' instead.
  warnings.warn(_create_deprecation_warning(k, replacements))

[2024-08-27T12:01:10.114+0000] {logging_mixin.py:137} INFO - next_ds_nodash: 20240827
[2024-08-27T12:01:10.125+0000] {warnings.py:110} WARNING - /home/***/.local/lib/python3.7/site-packages/***/utils/context.py:313: AirflowContextDeprecationWarning: Accessing 'next_execution_date' from the template is deprecated and will be removed in a future version. Please use 'data_interval_end' instead.
  warnings.warn(_create_deprecation_warning(k, replacements))

[2024-08-27T12:01:10.126+0000] {logging_mixin.py:137} INFO - next_execution_date: 2024-08-27T09:20:00+00:00
[2024-08-27T12:01:10.130+0000] {logging_mixin.py:137} INFO - outlets: []
[2024-08-27T12:01:10.138+0000] {logging_mixin.py:137} INFO - params: {}
[2024-08-27T12:01:10.140+0000] {logging_mixin.py:137} INFO - prev_data_interval_start_success: 2024-08-27T08:40:00+00:00
[2024-08-27T12:01:10.149+0000] {logging_mixin.py:137} INFO - prev_data_interval_end_success: 2024-08-27T08:50:00+00:00
[2024-08-27T12:01:10.150+0000] {warnings.py:110} WARNING - /home/***/.local/lib/python3.7/site-packages/***/utils/context.py:313: AirflowContextDeprecationWarning: Accessing 'prev_ds' from the template is deprecated and will be removed in a future version.
  warnings.warn(_create_deprecation_warning(k, replacements))

[2024-08-27T12:01:10.151+0000] {logging_mixin.py:137} INFO - prev_ds: 2024-08-27
[2024-08-27T12:01:10.153+0000] {warnings.py:110} WARNING - /home/***/.local/lib/python3.7/site-packages/***/utils/context.py:313: AirflowContextDeprecationWarning: Accessing 'prev_ds_nodash' from the template is deprecated and will be removed in a future version.
  warnings.warn(_create_deprecation_warning(k, replacements))

[2024-08-27T12:01:10.154+0000] {logging_mixin.py:137} INFO - prev_ds_nodash: 20240827
[2024-08-27T12:01:10.180+0000] {warnings.py:110} WARNING - /home/***/.local/lib/python3.7/site-packages/***/utils/context.py:313: AirflowContextDeprecationWarning: Accessing 'prev_execution_date' from the template is deprecated and will be removed in a future version.
  warnings.warn(_create_deprecation_warning(k, replacements))

[2024-08-27T12:01:10.181+0000] {logging_mixin.py:137} INFO - prev_execution_date: 2024-08-27T09:00:00+00:00
[2024-08-27T12:01:10.207+0000] {warnings.py:110} WARNING - /home/***/.local/lib/python3.7/site-packages/***/utils/context.py:313: AirflowContextDeprecationWarning: Accessing 'prev_execution_date_success' from the template is deprecated and will be removed in a future version. Please use 'prev_data_interval_start_success' instead.
  warnings.warn(_create_deprecation_warning(k, replacements))

[2024-08-27T12:01:10.216+0000] {logging_mixin.py:137} INFO - prev_execution_date_success: 2024-08-27T08:40:00+00:00
[2024-08-27T12:01:10.237+0000] {logging_mixin.py:137} INFO - prev_start_date_success: 2024-08-27T12:01:05.685563+00:00
[2024-08-27T12:01:10.241+0000] {logging_mixin.py:137} INFO - run_id: scheduled__2024-08-27T09:10:00+00:00
[2024-08-27T12:01:10.263+0000] {logging_mixin.py:137} INFO - task: <Task(PythonOperator): python_operator>
[2024-08-27T12:01:10.294+0000] {logging_mixin.py:137} INFO - task_instance: <TaskInstance: catchup_example.python_operator scheduled__2024-08-27T09:10:00+00:00 [running]>
[2024-08-27T12:01:10.295+0000] {logging_mixin.py:137} INFO - task_instance_key_str: catchup_example__python_operator__20240827
[2024-08-27T12:01:10.296+0000] {logging_mixin.py:137} INFO - test_mode: False
[2024-08-27T12:01:10.297+0000] {logging_mixin.py:137} INFO - ti: <TaskInstance: catchup_example.python_operator scheduled__2024-08-27T09:10:00+00:00 [running]>
[2024-08-27T12:01:10.298+0000] {warnings.py:110} WARNING - /home/***/.local/lib/python3.7/site-packages/***/utils/context.py:313: AirflowContextDeprecationWarning: Accessing 'tomorrow_ds' from the template is deprecated and will be removed in a future version.
  warnings.warn(_create_deprecation_warning(k, replacements))

[2024-08-27T12:01:10.302+0000] {logging_mixin.py:137} INFO - tomorrow_ds: 2024-08-28
[2024-08-27T12:01:10.307+0000] {warnings.py:110} WARNING - /home/***/.local/lib/python3.7/site-packages/***/utils/context.py:313: AirflowContextDeprecationWarning: Accessing 'tomorrow_ds_nodash' from the template is deprecated and will be removed in a future version.
  warnings.warn(_create_deprecation_warning(k, replacements))

[2024-08-27T12:01:10.315+0000] {logging_mixin.py:137} INFO - tomorrow_ds_nodash: 20240828
[2024-08-27T12:01:10.361+0000] {logging_mixin.py:137} INFO - triggering_dataset_events: defaultdict(<class 'list'>, {})
[2024-08-27T12:01:10.366+0000] {logging_mixin.py:137} INFO - ts: 2024-08-27T09:10:00+00:00
[2024-08-27T12:01:10.384+0000] {logging_mixin.py:137} INFO - ts_nodash: 20240827T091000
[2024-08-27T12:01:10.391+0000] {logging_mixin.py:137} INFO - ts_nodash_with_tz: 20240827T091000+0000
[2024-08-27T12:01:10.398+0000] {logging_mixin.py:137} INFO - var: {'json': None, 'value': None}
[2024-08-27T12:01:10.400+0000] {logging_mixin.py:137} INFO - conn: None
[2024-08-27T12:01:10.413+0000] {warnings.py:110} WARNING - /home/***/.local/lib/python3.7/site-packages/***/utils/context.py:313: AirflowContextDeprecationWarning: Accessing 'yesterday_ds' from the template is deprecated and will be removed in a future version.
  warnings.warn(_create_deprecation_warning(k, replacements))

[2024-08-27T12:01:10.416+0000] {logging_mixin.py:137} INFO - yesterday_ds: 2024-08-26
[2024-08-27T12:01:10.418+0000] {warnings.py:110} WARNING - /home/***/.local/lib/python3.7/site-packages/***/utils/context.py:313: AirflowContextDeprecationWarning: Accessing 'yesterday_ds_nodash' from the template is deprecated and will be removed in a future version.
  warnings.warn(_create_deprecation_warning(k, replacements))

[2024-08-27T12:01:10.424+0000] {logging_mixin.py:137} INFO - yesterday_ds_nodash: 20240826
[2024-08-27T12:01:10.429+0000] {logging_mixin.py:137} INFO - templates_dict: None
[2024-08-27T12:01:10.430+0000] {python.py:177} INFO - Done. Returned value was: None
[2024-08-27T12:01:10.490+0000] {taskinstance.py:1323} INFO - Marking task as SUCCESS. dag_id=catchup_example, task_id=python_operator, execution_date=20240827T091000, start_date=20240827T120109, end_date=20240827T120110
[2024-08-27T12:01:10.643+0000] {local_task_job.py:208} INFO - Task exited with return code 0
[2024-08-27T12:01:10.779+0000] {taskinstance.py:2578} INFO - 1 downstream tasks scheduled from follow-on schedule check
