[2024-08-27T11:55:30.681+0000] {processor.py:153} INFO - Started process (PID=63) to work on /home/airflow/.local/lib/python3.7/site-packages/airflow/example_dags/example_skip_dag.py
[2024-08-27T11:55:30.683+0000] {processor.py:743} INFO - Processing file /home/airflow/.local/lib/python3.7/site-packages/airflow/example_dags/example_skip_dag.py for tasks to queue
[2024-08-27T11:55:30.685+0000] {logging_mixin.py:137} INFO - [2024-08-27T11:55:30.684+0000] {dagbag.py:538} INFO - Filling up the DagBag from /home/airflow/.local/lib/python3.7/site-packages/airflow/example_dags/example_skip_dag.py
[2024-08-27T11:55:30.741+0000] {processor.py:753} INFO - DAG(s) dict_keys(['example_skip_dag']) retrieved from /home/airflow/.local/lib/python3.7/site-packages/airflow/example_dags/example_skip_dag.py
[2024-08-27T11:55:30.799+0000] {logging_mixin.py:137} INFO - [2024-08-27T11:55:30.799+0000] {dag.py:2690} INFO - Sync 1 DAGs
[2024-08-27T11:55:30.857+0000] {logging_mixin.py:137} INFO - [2024-08-27T11:55:30.857+0000] {dag.py:3441} INFO - Setting next_dagrun for example_skip_dag to 2024-08-26T11:55:30.856555+00:00, run_after=2024-08-27T11:55:30.856555+00:00
[2024-08-27T11:55:30.906+0000] {processor.py:175} INFO - Processing /home/airflow/.local/lib/python3.7/site-packages/airflow/example_dags/example_skip_dag.py took 0.232 seconds
[2024-08-27T11:56:00.957+0000] {processor.py:153} INFO - Started process (PID=134) to work on /home/airflow/.local/lib/python3.7/site-packages/airflow/example_dags/example_skip_dag.py
[2024-08-27T11:56:00.959+0000] {processor.py:743} INFO - Processing file /home/airflow/.local/lib/python3.7/site-packages/airflow/example_dags/example_skip_dag.py for tasks to queue
[2024-08-27T11:56:00.960+0000] {logging_mixin.py:137} INFO - [2024-08-27T11:56:00.960+0000] {dagbag.py:538} INFO - Filling up the DagBag from /home/airflow/.local/lib/python3.7/site-packages/airflow/example_dags/example_skip_dag.py
[2024-08-27T11:56:00.985+0000] {processor.py:753} INFO - DAG(s) dict_keys(['example_skip_dag']) retrieved from /home/airflow/.local/lib/python3.7/site-packages/airflow/example_dags/example_skip_dag.py
[2024-08-27T11:56:01.015+0000] {logging_mixin.py:137} INFO - [2024-08-27T11:56:01.014+0000] {dag.py:2690} INFO - Sync 1 DAGs
[2024-08-27T11:56:01.049+0000] {logging_mixin.py:137} INFO - [2024-08-27T11:56:01.049+0000] {dag.py:3441} INFO - Setting next_dagrun for example_skip_dag to 2024-08-26T11:56:01.048663+00:00, run_after=2024-08-27T11:56:01.048663+00:00
[2024-08-27T11:56:01.079+0000] {processor.py:175} INFO - Processing /home/airflow/.local/lib/python3.7/site-packages/airflow/example_dags/example_skip_dag.py took 0.126 seconds
[2024-08-27T11:56:31.640+0000] {processor.py:153} INFO - Started process (PID=205) to work on /home/airflow/.local/lib/python3.7/site-packages/airflow/example_dags/example_skip_dag.py
[2024-08-27T11:56:31.642+0000] {processor.py:743} INFO - Processing file /home/airflow/.local/lib/python3.7/site-packages/airflow/example_dags/example_skip_dag.py for tasks to queue
[2024-08-27T11:56:31.643+0000] {logging_mixin.py:137} INFO - [2024-08-27T11:56:31.643+0000] {dagbag.py:538} INFO - Filling up the DagBag from /home/airflow/.local/lib/python3.7/site-packages/airflow/example_dags/example_skip_dag.py
[2024-08-27T11:56:31.661+0000] {processor.py:753} INFO - DAG(s) dict_keys(['example_skip_dag']) retrieved from /home/airflow/.local/lib/python3.7/site-packages/airflow/example_dags/example_skip_dag.py
[2024-08-27T11:56:31.694+0000] {logging_mixin.py:137} INFO - [2024-08-27T11:56:31.694+0000] {dag.py:2690} INFO - Sync 1 DAGs
[2024-08-27T11:56:31.722+0000] {logging_mixin.py:137} INFO - [2024-08-27T11:56:31.722+0000] {dag.py:3441} INFO - Setting next_dagrun for example_skip_dag to 2024-08-26T11:56:31.722183+00:00, run_after=2024-08-27T11:56:31.722183+00:00
[2024-08-27T11:56:31.752+0000] {processor.py:175} INFO - Processing /home/airflow/.local/lib/python3.7/site-packages/airflow/example_dags/example_skip_dag.py took 0.116 seconds
[2024-08-27T11:57:02.280+0000] {processor.py:153} INFO - Started process (PID=277) to work on /home/airflow/.local/lib/python3.7/site-packages/airflow/example_dags/example_skip_dag.py
[2024-08-27T11:57:02.282+0000] {processor.py:743} INFO - Processing file /home/airflow/.local/lib/python3.7/site-packages/airflow/example_dags/example_skip_dag.py for tasks to queue
[2024-08-27T11:57:02.283+0000] {logging_mixin.py:137} INFO - [2024-08-27T11:57:02.283+0000] {dagbag.py:538} INFO - Filling up the DagBag from /home/airflow/.local/lib/python3.7/site-packages/airflow/example_dags/example_skip_dag.py
[2024-08-27T11:57:02.306+0000] {processor.py:753} INFO - DAG(s) dict_keys(['example_skip_dag']) retrieved from /home/airflow/.local/lib/python3.7/site-packages/airflow/example_dags/example_skip_dag.py
[2024-08-27T11:57:02.346+0000] {logging_mixin.py:137} INFO - [2024-08-27T11:57:02.345+0000] {dag.py:2690} INFO - Sync 1 DAGs
[2024-08-27T11:57:02.390+0000] {logging_mixin.py:137} INFO - [2024-08-27T11:57:02.389+0000] {dag.py:3441} INFO - Setting next_dagrun for example_skip_dag to 2024-08-26T11:57:02.389533+00:00, run_after=2024-08-27T11:57:02.389533+00:00
[2024-08-27T11:57:02.416+0000] {processor.py:175} INFO - Processing /home/airflow/.local/lib/python3.7/site-packages/airflow/example_dags/example_skip_dag.py took 0.140 seconds
[2024-08-27T11:57:32.934+0000] {processor.py:153} INFO - Started process (PID=348) to work on /home/airflow/.local/lib/python3.7/site-packages/airflow/example_dags/example_skip_dag.py
[2024-08-27T11:57:32.936+0000] {processor.py:743} INFO - Processing file /home/airflow/.local/lib/python3.7/site-packages/airflow/example_dags/example_skip_dag.py for tasks to queue
[2024-08-27T11:57:32.938+0000] {logging_mixin.py:137} INFO - [2024-08-27T11:57:32.938+0000] {dagbag.py:538} INFO - Filling up the DagBag from /home/airflow/.local/lib/python3.7/site-packages/airflow/example_dags/example_skip_dag.py
[2024-08-27T11:57:32.963+0000] {processor.py:753} INFO - DAG(s) dict_keys(['example_skip_dag']) retrieved from /home/airflow/.local/lib/python3.7/site-packages/airflow/example_dags/example_skip_dag.py
[2024-08-27T11:57:33.006+0000] {logging_mixin.py:137} INFO - [2024-08-27T11:57:33.006+0000] {dag.py:2690} INFO - Sync 1 DAGs
[2024-08-27T11:57:33.072+0000] {logging_mixin.py:137} INFO - [2024-08-27T11:57:33.071+0000] {dag.py:3441} INFO - Setting next_dagrun for example_skip_dag to 2024-08-26T11:57:33.070719+00:00, run_after=2024-08-27T11:57:33.070719+00:00
[2024-08-27T11:57:33.109+0000] {processor.py:175} INFO - Processing /home/airflow/.local/lib/python3.7/site-packages/airflow/example_dags/example_skip_dag.py took 0.180 seconds
[2024-08-27T11:58:03.265+0000] {processor.py:153} INFO - Started process (PID=435) to work on /home/airflow/.local/lib/python3.7/site-packages/airflow/example_dags/example_skip_dag.py
[2024-08-27T11:58:03.267+0000] {processor.py:743} INFO - Processing file /home/airflow/.local/lib/python3.7/site-packages/airflow/example_dags/example_skip_dag.py for tasks to queue
[2024-08-27T11:58:03.268+0000] {logging_mixin.py:137} INFO - [2024-08-27T11:58:03.268+0000] {dagbag.py:538} INFO - Filling up the DagBag from /home/airflow/.local/lib/python3.7/site-packages/airflow/example_dags/example_skip_dag.py
[2024-08-27T11:58:03.285+0000] {processor.py:753} INFO - DAG(s) dict_keys(['example_skip_dag']) retrieved from /home/airflow/.local/lib/python3.7/site-packages/airflow/example_dags/example_skip_dag.py
[2024-08-27T11:58:03.319+0000] {logging_mixin.py:137} INFO - [2024-08-27T11:58:03.319+0000] {dag.py:2690} INFO - Sync 1 DAGs
[2024-08-27T11:58:03.352+0000] {logging_mixin.py:137} INFO - [2024-08-27T11:58:03.351+0000] {dag.py:3441} INFO - Setting next_dagrun for example_skip_dag to 2024-08-26T11:58:03.351499+00:00, run_after=2024-08-27T11:58:03.351499+00:00
[2024-08-27T11:58:03.380+0000] {processor.py:175} INFO - Processing /home/airflow/.local/lib/python3.7/site-packages/airflow/example_dags/example_skip_dag.py took 0.118 seconds
[2024-08-27T12:00:27.762+0000] {processor.py:153} INFO - Started process (PID=76) to work on /home/airflow/.local/lib/python3.7/site-packages/airflow/example_dags/example_skip_dag.py
[2024-08-27T12:00:27.764+0000] {processor.py:743} INFO - Processing file /home/airflow/.local/lib/python3.7/site-packages/airflow/example_dags/example_skip_dag.py for tasks to queue
[2024-08-27T12:00:27.766+0000] {logging_mixin.py:137} INFO - [2024-08-27T12:00:27.765+0000] {dagbag.py:538} INFO - Filling up the DagBag from /home/airflow/.local/lib/python3.7/site-packages/airflow/example_dags/example_skip_dag.py
[2024-08-27T12:00:27.791+0000] {processor.py:753} INFO - DAG(s) dict_keys(['example_skip_dag']) retrieved from /home/airflow/.local/lib/python3.7/site-packages/airflow/example_dags/example_skip_dag.py
[2024-08-27T12:00:27.813+0000] {logging_mixin.py:137} INFO - [2024-08-27T12:00:27.812+0000] {dag.py:2690} INFO - Sync 1 DAGs
[2024-08-27T12:00:27.858+0000] {logging_mixin.py:137} INFO - [2024-08-27T12:00:27.858+0000] {dag.py:3441} INFO - Setting next_dagrun for example_skip_dag to 2024-08-26T12:00:27.857542+00:00, run_after=2024-08-27T12:00:27.857542+00:00
[2024-08-27T12:00:27.904+0000] {processor.py:175} INFO - Processing /home/airflow/.local/lib/python3.7/site-packages/airflow/example_dags/example_skip_dag.py took 0.147 seconds
[2024-08-27T12:00:58.951+0000] {processor.py:153} INFO - Started process (PID=160) to work on /home/airflow/.local/lib/python3.7/site-packages/airflow/example_dags/example_skip_dag.py
[2024-08-27T12:00:58.952+0000] {processor.py:743} INFO - Processing file /home/airflow/.local/lib/python3.7/site-packages/airflow/example_dags/example_skip_dag.py for tasks to queue
[2024-08-27T12:00:58.960+0000] {logging_mixin.py:137} INFO - [2024-08-27T12:00:58.960+0000] {dagbag.py:538} INFO - Filling up the DagBag from /home/airflow/.local/lib/python3.7/site-packages/airflow/example_dags/example_skip_dag.py
[2024-08-27T12:00:59.013+0000] {processor.py:753} INFO - DAG(s) dict_keys(['example_skip_dag']) retrieved from /home/airflow/.local/lib/python3.7/site-packages/airflow/example_dags/example_skip_dag.py
[2024-08-27T12:00:59.082+0000] {logging_mixin.py:137} INFO - [2024-08-27T12:00:59.082+0000] {dag.py:2690} INFO - Sync 1 DAGs
[2024-08-27T12:00:59.148+0000] {logging_mixin.py:137} INFO - [2024-08-27T12:00:59.148+0000] {dag.py:3441} INFO - Setting next_dagrun for example_skip_dag to 2024-08-26T12:00:59.147968+00:00, run_after=2024-08-27T12:00:59.147968+00:00
[2024-08-27T12:00:59.214+0000] {processor.py:175} INFO - Processing /home/airflow/.local/lib/python3.7/site-packages/airflow/example_dags/example_skip_dag.py took 0.269 seconds
