[2024-08-27T11:55:30.780+0000] {processor.py:153} INFO - Started process (PID=64) to work on /home/airflow/.local/lib/python3.7/site-packages/airflow/example_dags/example_short_circuit_decorator.py
[2024-08-27T11:55:30.782+0000] {processor.py:743} INFO - Processing file /home/airflow/.local/lib/python3.7/site-packages/airflow/example_dags/example_short_circuit_decorator.py for tasks to queue
[2024-08-27T11:55:30.784+0000] {logging_mixin.py:137} INFO - [2024-08-27T11:55:30.784+0000] {dagbag.py:538} INFO - Filling up the DagBag from /home/airflow/.local/lib/python3.7/site-packages/airflow/example_dags/example_short_circuit_decorator.py
[2024-08-27T11:55:30.855+0000] {processor.py:753} INFO - DAG(s) dict_keys(['example_short_circuit_decorator']) retrieved from /home/airflow/.local/lib/python3.7/site-packages/airflow/example_dags/example_short_circuit_decorator.py
[2024-08-27T11:55:30.920+0000] {logging_mixin.py:137} INFO - [2024-08-27T11:55:30.920+0000] {dag.py:2690} INFO - Sync 1 DAGs
[2024-08-27T11:55:31.001+0000] {logging_mixin.py:137} INFO - [2024-08-27T11:55:31.000+0000] {dag.py:3441} INFO - Setting next_dagrun for example_short_circuit_decorator to 2024-08-26T11:55:31.000504+00:00, run_after=2024-08-27T11:55:31.000504+00:00
[2024-08-27T11:55:31.055+0000] {processor.py:175} INFO - Processing /home/airflow/.local/lib/python3.7/site-packages/airflow/example_dags/example_short_circuit_decorator.py took 0.285 seconds
[2024-08-27T11:56:01.129+0000] {processor.py:153} INFO - Started process (PID=135) to work on /home/airflow/.local/lib/python3.7/site-packages/airflow/example_dags/example_short_circuit_decorator.py
[2024-08-27T11:56:01.131+0000] {processor.py:743} INFO - Processing file /home/airflow/.local/lib/python3.7/site-packages/airflow/example_dags/example_short_circuit_decorator.py for tasks to queue
[2024-08-27T11:56:01.132+0000] {logging_mixin.py:137} INFO - [2024-08-27T11:56:01.132+0000] {dagbag.py:538} INFO - Filling up the DagBag from /home/airflow/.local/lib/python3.7/site-packages/airflow/example_dags/example_short_circuit_decorator.py
[2024-08-27T11:56:01.178+0000] {processor.py:753} INFO - DAG(s) dict_keys(['example_short_circuit_decorator']) retrieved from /home/airflow/.local/lib/python3.7/site-packages/airflow/example_dags/example_short_circuit_decorator.py
[2024-08-27T11:56:01.221+0000] {logging_mixin.py:137} INFO - [2024-08-27T11:56:01.220+0000] {dag.py:2690} INFO - Sync 1 DAGs
[2024-08-27T11:56:01.261+0000] {logging_mixin.py:137} INFO - [2024-08-27T11:56:01.261+0000] {dag.py:3441} INFO - Setting next_dagrun for example_short_circuit_decorator to 2024-08-26T11:56:01.261088+00:00, run_after=2024-08-27T11:56:01.261088+00:00
[2024-08-27T11:56:01.295+0000] {processor.py:175} INFO - Processing /home/airflow/.local/lib/python3.7/site-packages/airflow/example_dags/example_short_circuit_decorator.py took 0.171 seconds
[2024-08-27T11:56:31.640+0000] {processor.py:153} INFO - Started process (PID=206) to work on /home/airflow/.local/lib/python3.7/site-packages/airflow/example_dags/example_short_circuit_decorator.py
[2024-08-27T11:56:31.642+0000] {processor.py:743} INFO - Processing file /home/airflow/.local/lib/python3.7/site-packages/airflow/example_dags/example_short_circuit_decorator.py for tasks to queue
[2024-08-27T11:56:31.643+0000] {logging_mixin.py:137} INFO - [2024-08-27T11:56:31.643+0000] {dagbag.py:538} INFO - Filling up the DagBag from /home/airflow/.local/lib/python3.7/site-packages/airflow/example_dags/example_short_circuit_decorator.py
[2024-08-27T11:56:31.673+0000] {processor.py:753} INFO - DAG(s) dict_keys(['example_short_circuit_decorator']) retrieved from /home/airflow/.local/lib/python3.7/site-packages/airflow/example_dags/example_short_circuit_decorator.py
[2024-08-27T11:56:31.706+0000] {logging_mixin.py:137} INFO - [2024-08-27T11:56:31.706+0000] {dag.py:2690} INFO - Sync 1 DAGs
[2024-08-27T11:56:31.736+0000] {logging_mixin.py:137} INFO - [2024-08-27T11:56:31.736+0000] {dag.py:3441} INFO - Setting next_dagrun for example_short_circuit_decorator to 2024-08-26T11:56:31.736140+00:00, run_after=2024-08-27T11:56:31.736140+00:00
[2024-08-27T11:56:31.763+0000] {processor.py:175} INFO - Processing /home/airflow/.local/lib/python3.7/site-packages/airflow/example_dags/example_short_circuit_decorator.py took 0.127 seconds
[2024-08-27T11:57:02.329+0000] {processor.py:153} INFO - Started process (PID=278) to work on /home/airflow/.local/lib/python3.7/site-packages/airflow/example_dags/example_short_circuit_decorator.py
[2024-08-27T11:57:02.331+0000] {processor.py:743} INFO - Processing file /home/airflow/.local/lib/python3.7/site-packages/airflow/example_dags/example_short_circuit_decorator.py for tasks to queue
[2024-08-27T11:57:02.332+0000] {logging_mixin.py:137} INFO - [2024-08-27T11:57:02.332+0000] {dagbag.py:538} INFO - Filling up the DagBag from /home/airflow/.local/lib/python3.7/site-packages/airflow/example_dags/example_short_circuit_decorator.py
[2024-08-27T11:57:02.369+0000] {processor.py:753} INFO - DAG(s) dict_keys(['example_short_circuit_decorator']) retrieved from /home/airflow/.local/lib/python3.7/site-packages/airflow/example_dags/example_short_circuit_decorator.py
[2024-08-27T11:57:02.405+0000] {logging_mixin.py:137} INFO - [2024-08-27T11:57:02.405+0000] {dag.py:2690} INFO - Sync 1 DAGs
[2024-08-27T11:57:02.440+0000] {logging_mixin.py:137} INFO - [2024-08-27T11:57:02.440+0000] {dag.py:3441} INFO - Setting next_dagrun for example_short_circuit_decorator to 2024-08-26T11:57:02.439840+00:00, run_after=2024-08-27T11:57:02.439840+00:00
[2024-08-27T11:57:02.467+0000] {processor.py:175} INFO - Processing /home/airflow/.local/lib/python3.7/site-packages/airflow/example_dags/example_short_circuit_decorator.py took 0.142 seconds
[2024-08-27T11:57:32.970+0000] {processor.py:153} INFO - Started process (PID=349) to work on /home/airflow/.local/lib/python3.7/site-packages/airflow/example_dags/example_short_circuit_decorator.py
[2024-08-27T11:57:32.971+0000] {processor.py:743} INFO - Processing file /home/airflow/.local/lib/python3.7/site-packages/airflow/example_dags/example_short_circuit_decorator.py for tasks to queue
[2024-08-27T11:57:32.973+0000] {logging_mixin.py:137} INFO - [2024-08-27T11:57:32.973+0000] {dagbag.py:538} INFO - Filling up the DagBag from /home/airflow/.local/lib/python3.7/site-packages/airflow/example_dags/example_short_circuit_decorator.py
[2024-08-27T11:57:33.019+0000] {processor.py:753} INFO - DAG(s) dict_keys(['example_short_circuit_decorator']) retrieved from /home/airflow/.local/lib/python3.7/site-packages/airflow/example_dags/example_short_circuit_decorator.py
[2024-08-27T11:57:33.081+0000] {logging_mixin.py:137} INFO - [2024-08-27T11:57:33.081+0000] {dag.py:2690} INFO - Sync 1 DAGs
[2024-08-27T11:57:33.126+0000] {logging_mixin.py:137} INFO - [2024-08-27T11:57:33.126+0000] {dag.py:3441} INFO - Setting next_dagrun for example_short_circuit_decorator to 2024-08-26T11:57:33.125740+00:00, run_after=2024-08-27T11:57:33.125740+00:00
[2024-08-27T11:57:33.170+0000] {processor.py:175} INFO - Processing /home/airflow/.local/lib/python3.7/site-packages/airflow/example_dags/example_short_circuit_decorator.py took 0.205 seconds
[2024-08-27T11:58:03.319+0000] {processor.py:153} INFO - Started process (PID=436) to work on /home/airflow/.local/lib/python3.7/site-packages/airflow/example_dags/example_short_circuit_decorator.py
[2024-08-27T11:58:03.321+0000] {processor.py:743} INFO - Processing file /home/airflow/.local/lib/python3.7/site-packages/airflow/example_dags/example_short_circuit_decorator.py for tasks to queue
[2024-08-27T11:58:03.322+0000] {logging_mixin.py:137} INFO - [2024-08-27T11:58:03.322+0000] {dagbag.py:538} INFO - Filling up the DagBag from /home/airflow/.local/lib/python3.7/site-packages/airflow/example_dags/example_short_circuit_decorator.py
[2024-08-27T11:58:03.352+0000] {processor.py:753} INFO - DAG(s) dict_keys(['example_short_circuit_decorator']) retrieved from /home/airflow/.local/lib/python3.7/site-packages/airflow/example_dags/example_short_circuit_decorator.py
[2024-08-27T11:58:03.382+0000] {logging_mixin.py:137} INFO - [2024-08-27T11:58:03.381+0000] {dag.py:2690} INFO - Sync 1 DAGs
[2024-08-27T11:58:03.412+0000] {logging_mixin.py:137} INFO - [2024-08-27T11:58:03.412+0000] {dag.py:3441} INFO - Setting next_dagrun for example_short_circuit_decorator to 2024-08-26T11:58:03.412055+00:00, run_after=2024-08-27T11:58:03.412055+00:00
[2024-08-27T11:58:03.454+0000] {processor.py:175} INFO - Processing /home/airflow/.local/lib/python3.7/site-packages/airflow/example_dags/example_short_circuit_decorator.py took 0.140 seconds
[2024-08-27T12:00:27.949+0000] {processor.py:153} INFO - Started process (PID=77) to work on /home/airflow/.local/lib/python3.7/site-packages/airflow/example_dags/example_short_circuit_decorator.py
[2024-08-27T12:00:27.951+0000] {processor.py:743} INFO - Processing file /home/airflow/.local/lib/python3.7/site-packages/airflow/example_dags/example_short_circuit_decorator.py for tasks to queue
[2024-08-27T12:00:27.952+0000] {logging_mixin.py:137} INFO - [2024-08-27T12:00:27.952+0000] {dagbag.py:538} INFO - Filling up the DagBag from /home/airflow/.local/lib/python3.7/site-packages/airflow/example_dags/example_short_circuit_decorator.py
[2024-08-27T12:00:28.007+0000] {processor.py:753} INFO - DAG(s) dict_keys(['example_short_circuit_decorator']) retrieved from /home/airflow/.local/lib/python3.7/site-packages/airflow/example_dags/example_short_circuit_decorator.py
[2024-08-27T12:00:28.034+0000] {logging_mixin.py:137} INFO - [2024-08-27T12:00:28.034+0000] {dag.py:2690} INFO - Sync 1 DAGs
[2024-08-27T12:00:28.090+0000] {logging_mixin.py:137} INFO - [2024-08-27T12:00:28.089+0000] {dag.py:3441} INFO - Setting next_dagrun for example_short_circuit_decorator to 2024-08-26T12:00:28.089609+00:00, run_after=2024-08-27T12:00:28.089609+00:00
[2024-08-27T12:00:28.145+0000] {processor.py:175} INFO - Processing /home/airflow/.local/lib/python3.7/site-packages/airflow/example_dags/example_short_circuit_decorator.py took 0.203 seconds
[2024-08-27T12:00:59.102+0000] {processor.py:153} INFO - Started process (PID=161) to work on /home/airflow/.local/lib/python3.7/site-packages/airflow/example_dags/example_short_circuit_decorator.py
[2024-08-27T12:00:59.109+0000] {processor.py:743} INFO - Processing file /home/airflow/.local/lib/python3.7/site-packages/airflow/example_dags/example_short_circuit_decorator.py for tasks to queue
[2024-08-27T12:00:59.111+0000] {logging_mixin.py:137} INFO - [2024-08-27T12:00:59.111+0000] {dagbag.py:538} INFO - Filling up the DagBag from /home/airflow/.local/lib/python3.7/site-packages/airflow/example_dags/example_short_circuit_decorator.py
[2024-08-27T12:00:59.189+0000] {processor.py:753} INFO - DAG(s) dict_keys(['example_short_circuit_decorator']) retrieved from /home/airflow/.local/lib/python3.7/site-packages/airflow/example_dags/example_short_circuit_decorator.py
[2024-08-27T12:00:59.257+0000] {logging_mixin.py:137} INFO - [2024-08-27T12:00:59.256+0000] {dag.py:2690} INFO - Sync 1 DAGs
[2024-08-27T12:00:59.313+0000] {logging_mixin.py:137} INFO - [2024-08-27T12:00:59.313+0000] {dag.py:3441} INFO - Setting next_dagrun for example_short_circuit_decorator to 2024-08-26T12:00:59.312583+00:00, run_after=2024-08-27T12:00:59.312583+00:00
[2024-08-27T12:00:59.375+0000] {processor.py:175} INFO - Processing /home/airflow/.local/lib/python3.7/site-packages/airflow/example_dags/example_short_circuit_decorator.py took 0.291 seconds
