[2024-08-27T11:55:34.815+0000] {processor.py:153} INFO - Started process (PID=85) to work on /home/airflow/.local/lib/python3.7/site-packages/airflow/example_dags/example_short_circuit_operator.py
[2024-08-27T11:55:34.817+0000] {processor.py:743} INFO - Processing file /home/airflow/.local/lib/python3.7/site-packages/airflow/example_dags/example_short_circuit_operator.py for tasks to queue
[2024-08-27T11:55:34.818+0000] {logging_mixin.py:137} INFO - [2024-08-27T11:55:34.818+0000] {dagbag.py:538} INFO - Filling up the DagBag from /home/airflow/.local/lib/python3.7/site-packages/airflow/example_dags/example_short_circuit_operator.py
[2024-08-27T11:55:34.850+0000] {processor.py:753} INFO - DAG(s) dict_keys(['example_short_circuit_operator']) retrieved from /home/airflow/.local/lib/python3.7/site-packages/airflow/example_dags/example_short_circuit_operator.py
[2024-08-27T11:55:34.893+0000] {logging_mixin.py:137} INFO - [2024-08-27T11:55:34.892+0000] {dag.py:2690} INFO - Sync 1 DAGs
[2024-08-27T11:55:34.949+0000] {logging_mixin.py:137} INFO - [2024-08-27T11:55:34.949+0000] {dag.py:3441} INFO - Setting next_dagrun for example_short_circuit_operator to 2024-08-26T11:55:34.948792+00:00, run_after=2024-08-27T11:55:34.948792+00:00
[2024-08-27T11:55:35.001+0000] {processor.py:175} INFO - Processing /home/airflow/.local/lib/python3.7/site-packages/airflow/example_dags/example_short_circuit_operator.py took 0.193 seconds
[2024-08-27T11:56:05.417+0000] {processor.py:153} INFO - Started process (PID=156) to work on /home/airflow/.local/lib/python3.7/site-packages/airflow/example_dags/example_short_circuit_operator.py
[2024-08-27T11:56:05.418+0000] {processor.py:743} INFO - Processing file /home/airflow/.local/lib/python3.7/site-packages/airflow/example_dags/example_short_circuit_operator.py for tasks to queue
[2024-08-27T11:56:05.419+0000] {logging_mixin.py:137} INFO - [2024-08-27T11:56:05.419+0000] {dagbag.py:538} INFO - Filling up the DagBag from /home/airflow/.local/lib/python3.7/site-packages/airflow/example_dags/example_short_circuit_operator.py
[2024-08-27T11:56:05.438+0000] {processor.py:753} INFO - DAG(s) dict_keys(['example_short_circuit_operator']) retrieved from /home/airflow/.local/lib/python3.7/site-packages/airflow/example_dags/example_short_circuit_operator.py
[2024-08-27T11:56:05.474+0000] {logging_mixin.py:137} INFO - [2024-08-27T11:56:05.474+0000] {dag.py:2690} INFO - Sync 1 DAGs
[2024-08-27T11:56:05.511+0000] {logging_mixin.py:137} INFO - [2024-08-27T11:56:05.511+0000] {dag.py:3441} INFO - Setting next_dagrun for example_short_circuit_operator to 2024-08-26T11:56:05.510809+00:00, run_after=2024-08-27T11:56:05.510809+00:00
[2024-08-27T11:56:05.541+0000] {processor.py:175} INFO - Processing /home/airflow/.local/lib/python3.7/site-packages/airflow/example_dags/example_short_circuit_operator.py took 0.128 seconds
[2024-08-27T11:56:35.637+0000] {processor.py:153} INFO - Started process (PID=227) to work on /home/airflow/.local/lib/python3.7/site-packages/airflow/example_dags/example_short_circuit_operator.py
[2024-08-27T11:56:35.639+0000] {processor.py:743} INFO - Processing file /home/airflow/.local/lib/python3.7/site-packages/airflow/example_dags/example_short_circuit_operator.py for tasks to queue
[2024-08-27T11:56:35.640+0000] {logging_mixin.py:137} INFO - [2024-08-27T11:56:35.639+0000] {dagbag.py:538} INFO - Filling up the DagBag from /home/airflow/.local/lib/python3.7/site-packages/airflow/example_dags/example_short_circuit_operator.py
[2024-08-27T11:56:35.659+0000] {processor.py:753} INFO - DAG(s) dict_keys(['example_short_circuit_operator']) retrieved from /home/airflow/.local/lib/python3.7/site-packages/airflow/example_dags/example_short_circuit_operator.py
[2024-08-27T11:56:35.690+0000] {logging_mixin.py:137} INFO - [2024-08-27T11:56:35.690+0000] {dag.py:2690} INFO - Sync 1 DAGs
[2024-08-27T11:56:35.718+0000] {logging_mixin.py:137} INFO - [2024-08-27T11:56:35.717+0000] {dag.py:3441} INFO - Setting next_dagrun for example_short_circuit_operator to 2024-08-26T11:56:35.717652+00:00, run_after=2024-08-27T11:56:35.717652+00:00
[2024-08-27T11:56:35.748+0000] {processor.py:175} INFO - Processing /home/airflow/.local/lib/python3.7/site-packages/airflow/example_dags/example_short_circuit_operator.py took 0.114 seconds
[2024-08-27T11:57:07.055+0000] {processor.py:153} INFO - Started process (PID=308) to work on /home/airflow/.local/lib/python3.7/site-packages/airflow/example_dags/example_short_circuit_operator.py
[2024-08-27T11:57:07.058+0000] {processor.py:743} INFO - Processing file /home/airflow/.local/lib/python3.7/site-packages/airflow/example_dags/example_short_circuit_operator.py for tasks to queue
[2024-08-27T11:57:07.059+0000] {logging_mixin.py:137} INFO - [2024-08-27T11:57:07.059+0000] {dagbag.py:538} INFO - Filling up the DagBag from /home/airflow/.local/lib/python3.7/site-packages/airflow/example_dags/example_short_circuit_operator.py
[2024-08-27T11:57:07.094+0000] {processor.py:753} INFO - DAG(s) dict_keys(['example_short_circuit_operator']) retrieved from /home/airflow/.local/lib/python3.7/site-packages/airflow/example_dags/example_short_circuit_operator.py
[2024-08-27T11:57:07.164+0000] {logging_mixin.py:137} INFO - [2024-08-27T11:57:07.163+0000] {dag.py:2690} INFO - Sync 1 DAGs
[2024-08-27T11:57:07.315+0000] {logging_mixin.py:137} INFO - [2024-08-27T11:57:07.314+0000] {dag.py:3441} INFO - Setting next_dagrun for example_short_circuit_operator to 2024-08-26T11:57:07.314075+00:00, run_after=2024-08-27T11:57:07.314075+00:00
[2024-08-27T11:57:07.393+0000] {processor.py:175} INFO - Processing /home/airflow/.local/lib/python3.7/site-packages/airflow/example_dags/example_short_circuit_operator.py took 0.347 seconds
[2024-08-27T11:57:37.660+0000] {processor.py:153} INFO - Started process (PID=386) to work on /home/airflow/.local/lib/python3.7/site-packages/airflow/example_dags/example_short_circuit_operator.py
[2024-08-27T11:57:37.661+0000] {processor.py:743} INFO - Processing file /home/airflow/.local/lib/python3.7/site-packages/airflow/example_dags/example_short_circuit_operator.py for tasks to queue
[2024-08-27T11:57:37.662+0000] {logging_mixin.py:137} INFO - [2024-08-27T11:57:37.662+0000] {dagbag.py:538} INFO - Filling up the DagBag from /home/airflow/.local/lib/python3.7/site-packages/airflow/example_dags/example_short_circuit_operator.py
[2024-08-27T11:57:37.682+0000] {processor.py:753} INFO - DAG(s) dict_keys(['example_short_circuit_operator']) retrieved from /home/airflow/.local/lib/python3.7/site-packages/airflow/example_dags/example_short_circuit_operator.py
[2024-08-27T11:57:37.715+0000] {logging_mixin.py:137} INFO - [2024-08-27T11:57:37.715+0000] {dag.py:2690} INFO - Sync 1 DAGs
[2024-08-27T11:57:37.745+0000] {logging_mixin.py:137} INFO - [2024-08-27T11:57:37.745+0000] {dag.py:3441} INFO - Setting next_dagrun for example_short_circuit_operator to 2024-08-26T11:57:37.745169+00:00, run_after=2024-08-27T11:57:37.745169+00:00
[2024-08-27T11:57:37.773+0000] {processor.py:175} INFO - Processing /home/airflow/.local/lib/python3.7/site-packages/airflow/example_dags/example_short_circuit_operator.py took 0.116 seconds
[2024-08-27T11:58:08.069+0000] {processor.py:153} INFO - Started process (PID=457) to work on /home/airflow/.local/lib/python3.7/site-packages/airflow/example_dags/example_short_circuit_operator.py
[2024-08-27T11:58:08.070+0000] {processor.py:743} INFO - Processing file /home/airflow/.local/lib/python3.7/site-packages/airflow/example_dags/example_short_circuit_operator.py for tasks to queue
[2024-08-27T11:58:08.071+0000] {logging_mixin.py:137} INFO - [2024-08-27T11:58:08.071+0000] {dagbag.py:538} INFO - Filling up the DagBag from /home/airflow/.local/lib/python3.7/site-packages/airflow/example_dags/example_short_circuit_operator.py
[2024-08-27T11:58:08.091+0000] {processor.py:753} INFO - DAG(s) dict_keys(['example_short_circuit_operator']) retrieved from /home/airflow/.local/lib/python3.7/site-packages/airflow/example_dags/example_short_circuit_operator.py
[2024-08-27T11:58:08.127+0000] {logging_mixin.py:137} INFO - [2024-08-27T11:58:08.127+0000] {dag.py:2690} INFO - Sync 1 DAGs
[2024-08-27T11:58:08.162+0000] {logging_mixin.py:137} INFO - [2024-08-27T11:58:08.162+0000] {dag.py:3441} INFO - Setting next_dagrun for example_short_circuit_operator to 2024-08-26T11:58:08.161885+00:00, run_after=2024-08-27T11:58:08.161885+00:00
[2024-08-27T11:58:08.234+0000] {processor.py:175} INFO - Processing /home/airflow/.local/lib/python3.7/site-packages/airflow/example_dags/example_short_circuit_operator.py took 0.168 seconds
[2024-08-27T12:00:30.302+0000] {processor.py:153} INFO - Started process (PID=98) to work on /home/airflow/.local/lib/python3.7/site-packages/airflow/example_dags/example_short_circuit_operator.py
[2024-08-27T12:00:30.303+0000] {processor.py:743} INFO - Processing file /home/airflow/.local/lib/python3.7/site-packages/airflow/example_dags/example_short_circuit_operator.py for tasks to queue
[2024-08-27T12:00:30.305+0000] {logging_mixin.py:137} INFO - [2024-08-27T12:00:30.305+0000] {dagbag.py:538} INFO - Filling up the DagBag from /home/airflow/.local/lib/python3.7/site-packages/airflow/example_dags/example_short_circuit_operator.py
[2024-08-27T12:00:30.333+0000] {processor.py:753} INFO - DAG(s) dict_keys(['example_short_circuit_operator']) retrieved from /home/airflow/.local/lib/python3.7/site-packages/airflow/example_dags/example_short_circuit_operator.py
[2024-08-27T12:00:30.354+0000] {logging_mixin.py:137} INFO - [2024-08-27T12:00:30.354+0000] {dag.py:2690} INFO - Sync 1 DAGs
[2024-08-27T12:00:30.396+0000] {logging_mixin.py:137} INFO - [2024-08-27T12:00:30.396+0000] {dag.py:3441} INFO - Setting next_dagrun for example_short_circuit_operator to 2024-08-26T12:00:30.396150+00:00, run_after=2024-08-27T12:00:30.396150+00:00
[2024-08-27T12:00:30.432+0000] {processor.py:175} INFO - Processing /home/airflow/.local/lib/python3.7/site-packages/airflow/example_dags/example_short_circuit_operator.py took 0.135 seconds
[2024-08-27T12:01:03.052+0000] {processor.py:153} INFO - Started process (PID=182) to work on /home/airflow/.local/lib/python3.7/site-packages/airflow/example_dags/example_short_circuit_operator.py
[2024-08-27T12:01:03.055+0000] {processor.py:743} INFO - Processing file /home/airflow/.local/lib/python3.7/site-packages/airflow/example_dags/example_short_circuit_operator.py for tasks to queue
[2024-08-27T12:01:03.058+0000] {logging_mixin.py:137} INFO - [2024-08-27T12:01:03.058+0000] {dagbag.py:538} INFO - Filling up the DagBag from /home/airflow/.local/lib/python3.7/site-packages/airflow/example_dags/example_short_circuit_operator.py
[2024-08-27T12:01:03.099+0000] {processor.py:753} INFO - DAG(s) dict_keys(['example_short_circuit_operator']) retrieved from /home/airflow/.local/lib/python3.7/site-packages/airflow/example_dags/example_short_circuit_operator.py
[2024-08-27T12:01:03.174+0000] {logging_mixin.py:137} INFO - [2024-08-27T12:01:03.174+0000] {dag.py:2690} INFO - Sync 1 DAGs
[2024-08-27T12:01:03.220+0000] {logging_mixin.py:137} INFO - [2024-08-27T12:01:03.220+0000] {dag.py:3441} INFO - Setting next_dagrun for example_short_circuit_operator to 2024-08-26T12:01:03.219997+00:00, run_after=2024-08-27T12:01:03.219997+00:00
[2024-08-27T12:01:03.267+0000] {processor.py:175} INFO - Processing /home/airflow/.local/lib/python3.7/site-packages/airflow/example_dags/example_short_circuit_operator.py took 0.222 seconds
