[2024-08-27T11:55:30.986+0000] {processor.py:153} INFO - Started process (PID=65) to work on /home/airflow/.local/lib/python3.7/site-packages/airflow/example_dags/example_xcomargs.py
[2024-08-27T11:55:30.990+0000] {processor.py:743} INFO - Processing file /home/airflow/.local/lib/python3.7/site-packages/airflow/example_dags/example_xcomargs.py for tasks to queue
[2024-08-27T11:55:30.992+0000] {logging_mixin.py:137} INFO - [2024-08-27T11:55:30.992+0000] {dagbag.py:538} INFO - Filling up the DagBag from /home/airflow/.local/lib/python3.7/site-packages/airflow/example_dags/example_xcomargs.py
[2024-08-27T11:55:31.065+0000] {processor.py:753} INFO - DAG(s) dict_keys(['example_xcom_args_with_operators', 'example_xcom_args']) retrieved from /home/airflow/.local/lib/python3.7/site-packages/airflow/example_dags/example_xcomargs.py
[2024-08-27T11:55:31.146+0000] {logging_mixin.py:137} INFO - [2024-08-27T11:55:31.146+0000] {dag.py:2690} INFO - Sync 2 DAGs
[2024-08-27T11:55:31.201+0000] {logging_mixin.py:137} INFO - [2024-08-27T11:55:31.201+0000] {dag.py:3441} INFO - Setting next_dagrun for example_xcom_args to None, run_after=None
[2024-08-27T11:55:31.209+0000] {logging_mixin.py:137} INFO - [2024-08-27T11:55:31.209+0000] {dag.py:3441} INFO - Setting next_dagrun for example_xcom_args_with_operators to None, run_after=None
[2024-08-27T11:55:31.255+0000] {processor.py:175} INFO - Processing /home/airflow/.local/lib/python3.7/site-packages/airflow/example_dags/example_xcomargs.py took 0.283 seconds
[2024-08-27T11:56:01.341+0000] {processor.py:153} INFO - Started process (PID=136) to work on /home/airflow/.local/lib/python3.7/site-packages/airflow/example_dags/example_xcomargs.py
[2024-08-27T11:56:01.343+0000] {processor.py:743} INFO - Processing file /home/airflow/.local/lib/python3.7/site-packages/airflow/example_dags/example_xcomargs.py for tasks to queue
[2024-08-27T11:56:01.344+0000] {logging_mixin.py:137} INFO - [2024-08-27T11:56:01.344+0000] {dagbag.py:538} INFO - Filling up the DagBag from /home/airflow/.local/lib/python3.7/site-packages/airflow/example_dags/example_xcomargs.py
[2024-08-27T11:56:01.374+0000] {processor.py:753} INFO - DAG(s) dict_keys(['example_xcom_args', 'example_xcom_args_with_operators']) retrieved from /home/airflow/.local/lib/python3.7/site-packages/airflow/example_dags/example_xcomargs.py
[2024-08-27T11:56:01.412+0000] {logging_mixin.py:137} INFO - [2024-08-27T11:56:01.412+0000] {dag.py:2690} INFO - Sync 2 DAGs
[2024-08-27T11:56:01.448+0000] {logging_mixin.py:137} INFO - [2024-08-27T11:56:01.448+0000] {dag.py:3441} INFO - Setting next_dagrun for example_xcom_args to None, run_after=None
[2024-08-27T11:56:01.457+0000] {logging_mixin.py:137} INFO - [2024-08-27T11:56:01.456+0000] {dag.py:3441} INFO - Setting next_dagrun for example_xcom_args_with_operators to None, run_after=None
[2024-08-27T11:56:01.484+0000] {processor.py:175} INFO - Processing /home/airflow/.local/lib/python3.7/site-packages/airflow/example_dags/example_xcomargs.py took 0.147 seconds
[2024-08-27T11:56:31.787+0000] {processor.py:153} INFO - Started process (PID=207) to work on /home/airflow/.local/lib/python3.7/site-packages/airflow/example_dags/example_xcomargs.py
[2024-08-27T11:56:31.789+0000] {processor.py:743} INFO - Processing file /home/airflow/.local/lib/python3.7/site-packages/airflow/example_dags/example_xcomargs.py for tasks to queue
[2024-08-27T11:56:31.790+0000] {logging_mixin.py:137} INFO - [2024-08-27T11:56:31.790+0000] {dagbag.py:538} INFO - Filling up the DagBag from /home/airflow/.local/lib/python3.7/site-packages/airflow/example_dags/example_xcomargs.py
[2024-08-27T11:56:31.818+0000] {processor.py:753} INFO - DAG(s) dict_keys(['example_xcom_args_with_operators', 'example_xcom_args']) retrieved from /home/airflow/.local/lib/python3.7/site-packages/airflow/example_dags/example_xcomargs.py
[2024-08-27T11:56:31.853+0000] {logging_mixin.py:137} INFO - [2024-08-27T11:56:31.853+0000] {dag.py:2690} INFO - Sync 2 DAGs
[2024-08-27T11:56:31.881+0000] {logging_mixin.py:137} INFO - [2024-08-27T11:56:31.881+0000] {dag.py:3441} INFO - Setting next_dagrun for example_xcom_args to None, run_after=None
[2024-08-27T11:56:31.886+0000] {logging_mixin.py:137} INFO - [2024-08-27T11:56:31.886+0000] {dag.py:3441} INFO - Setting next_dagrun for example_xcom_args_with_operators to None, run_after=None
[2024-08-27T11:56:31.911+0000] {processor.py:175} INFO - Processing /home/airflow/.local/lib/python3.7/site-packages/airflow/example_dags/example_xcomargs.py took 0.128 seconds
[2024-08-27T11:57:02.452+0000] {processor.py:153} INFO - Started process (PID=279) to work on /home/airflow/.local/lib/python3.7/site-packages/airflow/example_dags/example_xcomargs.py
[2024-08-27T11:57:02.454+0000] {processor.py:743} INFO - Processing file /home/airflow/.local/lib/python3.7/site-packages/airflow/example_dags/example_xcomargs.py for tasks to queue
[2024-08-27T11:57:02.455+0000] {logging_mixin.py:137} INFO - [2024-08-27T11:57:02.455+0000] {dagbag.py:538} INFO - Filling up the DagBag from /home/airflow/.local/lib/python3.7/site-packages/airflow/example_dags/example_xcomargs.py
[2024-08-27T11:57:02.484+0000] {processor.py:753} INFO - DAG(s) dict_keys(['example_xcom_args_with_operators', 'example_xcom_args']) retrieved from /home/airflow/.local/lib/python3.7/site-packages/airflow/example_dags/example_xcomargs.py
[2024-08-27T11:57:02.522+0000] {logging_mixin.py:137} INFO - [2024-08-27T11:57:02.522+0000] {dag.py:2690} INFO - Sync 2 DAGs
[2024-08-27T11:57:02.550+0000] {logging_mixin.py:137} INFO - [2024-08-27T11:57:02.550+0000] {dag.py:3441} INFO - Setting next_dagrun for example_xcom_args to None, run_after=None
[2024-08-27T11:57:02.554+0000] {logging_mixin.py:137} INFO - [2024-08-27T11:57:02.554+0000] {dag.py:3441} INFO - Setting next_dagrun for example_xcom_args_with_operators to None, run_after=None
[2024-08-27T11:57:02.583+0000] {processor.py:175} INFO - Processing /home/airflow/.local/lib/python3.7/site-packages/airflow/example_dags/example_xcomargs.py took 0.134 seconds
[2024-08-27T11:57:33.149+0000] {processor.py:153} INFO - Started process (PID=350) to work on /home/airflow/.local/lib/python3.7/site-packages/airflow/example_dags/example_xcomargs.py
[2024-08-27T11:57:33.152+0000] {processor.py:743} INFO - Processing file /home/airflow/.local/lib/python3.7/site-packages/airflow/example_dags/example_xcomargs.py for tasks to queue
[2024-08-27T11:57:33.154+0000] {logging_mixin.py:137} INFO - [2024-08-27T11:57:33.153+0000] {dagbag.py:538} INFO - Filling up the DagBag from /home/airflow/.local/lib/python3.7/site-packages/airflow/example_dags/example_xcomargs.py
[2024-08-27T11:57:33.224+0000] {processor.py:753} INFO - DAG(s) dict_keys(['example_xcom_args_with_operators', 'example_xcom_args']) retrieved from /home/airflow/.local/lib/python3.7/site-packages/airflow/example_dags/example_xcomargs.py
[2024-08-27T11:57:33.270+0000] {logging_mixin.py:137} INFO - [2024-08-27T11:57:33.269+0000] {dag.py:2690} INFO - Sync 2 DAGs
[2024-08-27T11:57:33.307+0000] {logging_mixin.py:137} INFO - [2024-08-27T11:57:33.306+0000] {dag.py:3441} INFO - Setting next_dagrun for example_xcom_args to None, run_after=None
[2024-08-27T11:57:33.313+0000] {logging_mixin.py:137} INFO - [2024-08-27T11:57:33.312+0000] {dag.py:3441} INFO - Setting next_dagrun for example_xcom_args_with_operators to None, run_after=None
[2024-08-27T11:57:33.346+0000] {processor.py:175} INFO - Processing /home/airflow/.local/lib/python3.7/site-packages/airflow/example_dags/example_xcomargs.py took 0.205 seconds
[2024-08-27T11:58:03.415+0000] {processor.py:153} INFO - Started process (PID=437) to work on /home/airflow/.local/lib/python3.7/site-packages/airflow/example_dags/example_xcomargs.py
[2024-08-27T11:58:03.416+0000] {processor.py:743} INFO - Processing file /home/airflow/.local/lib/python3.7/site-packages/airflow/example_dags/example_xcomargs.py for tasks to queue
[2024-08-27T11:58:03.418+0000] {logging_mixin.py:137} INFO - [2024-08-27T11:58:03.417+0000] {dagbag.py:538} INFO - Filling up the DagBag from /home/airflow/.local/lib/python3.7/site-packages/airflow/example_dags/example_xcomargs.py
[2024-08-27T11:58:03.461+0000] {processor.py:753} INFO - DAG(s) dict_keys(['example_xcom_args_with_operators', 'example_xcom_args']) retrieved from /home/airflow/.local/lib/python3.7/site-packages/airflow/example_dags/example_xcomargs.py
[2024-08-27T11:58:03.511+0000] {logging_mixin.py:137} INFO - [2024-08-27T11:58:03.510+0000] {dag.py:2690} INFO - Sync 2 DAGs
[2024-08-27T11:58:03.566+0000] {logging_mixin.py:137} INFO - [2024-08-27T11:58:03.566+0000] {dag.py:3441} INFO - Setting next_dagrun for example_xcom_args to None, run_after=None
[2024-08-27T11:58:03.575+0000] {logging_mixin.py:137} INFO - [2024-08-27T11:58:03.575+0000] {dag.py:3441} INFO - Setting next_dagrun for example_xcom_args_with_operators to None, run_after=None
[2024-08-27T11:58:03.605+0000] {processor.py:175} INFO - Processing /home/airflow/.local/lib/python3.7/site-packages/airflow/example_dags/example_xcomargs.py took 0.195 seconds
[2024-08-27T12:00:28.194+0000] {processor.py:153} INFO - Started process (PID=78) to work on /home/airflow/.local/lib/python3.7/site-packages/airflow/example_dags/example_xcomargs.py
[2024-08-27T12:00:28.196+0000] {processor.py:743} INFO - Processing file /home/airflow/.local/lib/python3.7/site-packages/airflow/example_dags/example_xcomargs.py for tasks to queue
[2024-08-27T12:00:28.198+0000] {logging_mixin.py:137} INFO - [2024-08-27T12:00:28.198+0000] {dagbag.py:538} INFO - Filling up the DagBag from /home/airflow/.local/lib/python3.7/site-packages/airflow/example_dags/example_xcomargs.py
[2024-08-27T12:00:28.254+0000] {processor.py:753} INFO - DAG(s) dict_keys(['example_xcom_args', 'example_xcom_args_with_operators']) retrieved from /home/airflow/.local/lib/python3.7/site-packages/airflow/example_dags/example_xcomargs.py
[2024-08-27T12:00:28.282+0000] {logging_mixin.py:137} INFO - [2024-08-27T12:00:28.282+0000] {dag.py:2690} INFO - Sync 2 DAGs
[2024-08-27T12:00:28.342+0000] {logging_mixin.py:137} INFO - [2024-08-27T12:00:28.342+0000] {dag.py:3441} INFO - Setting next_dagrun for example_xcom_args to None, run_after=None
[2024-08-27T12:00:28.350+0000] {logging_mixin.py:137} INFO - [2024-08-27T12:00:28.349+0000] {dag.py:3441} INFO - Setting next_dagrun for example_xcom_args_with_operators to None, run_after=None
[2024-08-27T12:00:28.401+0000] {processor.py:175} INFO - Processing /home/airflow/.local/lib/python3.7/site-packages/airflow/example_dags/example_xcomargs.py took 0.214 seconds
[2024-08-27T12:00:59.268+0000] {processor.py:153} INFO - Started process (PID=162) to work on /home/airflow/.local/lib/python3.7/site-packages/airflow/example_dags/example_xcomargs.py
[2024-08-27T12:00:59.275+0000] {processor.py:743} INFO - Processing file /home/airflow/.local/lib/python3.7/site-packages/airflow/example_dags/example_xcomargs.py for tasks to queue
[2024-08-27T12:00:59.277+0000] {logging_mixin.py:137} INFO - [2024-08-27T12:00:59.277+0000] {dagbag.py:538} INFO - Filling up the DagBag from /home/airflow/.local/lib/python3.7/site-packages/airflow/example_dags/example_xcomargs.py
[2024-08-27T12:00:59.328+0000] {processor.py:753} INFO - DAG(s) dict_keys(['example_xcom_args_with_operators', 'example_xcom_args']) retrieved from /home/airflow/.local/lib/python3.7/site-packages/airflow/example_dags/example_xcomargs.py
[2024-08-27T12:00:59.408+0000] {logging_mixin.py:137} INFO - [2024-08-27T12:00:59.405+0000] {dag.py:2690} INFO - Sync 2 DAGs
[2024-08-27T12:00:59.465+0000] {logging_mixin.py:137} INFO - [2024-08-27T12:00:59.464+0000] {dag.py:3441} INFO - Setting next_dagrun for example_xcom_args to None, run_after=None
[2024-08-27T12:00:59.477+0000] {logging_mixin.py:137} INFO - [2024-08-27T12:00:59.477+0000] {dag.py:3441} INFO - Setting next_dagrun for example_xcom_args_with_operators to None, run_after=None
[2024-08-27T12:00:59.530+0000] {processor.py:175} INFO - Processing /home/airflow/.local/lib/python3.7/site-packages/airflow/example_dags/example_xcomargs.py took 0.271 seconds
