[2024-08-27T11:55:29.708+0000] {processor.py:153} INFO - Started process (PID=58) to work on /home/airflow/.local/lib/python3.7/site-packages/airflow/example_dags/example_kubernetes_executor.py
[2024-08-27T11:55:29.710+0000] {processor.py:743} INFO - Processing file /home/airflow/.local/lib/python3.7/site-packages/airflow/example_dags/example_kubernetes_executor.py for tasks to queue
[2024-08-27T11:55:29.712+0000] {logging_mixin.py:137} INFO - [2024-08-27T11:55:29.712+0000] {dagbag.py:538} INFO - Filling up the DagBag from /home/airflow/.local/lib/python3.7/site-packages/airflow/example_dags/example_kubernetes_executor.py
[2024-08-27T11:55:29.789+0000] {processor.py:753} INFO - DAG(s) dict_keys(['example_kubernetes_executor']) retrieved from /home/airflow/.local/lib/python3.7/site-packages/airflow/example_dags/example_kubernetes_executor.py
[2024-08-27T11:55:29.843+0000] {logging_mixin.py:137} INFO - [2024-08-27T11:55:29.843+0000] {dag.py:2690} INFO - Sync 1 DAGs
[2024-08-27T11:55:29.909+0000] {logging_mixin.py:137} INFO - [2024-08-27T11:55:29.909+0000] {dag.py:3441} INFO - Setting next_dagrun for example_kubernetes_executor to None, run_after=None
[2024-08-27T11:55:30.052+0000] {processor.py:175} INFO - Processing /home/airflow/.local/lib/python3.7/site-packages/airflow/example_dags/example_kubernetes_executor.py took 0.352 seconds
[2024-08-27T11:56:00.420+0000] {processor.py:153} INFO - Started process (PID=129) to work on /home/airflow/.local/lib/python3.7/site-packages/airflow/example_dags/example_kubernetes_executor.py
[2024-08-27T11:56:00.422+0000] {processor.py:743} INFO - Processing file /home/airflow/.local/lib/python3.7/site-packages/airflow/example_dags/example_kubernetes_executor.py for tasks to queue
[2024-08-27T11:56:00.423+0000] {logging_mixin.py:137} INFO - [2024-08-27T11:56:00.423+0000] {dagbag.py:538} INFO - Filling up the DagBag from /home/airflow/.local/lib/python3.7/site-packages/airflow/example_dags/example_kubernetes_executor.py
[2024-08-27T11:56:00.475+0000] {processor.py:753} INFO - DAG(s) dict_keys(['example_kubernetes_executor']) retrieved from /home/airflow/.local/lib/python3.7/site-packages/airflow/example_dags/example_kubernetes_executor.py
[2024-08-27T11:56:00.514+0000] {logging_mixin.py:137} INFO - [2024-08-27T11:56:00.513+0000] {dag.py:2690} INFO - Sync 1 DAGs
[2024-08-27T11:56:00.541+0000] {logging_mixin.py:137} INFO - [2024-08-27T11:56:00.540+0000] {dag.py:3441} INFO - Setting next_dagrun for example_kubernetes_executor to None, run_after=None
[2024-08-27T11:56:00.569+0000] {processor.py:175} INFO - Processing /home/airflow/.local/lib/python3.7/site-packages/airflow/example_dags/example_kubernetes_executor.py took 0.161 seconds
[2024-08-27T11:56:30.937+0000] {processor.py:153} INFO - Started process (PID=200) to work on /home/airflow/.local/lib/python3.7/site-packages/airflow/example_dags/example_kubernetes_executor.py
[2024-08-27T11:56:30.938+0000] {processor.py:743} INFO - Processing file /home/airflow/.local/lib/python3.7/site-packages/airflow/example_dags/example_kubernetes_executor.py for tasks to queue
[2024-08-27T11:56:30.939+0000] {logging_mixin.py:137} INFO - [2024-08-27T11:56:30.939+0000] {dagbag.py:538} INFO - Filling up the DagBag from /home/airflow/.local/lib/python3.7/site-packages/airflow/example_dags/example_kubernetes_executor.py
[2024-08-27T11:56:30.969+0000] {processor.py:753} INFO - DAG(s) dict_keys(['example_kubernetes_executor']) retrieved from /home/airflow/.local/lib/python3.7/site-packages/airflow/example_dags/example_kubernetes_executor.py
[2024-08-27T11:56:31.014+0000] {logging_mixin.py:137} INFO - [2024-08-27T11:56:31.014+0000] {dag.py:2690} INFO - Sync 1 DAGs
[2024-08-27T11:56:31.042+0000] {logging_mixin.py:137} INFO - [2024-08-27T11:56:31.042+0000] {dag.py:3441} INFO - Setting next_dagrun for example_kubernetes_executor to None, run_after=None
[2024-08-27T11:56:31.070+0000] {processor.py:175} INFO - Processing /home/airflow/.local/lib/python3.7/site-packages/airflow/example_dags/example_kubernetes_executor.py took 0.137 seconds
[2024-08-27T11:57:01.823+0000] {processor.py:153} INFO - Started process (PID=272) to work on /home/airflow/.local/lib/python3.7/site-packages/airflow/example_dags/example_kubernetes_executor.py
[2024-08-27T11:57:01.825+0000] {processor.py:743} INFO - Processing file /home/airflow/.local/lib/python3.7/site-packages/airflow/example_dags/example_kubernetes_executor.py for tasks to queue
[2024-08-27T11:57:01.826+0000] {logging_mixin.py:137} INFO - [2024-08-27T11:57:01.826+0000] {dagbag.py:538} INFO - Filling up the DagBag from /home/airflow/.local/lib/python3.7/site-packages/airflow/example_dags/example_kubernetes_executor.py
[2024-08-27T11:57:01.861+0000] {processor.py:753} INFO - DAG(s) dict_keys(['example_kubernetes_executor']) retrieved from /home/airflow/.local/lib/python3.7/site-packages/airflow/example_dags/example_kubernetes_executor.py
[2024-08-27T11:57:01.896+0000] {logging_mixin.py:137} INFO - [2024-08-27T11:57:01.895+0000] {dag.py:2690} INFO - Sync 1 DAGs
[2024-08-27T11:57:01.929+0000] {logging_mixin.py:137} INFO - [2024-08-27T11:57:01.928+0000] {dag.py:3441} INFO - Setting next_dagrun for example_kubernetes_executor to None, run_after=None
[2024-08-27T11:57:01.956+0000] {processor.py:175} INFO - Processing /home/airflow/.local/lib/python3.7/site-packages/airflow/example_dags/example_kubernetes_executor.py took 0.136 seconds
[2024-08-27T11:57:32.363+0000] {processor.py:153} INFO - Started process (PID=343) to work on /home/airflow/.local/lib/python3.7/site-packages/airflow/example_dags/example_kubernetes_executor.py
[2024-08-27T11:57:32.365+0000] {processor.py:743} INFO - Processing file /home/airflow/.local/lib/python3.7/site-packages/airflow/example_dags/example_kubernetes_executor.py for tasks to queue
[2024-08-27T11:57:32.366+0000] {logging_mixin.py:137} INFO - [2024-08-27T11:57:32.366+0000] {dagbag.py:538} INFO - Filling up the DagBag from /home/airflow/.local/lib/python3.7/site-packages/airflow/example_dags/example_kubernetes_executor.py
[2024-08-27T11:57:32.411+0000] {processor.py:753} INFO - DAG(s) dict_keys(['example_kubernetes_executor']) retrieved from /home/airflow/.local/lib/python3.7/site-packages/airflow/example_dags/example_kubernetes_executor.py
[2024-08-27T11:57:32.452+0000] {logging_mixin.py:137} INFO - [2024-08-27T11:57:32.451+0000] {dag.py:2690} INFO - Sync 1 DAGs
[2024-08-27T11:57:32.504+0000] {logging_mixin.py:137} INFO - [2024-08-27T11:57:32.503+0000] {dag.py:3441} INFO - Setting next_dagrun for example_kubernetes_executor to None, run_after=None
[2024-08-27T11:57:32.540+0000] {processor.py:175} INFO - Processing /home/airflow/.local/lib/python3.7/site-packages/airflow/example_dags/example_kubernetes_executor.py took 0.181 seconds
[2024-08-27T11:58:02.802+0000] {processor.py:153} INFO - Started process (PID=430) to work on /home/airflow/.local/lib/python3.7/site-packages/airflow/example_dags/example_kubernetes_executor.py
[2024-08-27T11:58:02.803+0000] {processor.py:743} INFO - Processing file /home/airflow/.local/lib/python3.7/site-packages/airflow/example_dags/example_kubernetes_executor.py for tasks to queue
[2024-08-27T11:58:02.804+0000] {logging_mixin.py:137} INFO - [2024-08-27T11:58:02.804+0000] {dagbag.py:538} INFO - Filling up the DagBag from /home/airflow/.local/lib/python3.7/site-packages/airflow/example_dags/example_kubernetes_executor.py
[2024-08-27T11:58:02.836+0000] {processor.py:753} INFO - DAG(s) dict_keys(['example_kubernetes_executor']) retrieved from /home/airflow/.local/lib/python3.7/site-packages/airflow/example_dags/example_kubernetes_executor.py
[2024-08-27T11:58:02.878+0000] {logging_mixin.py:137} INFO - [2024-08-27T11:58:02.878+0000] {dag.py:2690} INFO - Sync 1 DAGs
[2024-08-27T11:58:02.913+0000] {logging_mixin.py:137} INFO - [2024-08-27T11:58:02.913+0000] {dag.py:3441} INFO - Setting next_dagrun for example_kubernetes_executor to None, run_after=None
[2024-08-27T11:58:02.946+0000] {processor.py:175} INFO - Processing /home/airflow/.local/lib/python3.7/site-packages/airflow/example_dags/example_kubernetes_executor.py took 0.148 seconds
[2024-08-27T12:00:27.059+0000] {processor.py:153} INFO - Started process (PID=71) to work on /home/airflow/.local/lib/python3.7/site-packages/airflow/example_dags/example_kubernetes_executor.py
[2024-08-27T12:00:27.060+0000] {processor.py:743} INFO - Processing file /home/airflow/.local/lib/python3.7/site-packages/airflow/example_dags/example_kubernetes_executor.py for tasks to queue
[2024-08-27T12:00:27.062+0000] {logging_mixin.py:137} INFO - [2024-08-27T12:00:27.062+0000] {dagbag.py:538} INFO - Filling up the DagBag from /home/airflow/.local/lib/python3.7/site-packages/airflow/example_dags/example_kubernetes_executor.py
[2024-08-27T12:00:27.121+0000] {processor.py:753} INFO - DAG(s) dict_keys(['example_kubernetes_executor']) retrieved from /home/airflow/.local/lib/python3.7/site-packages/airflow/example_dags/example_kubernetes_executor.py
[2024-08-27T12:00:27.148+0000] {logging_mixin.py:137} INFO - [2024-08-27T12:00:27.148+0000] {dag.py:2690} INFO - Sync 1 DAGs
[2024-08-27T12:00:27.208+0000] {logging_mixin.py:137} INFO - [2024-08-27T12:00:27.207+0000] {dag.py:3441} INFO - Setting next_dagrun for example_kubernetes_executor to None, run_after=None
[2024-08-27T12:00:27.266+0000] {processor.py:175} INFO - Processing /home/airflow/.local/lib/python3.7/site-packages/airflow/example_dags/example_kubernetes_executor.py took 0.213 seconds
[2024-08-27T12:00:57.866+0000] {processor.py:153} INFO - Started process (PID=155) to work on /home/airflow/.local/lib/python3.7/site-packages/airflow/example_dags/example_kubernetes_executor.py
[2024-08-27T12:00:57.867+0000] {processor.py:743} INFO - Processing file /home/airflow/.local/lib/python3.7/site-packages/airflow/example_dags/example_kubernetes_executor.py for tasks to queue
[2024-08-27T12:00:57.869+0000] {logging_mixin.py:137} INFO - [2024-08-27T12:00:57.869+0000] {dagbag.py:538} INFO - Filling up the DagBag from /home/airflow/.local/lib/python3.7/site-packages/airflow/example_dags/example_kubernetes_executor.py
[2024-08-27T12:00:57.947+0000] {processor.py:753} INFO - DAG(s) dict_keys(['example_kubernetes_executor']) retrieved from /home/airflow/.local/lib/python3.7/site-packages/airflow/example_dags/example_kubernetes_executor.py
[2024-08-27T12:00:58.019+0000] {logging_mixin.py:137} INFO - [2024-08-27T12:00:58.018+0000] {dag.py:2690} INFO - Sync 1 DAGs
[2024-08-27T12:00:58.075+0000] {logging_mixin.py:137} INFO - [2024-08-27T12:00:58.075+0000] {dag.py:3441} INFO - Setting next_dagrun for example_kubernetes_executor to None, run_after=None
[2024-08-27T12:00:58.115+0000] {processor.py:175} INFO - Processing /home/airflow/.local/lib/python3.7/site-packages/airflow/example_dags/example_kubernetes_executor.py took 0.254 seconds
