[2024-08-27T11:55:31.126+0000] {processor.py:153} INFO - Started process (PID=66) to work on /home/airflow/.local/lib/python3.7/site-packages/airflow/example_dags/example_latest_only_with_trigger.py
[2024-08-27T11:55:31.130+0000] {processor.py:743} INFO - Processing file /home/airflow/.local/lib/python3.7/site-packages/airflow/example_dags/example_latest_only_with_trigger.py for tasks to queue
[2024-08-27T11:55:31.131+0000] {logging_mixin.py:137} INFO - [2024-08-27T11:55:31.131+0000] {dagbag.py:538} INFO - Filling up the DagBag from /home/airflow/.local/lib/python3.7/site-packages/airflow/example_dags/example_latest_only_with_trigger.py
[2024-08-27T11:55:31.167+0000] {processor.py:753} INFO - DAG(s) dict_keys(['latest_only_with_trigger']) retrieved from /home/airflow/.local/lib/python3.7/site-packages/airflow/example_dags/example_latest_only_with_trigger.py
[2024-08-27T11:55:31.224+0000] {logging_mixin.py:137} INFO - [2024-08-27T11:55:31.223+0000] {dag.py:2690} INFO - Sync 1 DAGs
[2024-08-27T11:55:31.279+0000] {logging_mixin.py:137} INFO - [2024-08-27T11:55:31.278+0000] {dag.py:3441} INFO - Setting next_dagrun for latest_only_with_trigger to 2024-08-27T07:55:31.278340+00:00, run_after=2024-08-27T11:55:31.278340+00:00
[2024-08-27T11:55:31.331+0000] {processor.py:175} INFO - Processing /home/airflow/.local/lib/python3.7/site-packages/airflow/example_dags/example_latest_only_with_trigger.py took 0.214 seconds
[2024-08-27T11:56:01.527+0000] {processor.py:153} INFO - Started process (PID=137) to work on /home/airflow/.local/lib/python3.7/site-packages/airflow/example_dags/example_latest_only_with_trigger.py
[2024-08-27T11:56:01.528+0000] {processor.py:743} INFO - Processing file /home/airflow/.local/lib/python3.7/site-packages/airflow/example_dags/example_latest_only_with_trigger.py for tasks to queue
[2024-08-27T11:56:01.529+0000] {logging_mixin.py:137} INFO - [2024-08-27T11:56:01.529+0000] {dagbag.py:538} INFO - Filling up the DagBag from /home/airflow/.local/lib/python3.7/site-packages/airflow/example_dags/example_latest_only_with_trigger.py
[2024-08-27T11:56:01.546+0000] {processor.py:753} INFO - DAG(s) dict_keys(['latest_only_with_trigger']) retrieved from /home/airflow/.local/lib/python3.7/site-packages/airflow/example_dags/example_latest_only_with_trigger.py
[2024-08-27T11:56:01.577+0000] {logging_mixin.py:137} INFO - [2024-08-27T11:56:01.577+0000] {dag.py:2690} INFO - Sync 1 DAGs
[2024-08-27T11:56:01.610+0000] {logging_mixin.py:137} INFO - [2024-08-27T11:56:01.610+0000] {dag.py:3441} INFO - Setting next_dagrun for latest_only_with_trigger to 2024-08-27T07:56:01.610233+00:00, run_after=2024-08-27T11:56:01.610233+00:00
[2024-08-27T11:56:01.639+0000] {processor.py:175} INFO - Processing /home/airflow/.local/lib/python3.7/site-packages/airflow/example_dags/example_latest_only_with_trigger.py took 0.116 seconds
[2024-08-27T11:56:31.798+0000] {processor.py:153} INFO - Started process (PID=208) to work on /home/airflow/.local/lib/python3.7/site-packages/airflow/example_dags/example_latest_only_with_trigger.py
[2024-08-27T11:56:31.800+0000] {processor.py:743} INFO - Processing file /home/airflow/.local/lib/python3.7/site-packages/airflow/example_dags/example_latest_only_with_trigger.py for tasks to queue
[2024-08-27T11:56:31.801+0000] {logging_mixin.py:137} INFO - [2024-08-27T11:56:31.801+0000] {dagbag.py:538} INFO - Filling up the DagBag from /home/airflow/.local/lib/python3.7/site-packages/airflow/example_dags/example_latest_only_with_trigger.py
[2024-08-27T11:56:31.817+0000] {processor.py:753} INFO - DAG(s) dict_keys(['latest_only_with_trigger']) retrieved from /home/airflow/.local/lib/python3.7/site-packages/airflow/example_dags/example_latest_only_with_trigger.py
[2024-08-27T11:56:31.846+0000] {logging_mixin.py:137} INFO - [2024-08-27T11:56:31.846+0000] {dag.py:2690} INFO - Sync 1 DAGs
[2024-08-27T11:56:31.874+0000] {logging_mixin.py:137} INFO - [2024-08-27T11:56:31.874+0000] {dag.py:3441} INFO - Setting next_dagrun for latest_only_with_trigger to 2024-08-27T07:56:31.874541+00:00, run_after=2024-08-27T11:56:31.874541+00:00
[2024-08-27T11:56:31.903+0000] {processor.py:175} INFO - Processing /home/airflow/.local/lib/python3.7/site-packages/airflow/example_dags/example_latest_only_with_trigger.py took 0.108 seconds
[2024-08-27T11:57:02.500+0000] {processor.py:153} INFO - Started process (PID=280) to work on /home/airflow/.local/lib/python3.7/site-packages/airflow/example_dags/example_latest_only_with_trigger.py
[2024-08-27T11:57:02.501+0000] {processor.py:743} INFO - Processing file /home/airflow/.local/lib/python3.7/site-packages/airflow/example_dags/example_latest_only_with_trigger.py for tasks to queue
[2024-08-27T11:57:02.503+0000] {logging_mixin.py:137} INFO - [2024-08-27T11:57:02.502+0000] {dagbag.py:538} INFO - Filling up the DagBag from /home/airflow/.local/lib/python3.7/site-packages/airflow/example_dags/example_latest_only_with_trigger.py
[2024-08-27T11:57:02.520+0000] {processor.py:753} INFO - DAG(s) dict_keys(['latest_only_with_trigger']) retrieved from /home/airflow/.local/lib/python3.7/site-packages/airflow/example_dags/example_latest_only_with_trigger.py
[2024-08-27T11:57:02.548+0000] {logging_mixin.py:137} INFO - [2024-08-27T11:57:02.548+0000] {dag.py:2690} INFO - Sync 1 DAGs
[2024-08-27T11:57:02.584+0000] {logging_mixin.py:137} INFO - [2024-08-27T11:57:02.584+0000] {dag.py:3441} INFO - Setting next_dagrun for latest_only_with_trigger to 2024-08-27T07:57:02.584166+00:00, run_after=2024-08-27T11:57:02.584166+00:00
[2024-08-27T11:57:02.623+0000] {processor.py:175} INFO - Processing /home/airflow/.local/lib/python3.7/site-packages/airflow/example_dags/example_latest_only_with_trigger.py took 0.127 seconds
[2024-08-27T11:57:33.232+0000] {processor.py:153} INFO - Started process (PID=351) to work on /home/airflow/.local/lib/python3.7/site-packages/airflow/example_dags/example_latest_only_with_trigger.py
[2024-08-27T11:57:33.234+0000] {processor.py:743} INFO - Processing file /home/airflow/.local/lib/python3.7/site-packages/airflow/example_dags/example_latest_only_with_trigger.py for tasks to queue
[2024-08-27T11:57:33.236+0000] {logging_mixin.py:137} INFO - [2024-08-27T11:57:33.235+0000] {dagbag.py:538} INFO - Filling up the DagBag from /home/airflow/.local/lib/python3.7/site-packages/airflow/example_dags/example_latest_only_with_trigger.py
[2024-08-27T11:57:33.255+0000] {processor.py:753} INFO - DAG(s) dict_keys(['latest_only_with_trigger']) retrieved from /home/airflow/.local/lib/python3.7/site-packages/airflow/example_dags/example_latest_only_with_trigger.py
[2024-08-27T11:57:33.293+0000] {logging_mixin.py:137} INFO - [2024-08-27T11:57:33.293+0000] {dag.py:2690} INFO - Sync 1 DAGs
[2024-08-27T11:57:33.338+0000] {logging_mixin.py:137} INFO - [2024-08-27T11:57:33.338+0000] {dag.py:3441} INFO - Setting next_dagrun for latest_only_with_trigger to 2024-08-27T07:57:33.337139+00:00, run_after=2024-08-27T11:57:33.337139+00:00
[2024-08-27T11:57:33.379+0000] {processor.py:175} INFO - Processing /home/airflow/.local/lib/python3.7/site-packages/airflow/example_dags/example_latest_only_with_trigger.py took 0.152 seconds
[2024-08-27T11:58:03.489+0000] {processor.py:153} INFO - Started process (PID=438) to work on /home/airflow/.local/lib/python3.7/site-packages/airflow/example_dags/example_latest_only_with_trigger.py
[2024-08-27T11:58:03.490+0000] {processor.py:743} INFO - Processing file /home/airflow/.local/lib/python3.7/site-packages/airflow/example_dags/example_latest_only_with_trigger.py for tasks to queue
[2024-08-27T11:58:03.491+0000] {logging_mixin.py:137} INFO - [2024-08-27T11:58:03.491+0000] {dagbag.py:538} INFO - Filling up the DagBag from /home/airflow/.local/lib/python3.7/site-packages/airflow/example_dags/example_latest_only_with_trigger.py
[2024-08-27T11:58:03.516+0000] {processor.py:753} INFO - DAG(s) dict_keys(['latest_only_with_trigger']) retrieved from /home/airflow/.local/lib/python3.7/site-packages/airflow/example_dags/example_latest_only_with_trigger.py
[2024-08-27T11:58:03.562+0000] {logging_mixin.py:137} INFO - [2024-08-27T11:58:03.562+0000] {dag.py:2690} INFO - Sync 1 DAGs
[2024-08-27T11:58:03.606+0000] {logging_mixin.py:137} INFO - [2024-08-27T11:58:03.605+0000] {dag.py:3441} INFO - Setting next_dagrun for latest_only_with_trigger to 2024-08-27T07:58:03.605368+00:00, run_after=2024-08-27T11:58:03.605368+00:00
[2024-08-27T11:58:03.643+0000] {processor.py:175} INFO - Processing /home/airflow/.local/lib/python3.7/site-packages/airflow/example_dags/example_latest_only_with_trigger.py took 0.160 seconds
[2024-08-27T12:00:28.194+0000] {processor.py:153} INFO - Started process (PID=79) to work on /home/airflow/.local/lib/python3.7/site-packages/airflow/example_dags/example_latest_only_with_trigger.py
[2024-08-27T12:00:28.196+0000] {processor.py:743} INFO - Processing file /home/airflow/.local/lib/python3.7/site-packages/airflow/example_dags/example_latest_only_with_trigger.py for tasks to queue
[2024-08-27T12:00:28.198+0000] {logging_mixin.py:137} INFO - [2024-08-27T12:00:28.197+0000] {dagbag.py:538} INFO - Filling up the DagBag from /home/airflow/.local/lib/python3.7/site-packages/airflow/example_dags/example_latest_only_with_trigger.py
[2024-08-27T12:00:28.232+0000] {processor.py:753} INFO - DAG(s) dict_keys(['latest_only_with_trigger']) retrieved from /home/airflow/.local/lib/python3.7/site-packages/airflow/example_dags/example_latest_only_with_trigger.py
[2024-08-27T12:00:28.256+0000] {logging_mixin.py:137} INFO - [2024-08-27T12:00:28.256+0000] {dag.py:2690} INFO - Sync 1 DAGs
[2024-08-27T12:00:28.317+0000] {logging_mixin.py:137} INFO - [2024-08-27T12:00:28.317+0000] {dag.py:3441} INFO - Setting next_dagrun for latest_only_with_trigger to 2024-08-27T08:00:28.316797+00:00, run_after=2024-08-27T12:00:28.316797+00:00
[2024-08-27T12:00:28.366+0000] {processor.py:175} INFO - Processing /home/airflow/.local/lib/python3.7/site-packages/airflow/example_dags/example_latest_only_with_trigger.py took 0.177 seconds
[2024-08-27T12:00:59.482+0000] {processor.py:153} INFO - Started process (PID=163) to work on /home/airflow/.local/lib/python3.7/site-packages/airflow/example_dags/example_latest_only_with_trigger.py
[2024-08-27T12:00:59.497+0000] {processor.py:743} INFO - Processing file /home/airflow/.local/lib/python3.7/site-packages/airflow/example_dags/example_latest_only_with_trigger.py for tasks to queue
[2024-08-27T12:00:59.507+0000] {logging_mixin.py:137} INFO - [2024-08-27T12:00:59.506+0000] {dagbag.py:538} INFO - Filling up the DagBag from /home/airflow/.local/lib/python3.7/site-packages/airflow/example_dags/example_latest_only_with_trigger.py
[2024-08-27T12:00:59.552+0000] {processor.py:753} INFO - DAG(s) dict_keys(['latest_only_with_trigger']) retrieved from /home/airflow/.local/lib/python3.7/site-packages/airflow/example_dags/example_latest_only_with_trigger.py
[2024-08-27T12:00:59.611+0000] {logging_mixin.py:137} INFO - [2024-08-27T12:00:59.610+0000] {dag.py:2690} INFO - Sync 1 DAGs
[2024-08-27T12:00:59.697+0000] {logging_mixin.py:137} INFO - [2024-08-27T12:00:59.697+0000] {dag.py:3441} INFO - Setting next_dagrun for latest_only_with_trigger to 2024-08-27T08:00:59.696636+00:00, run_after=2024-08-27T12:00:59.696636+00:00
[2024-08-27T12:00:59.752+0000] {processor.py:175} INFO - Processing /home/airflow/.local/lib/python3.7/site-packages/airflow/example_dags/example_latest_only_with_trigger.py took 0.277 seconds
