[2024-08-27T11:55:28.892+0000] {processor.py:153} INFO - Started process (PID=53) to work on /home/airflow/.local/lib/python3.7/site-packages/airflow/example_dags/example_trigger_target_dag.py
[2024-08-27T11:55:28.895+0000] {processor.py:743} INFO - Processing file /home/airflow/.local/lib/python3.7/site-packages/airflow/example_dags/example_trigger_target_dag.py for tasks to queue
[2024-08-27T11:55:28.897+0000] {logging_mixin.py:137} INFO - [2024-08-27T11:55:28.897+0000] {dagbag.py:538} INFO - Filling up the DagBag from /home/airflow/.local/lib/python3.7/site-packages/airflow/example_dags/example_trigger_target_dag.py
[2024-08-27T11:55:28.993+0000] {processor.py:753} INFO - DAG(s) dict_keys(['example_trigger_target_dag']) retrieved from /home/airflow/.local/lib/python3.7/site-packages/airflow/example_dags/example_trigger_target_dag.py
[2024-08-27T11:55:29.062+0000] {logging_mixin.py:137} INFO - [2024-08-27T11:55:29.061+0000] {dag.py:2690} INFO - Sync 1 DAGs
[2024-08-27T11:55:29.109+0000] {logging_mixin.py:137} INFO - [2024-08-27T11:55:29.108+0000] {dag.py:3441} INFO - Setting next_dagrun for example_trigger_target_dag to None, run_after=None
[2024-08-27T11:55:29.150+0000] {processor.py:175} INFO - Processing /home/airflow/.local/lib/python3.7/site-packages/airflow/example_dags/example_trigger_target_dag.py took 0.264 seconds
[2024-08-27T11:55:59.859+0000] {processor.py:153} INFO - Started process (PID=124) to work on /home/airflow/.local/lib/python3.7/site-packages/airflow/example_dags/example_trigger_target_dag.py
[2024-08-27T11:55:59.860+0000] {processor.py:743} INFO - Processing file /home/airflow/.local/lib/python3.7/site-packages/airflow/example_dags/example_trigger_target_dag.py for tasks to queue
[2024-08-27T11:55:59.861+0000] {logging_mixin.py:137} INFO - [2024-08-27T11:55:59.861+0000] {dagbag.py:538} INFO - Filling up the DagBag from /home/airflow/.local/lib/python3.7/site-packages/airflow/example_dags/example_trigger_target_dag.py
[2024-08-27T11:55:59.903+0000] {processor.py:753} INFO - DAG(s) dict_keys(['example_trigger_target_dag']) retrieved from /home/airflow/.local/lib/python3.7/site-packages/airflow/example_dags/example_trigger_target_dag.py
[2024-08-27T11:55:59.935+0000] {logging_mixin.py:137} INFO - [2024-08-27T11:55:59.935+0000] {dag.py:2690} INFO - Sync 1 DAGs
[2024-08-27T11:55:59.981+0000] {logging_mixin.py:137} INFO - [2024-08-27T11:55:59.981+0000] {dag.py:3441} INFO - Setting next_dagrun for example_trigger_target_dag to None, run_after=None
[2024-08-27T11:56:00.008+0000] {processor.py:175} INFO - Processing /home/airflow/.local/lib/python3.7/site-packages/airflow/example_dags/example_trigger_target_dag.py took 0.153 seconds
[2024-08-27T11:56:30.350+0000] {processor.py:153} INFO - Started process (PID=195) to work on /home/airflow/.local/lib/python3.7/site-packages/airflow/example_dags/example_trigger_target_dag.py
[2024-08-27T11:56:30.351+0000] {processor.py:743} INFO - Processing file /home/airflow/.local/lib/python3.7/site-packages/airflow/example_dags/example_trigger_target_dag.py for tasks to queue
[2024-08-27T11:56:30.352+0000] {logging_mixin.py:137} INFO - [2024-08-27T11:56:30.352+0000] {dagbag.py:538} INFO - Filling up the DagBag from /home/airflow/.local/lib/python3.7/site-packages/airflow/example_dags/example_trigger_target_dag.py
[2024-08-27T11:56:30.378+0000] {processor.py:753} INFO - DAG(s) dict_keys(['example_trigger_target_dag']) retrieved from /home/airflow/.local/lib/python3.7/site-packages/airflow/example_dags/example_trigger_target_dag.py
[2024-08-27T11:56:30.424+0000] {logging_mixin.py:137} INFO - [2024-08-27T11:56:30.424+0000] {dag.py:2690} INFO - Sync 1 DAGs
[2024-08-27T11:56:30.486+0000] {logging_mixin.py:137} INFO - [2024-08-27T11:56:30.486+0000] {dag.py:3441} INFO - Setting next_dagrun for example_trigger_target_dag to None, run_after=None
[2024-08-27T11:56:30.528+0000] {processor.py:175} INFO - Processing /home/airflow/.local/lib/python3.7/site-packages/airflow/example_dags/example_trigger_target_dag.py took 0.183 seconds
[2024-08-27T11:57:00.567+0000] {processor.py:153} INFO - Started process (PID=267) to work on /home/airflow/.local/lib/python3.7/site-packages/airflow/example_dags/example_trigger_target_dag.py
[2024-08-27T11:57:00.569+0000] {processor.py:743} INFO - Processing file /home/airflow/.local/lib/python3.7/site-packages/airflow/example_dags/example_trigger_target_dag.py for tasks to queue
[2024-08-27T11:57:00.571+0000] {logging_mixin.py:137} INFO - [2024-08-27T11:57:00.571+0000] {dagbag.py:538} INFO - Filling up the DagBag from /home/airflow/.local/lib/python3.7/site-packages/airflow/example_dags/example_trigger_target_dag.py
[2024-08-27T11:57:00.594+0000] {processor.py:753} INFO - DAG(s) dict_keys(['example_trigger_target_dag']) retrieved from /home/airflow/.local/lib/python3.7/site-packages/airflow/example_dags/example_trigger_target_dag.py
[2024-08-27T11:57:00.627+0000] {logging_mixin.py:137} INFO - [2024-08-27T11:57:00.627+0000] {dag.py:2690} INFO - Sync 1 DAGs
[2024-08-27T11:57:00.658+0000] {logging_mixin.py:137} INFO - [2024-08-27T11:57:00.657+0000] {dag.py:3441} INFO - Setting next_dagrun for example_trigger_target_dag to None, run_after=None
[2024-08-27T11:57:00.684+0000] {processor.py:175} INFO - Processing /home/airflow/.local/lib/python3.7/site-packages/airflow/example_dags/example_trigger_target_dag.py took 0.121 seconds
[2024-08-27T11:57:31.693+0000] {processor.py:153} INFO - Started process (PID=338) to work on /home/airflow/.local/lib/python3.7/site-packages/airflow/example_dags/example_trigger_target_dag.py
[2024-08-27T11:57:31.694+0000] {processor.py:743} INFO - Processing file /home/airflow/.local/lib/python3.7/site-packages/airflow/example_dags/example_trigger_target_dag.py for tasks to queue
[2024-08-27T11:57:31.695+0000] {logging_mixin.py:137} INFO - [2024-08-27T11:57:31.695+0000] {dagbag.py:538} INFO - Filling up the DagBag from /home/airflow/.local/lib/python3.7/site-packages/airflow/example_dags/example_trigger_target_dag.py
[2024-08-27T11:57:31.726+0000] {processor.py:753} INFO - DAG(s) dict_keys(['example_trigger_target_dag']) retrieved from /home/airflow/.local/lib/python3.7/site-packages/airflow/example_dags/example_trigger_target_dag.py
[2024-08-27T11:57:31.755+0000] {logging_mixin.py:137} INFO - [2024-08-27T11:57:31.755+0000] {dag.py:2690} INFO - Sync 1 DAGs
[2024-08-27T11:57:31.788+0000] {logging_mixin.py:137} INFO - [2024-08-27T11:57:31.788+0000] {dag.py:3441} INFO - Setting next_dagrun for example_trigger_target_dag to None, run_after=None
[2024-08-27T11:57:31.815+0000] {processor.py:175} INFO - Processing /home/airflow/.local/lib/python3.7/site-packages/airflow/example_dags/example_trigger_target_dag.py took 0.126 seconds
[2024-08-27T11:58:02.371+0000] {processor.py:153} INFO - Started process (PID=425) to work on /home/airflow/.local/lib/python3.7/site-packages/airflow/example_dags/example_trigger_target_dag.py
[2024-08-27T11:58:02.373+0000] {processor.py:743} INFO - Processing file /home/airflow/.local/lib/python3.7/site-packages/airflow/example_dags/example_trigger_target_dag.py for tasks to queue
[2024-08-27T11:58:02.374+0000] {logging_mixin.py:137} INFO - [2024-08-27T11:58:02.374+0000] {dagbag.py:538} INFO - Filling up the DagBag from /home/airflow/.local/lib/python3.7/site-packages/airflow/example_dags/example_trigger_target_dag.py
[2024-08-27T11:58:02.398+0000] {processor.py:753} INFO - DAG(s) dict_keys(['example_trigger_target_dag']) retrieved from /home/airflow/.local/lib/python3.7/site-packages/airflow/example_dags/example_trigger_target_dag.py
[2024-08-27T11:58:02.433+0000] {logging_mixin.py:137} INFO - [2024-08-27T11:58:02.432+0000] {dag.py:2690} INFO - Sync 1 DAGs
[2024-08-27T11:58:02.461+0000] {logging_mixin.py:137} INFO - [2024-08-27T11:58:02.461+0000] {dag.py:3441} INFO - Setting next_dagrun for example_trigger_target_dag to None, run_after=None
[2024-08-27T11:58:02.490+0000] {processor.py:175} INFO - Processing /home/airflow/.local/lib/python3.7/site-packages/airflow/example_dags/example_trigger_target_dag.py took 0.121 seconds
[2024-08-27T12:00:25.669+0000] {processor.py:153} INFO - Started process (PID=59) to work on /home/airflow/.local/lib/python3.7/site-packages/airflow/example_dags/example_trigger_target_dag.py
[2024-08-27T12:00:25.676+0000] {processor.py:743} INFO - Processing file /home/airflow/.local/lib/python3.7/site-packages/airflow/example_dags/example_trigger_target_dag.py for tasks to queue
[2024-08-27T12:00:25.679+0000] {logging_mixin.py:137} INFO - [2024-08-27T12:00:25.679+0000] {dagbag.py:538} INFO - Filling up the DagBag from /home/airflow/.local/lib/python3.7/site-packages/airflow/example_dags/example_trigger_target_dag.py
[2024-08-27T12:00:25.757+0000] {processor.py:753} INFO - DAG(s) dict_keys(['example_trigger_target_dag']) retrieved from /home/airflow/.local/lib/python3.7/site-packages/airflow/example_dags/example_trigger_target_dag.py
[2024-08-27T12:00:25.819+0000] {logging_mixin.py:137} INFO - [2024-08-27T12:00:25.818+0000] {dag.py:2690} INFO - Sync 1 DAGs
[2024-08-27T12:00:25.941+0000] {logging_mixin.py:137} INFO - [2024-08-27T12:00:25.941+0000] {dag.py:3441} INFO - Setting next_dagrun for example_trigger_target_dag to None, run_after=None
[2024-08-27T12:00:26.113+0000] {processor.py:175} INFO - Processing /home/airflow/.local/lib/python3.7/site-packages/airflow/example_dags/example_trigger_target_dag.py took 0.451 seconds
[2024-08-27T12:00:56.208+0000] {processor.py:153} INFO - Started process (PID=149) to work on /home/airflow/.local/lib/python3.7/site-packages/airflow/example_dags/example_trigger_target_dag.py
[2024-08-27T12:00:56.209+0000] {processor.py:743} INFO - Processing file /home/airflow/.local/lib/python3.7/site-packages/airflow/example_dags/example_trigger_target_dag.py for tasks to queue
[2024-08-27T12:00:56.210+0000] {logging_mixin.py:137} INFO - [2024-08-27T12:00:56.210+0000] {dagbag.py:538} INFO - Filling up the DagBag from /home/airflow/.local/lib/python3.7/site-packages/airflow/example_dags/example_trigger_target_dag.py
[2024-08-27T12:00:56.231+0000] {processor.py:753} INFO - DAG(s) dict_keys(['example_trigger_target_dag']) retrieved from /home/airflow/.local/lib/python3.7/site-packages/airflow/example_dags/example_trigger_target_dag.py
[2024-08-27T12:00:56.259+0000] {logging_mixin.py:137} INFO - [2024-08-27T12:00:56.258+0000] {dag.py:2690} INFO - Sync 1 DAGs
[2024-08-27T12:00:56.283+0000] {logging_mixin.py:137} INFO - [2024-08-27T12:00:56.282+0000] {dag.py:3441} INFO - Setting next_dagrun for example_trigger_target_dag to None, run_after=None
[2024-08-27T12:00:56.305+0000] {processor.py:175} INFO - Processing /home/airflow/.local/lib/python3.7/site-packages/airflow/example_dags/example_trigger_target_dag.py took 0.101 seconds
