[2024-08-27T11:55:33.005+0000] {processor.py:153} INFO - Started process (PID=77) to work on /home/airflow/.local/lib/python3.7/site-packages/airflow/example_dags/example_branch_datetime_operator.py
[2024-08-27T11:55:33.009+0000] {processor.py:743} INFO - Processing file /home/airflow/.local/lib/python3.7/site-packages/airflow/example_dags/example_branch_datetime_operator.py for tasks to queue
[2024-08-27T11:55:33.013+0000] {logging_mixin.py:137} INFO - [2024-08-27T11:55:33.012+0000] {dagbag.py:538} INFO - Filling up the DagBag from /home/airflow/.local/lib/python3.7/site-packages/airflow/example_dags/example_branch_datetime_operator.py
[2024-08-27T11:55:33.056+0000] {processor.py:753} INFO - DAG(s) dict_keys(['example_branch_datetime_operator_3', 'example_branch_datetime_operator', 'example_branch_datetime_operator_2']) retrieved from /home/airflow/.local/lib/python3.7/site-packages/airflow/example_dags/example_branch_datetime_operator.py
[2024-08-27T11:55:33.120+0000] {logging_mixin.py:137} INFO - [2024-08-27T11:55:33.120+0000] {dag.py:2690} INFO - Sync 3 DAGs
[2024-08-27T11:55:33.175+0000] {logging_mixin.py:137} INFO - [2024-08-27T11:55:33.175+0000] {dag.py:3441} INFO - Setting next_dagrun for example_branch_datetime_operator to 2024-08-26T00:00:00+00:00, run_after=2024-08-27T00:00:00+00:00
[2024-08-27T11:55:33.184+0000] {logging_mixin.py:137} INFO - [2024-08-27T11:55:33.183+0000] {dag.py:3441} INFO - Setting next_dagrun for example_branch_datetime_operator_2 to 2024-08-26T00:00:00+00:00, run_after=2024-08-27T00:00:00+00:00
[2024-08-27T11:55:33.190+0000] {logging_mixin.py:137} INFO - [2024-08-27T11:55:33.190+0000] {dag.py:3441} INFO - Setting next_dagrun for example_branch_datetime_operator_3 to 2024-08-26T00:00:00+00:00, run_after=2024-08-27T00:00:00+00:00
[2024-08-27T11:55:33.284+0000] {processor.py:175} INFO - Processing /home/airflow/.local/lib/python3.7/site-packages/airflow/example_dags/example_branch_datetime_operator.py took 0.286 seconds
[2024-08-27T11:56:03.539+0000] {processor.py:153} INFO - Started process (PID=148) to work on /home/airflow/.local/lib/python3.7/site-packages/airflow/example_dags/example_branch_datetime_operator.py
[2024-08-27T11:56:03.540+0000] {processor.py:743} INFO - Processing file /home/airflow/.local/lib/python3.7/site-packages/airflow/example_dags/example_branch_datetime_operator.py for tasks to queue
[2024-08-27T11:56:03.542+0000] {logging_mixin.py:137} INFO - [2024-08-27T11:56:03.542+0000] {dagbag.py:538} INFO - Filling up the DagBag from /home/airflow/.local/lib/python3.7/site-packages/airflow/example_dags/example_branch_datetime_operator.py
[2024-08-27T11:56:03.569+0000] {processor.py:753} INFO - DAG(s) dict_keys(['example_branch_datetime_operator_3', 'example_branch_datetime_operator_2', 'example_branch_datetime_operator']) retrieved from /home/airflow/.local/lib/python3.7/site-packages/airflow/example_dags/example_branch_datetime_operator.py
[2024-08-27T11:56:03.649+0000] {logging_mixin.py:137} INFO - [2024-08-27T11:56:03.648+0000] {dag.py:2690} INFO - Sync 3 DAGs
[2024-08-27T11:56:03.693+0000] {logging_mixin.py:137} INFO - [2024-08-27T11:56:03.692+0000] {dag.py:3441} INFO - Setting next_dagrun for example_branch_datetime_operator to 2024-08-26T00:00:00+00:00, run_after=2024-08-27T00:00:00+00:00
[2024-08-27T11:56:03.700+0000] {logging_mixin.py:137} INFO - [2024-08-27T11:56:03.700+0000] {dag.py:3441} INFO - Setting next_dagrun for example_branch_datetime_operator_2 to 2024-08-26T00:00:00+00:00, run_after=2024-08-27T00:00:00+00:00
[2024-08-27T11:56:03.707+0000] {logging_mixin.py:137} INFO - [2024-08-27T11:56:03.706+0000] {dag.py:3441} INFO - Setting next_dagrun for example_branch_datetime_operator_3 to 2024-08-26T00:00:00+00:00, run_after=2024-08-27T00:00:00+00:00
[2024-08-27T11:56:03.739+0000] {processor.py:175} INFO - Processing /home/airflow/.local/lib/python3.7/site-packages/airflow/example_dags/example_branch_datetime_operator.py took 0.203 seconds
[2024-08-27T11:56:33.826+0000] {processor.py:153} INFO - Started process (PID=219) to work on /home/airflow/.local/lib/python3.7/site-packages/airflow/example_dags/example_branch_datetime_operator.py
[2024-08-27T11:56:33.828+0000] {processor.py:743} INFO - Processing file /home/airflow/.local/lib/python3.7/site-packages/airflow/example_dags/example_branch_datetime_operator.py for tasks to queue
[2024-08-27T11:56:33.830+0000] {logging_mixin.py:137} INFO - [2024-08-27T11:56:33.830+0000] {dagbag.py:538} INFO - Filling up the DagBag from /home/airflow/.local/lib/python3.7/site-packages/airflow/example_dags/example_branch_datetime_operator.py
[2024-08-27T11:56:33.860+0000] {processor.py:753} INFO - DAG(s) dict_keys(['example_branch_datetime_operator_2', 'example_branch_datetime_operator', 'example_branch_datetime_operator_3']) retrieved from /home/airflow/.local/lib/python3.7/site-packages/airflow/example_dags/example_branch_datetime_operator.py
[2024-08-27T11:56:33.913+0000] {logging_mixin.py:137} INFO - [2024-08-27T11:56:33.913+0000] {dag.py:2690} INFO - Sync 3 DAGs
[2024-08-27T11:56:33.957+0000] {logging_mixin.py:137} INFO - [2024-08-27T11:56:33.957+0000] {dag.py:3441} INFO - Setting next_dagrun for example_branch_datetime_operator to 2024-08-26T00:00:00+00:00, run_after=2024-08-27T00:00:00+00:00
[2024-08-27T11:56:33.964+0000] {logging_mixin.py:137} INFO - [2024-08-27T11:56:33.964+0000] {dag.py:3441} INFO - Setting next_dagrun for example_branch_datetime_operator_2 to 2024-08-26T00:00:00+00:00, run_after=2024-08-27T00:00:00+00:00
[2024-08-27T11:56:33.968+0000] {logging_mixin.py:137} INFO - [2024-08-27T11:56:33.968+0000] {dag.py:3441} INFO - Setting next_dagrun for example_branch_datetime_operator_3 to 2024-08-26T00:00:00+00:00, run_after=2024-08-27T00:00:00+00:00
[2024-08-27T11:56:34.000+0000] {processor.py:175} INFO - Processing /home/airflow/.local/lib/python3.7/site-packages/airflow/example_dags/example_branch_datetime_operator.py took 0.180 seconds
[2024-08-27T11:57:04.554+0000] {processor.py:153} INFO - Started process (PID=291) to work on /home/airflow/.local/lib/python3.7/site-packages/airflow/example_dags/example_branch_datetime_operator.py
[2024-08-27T11:57:04.556+0000] {processor.py:743} INFO - Processing file /home/airflow/.local/lib/python3.7/site-packages/airflow/example_dags/example_branch_datetime_operator.py for tasks to queue
[2024-08-27T11:57:04.559+0000] {logging_mixin.py:137} INFO - [2024-08-27T11:57:04.558+0000] {dagbag.py:538} INFO - Filling up the DagBag from /home/airflow/.local/lib/python3.7/site-packages/airflow/example_dags/example_branch_datetime_operator.py
[2024-08-27T11:57:04.621+0000] {processor.py:753} INFO - DAG(s) dict_keys(['example_branch_datetime_operator', 'example_branch_datetime_operator_2', 'example_branch_datetime_operator_3']) retrieved from /home/airflow/.local/lib/python3.7/site-packages/airflow/example_dags/example_branch_datetime_operator.py
[2024-08-27T11:57:04.684+0000] {logging_mixin.py:137} INFO - [2024-08-27T11:57:04.684+0000] {dag.py:2690} INFO - Sync 3 DAGs
[2024-08-27T11:57:04.738+0000] {logging_mixin.py:137} INFO - [2024-08-27T11:57:04.738+0000] {dag.py:3441} INFO - Setting next_dagrun for example_branch_datetime_operator to 2024-08-26T00:00:00+00:00, run_after=2024-08-27T00:00:00+00:00
[2024-08-27T11:57:04.749+0000] {logging_mixin.py:137} INFO - [2024-08-27T11:57:04.749+0000] {dag.py:3441} INFO - Setting next_dagrun for example_branch_datetime_operator_2 to 2024-08-26T00:00:00+00:00, run_after=2024-08-27T00:00:00+00:00
[2024-08-27T11:57:04.759+0000] {logging_mixin.py:137} INFO - [2024-08-27T11:57:04.758+0000] {dag.py:3441} INFO - Setting next_dagrun for example_branch_datetime_operator_3 to 2024-08-26T00:00:00+00:00, run_after=2024-08-27T00:00:00+00:00
[2024-08-27T11:57:04.820+0000] {processor.py:175} INFO - Processing /home/airflow/.local/lib/python3.7/site-packages/airflow/example_dags/example_branch_datetime_operator.py took 0.276 seconds
[2024-08-27T11:57:35.686+0000] {processor.py:153} INFO - Started process (PID=378) to work on /home/airflow/.local/lib/python3.7/site-packages/airflow/example_dags/example_branch_datetime_operator.py
[2024-08-27T11:57:35.688+0000] {processor.py:743} INFO - Processing file /home/airflow/.local/lib/python3.7/site-packages/airflow/example_dags/example_branch_datetime_operator.py for tasks to queue
[2024-08-27T11:57:35.690+0000] {logging_mixin.py:137} INFO - [2024-08-27T11:57:35.689+0000] {dagbag.py:538} INFO - Filling up the DagBag from /home/airflow/.local/lib/python3.7/site-packages/airflow/example_dags/example_branch_datetime_operator.py
[2024-08-27T11:57:35.720+0000] {processor.py:753} INFO - DAG(s) dict_keys(['example_branch_datetime_operator_2', 'example_branch_datetime_operator', 'example_branch_datetime_operator_3']) retrieved from /home/airflow/.local/lib/python3.7/site-packages/airflow/example_dags/example_branch_datetime_operator.py
[2024-08-27T11:57:35.802+0000] {logging_mixin.py:137} INFO - [2024-08-27T11:57:35.802+0000] {dag.py:2690} INFO - Sync 3 DAGs
[2024-08-27T11:57:35.853+0000] {logging_mixin.py:137} INFO - [2024-08-27T11:57:35.852+0000] {dag.py:3441} INFO - Setting next_dagrun for example_branch_datetime_operator to 2024-08-26T00:00:00+00:00, run_after=2024-08-27T00:00:00+00:00
[2024-08-27T11:57:35.861+0000] {logging_mixin.py:137} INFO - [2024-08-27T11:57:35.861+0000] {dag.py:3441} INFO - Setting next_dagrun for example_branch_datetime_operator_2 to 2024-08-26T00:00:00+00:00, run_after=2024-08-27T00:00:00+00:00
[2024-08-27T11:57:35.866+0000] {logging_mixin.py:137} INFO - [2024-08-27T11:57:35.865+0000] {dag.py:3441} INFO - Setting next_dagrun for example_branch_datetime_operator_3 to 2024-08-26T00:00:00+00:00, run_after=2024-08-27T00:00:00+00:00
[2024-08-27T11:57:35.927+0000] {processor.py:175} INFO - Processing /home/airflow/.local/lib/python3.7/site-packages/airflow/example_dags/example_branch_datetime_operator.py took 0.247 seconds
[2024-08-27T11:58:06.058+0000] {processor.py:153} INFO - Started process (PID=449) to work on /home/airflow/.local/lib/python3.7/site-packages/airflow/example_dags/example_branch_datetime_operator.py
[2024-08-27T11:58:06.060+0000] {processor.py:743} INFO - Processing file /home/airflow/.local/lib/python3.7/site-packages/airflow/example_dags/example_branch_datetime_operator.py for tasks to queue
[2024-08-27T11:58:06.061+0000] {logging_mixin.py:137} INFO - [2024-08-27T11:58:06.060+0000] {dagbag.py:538} INFO - Filling up the DagBag from /home/airflow/.local/lib/python3.7/site-packages/airflow/example_dags/example_branch_datetime_operator.py
[2024-08-27T11:58:06.081+0000] {processor.py:753} INFO - DAG(s) dict_keys(['example_branch_datetime_operator', 'example_branch_datetime_operator_2', 'example_branch_datetime_operator_3']) retrieved from /home/airflow/.local/lib/python3.7/site-packages/airflow/example_dags/example_branch_datetime_operator.py
[2024-08-27T11:58:06.139+0000] {logging_mixin.py:137} INFO - [2024-08-27T11:58:06.139+0000] {dag.py:2690} INFO - Sync 3 DAGs
[2024-08-27T11:58:06.186+0000] {logging_mixin.py:137} INFO - [2024-08-27T11:58:06.185+0000] {dag.py:3441} INFO - Setting next_dagrun for example_branch_datetime_operator to 2024-08-26T00:00:00+00:00, run_after=2024-08-27T00:00:00+00:00
[2024-08-27T11:58:06.193+0000] {logging_mixin.py:137} INFO - [2024-08-27T11:58:06.193+0000] {dag.py:3441} INFO - Setting next_dagrun for example_branch_datetime_operator_2 to 2024-08-26T00:00:00+00:00, run_after=2024-08-27T00:00:00+00:00
[2024-08-27T11:58:06.199+0000] {logging_mixin.py:137} INFO - [2024-08-27T11:58:06.198+0000] {dag.py:3441} INFO - Setting next_dagrun for example_branch_datetime_operator_3 to 2024-08-26T00:00:00+00:00, run_after=2024-08-27T00:00:00+00:00
[2024-08-27T11:58:06.227+0000] {processor.py:175} INFO - Processing /home/airflow/.local/lib/python3.7/site-packages/airflow/example_dags/example_branch_datetime_operator.py took 0.172 seconds
[2024-08-27T12:00:29.545+0000] {processor.py:153} INFO - Started process (PID=90) to work on /home/airflow/.local/lib/python3.7/site-packages/airflow/example_dags/example_branch_datetime_operator.py
[2024-08-27T12:00:29.546+0000] {processor.py:743} INFO - Processing file /home/airflow/.local/lib/python3.7/site-packages/airflow/example_dags/example_branch_datetime_operator.py for tasks to queue
[2024-08-27T12:00:29.548+0000] {logging_mixin.py:137} INFO - [2024-08-27T12:00:29.548+0000] {dagbag.py:538} INFO - Filling up the DagBag from /home/airflow/.local/lib/python3.7/site-packages/airflow/example_dags/example_branch_datetime_operator.py
[2024-08-27T12:00:29.573+0000] {processor.py:753} INFO - DAG(s) dict_keys(['example_branch_datetime_operator_3', 'example_branch_datetime_operator', 'example_branch_datetime_operator_2']) retrieved from /home/airflow/.local/lib/python3.7/site-packages/airflow/example_dags/example_branch_datetime_operator.py
[2024-08-27T12:00:29.594+0000] {logging_mixin.py:137} INFO - [2024-08-27T12:00:29.594+0000] {dag.py:2690} INFO - Sync 3 DAGs
[2024-08-27T12:00:29.634+0000] {logging_mixin.py:137} INFO - [2024-08-27T12:00:29.634+0000] {dag.py:3441} INFO - Setting next_dagrun for example_branch_datetime_operator to 2024-08-26T00:00:00+00:00, run_after=2024-08-27T00:00:00+00:00
[2024-08-27T12:00:29.643+0000] {logging_mixin.py:137} INFO - [2024-08-27T12:00:29.643+0000] {dag.py:3441} INFO - Setting next_dagrun for example_branch_datetime_operator_2 to 2024-08-26T00:00:00+00:00, run_after=2024-08-27T00:00:00+00:00
[2024-08-27T12:00:29.648+0000] {logging_mixin.py:137} INFO - [2024-08-27T12:00:29.648+0000] {dag.py:3441} INFO - Setting next_dagrun for example_branch_datetime_operator_3 to 2024-08-26T00:00:00+00:00, run_after=2024-08-27T00:00:00+00:00
[2024-08-27T12:00:29.676+0000] {processor.py:175} INFO - Processing /home/airflow/.local/lib/python3.7/site-packages/airflow/example_dags/example_branch_datetime_operator.py took 0.137 seconds
[2024-08-27T12:01:01.592+0000] {processor.py:153} INFO - Started process (PID=174) to work on /home/airflow/.local/lib/python3.7/site-packages/airflow/example_dags/example_branch_datetime_operator.py
[2024-08-27T12:01:01.593+0000] {processor.py:743} INFO - Processing file /home/airflow/.local/lib/python3.7/site-packages/airflow/example_dags/example_branch_datetime_operator.py for tasks to queue
[2024-08-27T12:01:01.595+0000] {logging_mixin.py:137} INFO - [2024-08-27T12:01:01.595+0000] {dagbag.py:538} INFO - Filling up the DagBag from /home/airflow/.local/lib/python3.7/site-packages/airflow/example_dags/example_branch_datetime_operator.py
[2024-08-27T12:01:01.642+0000] {processor.py:753} INFO - DAG(s) dict_keys(['example_branch_datetime_operator_2', 'example_branch_datetime_operator_3', 'example_branch_datetime_operator']) retrieved from /home/airflow/.local/lib/python3.7/site-packages/airflow/example_dags/example_branch_datetime_operator.py
[2024-08-27T12:01:01.778+0000] {logging_mixin.py:137} INFO - [2024-08-27T12:01:01.778+0000] {dag.py:2690} INFO - Sync 3 DAGs
[2024-08-27T12:01:01.849+0000] {logging_mixin.py:137} INFO - [2024-08-27T12:01:01.849+0000] {dag.py:3441} INFO - Setting next_dagrun for example_branch_datetime_operator to 2024-08-26T00:00:00+00:00, run_after=2024-08-27T00:00:00+00:00
[2024-08-27T12:01:01.863+0000] {logging_mixin.py:137} INFO - [2024-08-27T12:01:01.862+0000] {dag.py:3441} INFO - Setting next_dagrun for example_branch_datetime_operator_2 to 2024-08-26T00:00:00+00:00, run_after=2024-08-27T00:00:00+00:00
[2024-08-27T12:01:01.875+0000] {logging_mixin.py:137} INFO - [2024-08-27T12:01:01.875+0000] {dag.py:3441} INFO - Setting next_dagrun for example_branch_datetime_operator_3 to 2024-08-26T00:00:00+00:00, run_after=2024-08-27T00:00:00+00:00
[2024-08-27T12:01:01.929+0000] {processor.py:175} INFO - Processing /home/airflow/.local/lib/python3.7/site-packages/airflow/example_dags/example_branch_datetime_operator.py took 0.343 seconds
