[2024-08-27T11:55:29.206+0000] {processor.py:153} INFO - Started process (PID=55) to work on /home/airflow/.local/lib/python3.7/site-packages/airflow/example_dags/example_subdag_operator.py
[2024-08-27T11:55:29.209+0000] {processor.py:743} INFO - Processing file /home/airflow/.local/lib/python3.7/site-packages/airflow/example_dags/example_subdag_operator.py for tasks to queue
[2024-08-27T11:55:29.211+0000] {logging_mixin.py:137} INFO - [2024-08-27T11:55:29.210+0000] {dagbag.py:538} INFO - Filling up the DagBag from /home/airflow/.local/lib/python3.7/site-packages/airflow/example_dags/example_subdag_operator.py
[2024-08-27T11:55:29.266+0000] {processor.py:753} INFO - DAG(s) dict_keys(['example_subdag_operator.section-1', 'example_subdag_operator.section-2', 'example_subdag_operator']) retrieved from /home/airflow/.local/lib/python3.7/site-packages/airflow/example_dags/example_subdag_operator.py
[2024-08-27T11:55:29.302+0000] {logging_mixin.py:137} INFO - [2024-08-27T11:55:29.302+0000] {dag.py:2690} INFO - Sync 3 DAGs
[2024-08-27T11:55:29.346+0000] {logging_mixin.py:137} INFO - [2024-08-27T11:55:29.346+0000] {dag.py:3441} INFO - Setting next_dagrun for example_subdag_operator to 2022-01-01T00:00:00+00:00, run_after=2022-01-01T00:00:00+00:00
[2024-08-27T11:55:29.352+0000] {logging_mixin.py:137} INFO - [2024-08-27T11:55:29.351+0000] {dag.py:3441} INFO - Setting next_dagrun for example_subdag_operator.section-1 to None, run_after=None
[2024-08-27T11:55:29.354+0000] {logging_mixin.py:137} INFO - [2024-08-27T11:55:29.354+0000] {dag.py:3441} INFO - Setting next_dagrun for example_subdag_operator.section-2 to None, run_after=None
[2024-08-27T11:55:29.367+0000] {logging_mixin.py:137} INFO - [2024-08-27T11:55:29.366+0000] {dag.py:2690} INFO - Sync 2 DAGs
[2024-08-27T11:55:29.377+0000] {logging_mixin.py:137} INFO - [2024-08-27T11:55:29.377+0000] {dag.py:3441} INFO - Setting next_dagrun for example_subdag_operator.section-1 to None, run_after=None
[2024-08-27T11:55:29.378+0000] {logging_mixin.py:137} INFO - [2024-08-27T11:55:29.378+0000] {dag.py:3441} INFO - Setting next_dagrun for example_subdag_operator.section-2 to None, run_after=None
[2024-08-27T11:55:29.414+0000] {processor.py:175} INFO - Processing /home/airflow/.local/lib/python3.7/site-packages/airflow/example_dags/example_subdag_operator.py took 0.212 seconds
[2024-08-27T11:56:00.061+0000] {processor.py:153} INFO - Started process (PID=126) to work on /home/airflow/.local/lib/python3.7/site-packages/airflow/example_dags/example_subdag_operator.py
[2024-08-27T11:56:00.063+0000] {processor.py:743} INFO - Processing file /home/airflow/.local/lib/python3.7/site-packages/airflow/example_dags/example_subdag_operator.py for tasks to queue
[2024-08-27T11:56:00.065+0000] {logging_mixin.py:137} INFO - [2024-08-27T11:56:00.064+0000] {dagbag.py:538} INFO - Filling up the DagBag from /home/airflow/.local/lib/python3.7/site-packages/airflow/example_dags/example_subdag_operator.py
[2024-08-27T11:56:00.104+0000] {processor.py:753} INFO - DAG(s) dict_keys(['example_subdag_operator.section-1', 'example_subdag_operator.section-2', 'example_subdag_operator']) retrieved from /home/airflow/.local/lib/python3.7/site-packages/airflow/example_dags/example_subdag_operator.py
[2024-08-27T11:56:00.125+0000] {logging_mixin.py:137} INFO - [2024-08-27T11:56:00.124+0000] {dag.py:2690} INFO - Sync 3 DAGs
[2024-08-27T11:56:00.150+0000] {logging_mixin.py:137} INFO - [2024-08-27T11:56:00.150+0000] {dag.py:3441} INFO - Setting next_dagrun for example_subdag_operator to 2022-01-01T00:00:00+00:00, run_after=2022-01-01T00:00:00+00:00
[2024-08-27T11:56:00.156+0000] {logging_mixin.py:137} INFO - [2024-08-27T11:56:00.155+0000] {dag.py:3441} INFO - Setting next_dagrun for example_subdag_operator.section-1 to None, run_after=None
[2024-08-27T11:56:00.158+0000] {logging_mixin.py:137} INFO - [2024-08-27T11:56:00.157+0000] {dag.py:3441} INFO - Setting next_dagrun for example_subdag_operator.section-2 to None, run_after=None
[2024-08-27T11:56:00.165+0000] {logging_mixin.py:137} INFO - [2024-08-27T11:56:00.165+0000] {dag.py:2690} INFO - Sync 2 DAGs
[2024-08-27T11:56:00.174+0000] {logging_mixin.py:137} INFO - [2024-08-27T11:56:00.174+0000] {dag.py:3441} INFO - Setting next_dagrun for example_subdag_operator.section-1 to None, run_after=None
[2024-08-27T11:56:00.176+0000] {logging_mixin.py:137} INFO - [2024-08-27T11:56:00.175+0000] {dag.py:3441} INFO - Setting next_dagrun for example_subdag_operator.section-2 to None, run_after=None
[2024-08-27T11:56:00.192+0000] {processor.py:175} INFO - Processing /home/airflow/.local/lib/python3.7/site-packages/airflow/example_dags/example_subdag_operator.py took 0.135 seconds
[2024-08-27T11:56:30.548+0000] {processor.py:153} INFO - Started process (PID=197) to work on /home/airflow/.local/lib/python3.7/site-packages/airflow/example_dags/example_subdag_operator.py
[2024-08-27T11:56:30.549+0000] {processor.py:743} INFO - Processing file /home/airflow/.local/lib/python3.7/site-packages/airflow/example_dags/example_subdag_operator.py for tasks to queue
[2024-08-27T11:56:30.550+0000] {logging_mixin.py:137} INFO - [2024-08-27T11:56:30.550+0000] {dagbag.py:538} INFO - Filling up the DagBag from /home/airflow/.local/lib/python3.7/site-packages/airflow/example_dags/example_subdag_operator.py
[2024-08-27T11:56:30.587+0000] {processor.py:753} INFO - DAG(s) dict_keys(['example_subdag_operator.section-1', 'example_subdag_operator.section-2', 'example_subdag_operator']) retrieved from /home/airflow/.local/lib/python3.7/site-packages/airflow/example_dags/example_subdag_operator.py
[2024-08-27T11:56:30.611+0000] {logging_mixin.py:137} INFO - [2024-08-27T11:56:30.610+0000] {dag.py:2690} INFO - Sync 3 DAGs
[2024-08-27T11:56:30.643+0000] {logging_mixin.py:137} INFO - [2024-08-27T11:56:30.643+0000] {dag.py:3441} INFO - Setting next_dagrun for example_subdag_operator to 2022-01-01T00:00:00+00:00, run_after=2022-01-01T00:00:00+00:00
[2024-08-27T11:56:30.651+0000] {logging_mixin.py:137} INFO - [2024-08-27T11:56:30.651+0000] {dag.py:3441} INFO - Setting next_dagrun for example_subdag_operator.section-1 to None, run_after=None
[2024-08-27T11:56:30.654+0000] {logging_mixin.py:137} INFO - [2024-08-27T11:56:30.654+0000] {dag.py:3441} INFO - Setting next_dagrun for example_subdag_operator.section-2 to None, run_after=None
[2024-08-27T11:56:30.669+0000] {logging_mixin.py:137} INFO - [2024-08-27T11:56:30.669+0000] {dag.py:2690} INFO - Sync 2 DAGs
[2024-08-27T11:56:30.678+0000] {logging_mixin.py:137} INFO - [2024-08-27T11:56:30.678+0000] {dag.py:3441} INFO - Setting next_dagrun for example_subdag_operator.section-1 to None, run_after=None
[2024-08-27T11:56:30.680+0000] {logging_mixin.py:137} INFO - [2024-08-27T11:56:30.679+0000] {dag.py:3441} INFO - Setting next_dagrun for example_subdag_operator.section-2 to None, run_after=None
[2024-08-27T11:56:30.696+0000] {processor.py:175} INFO - Processing /home/airflow/.local/lib/python3.7/site-packages/airflow/example_dags/example_subdag_operator.py took 0.151 seconds
[2024-08-27T11:57:01.611+0000] {processor.py:153} INFO - Started process (PID=269) to work on /home/airflow/.local/lib/python3.7/site-packages/airflow/example_dags/example_subdag_operator.py
[2024-08-27T11:57:01.612+0000] {processor.py:743} INFO - Processing file /home/airflow/.local/lib/python3.7/site-packages/airflow/example_dags/example_subdag_operator.py for tasks to queue
[2024-08-27T11:57:01.613+0000] {logging_mixin.py:137} INFO - [2024-08-27T11:57:01.613+0000] {dagbag.py:538} INFO - Filling up the DagBag from /home/airflow/.local/lib/python3.7/site-packages/airflow/example_dags/example_subdag_operator.py
[2024-08-27T11:57:01.649+0000] {processor.py:753} INFO - DAG(s) dict_keys(['example_subdag_operator.section-1', 'example_subdag_operator.section-2', 'example_subdag_operator']) retrieved from /home/airflow/.local/lib/python3.7/site-packages/airflow/example_dags/example_subdag_operator.py
[2024-08-27T11:57:01.668+0000] {logging_mixin.py:137} INFO - [2024-08-27T11:57:01.668+0000] {dag.py:2690} INFO - Sync 3 DAGs
[2024-08-27T11:57:01.698+0000] {logging_mixin.py:137} INFO - [2024-08-27T11:57:01.698+0000] {dag.py:3441} INFO - Setting next_dagrun for example_subdag_operator to 2022-01-01T00:00:00+00:00, run_after=2022-01-01T00:00:00+00:00
[2024-08-27T11:57:01.703+0000] {logging_mixin.py:137} INFO - [2024-08-27T11:57:01.703+0000] {dag.py:3441} INFO - Setting next_dagrun for example_subdag_operator.section-1 to None, run_after=None
[2024-08-27T11:57:01.706+0000] {logging_mixin.py:137} INFO - [2024-08-27T11:57:01.706+0000] {dag.py:3441} INFO - Setting next_dagrun for example_subdag_operator.section-2 to None, run_after=None
[2024-08-27T11:57:01.717+0000] {logging_mixin.py:137} INFO - [2024-08-27T11:57:01.717+0000] {dag.py:2690} INFO - Sync 2 DAGs
[2024-08-27T11:57:01.725+0000] {logging_mixin.py:137} INFO - [2024-08-27T11:57:01.725+0000] {dag.py:3441} INFO - Setting next_dagrun for example_subdag_operator.section-1 to None, run_after=None
[2024-08-27T11:57:01.726+0000] {logging_mixin.py:137} INFO - [2024-08-27T11:57:01.726+0000] {dag.py:3441} INFO - Setting next_dagrun for example_subdag_operator.section-2 to None, run_after=None
[2024-08-27T11:57:01.759+0000] {processor.py:175} INFO - Processing /home/airflow/.local/lib/python3.7/site-packages/airflow/example_dags/example_subdag_operator.py took 0.151 seconds
[2024-08-27T11:57:31.851+0000] {processor.py:153} INFO - Started process (PID=340) to work on /home/airflow/.local/lib/python3.7/site-packages/airflow/example_dags/example_subdag_operator.py
[2024-08-27T11:57:31.852+0000] {processor.py:743} INFO - Processing file /home/airflow/.local/lib/python3.7/site-packages/airflow/example_dags/example_subdag_operator.py for tasks to queue
[2024-08-27T11:57:31.853+0000] {logging_mixin.py:137} INFO - [2024-08-27T11:57:31.853+0000] {dagbag.py:538} INFO - Filling up the DagBag from /home/airflow/.local/lib/python3.7/site-packages/airflow/example_dags/example_subdag_operator.py
[2024-08-27T11:57:31.890+0000] {processor.py:753} INFO - DAG(s) dict_keys(['example_subdag_operator.section-1', 'example_subdag_operator.section-2', 'example_subdag_operator']) retrieved from /home/airflow/.local/lib/python3.7/site-packages/airflow/example_dags/example_subdag_operator.py
[2024-08-27T11:57:31.929+0000] {logging_mixin.py:137} INFO - [2024-08-27T11:57:31.929+0000] {dag.py:2690} INFO - Sync 3 DAGs
[2024-08-27T11:57:31.974+0000] {logging_mixin.py:137} INFO - [2024-08-27T11:57:31.973+0000] {dag.py:3441} INFO - Setting next_dagrun for example_subdag_operator to 2022-01-01T00:00:00+00:00, run_after=2022-01-01T00:00:00+00:00
[2024-08-27T11:57:31.979+0000] {logging_mixin.py:137} INFO - [2024-08-27T11:57:31.979+0000] {dag.py:3441} INFO - Setting next_dagrun for example_subdag_operator.section-1 to None, run_after=None
[2024-08-27T11:57:31.982+0000] {logging_mixin.py:137} INFO - [2024-08-27T11:57:31.982+0000] {dag.py:3441} INFO - Setting next_dagrun for example_subdag_operator.section-2 to None, run_after=None
[2024-08-27T11:57:31.995+0000] {logging_mixin.py:137} INFO - [2024-08-27T11:57:31.994+0000] {dag.py:2690} INFO - Sync 2 DAGs
[2024-08-27T11:57:32.004+0000] {logging_mixin.py:137} INFO - [2024-08-27T11:57:32.004+0000] {dag.py:3441} INFO - Setting next_dagrun for example_subdag_operator.section-1 to None, run_after=None
[2024-08-27T11:57:32.005+0000] {logging_mixin.py:137} INFO - [2024-08-27T11:57:32.005+0000] {dag.py:3441} INFO - Setting next_dagrun for example_subdag_operator.section-2 to None, run_after=None
[2024-08-27T11:57:32.027+0000] {processor.py:175} INFO - Processing /home/airflow/.local/lib/python3.7/site-packages/airflow/example_dags/example_subdag_operator.py took 0.179 seconds
[2024-08-27T11:58:02.520+0000] {processor.py:153} INFO - Started process (PID=427) to work on /home/airflow/.local/lib/python3.7/site-packages/airflow/example_dags/example_subdag_operator.py
[2024-08-27T11:58:02.521+0000] {processor.py:743} INFO - Processing file /home/airflow/.local/lib/python3.7/site-packages/airflow/example_dags/example_subdag_operator.py for tasks to queue
[2024-08-27T11:58:02.522+0000] {logging_mixin.py:137} INFO - [2024-08-27T11:58:02.522+0000] {dagbag.py:538} INFO - Filling up the DagBag from /home/airflow/.local/lib/python3.7/site-packages/airflow/example_dags/example_subdag_operator.py
[2024-08-27T11:58:02.561+0000] {processor.py:753} INFO - DAG(s) dict_keys(['example_subdag_operator.section-1', 'example_subdag_operator.section-2', 'example_subdag_operator']) retrieved from /home/airflow/.local/lib/python3.7/site-packages/airflow/example_dags/example_subdag_operator.py
[2024-08-27T11:58:02.593+0000] {logging_mixin.py:137} INFO - [2024-08-27T11:58:02.593+0000] {dag.py:2690} INFO - Sync 3 DAGs
[2024-08-27T11:58:02.640+0000] {logging_mixin.py:137} INFO - [2024-08-27T11:58:02.640+0000] {dag.py:3441} INFO - Setting next_dagrun for example_subdag_operator to 2022-01-01T00:00:00+00:00, run_after=2022-01-01T00:00:00+00:00
[2024-08-27T11:58:02.646+0000] {logging_mixin.py:137} INFO - [2024-08-27T11:58:02.645+0000] {dag.py:3441} INFO - Setting next_dagrun for example_subdag_operator.section-1 to None, run_after=None
[2024-08-27T11:58:02.648+0000] {logging_mixin.py:137} INFO - [2024-08-27T11:58:02.648+0000] {dag.py:3441} INFO - Setting next_dagrun for example_subdag_operator.section-2 to None, run_after=None
[2024-08-27T11:58:02.664+0000] {logging_mixin.py:137} INFO - [2024-08-27T11:58:02.663+0000] {dag.py:2690} INFO - Sync 2 DAGs
[2024-08-27T11:58:02.673+0000] {logging_mixin.py:137} INFO - [2024-08-27T11:58:02.673+0000] {dag.py:3441} INFO - Setting next_dagrun for example_subdag_operator.section-1 to None, run_after=None
[2024-08-27T11:58:02.674+0000] {logging_mixin.py:137} INFO - [2024-08-27T11:58:02.674+0000] {dag.py:3441} INFO - Setting next_dagrun for example_subdag_operator.section-2 to None, run_after=None
[2024-08-27T11:58:02.699+0000] {processor.py:175} INFO - Processing /home/airflow/.local/lib/python3.7/site-packages/airflow/example_dags/example_subdag_operator.py took 0.182 seconds
[2024-08-27T12:00:26.356+0000] {processor.py:153} INFO - Started process (PID=68) to work on /home/airflow/.local/lib/python3.7/site-packages/airflow/example_dags/example_subdag_operator.py
[2024-08-27T12:00:26.359+0000] {processor.py:743} INFO - Processing file /home/airflow/.local/lib/python3.7/site-packages/airflow/example_dags/example_subdag_operator.py for tasks to queue
[2024-08-27T12:00:26.364+0000] {logging_mixin.py:137} INFO - [2024-08-27T12:00:26.363+0000] {dagbag.py:538} INFO - Filling up the DagBag from /home/airflow/.local/lib/python3.7/site-packages/airflow/example_dags/example_subdag_operator.py
[2024-08-27T12:00:26.456+0000] {processor.py:753} INFO - DAG(s) dict_keys(['example_subdag_operator.section-1', 'example_subdag_operator.section-2', 'example_subdag_operator']) retrieved from /home/airflow/.local/lib/python3.7/site-packages/airflow/example_dags/example_subdag_operator.py
[2024-08-27T12:00:26.466+0000] {logging_mixin.py:137} INFO - [2024-08-27T12:00:26.465+0000] {dag.py:2690} INFO - Sync 3 DAGs
[2024-08-27T12:00:26.569+0000] {logging_mixin.py:137} INFO - [2024-08-27T12:00:26.568+0000] {dag.py:3441} INFO - Setting next_dagrun for example_subdag_operator to 2022-01-01T00:00:00+00:00, run_after=2022-01-01T00:00:00+00:00
[2024-08-27T12:00:26.584+0000] {logging_mixin.py:137} INFO - [2024-08-27T12:00:26.583+0000] {dag.py:3441} INFO - Setting next_dagrun for example_subdag_operator.section-1 to None, run_after=None
[2024-08-27T12:00:26.592+0000] {logging_mixin.py:137} INFO - [2024-08-27T12:00:26.590+0000] {dag.py:3441} INFO - Setting next_dagrun for example_subdag_operator.section-2 to None, run_after=None
[2024-08-27T12:00:26.633+0000] {logging_mixin.py:137} INFO - [2024-08-27T12:00:26.632+0000] {dag.py:2690} INFO - Sync 2 DAGs
[2024-08-27T12:00:26.664+0000] {logging_mixin.py:137} INFO - [2024-08-27T12:00:26.663+0000] {dag.py:3441} INFO - Setting next_dagrun for example_subdag_operator.section-1 to None, run_after=None
[2024-08-27T12:00:26.665+0000] {logging_mixin.py:137} INFO - [2024-08-27T12:00:26.665+0000] {dag.py:3441} INFO - Setting next_dagrun for example_subdag_operator.section-2 to None, run_after=None
[2024-08-27T12:00:26.713+0000] {processor.py:175} INFO - Processing /home/airflow/.local/lib/python3.7/site-packages/airflow/example_dags/example_subdag_operator.py took 0.368 seconds
[2024-08-27T12:00:57.377+0000] {processor.py:153} INFO - Started process (PID=152) to work on /home/airflow/.local/lib/python3.7/site-packages/airflow/example_dags/example_subdag_operator.py
[2024-08-27T12:00:57.379+0000] {processor.py:743} INFO - Processing file /home/airflow/.local/lib/python3.7/site-packages/airflow/example_dags/example_subdag_operator.py for tasks to queue
[2024-08-27T12:00:57.380+0000] {logging_mixin.py:137} INFO - [2024-08-27T12:00:57.380+0000] {dagbag.py:538} INFO - Filling up the DagBag from /home/airflow/.local/lib/python3.7/site-packages/airflow/example_dags/example_subdag_operator.py
[2024-08-27T12:00:57.426+0000] {processor.py:753} INFO - DAG(s) dict_keys(['example_subdag_operator.section-1', 'example_subdag_operator.section-2', 'example_subdag_operator']) retrieved from /home/airflow/.local/lib/python3.7/site-packages/airflow/example_dags/example_subdag_operator.py
[2024-08-27T12:00:57.469+0000] {logging_mixin.py:137} INFO - [2024-08-27T12:00:57.469+0000] {dag.py:2690} INFO - Sync 3 DAGs
[2024-08-27T12:00:57.514+0000] {logging_mixin.py:137} INFO - [2024-08-27T12:00:57.514+0000] {dag.py:3441} INFO - Setting next_dagrun for example_subdag_operator to 2022-01-01T00:00:00+00:00, run_after=2022-01-01T00:00:00+00:00
[2024-08-27T12:00:57.520+0000] {logging_mixin.py:137} INFO - [2024-08-27T12:00:57.520+0000] {dag.py:3441} INFO - Setting next_dagrun for example_subdag_operator.section-1 to None, run_after=None
[2024-08-27T12:00:57.524+0000] {logging_mixin.py:137} INFO - [2024-08-27T12:00:57.523+0000] {dag.py:3441} INFO - Setting next_dagrun for example_subdag_operator.section-2 to None, run_after=None
[2024-08-27T12:00:57.533+0000] {logging_mixin.py:137} INFO - [2024-08-27T12:00:57.532+0000] {dag.py:2690} INFO - Sync 2 DAGs
[2024-08-27T12:00:57.543+0000] {logging_mixin.py:137} INFO - [2024-08-27T12:00:57.543+0000] {dag.py:3441} INFO - Setting next_dagrun for example_subdag_operator.section-1 to None, run_after=None
[2024-08-27T12:00:57.544+0000] {logging_mixin.py:137} INFO - [2024-08-27T12:00:57.544+0000] {dag.py:3441} INFO - Setting next_dagrun for example_subdag_operator.section-2 to None, run_after=None
[2024-08-27T12:00:57.570+0000] {processor.py:175} INFO - Processing /home/airflow/.local/lib/python3.7/site-packages/airflow/example_dags/example_subdag_operator.py took 0.197 seconds
