[2024-08-27T11:55:30.421+0000] {processor.py:153} INFO - Started process (PID=61) to work on /home/airflow/.local/lib/python3.7/site-packages/airflow/example_dags/example_time_delta_sensor_async.py
[2024-08-27T11:55:30.423+0000] {processor.py:743} INFO - Processing file /home/airflow/.local/lib/python3.7/site-packages/airflow/example_dags/example_time_delta_sensor_async.py for tasks to queue
[2024-08-27T11:55:30.424+0000] {logging_mixin.py:137} INFO - [2024-08-27T11:55:30.424+0000] {dagbag.py:538} INFO - Filling up the DagBag from /home/airflow/.local/lib/python3.7/site-packages/airflow/example_dags/example_time_delta_sensor_async.py
[2024-08-27T11:55:30.453+0000] {processor.py:753} INFO - DAG(s) dict_keys(['example_time_delta_sensor_async']) retrieved from /home/airflow/.local/lib/python3.7/site-packages/airflow/example_dags/example_time_delta_sensor_async.py
[2024-08-27T11:55:30.508+0000] {logging_mixin.py:137} INFO - [2024-08-27T11:55:30.508+0000] {dag.py:2690} INFO - Sync 1 DAGs
[2024-08-27T11:55:30.560+0000] {logging_mixin.py:137} INFO - [2024-08-27T11:55:30.559+0000] {dag.py:3441} INFO - Setting next_dagrun for example_time_delta_sensor_async to None, run_after=None
[2024-08-27T11:55:30.623+0000] {processor.py:175} INFO - Processing /home/airflow/.local/lib/python3.7/site-packages/airflow/example_dags/example_time_delta_sensor_async.py took 0.208 seconds
[2024-08-27T11:56:00.812+0000] {processor.py:153} INFO - Started process (PID=132) to work on /home/airflow/.local/lib/python3.7/site-packages/airflow/example_dags/example_time_delta_sensor_async.py
[2024-08-27T11:56:00.814+0000] {processor.py:743} INFO - Processing file /home/airflow/.local/lib/python3.7/site-packages/airflow/example_dags/example_time_delta_sensor_async.py for tasks to queue
[2024-08-27T11:56:00.815+0000] {logging_mixin.py:137} INFO - [2024-08-27T11:56:00.815+0000] {dagbag.py:538} INFO - Filling up the DagBag from /home/airflow/.local/lib/python3.7/site-packages/airflow/example_dags/example_time_delta_sensor_async.py
[2024-08-27T11:56:00.830+0000] {processor.py:753} INFO - DAG(s) dict_keys(['example_time_delta_sensor_async']) retrieved from /home/airflow/.local/lib/python3.7/site-packages/airflow/example_dags/example_time_delta_sensor_async.py
[2024-08-27T11:56:00.857+0000] {logging_mixin.py:137} INFO - [2024-08-27T11:56:00.857+0000] {dag.py:2690} INFO - Sync 1 DAGs
[2024-08-27T11:56:00.891+0000] {logging_mixin.py:137} INFO - [2024-08-27T11:56:00.891+0000] {dag.py:3441} INFO - Setting next_dagrun for example_time_delta_sensor_async to None, run_after=None
[2024-08-27T11:56:00.922+0000] {processor.py:175} INFO - Processing /home/airflow/.local/lib/python3.7/site-packages/airflow/example_dags/example_time_delta_sensor_async.py took 0.125 seconds
[2024-08-27T11:56:31.285+0000] {processor.py:153} INFO - Started process (PID=203) to work on /home/airflow/.local/lib/python3.7/site-packages/airflow/example_dags/example_time_delta_sensor_async.py
[2024-08-27T11:56:31.287+0000] {processor.py:743} INFO - Processing file /home/airflow/.local/lib/python3.7/site-packages/airflow/example_dags/example_time_delta_sensor_async.py for tasks to queue
[2024-08-27T11:56:31.288+0000] {logging_mixin.py:137} INFO - [2024-08-27T11:56:31.287+0000] {dagbag.py:538} INFO - Filling up the DagBag from /home/airflow/.local/lib/python3.7/site-packages/airflow/example_dags/example_time_delta_sensor_async.py
[2024-08-27T11:56:31.300+0000] {processor.py:753} INFO - DAG(s) dict_keys(['example_time_delta_sensor_async']) retrieved from /home/airflow/.local/lib/python3.7/site-packages/airflow/example_dags/example_time_delta_sensor_async.py
[2024-08-27T11:56:31.326+0000] {logging_mixin.py:137} INFO - [2024-08-27T11:56:31.326+0000] {dag.py:2690} INFO - Sync 1 DAGs
[2024-08-27T11:56:31.366+0000] {logging_mixin.py:137} INFO - [2024-08-27T11:56:31.366+0000] {dag.py:3441} INFO - Setting next_dagrun for example_time_delta_sensor_async to None, run_after=None
[2024-08-27T11:56:31.395+0000] {processor.py:175} INFO - Processing /home/airflow/.local/lib/python3.7/site-packages/airflow/example_dags/example_time_delta_sensor_async.py took 0.113 seconds
[2024-08-27T11:57:02.112+0000] {processor.py:153} INFO - Started process (PID=275) to work on /home/airflow/.local/lib/python3.7/site-packages/airflow/example_dags/example_time_delta_sensor_async.py
[2024-08-27T11:57:02.113+0000] {processor.py:743} INFO - Processing file /home/airflow/.local/lib/python3.7/site-packages/airflow/example_dags/example_time_delta_sensor_async.py for tasks to queue
[2024-08-27T11:57:02.114+0000] {logging_mixin.py:137} INFO - [2024-08-27T11:57:02.114+0000] {dagbag.py:538} INFO - Filling up the DagBag from /home/airflow/.local/lib/python3.7/site-packages/airflow/example_dags/example_time_delta_sensor_async.py
[2024-08-27T11:57:02.132+0000] {processor.py:753} INFO - DAG(s) dict_keys(['example_time_delta_sensor_async']) retrieved from /home/airflow/.local/lib/python3.7/site-packages/airflow/example_dags/example_time_delta_sensor_async.py
[2024-08-27T11:57:02.173+0000] {logging_mixin.py:137} INFO - [2024-08-27T11:57:02.172+0000] {dag.py:2690} INFO - Sync 1 DAGs
[2024-08-27T11:57:02.213+0000] {logging_mixin.py:137} INFO - [2024-08-27T11:57:02.213+0000] {dag.py:3441} INFO - Setting next_dagrun for example_time_delta_sensor_async to None, run_after=None
[2024-08-27T11:57:02.244+0000] {processor.py:175} INFO - Processing /home/airflow/.local/lib/python3.7/site-packages/airflow/example_dags/example_time_delta_sensor_async.py took 0.136 seconds
[2024-08-27T11:57:32.753+0000] {processor.py:153} INFO - Started process (PID=346) to work on /home/airflow/.local/lib/python3.7/site-packages/airflow/example_dags/example_time_delta_sensor_async.py
[2024-08-27T11:57:32.754+0000] {processor.py:743} INFO - Processing file /home/airflow/.local/lib/python3.7/site-packages/airflow/example_dags/example_time_delta_sensor_async.py for tasks to queue
[2024-08-27T11:57:32.756+0000] {logging_mixin.py:137} INFO - [2024-08-27T11:57:32.755+0000] {dagbag.py:538} INFO - Filling up the DagBag from /home/airflow/.local/lib/python3.7/site-packages/airflow/example_dags/example_time_delta_sensor_async.py
[2024-08-27T11:57:32.773+0000] {processor.py:753} INFO - DAG(s) dict_keys(['example_time_delta_sensor_async']) retrieved from /home/airflow/.local/lib/python3.7/site-packages/airflow/example_dags/example_time_delta_sensor_async.py
[2024-08-27T11:57:32.808+0000] {logging_mixin.py:137} INFO - [2024-08-27T11:57:32.808+0000] {dag.py:2690} INFO - Sync 1 DAGs
[2024-08-27T11:57:32.857+0000] {logging_mixin.py:137} INFO - [2024-08-27T11:57:32.856+0000] {dag.py:3441} INFO - Setting next_dagrun for example_time_delta_sensor_async to None, run_after=None
[2024-08-27T11:57:32.895+0000] {processor.py:175} INFO - Processing /home/airflow/.local/lib/python3.7/site-packages/airflow/example_dags/example_time_delta_sensor_async.py took 0.146 seconds
[2024-08-27T11:58:03.131+0000] {processor.py:153} INFO - Started process (PID=433) to work on /home/airflow/.local/lib/python3.7/site-packages/airflow/example_dags/example_time_delta_sensor_async.py
[2024-08-27T11:58:03.132+0000] {processor.py:743} INFO - Processing file /home/airflow/.local/lib/python3.7/site-packages/airflow/example_dags/example_time_delta_sensor_async.py for tasks to queue
[2024-08-27T11:58:03.133+0000] {logging_mixin.py:137} INFO - [2024-08-27T11:58:03.133+0000] {dagbag.py:538} INFO - Filling up the DagBag from /home/airflow/.local/lib/python3.7/site-packages/airflow/example_dags/example_time_delta_sensor_async.py
[2024-08-27T11:58:03.146+0000] {processor.py:753} INFO - DAG(s) dict_keys(['example_time_delta_sensor_async']) retrieved from /home/airflow/.local/lib/python3.7/site-packages/airflow/example_dags/example_time_delta_sensor_async.py
[2024-08-27T11:58:03.179+0000] {logging_mixin.py:137} INFO - [2024-08-27T11:58:03.179+0000] {dag.py:2690} INFO - Sync 1 DAGs
[2024-08-27T11:58:03.207+0000] {logging_mixin.py:137} INFO - [2024-08-27T11:58:03.207+0000] {dag.py:3441} INFO - Setting next_dagrun for example_time_delta_sensor_async to None, run_after=None
[2024-08-27T11:58:03.234+0000] {processor.py:175} INFO - Processing /home/airflow/.local/lib/python3.7/site-packages/airflow/example_dags/example_time_delta_sensor_async.py took 0.107 seconds
[2024-08-27T12:00:27.571+0000] {processor.py:153} INFO - Started process (PID=74) to work on /home/airflow/.local/lib/python3.7/site-packages/airflow/example_dags/example_time_delta_sensor_async.py
[2024-08-27T12:00:27.573+0000] {processor.py:743} INFO - Processing file /home/airflow/.local/lib/python3.7/site-packages/airflow/example_dags/example_time_delta_sensor_async.py for tasks to queue
[2024-08-27T12:00:27.575+0000] {logging_mixin.py:137} INFO - [2024-08-27T12:00:27.575+0000] {dagbag.py:538} INFO - Filling up the DagBag from /home/airflow/.local/lib/python3.7/site-packages/airflow/example_dags/example_time_delta_sensor_async.py
[2024-08-27T12:00:27.594+0000] {processor.py:753} INFO - DAG(s) dict_keys(['example_time_delta_sensor_async']) retrieved from /home/airflow/.local/lib/python3.7/site-packages/airflow/example_dags/example_time_delta_sensor_async.py
[2024-08-27T12:00:27.618+0000] {logging_mixin.py:137} INFO - [2024-08-27T12:00:27.618+0000] {dag.py:2690} INFO - Sync 1 DAGs
[2024-08-27T12:00:27.666+0000] {logging_mixin.py:137} INFO - [2024-08-27T12:00:27.665+0000] {dag.py:3441} INFO - Setting next_dagrun for example_time_delta_sensor_async to None, run_after=None
[2024-08-27T12:00:27.716+0000] {processor.py:175} INFO - Processing /home/airflow/.local/lib/python3.7/site-packages/airflow/example_dags/example_time_delta_sensor_async.py took 0.150 seconds
[2024-08-27T12:00:58.453+0000] {processor.py:153} INFO - Started process (PID=158) to work on /home/airflow/.local/lib/python3.7/site-packages/airflow/example_dags/example_time_delta_sensor_async.py
[2024-08-27T12:00:58.461+0000] {processor.py:743} INFO - Processing file /home/airflow/.local/lib/python3.7/site-packages/airflow/example_dags/example_time_delta_sensor_async.py for tasks to queue
[2024-08-27T12:00:58.471+0000] {logging_mixin.py:137} INFO - [2024-08-27T12:00:58.469+0000] {dagbag.py:538} INFO - Filling up the DagBag from /home/airflow/.local/lib/python3.7/site-packages/airflow/example_dags/example_time_delta_sensor_async.py
[2024-08-27T12:00:58.523+0000] {processor.py:753} INFO - DAG(s) dict_keys(['example_time_delta_sensor_async']) retrieved from /home/airflow/.local/lib/python3.7/site-packages/airflow/example_dags/example_time_delta_sensor_async.py
[2024-08-27T12:00:58.601+0000] {logging_mixin.py:137} INFO - [2024-08-27T12:00:58.601+0000] {dag.py:2690} INFO - Sync 1 DAGs
[2024-08-27T12:00:58.697+0000] {logging_mixin.py:137} INFO - [2024-08-27T12:00:58.697+0000] {dag.py:3441} INFO - Setting next_dagrun for example_time_delta_sensor_async to None, run_after=None
[2024-08-27T12:00:58.757+0000] {processor.py:175} INFO - Processing /home/airflow/.local/lib/python3.7/site-packages/airflow/example_dags/example_time_delta_sensor_async.py took 0.315 seconds
