[2024-08-27T11:55:31.671+0000] {processor.py:153} INFO - Started process (PID=70) to work on /home/airflow/.local/lib/python3.7/site-packages/airflow/example_dags/example_python_operator.py
[2024-08-27T11:55:31.673+0000] {processor.py:743} INFO - Processing file /home/airflow/.local/lib/python3.7/site-packages/airflow/example_dags/example_python_operator.py for tasks to queue
[2024-08-27T11:55:31.675+0000] {logging_mixin.py:137} INFO - [2024-08-27T11:55:31.675+0000] {dagbag.py:538} INFO - Filling up the DagBag from /home/airflow/.local/lib/python3.7/site-packages/airflow/example_dags/example_python_operator.py
[2024-08-27T11:55:31.723+0000] {logging_mixin.py:137} INFO - [2024-08-27T11:55:31.723+0000] {taskmixin.py:205} WARNING - Dependency <Task(_PythonDecoratedOperator): print_the_context>, log_sql_query already registered for DAG: example_python_operator
[2024-08-27T11:55:31.725+0000] {logging_mixin.py:137} INFO - [2024-08-27T11:55:31.724+0000] {taskmixin.py:205} WARNING - Dependency <Task(_PythonDecoratedOperator): log_sql_query>, print_the_context already registered for DAG: example_python_operator
[2024-08-27T11:55:31.727+0000] {logging_mixin.py:137} INFO - [2024-08-27T11:55:31.726+0000] {taskmixin.py:205} WARNING - Dependency <Task(_PythonDecoratedOperator): print_the_context>, log_sql_query already registered for DAG: example_python_operator
[2024-08-27T11:55:31.728+0000] {logging_mixin.py:137} INFO - [2024-08-27T11:55:31.727+0000] {taskmixin.py:205} WARNING - Dependency <Task(_PythonDecoratedOperator): log_sql_query>, print_the_context already registered for DAG: example_python_operator
[2024-08-27T11:55:31.731+0000] {logging_mixin.py:137} INFO - [2024-08-27T11:55:31.730+0000] {taskmixin.py:205} WARNING - Dependency <Task(_PythonDecoratedOperator): print_the_context>, log_sql_query already registered for DAG: example_python_operator
[2024-08-27T11:55:31.731+0000] {logging_mixin.py:137} INFO - [2024-08-27T11:55:31.731+0000] {taskmixin.py:205} WARNING - Dependency <Task(_PythonDecoratedOperator): log_sql_query>, print_the_context already registered for DAG: example_python_operator
[2024-08-27T11:55:31.733+0000] {logging_mixin.py:137} INFO - [2024-08-27T11:55:31.733+0000] {taskmixin.py:205} WARNING - Dependency <Task(_PythonDecoratedOperator): print_the_context>, log_sql_query already registered for DAG: example_python_operator
[2024-08-27T11:55:31.734+0000] {logging_mixin.py:137} INFO - [2024-08-27T11:55:31.734+0000] {taskmixin.py:205} WARNING - Dependency <Task(_PythonDecoratedOperator): log_sql_query>, print_the_context already registered for DAG: example_python_operator
[2024-08-27T11:55:31.756+0000] {processor.py:753} INFO - DAG(s) dict_keys(['example_python_operator']) retrieved from /home/airflow/.local/lib/python3.7/site-packages/airflow/example_dags/example_python_operator.py
[2024-08-27T11:55:31.959+0000] {logging_mixin.py:137} INFO - [2024-08-27T11:55:31.958+0000] {dag.py:2690} INFO - Sync 1 DAGs
[2024-08-27T11:55:32.012+0000] {logging_mixin.py:137} INFO - [2024-08-27T11:55:32.012+0000] {dag.py:3441} INFO - Setting next_dagrun for example_python_operator to None, run_after=None
[2024-08-27T11:55:32.062+0000] {processor.py:175} INFO - Processing /home/airflow/.local/lib/python3.7/site-packages/airflow/example_dags/example_python_operator.py took 0.401 seconds
[2024-08-27T11:56:02.867+0000] {processor.py:153} INFO - Started process (PID=141) to work on /home/airflow/.local/lib/python3.7/site-packages/airflow/example_dags/example_python_operator.py
[2024-08-27T11:56:02.870+0000] {processor.py:743} INFO - Processing file /home/airflow/.local/lib/python3.7/site-packages/airflow/example_dags/example_python_operator.py for tasks to queue
[2024-08-27T11:56:02.872+0000] {logging_mixin.py:137} INFO - [2024-08-27T11:56:02.872+0000] {dagbag.py:538} INFO - Filling up the DagBag from /home/airflow/.local/lib/python3.7/site-packages/airflow/example_dags/example_python_operator.py
[2024-08-27T11:56:02.908+0000] {logging_mixin.py:137} INFO - [2024-08-27T11:56:02.907+0000] {taskmixin.py:205} WARNING - Dependency <Task(_PythonDecoratedOperator): print_the_context>, log_sql_query already registered for DAG: example_python_operator
[2024-08-27T11:56:02.909+0000] {logging_mixin.py:137} INFO - [2024-08-27T11:56:02.908+0000] {taskmixin.py:205} WARNING - Dependency <Task(_PythonDecoratedOperator): log_sql_query>, print_the_context already registered for DAG: example_python_operator
[2024-08-27T11:56:02.910+0000] {logging_mixin.py:137} INFO - [2024-08-27T11:56:02.910+0000] {taskmixin.py:205} WARNING - Dependency <Task(_PythonDecoratedOperator): print_the_context>, log_sql_query already registered for DAG: example_python_operator
[2024-08-27T11:56:02.911+0000] {logging_mixin.py:137} INFO - [2024-08-27T11:56:02.911+0000] {taskmixin.py:205} WARNING - Dependency <Task(_PythonDecoratedOperator): log_sql_query>, print_the_context already registered for DAG: example_python_operator
[2024-08-27T11:56:02.913+0000] {logging_mixin.py:137} INFO - [2024-08-27T11:56:02.912+0000] {taskmixin.py:205} WARNING - Dependency <Task(_PythonDecoratedOperator): print_the_context>, log_sql_query already registered for DAG: example_python_operator
[2024-08-27T11:56:02.914+0000] {logging_mixin.py:137} INFO - [2024-08-27T11:56:02.913+0000] {taskmixin.py:205} WARNING - Dependency <Task(_PythonDecoratedOperator): log_sql_query>, print_the_context already registered for DAG: example_python_operator
[2024-08-27T11:56:02.915+0000] {logging_mixin.py:137} INFO - [2024-08-27T11:56:02.915+0000] {taskmixin.py:205} WARNING - Dependency <Task(_PythonDecoratedOperator): print_the_context>, log_sql_query already registered for DAG: example_python_operator
[2024-08-27T11:56:02.916+0000] {logging_mixin.py:137} INFO - [2024-08-27T11:56:02.916+0000] {taskmixin.py:205} WARNING - Dependency <Task(_PythonDecoratedOperator): log_sql_query>, print_the_context already registered for DAG: example_python_operator
[2024-08-27T11:56:02.927+0000] {processor.py:753} INFO - DAG(s) dict_keys(['example_python_operator']) retrieved from /home/airflow/.local/lib/python3.7/site-packages/airflow/example_dags/example_python_operator.py
[2024-08-27T11:56:02.984+0000] {logging_mixin.py:137} INFO - [2024-08-27T11:56:02.984+0000] {dag.py:2690} INFO - Sync 1 DAGs
[2024-08-27T11:56:03.038+0000] {logging_mixin.py:137} INFO - [2024-08-27T11:56:03.037+0000] {dag.py:3441} INFO - Setting next_dagrun for example_python_operator to None, run_after=None
[2024-08-27T11:56:03.073+0000] {processor.py:175} INFO - Processing /home/airflow/.local/lib/python3.7/site-packages/airflow/example_dags/example_python_operator.py took 0.214 seconds
[2024-08-27T11:56:33.158+0000] {processor.py:153} INFO - Started process (PID=212) to work on /home/airflow/.local/lib/python3.7/site-packages/airflow/example_dags/example_python_operator.py
[2024-08-27T11:56:33.161+0000] {processor.py:743} INFO - Processing file /home/airflow/.local/lib/python3.7/site-packages/airflow/example_dags/example_python_operator.py for tasks to queue
[2024-08-27T11:56:33.163+0000] {logging_mixin.py:137} INFO - [2024-08-27T11:56:33.163+0000] {dagbag.py:538} INFO - Filling up the DagBag from /home/airflow/.local/lib/python3.7/site-packages/airflow/example_dags/example_python_operator.py
[2024-08-27T11:56:33.209+0000] {logging_mixin.py:137} INFO - [2024-08-27T11:56:33.209+0000] {taskmixin.py:205} WARNING - Dependency <Task(_PythonDecoratedOperator): print_the_context>, log_sql_query already registered for DAG: example_python_operator
[2024-08-27T11:56:33.210+0000] {logging_mixin.py:137} INFO - [2024-08-27T11:56:33.210+0000] {taskmixin.py:205} WARNING - Dependency <Task(_PythonDecoratedOperator): log_sql_query>, print_the_context already registered for DAG: example_python_operator
[2024-08-27T11:56:33.212+0000] {logging_mixin.py:137} INFO - [2024-08-27T11:56:33.212+0000] {taskmixin.py:205} WARNING - Dependency <Task(_PythonDecoratedOperator): print_the_context>, log_sql_query already registered for DAG: example_python_operator
[2024-08-27T11:56:33.213+0000] {logging_mixin.py:137} INFO - [2024-08-27T11:56:33.213+0000] {taskmixin.py:205} WARNING - Dependency <Task(_PythonDecoratedOperator): log_sql_query>, print_the_context already registered for DAG: example_python_operator
[2024-08-27T11:56:33.216+0000] {logging_mixin.py:137} INFO - [2024-08-27T11:56:33.215+0000] {taskmixin.py:205} WARNING - Dependency <Task(_PythonDecoratedOperator): print_the_context>, log_sql_query already registered for DAG: example_python_operator
[2024-08-27T11:56:33.219+0000] {logging_mixin.py:137} INFO - [2024-08-27T11:56:33.218+0000] {taskmixin.py:205} WARNING - Dependency <Task(_PythonDecoratedOperator): log_sql_query>, print_the_context already registered for DAG: example_python_operator
[2024-08-27T11:56:33.222+0000] {logging_mixin.py:137} INFO - [2024-08-27T11:56:33.221+0000] {taskmixin.py:205} WARNING - Dependency <Task(_PythonDecoratedOperator): print_the_context>, log_sql_query already registered for DAG: example_python_operator
[2024-08-27T11:56:33.223+0000] {logging_mixin.py:137} INFO - [2024-08-27T11:56:33.222+0000] {taskmixin.py:205} WARNING - Dependency <Task(_PythonDecoratedOperator): log_sql_query>, print_the_context already registered for DAG: example_python_operator
[2024-08-27T11:56:33.240+0000] {processor.py:753} INFO - DAG(s) dict_keys(['example_python_operator']) retrieved from /home/airflow/.local/lib/python3.7/site-packages/airflow/example_dags/example_python_operator.py
[2024-08-27T11:56:33.288+0000] {logging_mixin.py:137} INFO - [2024-08-27T11:56:33.287+0000] {dag.py:2690} INFO - Sync 1 DAGs
[2024-08-27T11:56:33.335+0000] {logging_mixin.py:137} INFO - [2024-08-27T11:56:33.335+0000] {dag.py:3441} INFO - Setting next_dagrun for example_python_operator to None, run_after=None
[2024-08-27T11:56:33.366+0000] {processor.py:175} INFO - Processing /home/airflow/.local/lib/python3.7/site-packages/airflow/example_dags/example_python_operator.py took 0.219 seconds
[2024-08-27T11:57:03.793+0000] {processor.py:153} INFO - Started process (PID=284) to work on /home/airflow/.local/lib/python3.7/site-packages/airflow/example_dags/example_python_operator.py
[2024-08-27T11:57:03.794+0000] {processor.py:743} INFO - Processing file /home/airflow/.local/lib/python3.7/site-packages/airflow/example_dags/example_python_operator.py for tasks to queue
[2024-08-27T11:57:03.795+0000] {logging_mixin.py:137} INFO - [2024-08-27T11:57:03.795+0000] {dagbag.py:538} INFO - Filling up the DagBag from /home/airflow/.local/lib/python3.7/site-packages/airflow/example_dags/example_python_operator.py
[2024-08-27T11:57:03.814+0000] {logging_mixin.py:137} INFO - [2024-08-27T11:57:03.814+0000] {taskmixin.py:205} WARNING - Dependency <Task(_PythonDecoratedOperator): print_the_context>, log_sql_query already registered for DAG: example_python_operator
[2024-08-27T11:57:03.815+0000] {logging_mixin.py:137} INFO - [2024-08-27T11:57:03.815+0000] {taskmixin.py:205} WARNING - Dependency <Task(_PythonDecoratedOperator): log_sql_query>, print_the_context already registered for DAG: example_python_operator
[2024-08-27T11:57:03.816+0000] {logging_mixin.py:137} INFO - [2024-08-27T11:57:03.816+0000] {taskmixin.py:205} WARNING - Dependency <Task(_PythonDecoratedOperator): print_the_context>, log_sql_query already registered for DAG: example_python_operator
[2024-08-27T11:57:03.817+0000] {logging_mixin.py:137} INFO - [2024-08-27T11:57:03.817+0000] {taskmixin.py:205} WARNING - Dependency <Task(_PythonDecoratedOperator): log_sql_query>, print_the_context already registered for DAG: example_python_operator
[2024-08-27T11:57:03.819+0000] {logging_mixin.py:137} INFO - [2024-08-27T11:57:03.819+0000] {taskmixin.py:205} WARNING - Dependency <Task(_PythonDecoratedOperator): print_the_context>, log_sql_query already registered for DAG: example_python_operator
[2024-08-27T11:57:03.820+0000] {logging_mixin.py:137} INFO - [2024-08-27T11:57:03.820+0000] {taskmixin.py:205} WARNING - Dependency <Task(_PythonDecoratedOperator): log_sql_query>, print_the_context already registered for DAG: example_python_operator
[2024-08-27T11:57:03.821+0000] {logging_mixin.py:137} INFO - [2024-08-27T11:57:03.821+0000] {taskmixin.py:205} WARNING - Dependency <Task(_PythonDecoratedOperator): print_the_context>, log_sql_query already registered for DAG: example_python_operator
[2024-08-27T11:57:03.822+0000] {logging_mixin.py:137} INFO - [2024-08-27T11:57:03.822+0000] {taskmixin.py:205} WARNING - Dependency <Task(_PythonDecoratedOperator): log_sql_query>, print_the_context already registered for DAG: example_python_operator
[2024-08-27T11:57:03.830+0000] {processor.py:753} INFO - DAG(s) dict_keys(['example_python_operator']) retrieved from /home/airflow/.local/lib/python3.7/site-packages/airflow/example_dags/example_python_operator.py
[2024-08-27T11:57:03.862+0000] {logging_mixin.py:137} INFO - [2024-08-27T11:57:03.861+0000] {dag.py:2690} INFO - Sync 1 DAGs
[2024-08-27T11:57:03.894+0000] {logging_mixin.py:137} INFO - [2024-08-27T11:57:03.894+0000] {dag.py:3441} INFO - Setting next_dagrun for example_python_operator to None, run_after=None
[2024-08-27T11:57:03.925+0000] {processor.py:175} INFO - Processing /home/airflow/.local/lib/python3.7/site-packages/airflow/example_dags/example_python_operator.py took 0.136 seconds
[2024-08-27T11:57:34.642+0000] {processor.py:153} INFO - Started process (PID=364) to work on /home/airflow/.local/lib/python3.7/site-packages/airflow/example_dags/example_python_operator.py
[2024-08-27T11:57:34.646+0000] {processor.py:743} INFO - Processing file /home/airflow/.local/lib/python3.7/site-packages/airflow/example_dags/example_python_operator.py for tasks to queue
[2024-08-27T11:57:34.655+0000] {logging_mixin.py:137} INFO - [2024-08-27T11:57:34.654+0000] {dagbag.py:538} INFO - Filling up the DagBag from /home/airflow/.local/lib/python3.7/site-packages/airflow/example_dags/example_python_operator.py
[2024-08-27T11:57:34.705+0000] {logging_mixin.py:137} INFO - [2024-08-27T11:57:34.704+0000] {taskmixin.py:205} WARNING - Dependency <Task(_PythonDecoratedOperator): print_the_context>, log_sql_query already registered for DAG: example_python_operator
[2024-08-27T11:57:34.705+0000] {logging_mixin.py:137} INFO - [2024-08-27T11:57:34.705+0000] {taskmixin.py:205} WARNING - Dependency <Task(_PythonDecoratedOperator): log_sql_query>, print_the_context already registered for DAG: example_python_operator
[2024-08-27T11:57:34.708+0000] {logging_mixin.py:137} INFO - [2024-08-27T11:57:34.707+0000] {taskmixin.py:205} WARNING - Dependency <Task(_PythonDecoratedOperator): print_the_context>, log_sql_query already registered for DAG: example_python_operator
[2024-08-27T11:57:34.709+0000] {logging_mixin.py:137} INFO - [2024-08-27T11:57:34.709+0000] {taskmixin.py:205} WARNING - Dependency <Task(_PythonDecoratedOperator): log_sql_query>, print_the_context already registered for DAG: example_python_operator
[2024-08-27T11:57:34.713+0000] {logging_mixin.py:137} INFO - [2024-08-27T11:57:34.712+0000] {taskmixin.py:205} WARNING - Dependency <Task(_PythonDecoratedOperator): print_the_context>, log_sql_query already registered for DAG: example_python_operator
[2024-08-27T11:57:34.714+0000] {logging_mixin.py:137} INFO - [2024-08-27T11:57:34.713+0000] {taskmixin.py:205} WARNING - Dependency <Task(_PythonDecoratedOperator): log_sql_query>, print_the_context already registered for DAG: example_python_operator
[2024-08-27T11:57:34.718+0000] {logging_mixin.py:137} INFO - [2024-08-27T11:57:34.717+0000] {taskmixin.py:205} WARNING - Dependency <Task(_PythonDecoratedOperator): print_the_context>, log_sql_query already registered for DAG: example_python_operator
[2024-08-27T11:57:34.719+0000] {logging_mixin.py:137} INFO - [2024-08-27T11:57:34.718+0000] {taskmixin.py:205} WARNING - Dependency <Task(_PythonDecoratedOperator): log_sql_query>, print_the_context already registered for DAG: example_python_operator
[2024-08-27T11:57:34.733+0000] {processor.py:753} INFO - DAG(s) dict_keys(['example_python_operator']) retrieved from /home/airflow/.local/lib/python3.7/site-packages/airflow/example_dags/example_python_operator.py
[2024-08-27T11:57:34.780+0000] {logging_mixin.py:137} INFO - [2024-08-27T11:57:34.780+0000] {dag.py:2690} INFO - Sync 1 DAGs
[2024-08-27T11:57:34.823+0000] {logging_mixin.py:137} INFO - [2024-08-27T11:57:34.823+0000] {dag.py:3441} INFO - Setting next_dagrun for example_python_operator to None, run_after=None
[2024-08-27T11:57:34.863+0000] {processor.py:175} INFO - Processing /home/airflow/.local/lib/python3.7/site-packages/airflow/example_dags/example_python_operator.py took 0.243 seconds
[2024-08-27T11:58:04.897+0000] {processor.py:153} INFO - Started process (PID=442) to work on /home/airflow/.local/lib/python3.7/site-packages/airflow/example_dags/example_python_operator.py
[2024-08-27T11:58:04.899+0000] {processor.py:743} INFO - Processing file /home/airflow/.local/lib/python3.7/site-packages/airflow/example_dags/example_python_operator.py for tasks to queue
[2024-08-27T11:58:04.901+0000] {logging_mixin.py:137} INFO - [2024-08-27T11:58:04.900+0000] {dagbag.py:538} INFO - Filling up the DagBag from /home/airflow/.local/lib/python3.7/site-packages/airflow/example_dags/example_python_operator.py
[2024-08-27T11:58:04.941+0000] {logging_mixin.py:137} INFO - [2024-08-27T11:58:04.941+0000] {taskmixin.py:205} WARNING - Dependency <Task(_PythonDecoratedOperator): print_the_context>, log_sql_query already registered for DAG: example_python_operator
[2024-08-27T11:58:04.942+0000] {logging_mixin.py:137} INFO - [2024-08-27T11:58:04.942+0000] {taskmixin.py:205} WARNING - Dependency <Task(_PythonDecoratedOperator): log_sql_query>, print_the_context already registered for DAG: example_python_operator
[2024-08-27T11:58:04.944+0000] {logging_mixin.py:137} INFO - [2024-08-27T11:58:04.944+0000] {taskmixin.py:205} WARNING - Dependency <Task(_PythonDecoratedOperator): print_the_context>, log_sql_query already registered for DAG: example_python_operator
[2024-08-27T11:58:04.945+0000] {logging_mixin.py:137} INFO - [2024-08-27T11:58:04.945+0000] {taskmixin.py:205} WARNING - Dependency <Task(_PythonDecoratedOperator): log_sql_query>, print_the_context already registered for DAG: example_python_operator
[2024-08-27T11:58:04.947+0000] {logging_mixin.py:137} INFO - [2024-08-27T11:58:04.946+0000] {taskmixin.py:205} WARNING - Dependency <Task(_PythonDecoratedOperator): print_the_context>, log_sql_query already registered for DAG: example_python_operator
[2024-08-27T11:58:04.958+0000] {logging_mixin.py:137} INFO - [2024-08-27T11:58:04.956+0000] {taskmixin.py:205} WARNING - Dependency <Task(_PythonDecoratedOperator): log_sql_query>, print_the_context already registered for DAG: example_python_operator
[2024-08-27T11:58:04.961+0000] {logging_mixin.py:137} INFO - [2024-08-27T11:58:04.960+0000] {taskmixin.py:205} WARNING - Dependency <Task(_PythonDecoratedOperator): print_the_context>, log_sql_query already registered for DAG: example_python_operator
[2024-08-27T11:58:04.961+0000] {logging_mixin.py:137} INFO - [2024-08-27T11:58:04.961+0000] {taskmixin.py:205} WARNING - Dependency <Task(_PythonDecoratedOperator): log_sql_query>, print_the_context already registered for DAG: example_python_operator
[2024-08-27T11:58:04.980+0000] {processor.py:753} INFO - DAG(s) dict_keys(['example_python_operator']) retrieved from /home/airflow/.local/lib/python3.7/site-packages/airflow/example_dags/example_python_operator.py
[2024-08-27T11:58:05.019+0000] {logging_mixin.py:137} INFO - [2024-08-27T11:58:05.019+0000] {dag.py:2690} INFO - Sync 1 DAGs
[2024-08-27T11:58:05.051+0000] {logging_mixin.py:137} INFO - [2024-08-27T11:58:05.051+0000] {dag.py:3441} INFO - Setting next_dagrun for example_python_operator to None, run_after=None
[2024-08-27T11:58:05.085+0000] {processor.py:175} INFO - Processing /home/airflow/.local/lib/python3.7/site-packages/airflow/example_dags/example_python_operator.py took 0.192 seconds
[2024-08-27T12:00:28.746+0000] {processor.py:153} INFO - Started process (PID=83) to work on /home/airflow/.local/lib/python3.7/site-packages/airflow/example_dags/example_python_operator.py
[2024-08-27T12:00:28.749+0000] {processor.py:743} INFO - Processing file /home/airflow/.local/lib/python3.7/site-packages/airflow/example_dags/example_python_operator.py for tasks to queue
[2024-08-27T12:00:28.750+0000] {logging_mixin.py:137} INFO - [2024-08-27T12:00:28.750+0000] {dagbag.py:538} INFO - Filling up the DagBag from /home/airflow/.local/lib/python3.7/site-packages/airflow/example_dags/example_python_operator.py
[2024-08-27T12:00:28.787+0000] {logging_mixin.py:137} INFO - [2024-08-27T12:00:28.787+0000] {taskmixin.py:205} WARNING - Dependency <Task(_PythonDecoratedOperator): print_the_context>, log_sql_query already registered for DAG: example_python_operator
[2024-08-27T12:00:28.789+0000] {logging_mixin.py:137} INFO - [2024-08-27T12:00:28.789+0000] {taskmixin.py:205} WARNING - Dependency <Task(_PythonDecoratedOperator): log_sql_query>, print_the_context already registered for DAG: example_python_operator
[2024-08-27T12:00:28.791+0000] {logging_mixin.py:137} INFO - [2024-08-27T12:00:28.791+0000] {taskmixin.py:205} WARNING - Dependency <Task(_PythonDecoratedOperator): print_the_context>, log_sql_query already registered for DAG: example_python_operator
[2024-08-27T12:00:28.792+0000] {logging_mixin.py:137} INFO - [2024-08-27T12:00:28.792+0000] {taskmixin.py:205} WARNING - Dependency <Task(_PythonDecoratedOperator): log_sql_query>, print_the_context already registered for DAG: example_python_operator
[2024-08-27T12:00:28.795+0000] {logging_mixin.py:137} INFO - [2024-08-27T12:00:28.794+0000] {taskmixin.py:205} WARNING - Dependency <Task(_PythonDecoratedOperator): print_the_context>, log_sql_query already registered for DAG: example_python_operator
[2024-08-27T12:00:28.795+0000] {logging_mixin.py:137} INFO - [2024-08-27T12:00:28.795+0000] {taskmixin.py:205} WARNING - Dependency <Task(_PythonDecoratedOperator): log_sql_query>, print_the_context already registered for DAG: example_python_operator
[2024-08-27T12:00:28.798+0000] {logging_mixin.py:137} INFO - [2024-08-27T12:00:28.797+0000] {taskmixin.py:205} WARNING - Dependency <Task(_PythonDecoratedOperator): print_the_context>, log_sql_query already registered for DAG: example_python_operator
[2024-08-27T12:00:28.798+0000] {logging_mixin.py:137} INFO - [2024-08-27T12:00:28.798+0000] {taskmixin.py:205} WARNING - Dependency <Task(_PythonDecoratedOperator): log_sql_query>, print_the_context already registered for DAG: example_python_operator
[2024-08-27T12:00:28.812+0000] {processor.py:753} INFO - DAG(s) dict_keys(['example_python_operator']) retrieved from /home/airflow/.local/lib/python3.7/site-packages/airflow/example_dags/example_python_operator.py
[2024-08-27T12:00:28.837+0000] {logging_mixin.py:137} INFO - [2024-08-27T12:00:28.837+0000] {dag.py:2690} INFO - Sync 1 DAGs
[2024-08-27T12:00:28.930+0000] {logging_mixin.py:137} INFO - [2024-08-27T12:00:28.926+0000] {dag.py:3441} INFO - Setting next_dagrun for example_python_operator to None, run_after=None
[2024-08-27T12:00:28.981+0000] {processor.py:175} INFO - Processing /home/airflow/.local/lib/python3.7/site-packages/airflow/example_dags/example_python_operator.py took 0.241 seconds
[2024-08-27T12:01:00.195+0000] {processor.py:153} INFO - Started process (PID=167) to work on /home/airflow/.local/lib/python3.7/site-packages/airflow/example_dags/example_python_operator.py
[2024-08-27T12:01:00.197+0000] {processor.py:743} INFO - Processing file /home/airflow/.local/lib/python3.7/site-packages/airflow/example_dags/example_python_operator.py for tasks to queue
[2024-08-27T12:01:00.209+0000] {logging_mixin.py:137} INFO - [2024-08-27T12:01:00.209+0000] {dagbag.py:538} INFO - Filling up the DagBag from /home/airflow/.local/lib/python3.7/site-packages/airflow/example_dags/example_python_operator.py
[2024-08-27T12:01:00.266+0000] {logging_mixin.py:137} INFO - [2024-08-27T12:01:00.266+0000] {taskmixin.py:205} WARNING - Dependency <Task(_PythonDecoratedOperator): print_the_context>, log_sql_query already registered for DAG: example_python_operator
[2024-08-27T12:01:00.267+0000] {logging_mixin.py:137} INFO - [2024-08-27T12:01:00.267+0000] {taskmixin.py:205} WARNING - Dependency <Task(_PythonDecoratedOperator): log_sql_query>, print_the_context already registered for DAG: example_python_operator
[2024-08-27T12:01:00.268+0000] {logging_mixin.py:137} INFO - [2024-08-27T12:01:00.268+0000] {taskmixin.py:205} WARNING - Dependency <Task(_PythonDecoratedOperator): print_the_context>, log_sql_query already registered for DAG: example_python_operator
[2024-08-27T12:01:00.269+0000] {logging_mixin.py:137} INFO - [2024-08-27T12:01:00.269+0000] {taskmixin.py:205} WARNING - Dependency <Task(_PythonDecoratedOperator): log_sql_query>, print_the_context already registered for DAG: example_python_operator
[2024-08-27T12:01:00.276+0000] {logging_mixin.py:137} INFO - [2024-08-27T12:01:00.276+0000] {taskmixin.py:205} WARNING - Dependency <Task(_PythonDecoratedOperator): print_the_context>, log_sql_query already registered for DAG: example_python_operator
[2024-08-27T12:01:00.277+0000] {logging_mixin.py:137} INFO - [2024-08-27T12:01:00.277+0000] {taskmixin.py:205} WARNING - Dependency <Task(_PythonDecoratedOperator): log_sql_query>, print_the_context already registered for DAG: example_python_operator
[2024-08-27T12:01:00.282+0000] {logging_mixin.py:137} INFO - [2024-08-27T12:01:00.282+0000] {taskmixin.py:205} WARNING - Dependency <Task(_PythonDecoratedOperator): print_the_context>, log_sql_query already registered for DAG: example_python_operator
[2024-08-27T12:01:00.284+0000] {logging_mixin.py:137} INFO - [2024-08-27T12:01:00.284+0000] {taskmixin.py:205} WARNING - Dependency <Task(_PythonDecoratedOperator): log_sql_query>, print_the_context already registered for DAG: example_python_operator
[2024-08-27T12:01:00.317+0000] {processor.py:753} INFO - DAG(s) dict_keys(['example_python_operator']) retrieved from /home/airflow/.local/lib/python3.7/site-packages/airflow/example_dags/example_python_operator.py
[2024-08-27T12:01:00.500+0000] {logging_mixin.py:137} INFO - [2024-08-27T12:01:00.500+0000] {dag.py:2690} INFO - Sync 1 DAGs
[2024-08-27T12:01:00.595+0000] {logging_mixin.py:137} INFO - [2024-08-27T12:01:00.595+0000] {dag.py:3441} INFO - Setting next_dagrun for example_python_operator to None, run_after=None
[2024-08-27T12:01:00.656+0000] {processor.py:175} INFO - Processing /home/airflow/.local/lib/python3.7/site-packages/airflow/example_dags/example_python_operator.py took 0.470 seconds
