[2024-08-27T11:55:35.437+0000] {processor.py:153} INFO - Started process (PID=89) to work on /home/airflow/.local/lib/python3.7/site-packages/airflow/example_dags/example_latest_only.py
[2024-08-27T11:55:35.439+0000] {processor.py:743} INFO - Processing file /home/airflow/.local/lib/python3.7/site-packages/airflow/example_dags/example_latest_only.py for tasks to queue
[2024-08-27T11:55:35.441+0000] {logging_mixin.py:137} INFO - [2024-08-27T11:55:35.441+0000] {dagbag.py:538} INFO - Filling up the DagBag from /home/airflow/.local/lib/python3.7/site-packages/airflow/example_dags/example_latest_only.py
[2024-08-27T11:55:35.474+0000] {processor.py:753} INFO - DAG(s) dict_keys(['latest_only']) retrieved from /home/airflow/.local/lib/python3.7/site-packages/airflow/example_dags/example_latest_only.py
[2024-08-27T11:55:35.528+0000] {logging_mixin.py:137} INFO - [2024-08-27T11:55:35.527+0000] {dag.py:2690} INFO - Sync 1 DAGs
[2024-08-27T11:55:35.585+0000] {logging_mixin.py:137} INFO - [2024-08-27T11:55:35.584+0000] {dag.py:3441} INFO - Setting next_dagrun for latest_only to 2024-08-27T07:55:35.584213+00:00, run_after=2024-08-27T11:55:35.584213+00:00
[2024-08-27T11:55:35.625+0000] {processor.py:175} INFO - Processing /home/airflow/.local/lib/python3.7/site-packages/airflow/example_dags/example_latest_only.py took 0.197 seconds
[2024-08-27T11:56:05.941+0000] {processor.py:153} INFO - Started process (PID=160) to work on /home/airflow/.local/lib/python3.7/site-packages/airflow/example_dags/example_latest_only.py
[2024-08-27T11:56:05.943+0000] {processor.py:743} INFO - Processing file /home/airflow/.local/lib/python3.7/site-packages/airflow/example_dags/example_latest_only.py for tasks to queue
[2024-08-27T11:56:05.944+0000] {logging_mixin.py:137} INFO - [2024-08-27T11:56:05.944+0000] {dagbag.py:538} INFO - Filling up the DagBag from /home/airflow/.local/lib/python3.7/site-packages/airflow/example_dags/example_latest_only.py
[2024-08-27T11:56:05.963+0000] {processor.py:753} INFO - DAG(s) dict_keys(['latest_only']) retrieved from /home/airflow/.local/lib/python3.7/site-packages/airflow/example_dags/example_latest_only.py
[2024-08-27T11:56:06.000+0000] {logging_mixin.py:137} INFO - [2024-08-27T11:56:05.999+0000] {dag.py:2690} INFO - Sync 1 DAGs
[2024-08-27T11:56:06.034+0000] {logging_mixin.py:137} INFO - [2024-08-27T11:56:06.034+0000] {dag.py:3441} INFO - Setting next_dagrun for latest_only to 2024-08-27T07:56:06.033695+00:00, run_after=2024-08-27T11:56:06.033695+00:00
[2024-08-27T11:56:06.070+0000] {processor.py:175} INFO - Processing /home/airflow/.local/lib/python3.7/site-packages/airflow/example_dags/example_latest_only.py took 0.133 seconds
[2024-08-27T11:56:36.145+0000] {processor.py:153} INFO - Started process (PID=232) to work on /home/airflow/.local/lib/python3.7/site-packages/airflow/example_dags/example_latest_only.py
[2024-08-27T11:56:36.147+0000] {processor.py:743} INFO - Processing file /home/airflow/.local/lib/python3.7/site-packages/airflow/example_dags/example_latest_only.py for tasks to queue
[2024-08-27T11:56:36.148+0000] {logging_mixin.py:137} INFO - [2024-08-27T11:56:36.148+0000] {dagbag.py:538} INFO - Filling up the DagBag from /home/airflow/.local/lib/python3.7/site-packages/airflow/example_dags/example_latest_only.py
[2024-08-27T11:56:36.165+0000] {processor.py:753} INFO - DAG(s) dict_keys(['latest_only']) retrieved from /home/airflow/.local/lib/python3.7/site-packages/airflow/example_dags/example_latest_only.py
[2024-08-27T11:56:36.199+0000] {logging_mixin.py:137} INFO - [2024-08-27T11:56:36.199+0000] {dag.py:2690} INFO - Sync 1 DAGs
[2024-08-27T11:56:36.242+0000] {logging_mixin.py:137} INFO - [2024-08-27T11:56:36.242+0000] {dag.py:3441} INFO - Setting next_dagrun for latest_only to 2024-08-27T07:56:36.241784+00:00, run_after=2024-08-27T11:56:36.241784+00:00
[2024-08-27T11:56:36.286+0000] {processor.py:175} INFO - Processing /home/airflow/.local/lib/python3.7/site-packages/airflow/example_dags/example_latest_only.py took 0.144 seconds
[2024-08-27T11:57:08.147+0000] {processor.py:153} INFO - Started process (PID=312) to work on /home/airflow/.local/lib/python3.7/site-packages/airflow/example_dags/example_latest_only.py
[2024-08-27T11:57:08.149+0000] {processor.py:743} INFO - Processing file /home/airflow/.local/lib/python3.7/site-packages/airflow/example_dags/example_latest_only.py for tasks to queue
[2024-08-27T11:57:08.151+0000] {logging_mixin.py:137} INFO - [2024-08-27T11:57:08.151+0000] {dagbag.py:538} INFO - Filling up the DagBag from /home/airflow/.local/lib/python3.7/site-packages/airflow/example_dags/example_latest_only.py
[2024-08-27T11:57:08.180+0000] {processor.py:753} INFO - DAG(s) dict_keys(['latest_only']) retrieved from /home/airflow/.local/lib/python3.7/site-packages/airflow/example_dags/example_latest_only.py
[2024-08-27T11:57:08.264+0000] {logging_mixin.py:137} INFO - [2024-08-27T11:57:08.264+0000] {dag.py:2690} INFO - Sync 1 DAGs
[2024-08-27T11:57:08.358+0000] {logging_mixin.py:137} INFO - [2024-08-27T11:57:08.357+0000] {dag.py:3441} INFO - Setting next_dagrun for latest_only to 2024-08-27T07:57:08.357352+00:00, run_after=2024-08-27T11:57:08.357352+00:00
[2024-08-27T11:57:08.425+0000] {processor.py:175} INFO - Processing /home/airflow/.local/lib/python3.7/site-packages/airflow/example_dags/example_latest_only.py took 0.283 seconds
[2024-08-27T11:57:39.029+0000] {processor.py:153} INFO - Started process (PID=390) to work on /home/airflow/.local/lib/python3.7/site-packages/airflow/example_dags/example_latest_only.py
[2024-08-27T11:57:39.030+0000] {processor.py:743} INFO - Processing file /home/airflow/.local/lib/python3.7/site-packages/airflow/example_dags/example_latest_only.py for tasks to queue
[2024-08-27T11:57:39.033+0000] {logging_mixin.py:137} INFO - [2024-08-27T11:57:39.032+0000] {dagbag.py:538} INFO - Filling up the DagBag from /home/airflow/.local/lib/python3.7/site-packages/airflow/example_dags/example_latest_only.py
[2024-08-27T11:57:39.050+0000] {processor.py:753} INFO - DAG(s) dict_keys(['latest_only']) retrieved from /home/airflow/.local/lib/python3.7/site-packages/airflow/example_dags/example_latest_only.py
[2024-08-27T11:57:39.082+0000] {logging_mixin.py:137} INFO - [2024-08-27T11:57:39.081+0000] {dag.py:2690} INFO - Sync 1 DAGs
[2024-08-27T11:57:39.122+0000] {logging_mixin.py:137} INFO - [2024-08-27T11:57:39.122+0000] {dag.py:3441} INFO - Setting next_dagrun for latest_only to 2024-08-27T07:57:39.122285+00:00, run_after=2024-08-27T11:57:39.122285+00:00
[2024-08-27T11:57:39.149+0000] {processor.py:175} INFO - Processing /home/airflow/.local/lib/python3.7/site-packages/airflow/example_dags/example_latest_only.py took 0.124 seconds
[2024-08-27T11:58:09.500+0000] {processor.py:153} INFO - Started process (PID=461) to work on /home/airflow/.local/lib/python3.7/site-packages/airflow/example_dags/example_latest_only.py
[2024-08-27T11:58:09.502+0000] {processor.py:743} INFO - Processing file /home/airflow/.local/lib/python3.7/site-packages/airflow/example_dags/example_latest_only.py for tasks to queue
[2024-08-27T11:58:09.504+0000] {logging_mixin.py:137} INFO - [2024-08-27T11:58:09.503+0000] {dagbag.py:538} INFO - Filling up the DagBag from /home/airflow/.local/lib/python3.7/site-packages/airflow/example_dags/example_latest_only.py
[2024-08-27T11:58:09.533+0000] {processor.py:753} INFO - DAG(s) dict_keys(['latest_only']) retrieved from /home/airflow/.local/lib/python3.7/site-packages/airflow/example_dags/example_latest_only.py
[2024-08-27T11:58:09.601+0000] {logging_mixin.py:137} INFO - [2024-08-27T11:58:09.600+0000] {dag.py:2690} INFO - Sync 1 DAGs
[2024-08-27T11:58:09.683+0000] {logging_mixin.py:137} INFO - [2024-08-27T11:58:09.683+0000] {dag.py:3441} INFO - Setting next_dagrun for latest_only to 2024-08-27T07:58:09.682836+00:00, run_after=2024-08-27T11:58:09.682836+00:00
[2024-08-27T11:58:09.739+0000] {processor.py:175} INFO - Processing /home/airflow/.local/lib/python3.7/site-packages/airflow/example_dags/example_latest_only.py took 0.245 seconds
[2024-08-27T12:00:30.676+0000] {processor.py:153} INFO - Started process (PID=102) to work on /home/airflow/.local/lib/python3.7/site-packages/airflow/example_dags/example_latest_only.py
[2024-08-27T12:00:30.678+0000] {processor.py:743} INFO - Processing file /home/airflow/.local/lib/python3.7/site-packages/airflow/example_dags/example_latest_only.py for tasks to queue
[2024-08-27T12:00:30.680+0000] {logging_mixin.py:137} INFO - [2024-08-27T12:00:30.680+0000] {dagbag.py:538} INFO - Filling up the DagBag from /home/airflow/.local/lib/python3.7/site-packages/airflow/example_dags/example_latest_only.py
[2024-08-27T12:00:30.699+0000] {processor.py:753} INFO - DAG(s) dict_keys(['latest_only']) retrieved from /home/airflow/.local/lib/python3.7/site-packages/airflow/example_dags/example_latest_only.py
[2024-08-27T12:00:30.719+0000] {logging_mixin.py:137} INFO - [2024-08-27T12:00:30.719+0000] {dag.py:2690} INFO - Sync 1 DAGs
[2024-08-27T12:00:30.765+0000] {logging_mixin.py:137} INFO - [2024-08-27T12:00:30.764+0000] {dag.py:3441} INFO - Setting next_dagrun for latest_only to 2024-08-27T08:00:30.764450+00:00, run_after=2024-08-27T12:00:30.764450+00:00
[2024-08-27T12:00:30.799+0000] {processor.py:175} INFO - Processing /home/airflow/.local/lib/python3.7/site-packages/airflow/example_dags/example_latest_only.py took 0.130 seconds
[2024-08-27T12:01:03.627+0000] {processor.py:153} INFO - Started process (PID=186) to work on /home/airflow/.local/lib/python3.7/site-packages/airflow/example_dags/example_latest_only.py
[2024-08-27T12:01:03.629+0000] {processor.py:743} INFO - Processing file /home/airflow/.local/lib/python3.7/site-packages/airflow/example_dags/example_latest_only.py for tasks to queue
[2024-08-27T12:01:03.631+0000] {logging_mixin.py:137} INFO - [2024-08-27T12:01:03.630+0000] {dagbag.py:538} INFO - Filling up the DagBag from /home/airflow/.local/lib/python3.7/site-packages/airflow/example_dags/example_latest_only.py
[2024-08-27T12:01:03.658+0000] {processor.py:753} INFO - DAG(s) dict_keys(['latest_only']) retrieved from /home/airflow/.local/lib/python3.7/site-packages/airflow/example_dags/example_latest_only.py
[2024-08-27T12:01:03.718+0000] {logging_mixin.py:137} INFO - [2024-08-27T12:01:03.718+0000] {dag.py:2690} INFO - Sync 1 DAGs
[2024-08-27T12:01:03.810+0000] {logging_mixin.py:137} INFO - [2024-08-27T12:01:03.809+0000] {dag.py:3441} INFO - Setting next_dagrun for latest_only to 2024-08-27T08:01:03.804312+00:00, run_after=2024-08-27T12:01:03.804312+00:00
[2024-08-27T12:01:03.863+0000] {processor.py:175} INFO - Processing /home/airflow/.local/lib/python3.7/site-packages/airflow/example_dags/example_latest_only.py took 0.241 seconds
