[2024-08-27T11:55:31.882+0000] {processor.py:153} INFO - Started process (PID=71) to work on /home/airflow/.local/lib/python3.7/site-packages/airflow/example_dags/example_sensor_decorator.py
[2024-08-27T11:55:31.892+0000] {processor.py:743} INFO - Processing file /home/airflow/.local/lib/python3.7/site-packages/airflow/example_dags/example_sensor_decorator.py for tasks to queue
[2024-08-27T11:55:31.895+0000] {logging_mixin.py:137} INFO - [2024-08-27T11:55:31.895+0000] {dagbag.py:538} INFO - Filling up the DagBag from /home/airflow/.local/lib/python3.7/site-packages/airflow/example_dags/example_sensor_decorator.py
[2024-08-27T11:55:31.963+0000] {processor.py:753} INFO - DAG(s) dict_keys(['example_sensor_decorator']) retrieved from /home/airflow/.local/lib/python3.7/site-packages/airflow/example_dags/example_sensor_decorator.py
[2024-08-27T11:55:32.024+0000] {logging_mixin.py:137} INFO - [2024-08-27T11:55:32.024+0000] {dag.py:2690} INFO - Sync 1 DAGs
[2024-08-27T11:55:32.081+0000] {logging_mixin.py:137} INFO - [2024-08-27T11:55:32.080+0000] {dag.py:3441} INFO - Setting next_dagrun for example_sensor_decorator to None, run_after=None
[2024-08-27T11:55:32.130+0000] {processor.py:175} INFO - Processing /home/airflow/.local/lib/python3.7/site-packages/airflow/example_dags/example_sensor_decorator.py took 0.257 seconds
[2024-08-27T11:56:03.077+0000] {processor.py:153} INFO - Started process (PID=142) to work on /home/airflow/.local/lib/python3.7/site-packages/airflow/example_dags/example_sensor_decorator.py
[2024-08-27T11:56:03.079+0000] {processor.py:743} INFO - Processing file /home/airflow/.local/lib/python3.7/site-packages/airflow/example_dags/example_sensor_decorator.py for tasks to queue
[2024-08-27T11:56:03.080+0000] {logging_mixin.py:137} INFO - [2024-08-27T11:56:03.080+0000] {dagbag.py:538} INFO - Filling up the DagBag from /home/airflow/.local/lib/python3.7/site-packages/airflow/example_dags/example_sensor_decorator.py
[2024-08-27T11:56:03.112+0000] {processor.py:753} INFO - DAG(s) dict_keys(['example_sensor_decorator']) retrieved from /home/airflow/.local/lib/python3.7/site-packages/airflow/example_dags/example_sensor_decorator.py
[2024-08-27T11:56:03.140+0000] {logging_mixin.py:137} INFO - [2024-08-27T11:56:03.140+0000] {dag.py:2690} INFO - Sync 1 DAGs
[2024-08-27T11:56:03.172+0000] {logging_mixin.py:137} INFO - [2024-08-27T11:56:03.171+0000] {dag.py:3441} INFO - Setting next_dagrun for example_sensor_decorator to None, run_after=None
[2024-08-27T11:56:03.199+0000] {processor.py:175} INFO - Processing /home/airflow/.local/lib/python3.7/site-packages/airflow/example_dags/example_sensor_decorator.py took 0.126 seconds
[2024-08-27T11:56:33.377+0000] {processor.py:153} INFO - Started process (PID=213) to work on /home/airflow/.local/lib/python3.7/site-packages/airflow/example_dags/example_sensor_decorator.py
[2024-08-27T11:56:33.378+0000] {processor.py:743} INFO - Processing file /home/airflow/.local/lib/python3.7/site-packages/airflow/example_dags/example_sensor_decorator.py for tasks to queue
[2024-08-27T11:56:33.380+0000] {logging_mixin.py:137} INFO - [2024-08-27T11:56:33.380+0000] {dagbag.py:538} INFO - Filling up the DagBag from /home/airflow/.local/lib/python3.7/site-packages/airflow/example_dags/example_sensor_decorator.py
[2024-08-27T11:56:33.406+0000] {processor.py:753} INFO - DAG(s) dict_keys(['example_sensor_decorator']) retrieved from /home/airflow/.local/lib/python3.7/site-packages/airflow/example_dags/example_sensor_decorator.py
[2024-08-27T11:56:33.438+0000] {logging_mixin.py:137} INFO - [2024-08-27T11:56:33.437+0000] {dag.py:2690} INFO - Sync 1 DAGs
[2024-08-27T11:56:33.470+0000] {logging_mixin.py:137} INFO - [2024-08-27T11:56:33.469+0000] {dag.py:3441} INFO - Setting next_dagrun for example_sensor_decorator to None, run_after=None
[2024-08-27T11:56:33.495+0000] {processor.py:175} INFO - Processing /home/airflow/.local/lib/python3.7/site-packages/airflow/example_dags/example_sensor_decorator.py took 0.123 seconds
[2024-08-27T11:57:03.943+0000] {processor.py:153} INFO - Started process (PID=285) to work on /home/airflow/.local/lib/python3.7/site-packages/airflow/example_dags/example_sensor_decorator.py
[2024-08-27T11:57:03.944+0000] {processor.py:743} INFO - Processing file /home/airflow/.local/lib/python3.7/site-packages/airflow/example_dags/example_sensor_decorator.py for tasks to queue
[2024-08-27T11:57:03.945+0000] {logging_mixin.py:137} INFO - [2024-08-27T11:57:03.945+0000] {dagbag.py:538} INFO - Filling up the DagBag from /home/airflow/.local/lib/python3.7/site-packages/airflow/example_dags/example_sensor_decorator.py
[2024-08-27T11:57:03.979+0000] {processor.py:753} INFO - DAG(s) dict_keys(['example_sensor_decorator']) retrieved from /home/airflow/.local/lib/python3.7/site-packages/airflow/example_dags/example_sensor_decorator.py
[2024-08-27T11:57:04.018+0000] {logging_mixin.py:137} INFO - [2024-08-27T11:57:04.018+0000] {dag.py:2690} INFO - Sync 1 DAGs
[2024-08-27T11:57:04.062+0000] {logging_mixin.py:137} INFO - [2024-08-27T11:57:04.062+0000] {dag.py:3441} INFO - Setting next_dagrun for example_sensor_decorator to None, run_after=None
[2024-08-27T11:57:04.099+0000] {processor.py:175} INFO - Processing /home/airflow/.local/lib/python3.7/site-packages/airflow/example_dags/example_sensor_decorator.py took 0.162 seconds
[2024-08-27T11:57:34.860+0000] {processor.py:153} INFO - Started process (PID=365) to work on /home/airflow/.local/lib/python3.7/site-packages/airflow/example_dags/example_sensor_decorator.py
[2024-08-27T11:57:34.861+0000] {processor.py:743} INFO - Processing file /home/airflow/.local/lib/python3.7/site-packages/airflow/example_dags/example_sensor_decorator.py for tasks to queue
[2024-08-27T11:57:34.863+0000] {logging_mixin.py:137} INFO - [2024-08-27T11:57:34.862+0000] {dagbag.py:538} INFO - Filling up the DagBag from /home/airflow/.local/lib/python3.7/site-packages/airflow/example_dags/example_sensor_decorator.py
[2024-08-27T11:57:34.903+0000] {processor.py:753} INFO - DAG(s) dict_keys(['example_sensor_decorator']) retrieved from /home/airflow/.local/lib/python3.7/site-packages/airflow/example_dags/example_sensor_decorator.py
[2024-08-27T11:57:34.942+0000] {logging_mixin.py:137} INFO - [2024-08-27T11:57:34.941+0000] {dag.py:2690} INFO - Sync 1 DAGs
[2024-08-27T11:57:34.986+0000] {logging_mixin.py:137} INFO - [2024-08-27T11:57:34.986+0000] {dag.py:3441} INFO - Setting next_dagrun for example_sensor_decorator to None, run_after=None
[2024-08-27T11:57:35.023+0000] {processor.py:175} INFO - Processing /home/airflow/.local/lib/python3.7/site-packages/airflow/example_dags/example_sensor_decorator.py took 0.167 seconds
[2024-08-27T11:58:05.090+0000] {processor.py:153} INFO - Started process (PID=443) to work on /home/airflow/.local/lib/python3.7/site-packages/airflow/example_dags/example_sensor_decorator.py
[2024-08-27T11:58:05.092+0000] {processor.py:743} INFO - Processing file /home/airflow/.local/lib/python3.7/site-packages/airflow/example_dags/example_sensor_decorator.py for tasks to queue
[2024-08-27T11:58:05.093+0000] {logging_mixin.py:137} INFO - [2024-08-27T11:58:05.093+0000] {dagbag.py:538} INFO - Filling up the DagBag from /home/airflow/.local/lib/python3.7/site-packages/airflow/example_dags/example_sensor_decorator.py
[2024-08-27T11:58:05.121+0000] {processor.py:753} INFO - DAG(s) dict_keys(['example_sensor_decorator']) retrieved from /home/airflow/.local/lib/python3.7/site-packages/airflow/example_dags/example_sensor_decorator.py
[2024-08-27T11:58:05.147+0000] {logging_mixin.py:137} INFO - [2024-08-27T11:58:05.147+0000] {dag.py:2690} INFO - Sync 1 DAGs
[2024-08-27T11:58:05.174+0000] {logging_mixin.py:137} INFO - [2024-08-27T11:58:05.173+0000] {dag.py:3441} INFO - Setting next_dagrun for example_sensor_decorator to None, run_after=None
[2024-08-27T11:58:05.206+0000] {processor.py:175} INFO - Processing /home/airflow/.local/lib/python3.7/site-packages/airflow/example_dags/example_sensor_decorator.py took 0.120 seconds
[2024-08-27T12:00:28.912+0000] {processor.py:153} INFO - Started process (PID=84) to work on /home/airflow/.local/lib/python3.7/site-packages/airflow/example_dags/example_sensor_decorator.py
[2024-08-27T12:00:28.914+0000] {processor.py:743} INFO - Processing file /home/airflow/.local/lib/python3.7/site-packages/airflow/example_dags/example_sensor_decorator.py for tasks to queue
[2024-08-27T12:00:28.916+0000] {logging_mixin.py:137} INFO - [2024-08-27T12:00:28.916+0000] {dagbag.py:538} INFO - Filling up the DagBag from /home/airflow/.local/lib/python3.7/site-packages/airflow/example_dags/example_sensor_decorator.py
[2024-08-27T12:00:28.970+0000] {processor.py:753} INFO - DAG(s) dict_keys(['example_sensor_decorator']) retrieved from /home/airflow/.local/lib/python3.7/site-packages/airflow/example_dags/example_sensor_decorator.py
[2024-08-27T12:00:29.002+0000] {logging_mixin.py:137} INFO - [2024-08-27T12:00:29.002+0000] {dag.py:2690} INFO - Sync 1 DAGs
[2024-08-27T12:00:29.060+0000] {logging_mixin.py:137} INFO - [2024-08-27T12:00:29.059+0000] {dag.py:3441} INFO - Setting next_dagrun for example_sensor_decorator to None, run_after=None
[2024-08-27T12:00:29.102+0000] {processor.py:175} INFO - Processing /home/airflow/.local/lib/python3.7/site-packages/airflow/example_dags/example_sensor_decorator.py took 0.196 seconds
[2024-08-27T12:01:00.406+0000] {processor.py:153} INFO - Started process (PID=168) to work on /home/airflow/.local/lib/python3.7/site-packages/airflow/example_dags/example_sensor_decorator.py
[2024-08-27T12:01:00.408+0000] {processor.py:743} INFO - Processing file /home/airflow/.local/lib/python3.7/site-packages/airflow/example_dags/example_sensor_decorator.py for tasks to queue
[2024-08-27T12:01:00.411+0000] {logging_mixin.py:137} INFO - [2024-08-27T12:01:00.410+0000] {dagbag.py:538} INFO - Filling up the DagBag from /home/airflow/.local/lib/python3.7/site-packages/airflow/example_dags/example_sensor_decorator.py
[2024-08-27T12:01:00.483+0000] {processor.py:753} INFO - DAG(s) dict_keys(['example_sensor_decorator']) retrieved from /home/airflow/.local/lib/python3.7/site-packages/airflow/example_dags/example_sensor_decorator.py
[2024-08-27T12:01:00.556+0000] {logging_mixin.py:137} INFO - [2024-08-27T12:01:00.555+0000] {dag.py:2690} INFO - Sync 1 DAGs
[2024-08-27T12:01:00.636+0000] {logging_mixin.py:137} INFO - [2024-08-27T12:01:00.635+0000] {dag.py:3441} INFO - Setting next_dagrun for example_sensor_decorator to None, run_after=None
[2024-08-27T12:01:00.683+0000] {processor.py:175} INFO - Processing /home/airflow/.local/lib/python3.7/site-packages/airflow/example_dags/example_sensor_decorator.py took 0.289 seconds
