[2024-08-27T11:55:33.006+0000] {processor.py:153} INFO - Started process (PID=78) to work on /home/airflow/.local/lib/python3.7/site-packages/airflow/example_dags/example_branch_python_dop_operator_3.py
[2024-08-27T11:55:33.010+0000] {processor.py:743} INFO - Processing file /home/airflow/.local/lib/python3.7/site-packages/airflow/example_dags/example_branch_python_dop_operator_3.py for tasks to queue
[2024-08-27T11:55:33.012+0000] {logging_mixin.py:137} INFO - [2024-08-27T11:55:33.011+0000] {dagbag.py:538} INFO - Filling up the DagBag from /home/airflow/.local/lib/python3.7/site-packages/airflow/example_dags/example_branch_python_dop_operator_3.py
[2024-08-27T11:55:33.073+0000] {processor.py:753} INFO - DAG(s) dict_keys(['example_branch_dop_operator_v3']) retrieved from /home/airflow/.local/lib/python3.7/site-packages/airflow/example_dags/example_branch_python_dop_operator_3.py
[2024-08-27T11:55:33.122+0000] {logging_mixin.py:137} INFO - [2024-08-27T11:55:33.122+0000] {dag.py:2690} INFO - Sync 1 DAGs
[2024-08-27T11:55:33.184+0000] {logging_mixin.py:137} INFO - [2024-08-27T11:55:33.184+0000] {dag.py:3441} INFO - Setting next_dagrun for example_branch_dop_operator_v3 to 2024-08-27T11:54:00+00:00, run_after=2024-08-27T11:55:00+00:00
[2024-08-27T11:55:33.261+0000] {processor.py:175} INFO - Processing /home/airflow/.local/lib/python3.7/site-packages/airflow/example_dags/example_branch_python_dop_operator_3.py took 0.263 seconds
[2024-08-27T11:56:03.663+0000] {processor.py:153} INFO - Started process (PID=149) to work on /home/airflow/.local/lib/python3.7/site-packages/airflow/example_dags/example_branch_python_dop_operator_3.py
[2024-08-27T11:56:03.664+0000] {processor.py:743} INFO - Processing file /home/airflow/.local/lib/python3.7/site-packages/airflow/example_dags/example_branch_python_dop_operator_3.py for tasks to queue
[2024-08-27T11:56:03.666+0000] {logging_mixin.py:137} INFO - [2024-08-27T11:56:03.665+0000] {dagbag.py:538} INFO - Filling up the DagBag from /home/airflow/.local/lib/python3.7/site-packages/airflow/example_dags/example_branch_python_dop_operator_3.py
[2024-08-27T11:56:03.706+0000] {processor.py:753} INFO - DAG(s) dict_keys(['example_branch_dop_operator_v3']) retrieved from /home/airflow/.local/lib/python3.7/site-packages/airflow/example_dags/example_branch_python_dop_operator_3.py
[2024-08-27T11:56:03.747+0000] {logging_mixin.py:137} INFO - [2024-08-27T11:56:03.747+0000] {dag.py:2690} INFO - Sync 1 DAGs
[2024-08-27T11:56:03.798+0000] {logging_mixin.py:137} INFO - [2024-08-27T11:56:03.798+0000] {dag.py:3441} INFO - Setting next_dagrun for example_branch_dop_operator_v3 to 2024-08-27T11:55:00+00:00, run_after=2024-08-27T11:56:00+00:00
[2024-08-27T11:56:03.830+0000] {processor.py:175} INFO - Processing /home/airflow/.local/lib/python3.7/site-packages/airflow/example_dags/example_branch_python_dop_operator_3.py took 0.172 seconds
[2024-08-27T11:56:33.898+0000] {processor.py:153} INFO - Started process (PID=220) to work on /home/airflow/.local/lib/python3.7/site-packages/airflow/example_dags/example_branch_python_dop_operator_3.py
[2024-08-27T11:56:33.900+0000] {processor.py:743} INFO - Processing file /home/airflow/.local/lib/python3.7/site-packages/airflow/example_dags/example_branch_python_dop_operator_3.py for tasks to queue
[2024-08-27T11:56:33.901+0000] {logging_mixin.py:137} INFO - [2024-08-27T11:56:33.900+0000] {dagbag.py:538} INFO - Filling up the DagBag from /home/airflow/.local/lib/python3.7/site-packages/airflow/example_dags/example_branch_python_dop_operator_3.py
[2024-08-27T11:56:33.933+0000] {processor.py:753} INFO - DAG(s) dict_keys(['example_branch_dop_operator_v3']) retrieved from /home/airflow/.local/lib/python3.7/site-packages/airflow/example_dags/example_branch_python_dop_operator_3.py
[2024-08-27T11:56:33.973+0000] {logging_mixin.py:137} INFO - [2024-08-27T11:56:33.973+0000] {dag.py:2690} INFO - Sync 1 DAGs
[2024-08-27T11:56:34.024+0000] {logging_mixin.py:137} INFO - [2024-08-27T11:56:34.023+0000] {dag.py:3441} INFO - Setting next_dagrun for example_branch_dop_operator_v3 to 2024-08-27T11:55:00+00:00, run_after=2024-08-27T11:56:00+00:00
[2024-08-27T11:56:34.067+0000] {processor.py:175} INFO - Processing /home/airflow/.local/lib/python3.7/site-packages/airflow/example_dags/example_branch_python_dop_operator_3.py took 0.175 seconds
[2024-08-27T11:57:04.668+0000] {processor.py:153} INFO - Started process (PID=292) to work on /home/airflow/.local/lib/python3.7/site-packages/airflow/example_dags/example_branch_python_dop_operator_3.py
[2024-08-27T11:57:04.670+0000] {processor.py:743} INFO - Processing file /home/airflow/.local/lib/python3.7/site-packages/airflow/example_dags/example_branch_python_dop_operator_3.py for tasks to queue
[2024-08-27T11:57:04.672+0000] {logging_mixin.py:137} INFO - [2024-08-27T11:57:04.671+0000] {dagbag.py:538} INFO - Filling up the DagBag from /home/airflow/.local/lib/python3.7/site-packages/airflow/example_dags/example_branch_python_dop_operator_3.py
[2024-08-27T11:57:04.714+0000] {processor.py:753} INFO - DAG(s) dict_keys(['example_branch_dop_operator_v3']) retrieved from /home/airflow/.local/lib/python3.7/site-packages/airflow/example_dags/example_branch_python_dop_operator_3.py
[2024-08-27T11:57:04.765+0000] {logging_mixin.py:137} INFO - [2024-08-27T11:57:04.765+0000] {dag.py:2690} INFO - Sync 1 DAGs
[2024-08-27T11:57:04.878+0000] {logging_mixin.py:137} INFO - [2024-08-27T11:57:04.878+0000] {dag.py:3441} INFO - Setting next_dagrun for example_branch_dop_operator_v3 to 2024-08-27T11:56:00+00:00, run_after=2024-08-27T11:57:00+00:00
[2024-08-27T11:57:04.918+0000] {processor.py:175} INFO - Processing /home/airflow/.local/lib/python3.7/site-packages/airflow/example_dags/example_branch_python_dop_operator_3.py took 0.257 seconds
[2024-08-27T11:57:35.814+0000] {processor.py:153} INFO - Started process (PID=379) to work on /home/airflow/.local/lib/python3.7/site-packages/airflow/example_dags/example_branch_python_dop_operator_3.py
[2024-08-27T11:57:35.816+0000] {processor.py:743} INFO - Processing file /home/airflow/.local/lib/python3.7/site-packages/airflow/example_dags/example_branch_python_dop_operator_3.py for tasks to queue
[2024-08-27T11:57:35.817+0000] {logging_mixin.py:137} INFO - [2024-08-27T11:57:35.817+0000] {dagbag.py:538} INFO - Filling up the DagBag from /home/airflow/.local/lib/python3.7/site-packages/airflow/example_dags/example_branch_python_dop_operator_3.py
[2024-08-27T11:57:35.857+0000] {processor.py:753} INFO - DAG(s) dict_keys(['example_branch_dop_operator_v3']) retrieved from /home/airflow/.local/lib/python3.7/site-packages/airflow/example_dags/example_branch_python_dop_operator_3.py
[2024-08-27T11:57:35.919+0000] {logging_mixin.py:137} INFO - [2024-08-27T11:57:35.919+0000] {dag.py:2690} INFO - Sync 1 DAGs
[2024-08-27T11:57:36.004+0000] {logging_mixin.py:137} INFO - [2024-08-27T11:57:36.003+0000] {dag.py:3441} INFO - Setting next_dagrun for example_branch_dop_operator_v3 to 2024-08-27T11:56:00+00:00, run_after=2024-08-27T11:57:00+00:00
[2024-08-27T11:57:36.038+0000] {processor.py:175} INFO - Processing /home/airflow/.local/lib/python3.7/site-packages/airflow/example_dags/example_branch_python_dop_operator_3.py took 0.229 seconds
[2024-08-27T11:58:06.271+0000] {processor.py:153} INFO - Started process (PID=450) to work on /home/airflow/.local/lib/python3.7/site-packages/airflow/example_dags/example_branch_python_dop_operator_3.py
[2024-08-27T11:58:06.272+0000] {processor.py:743} INFO - Processing file /home/airflow/.local/lib/python3.7/site-packages/airflow/example_dags/example_branch_python_dop_operator_3.py for tasks to queue
[2024-08-27T11:58:06.274+0000] {logging_mixin.py:137} INFO - [2024-08-27T11:58:06.274+0000] {dagbag.py:538} INFO - Filling up the DagBag from /home/airflow/.local/lib/python3.7/site-packages/airflow/example_dags/example_branch_python_dop_operator_3.py
[2024-08-27T11:58:06.311+0000] {processor.py:753} INFO - DAG(s) dict_keys(['example_branch_dop_operator_v3']) retrieved from /home/airflow/.local/lib/python3.7/site-packages/airflow/example_dags/example_branch_python_dop_operator_3.py
[2024-08-27T11:58:06.353+0000] {logging_mixin.py:137} INFO - [2024-08-27T11:58:06.353+0000] {dag.py:2690} INFO - Sync 1 DAGs
[2024-08-27T11:58:06.403+0000] {logging_mixin.py:137} INFO - [2024-08-27T11:58:06.403+0000] {dag.py:3441} INFO - Setting next_dagrun for example_branch_dop_operator_v3 to 2024-08-27T11:57:00+00:00, run_after=2024-08-27T11:58:00+00:00
[2024-08-27T11:58:06.449+0000] {processor.py:175} INFO - Processing /home/airflow/.local/lib/python3.7/site-packages/airflow/example_dags/example_branch_python_dop_operator_3.py took 0.183 seconds
[2024-08-27T12:00:29.645+0000] {processor.py:153} INFO - Started process (PID=91) to work on /home/airflow/.local/lib/python3.7/site-packages/airflow/example_dags/example_branch_python_dop_operator_3.py
[2024-08-27T12:00:29.647+0000] {processor.py:743} INFO - Processing file /home/airflow/.local/lib/python3.7/site-packages/airflow/example_dags/example_branch_python_dop_operator_3.py for tasks to queue
[2024-08-27T12:00:29.648+0000] {logging_mixin.py:137} INFO - [2024-08-27T12:00:29.648+0000] {dagbag.py:538} INFO - Filling up the DagBag from /home/airflow/.local/lib/python3.7/site-packages/airflow/example_dags/example_branch_python_dop_operator_3.py
[2024-08-27T12:00:29.690+0000] {processor.py:753} INFO - DAG(s) dict_keys(['example_branch_dop_operator_v3']) retrieved from /home/airflow/.local/lib/python3.7/site-packages/airflow/example_dags/example_branch_python_dop_operator_3.py
[2024-08-27T12:00:29.709+0000] {logging_mixin.py:137} INFO - [2024-08-27T12:00:29.709+0000] {dag.py:2690} INFO - Sync 1 DAGs
[2024-08-27T12:00:29.755+0000] {logging_mixin.py:137} INFO - [2024-08-27T12:00:29.754+0000] {dag.py:3441} INFO - Setting next_dagrun for example_branch_dop_operator_v3 to 2024-08-27T11:59:00+00:00, run_after=2024-08-27T12:00:00+00:00
[2024-08-27T12:00:29.802+0000] {processor.py:175} INFO - Processing /home/airflow/.local/lib/python3.7/site-packages/airflow/example_dags/example_branch_python_dop_operator_3.py took 0.162 seconds
[2024-08-27T12:01:01.726+0000] {processor.py:153} INFO - Started process (PID=175) to work on /home/airflow/.local/lib/python3.7/site-packages/airflow/example_dags/example_branch_python_dop_operator_3.py
[2024-08-27T12:01:01.737+0000] {processor.py:743} INFO - Processing file /home/airflow/.local/lib/python3.7/site-packages/airflow/example_dags/example_branch_python_dop_operator_3.py for tasks to queue
[2024-08-27T12:01:01.743+0000] {logging_mixin.py:137} INFO - [2024-08-27T12:01:01.742+0000] {dagbag.py:538} INFO - Filling up the DagBag from /home/airflow/.local/lib/python3.7/site-packages/airflow/example_dags/example_branch_python_dop_operator_3.py
[2024-08-27T12:01:01.805+0000] {processor.py:753} INFO - DAG(s) dict_keys(['example_branch_dop_operator_v3']) retrieved from /home/airflow/.local/lib/python3.7/site-packages/airflow/example_dags/example_branch_python_dop_operator_3.py
[2024-08-27T12:01:01.865+0000] {logging_mixin.py:137} INFO - [2024-08-27T12:01:01.864+0000] {dag.py:2690} INFO - Sync 1 DAGs
[2024-08-27T12:01:01.957+0000] {logging_mixin.py:137} INFO - [2024-08-27T12:01:01.956+0000] {dag.py:3441} INFO - Setting next_dagrun for example_branch_dop_operator_v3 to 2024-08-27T12:00:00+00:00, run_after=2024-08-27T12:01:00+00:00
[2024-08-27T12:01:02.024+0000] {processor.py:175} INFO - Processing /home/airflow/.local/lib/python3.7/site-packages/airflow/example_dags/example_branch_python_dop_operator_3.py took 0.304 seconds
