[2024-08-27T11:55:34.416+0000] {processor.py:153} INFO - Started process (PID=84) to work on /home/airflow/.local/lib/python3.7/site-packages/airflow/example_dags/example_local_kubernetes_executor.py
[2024-08-27T11:55:34.419+0000] {processor.py:743} INFO - Processing file /home/airflow/.local/lib/python3.7/site-packages/airflow/example_dags/example_local_kubernetes_executor.py for tasks to queue
[2024-08-27T11:55:34.421+0000] {logging_mixin.py:137} INFO - [2024-08-27T11:55:34.420+0000] {dagbag.py:538} INFO - Filling up the DagBag from /home/airflow/.local/lib/python3.7/site-packages/airflow/example_dags/example_local_kubernetes_executor.py
[2024-08-27T11:55:34.518+0000] {processor.py:753} INFO - DAG(s) dict_keys(['example_local_kubernetes_executor']) retrieved from /home/airflow/.local/lib/python3.7/site-packages/airflow/example_dags/example_local_kubernetes_executor.py
[2024-08-27T11:55:34.622+0000] {logging_mixin.py:137} INFO - [2024-08-27T11:55:34.622+0000] {dag.py:2690} INFO - Sync 1 DAGs
[2024-08-27T11:55:34.697+0000] {logging_mixin.py:137} INFO - [2024-08-27T11:55:34.697+0000] {dag.py:3441} INFO - Setting next_dagrun for example_local_kubernetes_executor to None, run_after=None
[2024-08-27T11:55:34.753+0000] {processor.py:175} INFO - Processing /home/airflow/.local/lib/python3.7/site-packages/airflow/example_dags/example_local_kubernetes_executor.py took 0.350 seconds
[2024-08-27T11:56:05.255+0000] {processor.py:153} INFO - Started process (PID=155) to work on /home/airflow/.local/lib/python3.7/site-packages/airflow/example_dags/example_local_kubernetes_executor.py
[2024-08-27T11:56:05.256+0000] {processor.py:743} INFO - Processing file /home/airflow/.local/lib/python3.7/site-packages/airflow/example_dags/example_local_kubernetes_executor.py for tasks to queue
[2024-08-27T11:56:05.257+0000] {logging_mixin.py:137} INFO - [2024-08-27T11:56:05.257+0000] {dagbag.py:538} INFO - Filling up the DagBag from /home/airflow/.local/lib/python3.7/site-packages/airflow/example_dags/example_local_kubernetes_executor.py
[2024-08-27T11:56:05.286+0000] {processor.py:753} INFO - DAG(s) dict_keys(['example_local_kubernetes_executor']) retrieved from /home/airflow/.local/lib/python3.7/site-packages/airflow/example_dags/example_local_kubernetes_executor.py
[2024-08-27T11:56:05.320+0000] {logging_mixin.py:137} INFO - [2024-08-27T11:56:05.320+0000] {dag.py:2690} INFO - Sync 1 DAGs
[2024-08-27T11:56:05.349+0000] {logging_mixin.py:137} INFO - [2024-08-27T11:56:05.349+0000] {dag.py:3441} INFO - Setting next_dagrun for example_local_kubernetes_executor to None, run_after=None
[2024-08-27T11:56:05.375+0000] {processor.py:175} INFO - Processing /home/airflow/.local/lib/python3.7/site-packages/airflow/example_dags/example_local_kubernetes_executor.py took 0.124 seconds
[2024-08-27T11:56:35.459+0000] {processor.py:153} INFO - Started process (PID=226) to work on /home/airflow/.local/lib/python3.7/site-packages/airflow/example_dags/example_local_kubernetes_executor.py
[2024-08-27T11:56:35.460+0000] {processor.py:743} INFO - Processing file /home/airflow/.local/lib/python3.7/site-packages/airflow/example_dags/example_local_kubernetes_executor.py for tasks to queue
[2024-08-27T11:56:35.461+0000] {logging_mixin.py:137} INFO - [2024-08-27T11:56:35.461+0000] {dagbag.py:538} INFO - Filling up the DagBag from /home/airflow/.local/lib/python3.7/site-packages/airflow/example_dags/example_local_kubernetes_executor.py
[2024-08-27T11:56:35.487+0000] {processor.py:753} INFO - DAG(s) dict_keys(['example_local_kubernetes_executor']) retrieved from /home/airflow/.local/lib/python3.7/site-packages/airflow/example_dags/example_local_kubernetes_executor.py
[2024-08-27T11:56:35.534+0000] {logging_mixin.py:137} INFO - [2024-08-27T11:56:35.533+0000] {dag.py:2690} INFO - Sync 1 DAGs
[2024-08-27T11:56:35.565+0000] {logging_mixin.py:137} INFO - [2024-08-27T11:56:35.564+0000] {dag.py:3441} INFO - Setting next_dagrun for example_local_kubernetes_executor to None, run_after=None
[2024-08-27T11:56:35.595+0000] {processor.py:175} INFO - Processing /home/airflow/.local/lib/python3.7/site-packages/airflow/example_dags/example_local_kubernetes_executor.py took 0.139 seconds
[2024-08-27T11:57:06.988+0000] {processor.py:153} INFO - Started process (PID=307) to work on /home/airflow/.local/lib/python3.7/site-packages/airflow/example_dags/example_local_kubernetes_executor.py
[2024-08-27T11:57:06.991+0000] {processor.py:743} INFO - Processing file /home/airflow/.local/lib/python3.7/site-packages/airflow/example_dags/example_local_kubernetes_executor.py for tasks to queue
[2024-08-27T11:57:06.993+0000] {logging_mixin.py:137} INFO - [2024-08-27T11:57:06.993+0000] {dagbag.py:538} INFO - Filling up the DagBag from /home/airflow/.local/lib/python3.7/site-packages/airflow/example_dags/example_local_kubernetes_executor.py
[2024-08-27T11:57:07.070+0000] {processor.py:753} INFO - DAG(s) dict_keys(['example_local_kubernetes_executor']) retrieved from /home/airflow/.local/lib/python3.7/site-packages/airflow/example_dags/example_local_kubernetes_executor.py
[2024-08-27T11:57:07.131+0000] {logging_mixin.py:137} INFO - [2024-08-27T11:57:07.131+0000] {dag.py:2690} INFO - Sync 1 DAGs
[2024-08-27T11:57:07.242+0000] {logging_mixin.py:137} INFO - [2024-08-27T11:57:07.242+0000] {dag.py:3441} INFO - Setting next_dagrun for example_local_kubernetes_executor to None, run_after=None
[2024-08-27T11:57:07.338+0000] {processor.py:175} INFO - Processing /home/airflow/.local/lib/python3.7/site-packages/airflow/example_dags/example_local_kubernetes_executor.py took 0.368 seconds
[2024-08-27T11:57:37.660+0000] {processor.py:153} INFO - Started process (PID=385) to work on /home/airflow/.local/lib/python3.7/site-packages/airflow/example_dags/example_local_kubernetes_executor.py
[2024-08-27T11:57:37.661+0000] {processor.py:743} INFO - Processing file /home/airflow/.local/lib/python3.7/site-packages/airflow/example_dags/example_local_kubernetes_executor.py for tasks to queue
[2024-08-27T11:57:37.662+0000] {logging_mixin.py:137} INFO - [2024-08-27T11:57:37.662+0000] {dagbag.py:538} INFO - Filling up the DagBag from /home/airflow/.local/lib/python3.7/site-packages/airflow/example_dags/example_local_kubernetes_executor.py
[2024-08-27T11:57:37.693+0000] {processor.py:753} INFO - DAG(s) dict_keys(['example_local_kubernetes_executor']) retrieved from /home/airflow/.local/lib/python3.7/site-packages/airflow/example_dags/example_local_kubernetes_executor.py
[2024-08-27T11:57:37.725+0000] {logging_mixin.py:137} INFO - [2024-08-27T11:57:37.725+0000] {dag.py:2690} INFO - Sync 1 DAGs
[2024-08-27T11:57:37.755+0000] {logging_mixin.py:137} INFO - [2024-08-27T11:57:37.755+0000] {dag.py:3441} INFO - Setting next_dagrun for example_local_kubernetes_executor to None, run_after=None
[2024-08-27T11:57:37.783+0000] {processor.py:175} INFO - Processing /home/airflow/.local/lib/python3.7/site-packages/airflow/example_dags/example_local_kubernetes_executor.py took 0.126 seconds
[2024-08-27T11:58:07.897+0000] {processor.py:153} INFO - Started process (PID=456) to work on /home/airflow/.local/lib/python3.7/site-packages/airflow/example_dags/example_local_kubernetes_executor.py
[2024-08-27T11:58:07.898+0000] {processor.py:743} INFO - Processing file /home/airflow/.local/lib/python3.7/site-packages/airflow/example_dags/example_local_kubernetes_executor.py for tasks to queue
[2024-08-27T11:58:07.899+0000] {logging_mixin.py:137} INFO - [2024-08-27T11:58:07.899+0000] {dagbag.py:538} INFO - Filling up the DagBag from /home/airflow/.local/lib/python3.7/site-packages/airflow/example_dags/example_local_kubernetes_executor.py
[2024-08-27T11:58:07.929+0000] {processor.py:753} INFO - DAG(s) dict_keys(['example_local_kubernetes_executor']) retrieved from /home/airflow/.local/lib/python3.7/site-packages/airflow/example_dags/example_local_kubernetes_executor.py
[2024-08-27T11:58:07.963+0000] {logging_mixin.py:137} INFO - [2024-08-27T11:58:07.963+0000] {dag.py:2690} INFO - Sync 1 DAGs
[2024-08-27T11:58:07.997+0000] {logging_mixin.py:137} INFO - [2024-08-27T11:58:07.996+0000] {dag.py:3441} INFO - Setting next_dagrun for example_local_kubernetes_executor to None, run_after=None
[2024-08-27T11:58:08.025+0000] {processor.py:175} INFO - Processing /home/airflow/.local/lib/python3.7/site-packages/airflow/example_dags/example_local_kubernetes_executor.py took 0.133 seconds
[2024-08-27T12:00:30.249+0000] {processor.py:153} INFO - Started process (PID=97) to work on /home/airflow/.local/lib/python3.7/site-packages/airflow/example_dags/example_local_kubernetes_executor.py
[2024-08-27T12:00:30.251+0000] {processor.py:743} INFO - Processing file /home/airflow/.local/lib/python3.7/site-packages/airflow/example_dags/example_local_kubernetes_executor.py for tasks to queue
[2024-08-27T12:00:30.252+0000] {logging_mixin.py:137} INFO - [2024-08-27T12:00:30.252+0000] {dagbag.py:538} INFO - Filling up the DagBag from /home/airflow/.local/lib/python3.7/site-packages/airflow/example_dags/example_local_kubernetes_executor.py
[2024-08-27T12:00:30.299+0000] {processor.py:753} INFO - DAG(s) dict_keys(['example_local_kubernetes_executor']) retrieved from /home/airflow/.local/lib/python3.7/site-packages/airflow/example_dags/example_local_kubernetes_executor.py
[2024-08-27T12:00:30.319+0000] {logging_mixin.py:137} INFO - [2024-08-27T12:00:30.319+0000] {dag.py:2690} INFO - Sync 1 DAGs
[2024-08-27T12:00:30.366+0000] {logging_mixin.py:137} INFO - [2024-08-27T12:00:30.366+0000] {dag.py:3441} INFO - Setting next_dagrun for example_local_kubernetes_executor to None, run_after=None
[2024-08-27T12:00:30.402+0000] {processor.py:175} INFO - Processing /home/airflow/.local/lib/python3.7/site-packages/airflow/example_dags/example_local_kubernetes_executor.py took 0.158 seconds
[2024-08-27T12:01:02.871+0000] {processor.py:153} INFO - Started process (PID=181) to work on /home/airflow/.local/lib/python3.7/site-packages/airflow/example_dags/example_local_kubernetes_executor.py
[2024-08-27T12:01:02.875+0000] {processor.py:743} INFO - Processing file /home/airflow/.local/lib/python3.7/site-packages/airflow/example_dags/example_local_kubernetes_executor.py for tasks to queue
[2024-08-27T12:01:02.882+0000] {logging_mixin.py:137} INFO - [2024-08-27T12:01:02.881+0000] {dagbag.py:538} INFO - Filling up the DagBag from /home/airflow/.local/lib/python3.7/site-packages/airflow/example_dags/example_local_kubernetes_executor.py
[2024-08-27T12:01:02.940+0000] {processor.py:753} INFO - DAG(s) dict_keys(['example_local_kubernetes_executor']) retrieved from /home/airflow/.local/lib/python3.7/site-packages/airflow/example_dags/example_local_kubernetes_executor.py
[2024-08-27T12:01:02.996+0000] {logging_mixin.py:137} INFO - [2024-08-27T12:01:02.995+0000] {dag.py:2690} INFO - Sync 1 DAGs
[2024-08-27T12:01:03.062+0000] {logging_mixin.py:137} INFO - [2024-08-27T12:01:03.062+0000] {dag.py:3441} INFO - Setting next_dagrun for example_local_kubernetes_executor to None, run_after=None
[2024-08-27T12:01:03.117+0000] {processor.py:175} INFO - Processing /home/airflow/.local/lib/python3.7/site-packages/airflow/example_dags/example_local_kubernetes_executor.py took 0.252 seconds
