[2024-08-27T11:55:32.383+0000] {processor.py:153} INFO - Started process (PID=74) to work on /home/airflow/.local/lib/python3.7/site-packages/airflow/example_dags/example_nested_branch_dag.py
[2024-08-27T11:55:32.385+0000] {processor.py:743} INFO - Processing file /home/airflow/.local/lib/python3.7/site-packages/airflow/example_dags/example_nested_branch_dag.py for tasks to queue
[2024-08-27T11:55:32.386+0000] {logging_mixin.py:137} INFO - [2024-08-27T11:55:32.386+0000] {dagbag.py:538} INFO - Filling up the DagBag from /home/airflow/.local/lib/python3.7/site-packages/airflow/example_dags/example_nested_branch_dag.py
[2024-08-27T11:55:32.443+0000] {processor.py:753} INFO - DAG(s) dict_keys(['example_nested_branch_dag']) retrieved from /home/airflow/.local/lib/python3.7/site-packages/airflow/example_dags/example_nested_branch_dag.py
[2024-08-27T11:55:32.498+0000] {logging_mixin.py:137} INFO - [2024-08-27T11:55:32.497+0000] {dag.py:2690} INFO - Sync 1 DAGs
[2024-08-27T11:55:32.555+0000] {logging_mixin.py:137} INFO - [2024-08-27T11:55:32.555+0000] {dag.py:3441} INFO - Setting next_dagrun for example_nested_branch_dag to 2024-08-26T00:00:00+00:00, run_after=2024-08-27T00:00:00+00:00
[2024-08-27T11:55:32.625+0000] {processor.py:175} INFO - Processing /home/airflow/.local/lib/python3.7/site-packages/airflow/example_dags/example_nested_branch_dag.py took 0.247 seconds
[2024-08-27T11:56:03.263+0000] {processor.py:153} INFO - Started process (PID=145) to work on /home/airflow/.local/lib/python3.7/site-packages/airflow/example_dags/example_nested_branch_dag.py
[2024-08-27T11:56:03.264+0000] {processor.py:743} INFO - Processing file /home/airflow/.local/lib/python3.7/site-packages/airflow/example_dags/example_nested_branch_dag.py for tasks to queue
[2024-08-27T11:56:03.266+0000] {logging_mixin.py:137} INFO - [2024-08-27T11:56:03.266+0000] {dagbag.py:538} INFO - Filling up the DagBag from /home/airflow/.local/lib/python3.7/site-packages/airflow/example_dags/example_nested_branch_dag.py
[2024-08-27T11:56:03.293+0000] {processor.py:753} INFO - DAG(s) dict_keys(['example_nested_branch_dag']) retrieved from /home/airflow/.local/lib/python3.7/site-packages/airflow/example_dags/example_nested_branch_dag.py
[2024-08-27T11:56:03.330+0000] {logging_mixin.py:137} INFO - [2024-08-27T11:56:03.329+0000] {dag.py:2690} INFO - Sync 1 DAGs
[2024-08-27T11:56:03.386+0000] {logging_mixin.py:137} INFO - [2024-08-27T11:56:03.386+0000] {dag.py:3441} INFO - Setting next_dagrun for example_nested_branch_dag to 2024-08-26T00:00:00+00:00, run_after=2024-08-27T00:00:00+00:00
[2024-08-27T11:56:03.420+0000] {processor.py:175} INFO - Processing /home/airflow/.local/lib/python3.7/site-packages/airflow/example_dags/example_nested_branch_dag.py took 0.160 seconds
[2024-08-27T11:56:33.549+0000] {processor.py:153} INFO - Started process (PID=216) to work on /home/airflow/.local/lib/python3.7/site-packages/airflow/example_dags/example_nested_branch_dag.py
[2024-08-27T11:56:33.550+0000] {processor.py:743} INFO - Processing file /home/airflow/.local/lib/python3.7/site-packages/airflow/example_dags/example_nested_branch_dag.py for tasks to queue
[2024-08-27T11:56:33.552+0000] {logging_mixin.py:137} INFO - [2024-08-27T11:56:33.552+0000] {dagbag.py:538} INFO - Filling up the DagBag from /home/airflow/.local/lib/python3.7/site-packages/airflow/example_dags/example_nested_branch_dag.py
[2024-08-27T11:56:33.582+0000] {processor.py:753} INFO - DAG(s) dict_keys(['example_nested_branch_dag']) retrieved from /home/airflow/.local/lib/python3.7/site-packages/airflow/example_dags/example_nested_branch_dag.py
[2024-08-27T11:56:33.612+0000] {logging_mixin.py:137} INFO - [2024-08-27T11:56:33.611+0000] {dag.py:2690} INFO - Sync 1 DAGs
[2024-08-27T11:56:33.648+0000] {logging_mixin.py:137} INFO - [2024-08-27T11:56:33.648+0000] {dag.py:3441} INFO - Setting next_dagrun for example_nested_branch_dag to 2024-08-26T00:00:00+00:00, run_after=2024-08-27T00:00:00+00:00
[2024-08-27T11:56:33.674+0000] {processor.py:175} INFO - Processing /home/airflow/.local/lib/python3.7/site-packages/airflow/example_dags/example_nested_branch_dag.py took 0.129 seconds
[2024-08-27T11:57:04.174+0000] {processor.py:153} INFO - Started process (PID=288) to work on /home/airflow/.local/lib/python3.7/site-packages/airflow/example_dags/example_nested_branch_dag.py
[2024-08-27T11:57:04.176+0000] {processor.py:743} INFO - Processing file /home/airflow/.local/lib/python3.7/site-packages/airflow/example_dags/example_nested_branch_dag.py for tasks to queue
[2024-08-27T11:57:04.177+0000] {logging_mixin.py:137} INFO - [2024-08-27T11:57:04.177+0000] {dagbag.py:538} INFO - Filling up the DagBag from /home/airflow/.local/lib/python3.7/site-packages/airflow/example_dags/example_nested_branch_dag.py
[2024-08-27T11:57:04.214+0000] {processor.py:753} INFO - DAG(s) dict_keys(['example_nested_branch_dag']) retrieved from /home/airflow/.local/lib/python3.7/site-packages/airflow/example_dags/example_nested_branch_dag.py
[2024-08-27T11:57:04.255+0000] {logging_mixin.py:137} INFO - [2024-08-27T11:57:04.255+0000] {dag.py:2690} INFO - Sync 1 DAGs
[2024-08-27T11:57:04.299+0000] {logging_mixin.py:137} INFO - [2024-08-27T11:57:04.299+0000] {dag.py:3441} INFO - Setting next_dagrun for example_nested_branch_dag to 2024-08-26T00:00:00+00:00, run_after=2024-08-27T00:00:00+00:00
[2024-08-27T11:57:04.327+0000] {processor.py:175} INFO - Processing /home/airflow/.local/lib/python3.7/site-packages/airflow/example_dags/example_nested_branch_dag.py took 0.158 seconds
[2024-08-27T11:57:35.201+0000] {processor.py:153} INFO - Started process (PID=368) to work on /home/airflow/.local/lib/python3.7/site-packages/airflow/example_dags/example_nested_branch_dag.py
[2024-08-27T11:57:35.231+0000] {processor.py:743} INFO - Processing file /home/airflow/.local/lib/python3.7/site-packages/airflow/example_dags/example_nested_branch_dag.py for tasks to queue
[2024-08-27T11:57:35.236+0000] {logging_mixin.py:137} INFO - [2024-08-27T11:57:35.234+0000] {dagbag.py:538} INFO - Filling up the DagBag from /home/airflow/.local/lib/python3.7/site-packages/airflow/example_dags/example_nested_branch_dag.py
[2024-08-27T11:57:35.321+0000] {processor.py:753} INFO - DAG(s) dict_keys(['example_nested_branch_dag']) retrieved from /home/airflow/.local/lib/python3.7/site-packages/airflow/example_dags/example_nested_branch_dag.py
[2024-08-27T11:57:35.400+0000] {logging_mixin.py:137} INFO - [2024-08-27T11:57:35.399+0000] {dag.py:2690} INFO - Sync 1 DAGs
[2024-08-27T11:57:35.470+0000] {logging_mixin.py:137} INFO - [2024-08-27T11:57:35.470+0000] {dag.py:3441} INFO - Setting next_dagrun for example_nested_branch_dag to 2024-08-26T00:00:00+00:00, run_after=2024-08-27T00:00:00+00:00
[2024-08-27T11:57:35.520+0000] {processor.py:175} INFO - Processing /home/airflow/.local/lib/python3.7/site-packages/airflow/example_dags/example_nested_branch_dag.py took 0.346 seconds
[2024-08-27T11:58:05.570+0000] {processor.py:153} INFO - Started process (PID=446) to work on /home/airflow/.local/lib/python3.7/site-packages/airflow/example_dags/example_nested_branch_dag.py
[2024-08-27T11:58:05.572+0000] {processor.py:743} INFO - Processing file /home/airflow/.local/lib/python3.7/site-packages/airflow/example_dags/example_nested_branch_dag.py for tasks to queue
[2024-08-27T11:58:05.574+0000] {logging_mixin.py:137} INFO - [2024-08-27T11:58:05.573+0000] {dagbag.py:538} INFO - Filling up the DagBag from /home/airflow/.local/lib/python3.7/site-packages/airflow/example_dags/example_nested_branch_dag.py
[2024-08-27T11:58:05.614+0000] {processor.py:753} INFO - DAG(s) dict_keys(['example_nested_branch_dag']) retrieved from /home/airflow/.local/lib/python3.7/site-packages/airflow/example_dags/example_nested_branch_dag.py
[2024-08-27T11:58:05.651+0000] {logging_mixin.py:137} INFO - [2024-08-27T11:58:05.651+0000] {dag.py:2690} INFO - Sync 1 DAGs
[2024-08-27T11:58:05.689+0000] {logging_mixin.py:137} INFO - [2024-08-27T11:58:05.689+0000] {dag.py:3441} INFO - Setting next_dagrun for example_nested_branch_dag to 2024-08-26T00:00:00+00:00, run_after=2024-08-27T00:00:00+00:00
[2024-08-27T11:58:05.717+0000] {processor.py:175} INFO - Processing /home/airflow/.local/lib/python3.7/site-packages/airflow/example_dags/example_nested_branch_dag.py took 0.152 seconds
[2024-08-27T12:00:29.270+0000] {processor.py:153} INFO - Started process (PID=87) to work on /home/airflow/.local/lib/python3.7/site-packages/airflow/example_dags/example_nested_branch_dag.py
[2024-08-27T12:00:29.278+0000] {processor.py:743} INFO - Processing file /home/airflow/.local/lib/python3.7/site-packages/airflow/example_dags/example_nested_branch_dag.py for tasks to queue
[2024-08-27T12:00:29.281+0000] {logging_mixin.py:137} INFO - [2024-08-27T12:00:29.280+0000] {dagbag.py:538} INFO - Filling up the DagBag from /home/airflow/.local/lib/python3.7/site-packages/airflow/example_dags/example_nested_branch_dag.py
[2024-08-27T12:00:29.327+0000] {processor.py:753} INFO - DAG(s) dict_keys(['example_nested_branch_dag']) retrieved from /home/airflow/.local/lib/python3.7/site-packages/airflow/example_dags/example_nested_branch_dag.py
[2024-08-27T12:00:29.346+0000] {logging_mixin.py:137} INFO - [2024-08-27T12:00:29.346+0000] {dag.py:2690} INFO - Sync 1 DAGs
[2024-08-27T12:00:29.422+0000] {logging_mixin.py:137} INFO - [2024-08-27T12:00:29.422+0000] {dag.py:3441} INFO - Setting next_dagrun for example_nested_branch_dag to 2024-08-26T00:00:00+00:00, run_after=2024-08-27T00:00:00+00:00
[2024-08-27T12:00:29.453+0000] {processor.py:175} INFO - Processing /home/airflow/.local/lib/python3.7/site-packages/airflow/example_dags/example_nested_branch_dag.py took 0.191 seconds
[2024-08-27T12:01:01.059+0000] {processor.py:153} INFO - Started process (PID=171) to work on /home/airflow/.local/lib/python3.7/site-packages/airflow/example_dags/example_nested_branch_dag.py
[2024-08-27T12:01:01.061+0000] {processor.py:743} INFO - Processing file /home/airflow/.local/lib/python3.7/site-packages/airflow/example_dags/example_nested_branch_dag.py for tasks to queue
[2024-08-27T12:01:01.062+0000] {logging_mixin.py:137} INFO - [2024-08-27T12:01:01.062+0000] {dagbag.py:538} INFO - Filling up the DagBag from /home/airflow/.local/lib/python3.7/site-packages/airflow/example_dags/example_nested_branch_dag.py
[2024-08-27T12:01:01.117+0000] {processor.py:753} INFO - DAG(s) dict_keys(['example_nested_branch_dag']) retrieved from /home/airflow/.local/lib/python3.7/site-packages/airflow/example_dags/example_nested_branch_dag.py
[2024-08-27T12:01:01.188+0000] {logging_mixin.py:137} INFO - [2024-08-27T12:01:01.188+0000] {dag.py:2690} INFO - Sync 1 DAGs
[2024-08-27T12:01:01.242+0000] {logging_mixin.py:137} INFO - [2024-08-27T12:01:01.241+0000] {dag.py:3441} INFO - Setting next_dagrun for example_nested_branch_dag to 2024-08-26T00:00:00+00:00, run_after=2024-08-27T00:00:00+00:00
[2024-08-27T12:01:01.311+0000] {processor.py:175} INFO - Processing /home/airflow/.local/lib/python3.7/site-packages/airflow/example_dags/example_nested_branch_dag.py took 0.259 seconds
