[2024-08-27T11:55:30.118+0000] {processor.py:153} INFO - Started process (PID=60) to work on /home/airflow/.local/lib/python3.7/site-packages/airflow/example_dags/example_task_group_decorator.py
[2024-08-27T11:55:30.123+0000] {processor.py:743} INFO - Processing file /home/airflow/.local/lib/python3.7/site-packages/airflow/example_dags/example_task_group_decorator.py for tasks to queue
[2024-08-27T11:55:30.130+0000] {logging_mixin.py:137} INFO - [2024-08-27T11:55:30.130+0000] {dagbag.py:538} INFO - Filling up the DagBag from /home/airflow/.local/lib/python3.7/site-packages/airflow/example_dags/example_task_group_decorator.py
[2024-08-27T11:55:30.216+0000] {processor.py:753} INFO - DAG(s) dict_keys(['example_task_group_decorator']) retrieved from /home/airflow/.local/lib/python3.7/site-packages/airflow/example_dags/example_task_group_decorator.py
[2024-08-27T11:55:30.271+0000] {logging_mixin.py:137} INFO - [2024-08-27T11:55:30.270+0000] {dag.py:2690} INFO - Sync 1 DAGs
[2024-08-27T11:55:30.358+0000] {logging_mixin.py:137} INFO - [2024-08-27T11:55:30.358+0000] {dag.py:3441} INFO - Setting next_dagrun for example_task_group_decorator to 2024-08-26T11:55:30.357620+00:00, run_after=2024-08-27T11:55:30.357620+00:00
[2024-08-27T11:55:30.427+0000] {processor.py:175} INFO - Processing /home/airflow/.local/lib/python3.7/site-packages/airflow/example_dags/example_task_group_decorator.py took 0.315 seconds
[2024-08-27T11:56:00.646+0000] {processor.py:153} INFO - Started process (PID=131) to work on /home/airflow/.local/lib/python3.7/site-packages/airflow/example_dags/example_task_group_decorator.py
[2024-08-27T11:56:00.648+0000] {processor.py:743} INFO - Processing file /home/airflow/.local/lib/python3.7/site-packages/airflow/example_dags/example_task_group_decorator.py for tasks to queue
[2024-08-27T11:56:00.649+0000] {logging_mixin.py:137} INFO - [2024-08-27T11:56:00.649+0000] {dagbag.py:538} INFO - Filling up the DagBag from /home/airflow/.local/lib/python3.7/site-packages/airflow/example_dags/example_task_group_decorator.py
[2024-08-27T11:56:00.689+0000] {processor.py:753} INFO - DAG(s) dict_keys(['example_task_group_decorator']) retrieved from /home/airflow/.local/lib/python3.7/site-packages/airflow/example_dags/example_task_group_decorator.py
[2024-08-27T11:56:00.736+0000] {logging_mixin.py:137} INFO - [2024-08-27T11:56:00.736+0000] {dag.py:2690} INFO - Sync 1 DAGs
[2024-08-27T11:56:00.769+0000] {logging_mixin.py:137} INFO - [2024-08-27T11:56:00.769+0000] {dag.py:3441} INFO - Setting next_dagrun for example_task_group_decorator to 2024-08-26T11:56:00.769312+00:00, run_after=2024-08-27T11:56:00.769312+00:00
[2024-08-27T11:56:00.800+0000] {processor.py:175} INFO - Processing /home/airflow/.local/lib/python3.7/site-packages/airflow/example_dags/example_task_group_decorator.py took 0.158 seconds
[2024-08-27T11:56:31.107+0000] {processor.py:153} INFO - Started process (PID=202) to work on /home/airflow/.local/lib/python3.7/site-packages/airflow/example_dags/example_task_group_decorator.py
[2024-08-27T11:56:31.108+0000] {processor.py:743} INFO - Processing file /home/airflow/.local/lib/python3.7/site-packages/airflow/example_dags/example_task_group_decorator.py for tasks to queue
[2024-08-27T11:56:31.109+0000] {logging_mixin.py:137} INFO - [2024-08-27T11:56:31.109+0000] {dagbag.py:538} INFO - Filling up the DagBag from /home/airflow/.local/lib/python3.7/site-packages/airflow/example_dags/example_task_group_decorator.py
[2024-08-27T11:56:31.139+0000] {processor.py:753} INFO - DAG(s) dict_keys(['example_task_group_decorator']) retrieved from /home/airflow/.local/lib/python3.7/site-packages/airflow/example_dags/example_task_group_decorator.py
[2024-08-27T11:56:31.179+0000] {logging_mixin.py:137} INFO - [2024-08-27T11:56:31.178+0000] {dag.py:2690} INFO - Sync 1 DAGs
[2024-08-27T11:56:31.213+0000] {logging_mixin.py:137} INFO - [2024-08-27T11:56:31.213+0000] {dag.py:3441} INFO - Setting next_dagrun for example_task_group_decorator to 2024-08-26T11:56:31.213117+00:00, run_after=2024-08-27T11:56:31.213117+00:00
[2024-08-27T11:56:31.242+0000] {processor.py:175} INFO - Processing /home/airflow/.local/lib/python3.7/site-packages/airflow/example_dags/example_task_group_decorator.py took 0.138 seconds
[2024-08-27T11:57:01.988+0000] {processor.py:153} INFO - Started process (PID=274) to work on /home/airflow/.local/lib/python3.7/site-packages/airflow/example_dags/example_task_group_decorator.py
[2024-08-27T11:57:01.990+0000] {processor.py:743} INFO - Processing file /home/airflow/.local/lib/python3.7/site-packages/airflow/example_dags/example_task_group_decorator.py for tasks to queue
[2024-08-27T11:57:01.991+0000] {logging_mixin.py:137} INFO - [2024-08-27T11:57:01.991+0000] {dagbag.py:538} INFO - Filling up the DagBag from /home/airflow/.local/lib/python3.7/site-packages/airflow/example_dags/example_task_group_decorator.py
[2024-08-27T11:57:02.024+0000] {processor.py:753} INFO - DAG(s) dict_keys(['example_task_group_decorator']) retrieved from /home/airflow/.local/lib/python3.7/site-packages/airflow/example_dags/example_task_group_decorator.py
[2024-08-27T11:57:02.055+0000] {logging_mixin.py:137} INFO - [2024-08-27T11:57:02.054+0000] {dag.py:2690} INFO - Sync 1 DAGs
[2024-08-27T11:57:02.087+0000] {logging_mixin.py:137} INFO - [2024-08-27T11:57:02.086+0000] {dag.py:3441} INFO - Setting next_dagrun for example_task_group_decorator to 2024-08-26T11:57:02.086545+00:00, run_after=2024-08-27T11:57:02.086545+00:00
[2024-08-27T11:57:02.115+0000] {processor.py:175} INFO - Processing /home/airflow/.local/lib/python3.7/site-packages/airflow/example_dags/example_task_group_decorator.py took 0.130 seconds
[2024-08-27T11:57:32.579+0000] {processor.py:153} INFO - Started process (PID=345) to work on /home/airflow/.local/lib/python3.7/site-packages/airflow/example_dags/example_task_group_decorator.py
[2024-08-27T11:57:32.581+0000] {processor.py:743} INFO - Processing file /home/airflow/.local/lib/python3.7/site-packages/airflow/example_dags/example_task_group_decorator.py for tasks to queue
[2024-08-27T11:57:32.582+0000] {logging_mixin.py:137} INFO - [2024-08-27T11:57:32.582+0000] {dagbag.py:538} INFO - Filling up the DagBag from /home/airflow/.local/lib/python3.7/site-packages/airflow/example_dags/example_task_group_decorator.py
[2024-08-27T11:57:32.620+0000] {processor.py:753} INFO - DAG(s) dict_keys(['example_task_group_decorator']) retrieved from /home/airflow/.local/lib/python3.7/site-packages/airflow/example_dags/example_task_group_decorator.py
[2024-08-27T11:57:32.667+0000] {logging_mixin.py:137} INFO - [2024-08-27T11:57:32.666+0000] {dag.py:2690} INFO - Sync 1 DAGs
[2024-08-27T11:57:32.703+0000] {logging_mixin.py:137} INFO - [2024-08-27T11:57:32.703+0000] {dag.py:3441} INFO - Setting next_dagrun for example_task_group_decorator to 2024-08-26T11:57:32.702795+00:00, run_after=2024-08-27T11:57:32.702795+00:00
[2024-08-27T11:57:32.733+0000] {processor.py:175} INFO - Processing /home/airflow/.local/lib/python3.7/site-packages/airflow/example_dags/example_task_group_decorator.py took 0.159 seconds
[2024-08-27T11:58:02.984+0000] {processor.py:153} INFO - Started process (PID=432) to work on /home/airflow/.local/lib/python3.7/site-packages/airflow/example_dags/example_task_group_decorator.py
[2024-08-27T11:58:02.986+0000] {processor.py:743} INFO - Processing file /home/airflow/.local/lib/python3.7/site-packages/airflow/example_dags/example_task_group_decorator.py for tasks to queue
[2024-08-27T11:58:02.987+0000] {logging_mixin.py:137} INFO - [2024-08-27T11:58:02.987+0000] {dagbag.py:538} INFO - Filling up the DagBag from /home/airflow/.local/lib/python3.7/site-packages/airflow/example_dags/example_task_group_decorator.py
[2024-08-27T11:58:03.044+0000] {processor.py:753} INFO - DAG(s) dict_keys(['example_task_group_decorator']) retrieved from /home/airflow/.local/lib/python3.7/site-packages/airflow/example_dags/example_task_group_decorator.py
[2024-08-27T11:58:03.085+0000] {logging_mixin.py:137} INFO - [2024-08-27T11:58:03.085+0000] {dag.py:2690} INFO - Sync 1 DAGs
[2024-08-27T11:58:03.114+0000] {logging_mixin.py:137} INFO - [2024-08-27T11:58:03.114+0000] {dag.py:3441} INFO - Setting next_dagrun for example_task_group_decorator to 2024-08-26T11:58:03.114563+00:00, run_after=2024-08-27T11:58:03.114563+00:00
[2024-08-27T11:58:03.141+0000] {processor.py:175} INFO - Processing /home/airflow/.local/lib/python3.7/site-packages/airflow/example_dags/example_task_group_decorator.py took 0.161 seconds
[2024-08-27T12:00:27.314+0000] {processor.py:153} INFO - Started process (PID=73) to work on /home/airflow/.local/lib/python3.7/site-packages/airflow/example_dags/example_task_group_decorator.py
[2024-08-27T12:00:27.316+0000] {processor.py:743} INFO - Processing file /home/airflow/.local/lib/python3.7/site-packages/airflow/example_dags/example_task_group_decorator.py for tasks to queue
[2024-08-27T12:00:27.317+0000] {logging_mixin.py:137} INFO - [2024-08-27T12:00:27.317+0000] {dagbag.py:538} INFO - Filling up the DagBag from /home/airflow/.local/lib/python3.7/site-packages/airflow/example_dags/example_task_group_decorator.py
[2024-08-27T12:00:27.376+0000] {processor.py:753} INFO - DAG(s) dict_keys(['example_task_group_decorator']) retrieved from /home/airflow/.local/lib/python3.7/site-packages/airflow/example_dags/example_task_group_decorator.py
[2024-08-27T12:00:27.403+0000] {logging_mixin.py:137} INFO - [2024-08-27T12:00:27.401+0000] {dag.py:2690} INFO - Sync 1 DAGs
[2024-08-27T12:00:27.471+0000] {logging_mixin.py:137} INFO - [2024-08-27T12:00:27.471+0000] {dag.py:3441} INFO - Setting next_dagrun for example_task_group_decorator to 2024-08-26T12:00:27.470776+00:00, run_after=2024-08-27T12:00:27.470776+00:00
[2024-08-27T12:00:27.520+0000] {processor.py:175} INFO - Processing /home/airflow/.local/lib/python3.7/site-packages/airflow/example_dags/example_task_group_decorator.py took 0.213 seconds
[2024-08-27T12:00:58.166+0000] {processor.py:153} INFO - Started process (PID=157) to work on /home/airflow/.local/lib/python3.7/site-packages/airflow/example_dags/example_task_group_decorator.py
[2024-08-27T12:00:58.168+0000] {processor.py:743} INFO - Processing file /home/airflow/.local/lib/python3.7/site-packages/airflow/example_dags/example_task_group_decorator.py for tasks to queue
[2024-08-27T12:00:58.171+0000] {logging_mixin.py:137} INFO - [2024-08-27T12:00:58.171+0000] {dagbag.py:538} INFO - Filling up the DagBag from /home/airflow/.local/lib/python3.7/site-packages/airflow/example_dags/example_task_group_decorator.py
[2024-08-27T12:00:58.249+0000] {processor.py:753} INFO - DAG(s) dict_keys(['example_task_group_decorator']) retrieved from /home/airflow/.local/lib/python3.7/site-packages/airflow/example_dags/example_task_group_decorator.py
[2024-08-27T12:00:58.320+0000] {logging_mixin.py:137} INFO - [2024-08-27T12:00:58.319+0000] {dag.py:2690} INFO - Sync 1 DAGs
[2024-08-27T12:00:58.471+0000] {logging_mixin.py:137} INFO - [2024-08-27T12:00:58.471+0000] {dag.py:3441} INFO - Setting next_dagrun for example_task_group_decorator to 2024-08-26T12:00:58.470740+00:00, run_after=2024-08-27T12:00:58.470740+00:00
[2024-08-27T12:00:58.534+0000] {processor.py:175} INFO - Processing /home/airflow/.local/lib/python3.7/site-packages/airflow/example_dags/example_task_group_decorator.py took 0.374 seconds
