[2024-08-27T11:55:33.758+0000] {processor.py:153} INFO - Started process (PID=81) to work on /home/airflow/.local/lib/python3.7/site-packages/airflow/example_dags/example_complex.py
[2024-08-27T11:55:33.760+0000] {processor.py:743} INFO - Processing file /home/airflow/.local/lib/python3.7/site-packages/airflow/example_dags/example_complex.py for tasks to queue
[2024-08-27T11:55:33.763+0000] {logging_mixin.py:137} INFO - [2024-08-27T11:55:33.763+0000] {dagbag.py:538} INFO - Filling up the DagBag from /home/airflow/.local/lib/python3.7/site-packages/airflow/example_dags/example_complex.py
[2024-08-27T11:55:33.804+0000] {logging_mixin.py:137} INFO - [2024-08-27T11:55:33.803+0000] {taskmixin.py:205} WARNING - Dependency <Task(BashOperator): create_entry_group>, delete_entry_group already registered for DAG: example_complex
[2024-08-27T11:55:33.805+0000] {logging_mixin.py:137} INFO - [2024-08-27T11:55:33.804+0000] {taskmixin.py:205} WARNING - Dependency <Task(BashOperator): delete_entry_group>, create_entry_group already registered for DAG: example_complex
[2024-08-27T11:55:33.806+0000] {logging_mixin.py:137} INFO - [2024-08-27T11:55:33.806+0000] {taskmixin.py:205} WARNING - Dependency <Task(BashOperator): create_entry_gcs>, delete_entry already registered for DAG: example_complex
[2024-08-27T11:55:33.808+0000] {logging_mixin.py:137} INFO - [2024-08-27T11:55:33.807+0000] {taskmixin.py:205} WARNING - Dependency <Task(BashOperator): delete_entry>, create_entry_gcs already registered for DAG: example_complex
[2024-08-27T11:55:33.810+0000] {logging_mixin.py:137} INFO - [2024-08-27T11:55:33.810+0000] {taskmixin.py:205} WARNING - Dependency <Task(BashOperator): create_tag>, delete_tag already registered for DAG: example_complex
[2024-08-27T11:55:33.811+0000] {logging_mixin.py:137} INFO - [2024-08-27T11:55:33.811+0000] {taskmixin.py:205} WARNING - Dependency <Task(BashOperator): delete_tag>, create_tag already registered for DAG: example_complex
[2024-08-27T11:55:33.827+0000] {processor.py:753} INFO - DAG(s) dict_keys(['example_complex']) retrieved from /home/airflow/.local/lib/python3.7/site-packages/airflow/example_dags/example_complex.py
[2024-08-27T11:55:33.921+0000] {logging_mixin.py:137} INFO - [2024-08-27T11:55:33.921+0000] {dag.py:2690} INFO - Sync 1 DAGs
[2024-08-27T11:55:33.990+0000] {logging_mixin.py:137} INFO - [2024-08-27T11:55:33.990+0000] {dag.py:3441} INFO - Setting next_dagrun for example_complex to None, run_after=None
[2024-08-27T11:55:34.044+0000] {processor.py:175} INFO - Processing /home/airflow/.local/lib/python3.7/site-packages/airflow/example_dags/example_complex.py took 0.297 seconds
[2024-08-27T11:56:04.905+0000] {processor.py:153} INFO - Started process (PID=152) to work on /home/airflow/.local/lib/python3.7/site-packages/airflow/example_dags/example_complex.py
[2024-08-27T11:56:04.908+0000] {processor.py:743} INFO - Processing file /home/airflow/.local/lib/python3.7/site-packages/airflow/example_dags/example_complex.py for tasks to queue
[2024-08-27T11:56:04.911+0000] {logging_mixin.py:137} INFO - [2024-08-27T11:56:04.911+0000] {dagbag.py:538} INFO - Filling up the DagBag from /home/airflow/.local/lib/python3.7/site-packages/airflow/example_dags/example_complex.py
[2024-08-27T11:56:04.947+0000] {logging_mixin.py:137} INFO - [2024-08-27T11:56:04.947+0000] {taskmixin.py:205} WARNING - Dependency <Task(BashOperator): create_entry_group>, delete_entry_group already registered for DAG: example_complex
[2024-08-27T11:56:04.948+0000] {logging_mixin.py:137} INFO - [2024-08-27T11:56:04.948+0000] {taskmixin.py:205} WARNING - Dependency <Task(BashOperator): delete_entry_group>, create_entry_group already registered for DAG: example_complex
[2024-08-27T11:56:04.949+0000] {logging_mixin.py:137} INFO - [2024-08-27T11:56:04.949+0000] {taskmixin.py:205} WARNING - Dependency <Task(BashOperator): create_entry_gcs>, delete_entry already registered for DAG: example_complex
[2024-08-27T11:56:04.950+0000] {logging_mixin.py:137} INFO - [2024-08-27T11:56:04.950+0000] {taskmixin.py:205} WARNING - Dependency <Task(BashOperator): delete_entry>, create_entry_gcs already registered for DAG: example_complex
[2024-08-27T11:56:04.951+0000] {logging_mixin.py:137} INFO - [2024-08-27T11:56:04.951+0000] {taskmixin.py:205} WARNING - Dependency <Task(BashOperator): create_tag>, delete_tag already registered for DAG: example_complex
[2024-08-27T11:56:04.952+0000] {logging_mixin.py:137} INFO - [2024-08-27T11:56:04.952+0000] {taskmixin.py:205} WARNING - Dependency <Task(BashOperator): delete_tag>, create_tag already registered for DAG: example_complex
[2024-08-27T11:56:04.960+0000] {processor.py:753} INFO - DAG(s) dict_keys(['example_complex']) retrieved from /home/airflow/.local/lib/python3.7/site-packages/airflow/example_dags/example_complex.py
[2024-08-27T11:56:04.994+0000] {logging_mixin.py:137} INFO - [2024-08-27T11:56:04.993+0000] {dag.py:2690} INFO - Sync 1 DAGs
[2024-08-27T11:56:05.021+0000] {logging_mixin.py:137} INFO - [2024-08-27T11:56:05.021+0000] {dag.py:3441} INFO - Setting next_dagrun for example_complex to None, run_after=None
[2024-08-27T11:56:05.049+0000] {processor.py:175} INFO - Processing /home/airflow/.local/lib/python3.7/site-packages/airflow/example_dags/example_complex.py took 0.152 seconds
[2024-08-27T11:56:35.108+0000] {processor.py:153} INFO - Started process (PID=223) to work on /home/airflow/.local/lib/python3.7/site-packages/airflow/example_dags/example_complex.py
[2024-08-27T11:56:35.110+0000] {processor.py:743} INFO - Processing file /home/airflow/.local/lib/python3.7/site-packages/airflow/example_dags/example_complex.py for tasks to queue
[2024-08-27T11:56:35.111+0000] {logging_mixin.py:137} INFO - [2024-08-27T11:56:35.111+0000] {dagbag.py:538} INFO - Filling up the DagBag from /home/airflow/.local/lib/python3.7/site-packages/airflow/example_dags/example_complex.py
[2024-08-27T11:56:35.123+0000] {logging_mixin.py:137} INFO - [2024-08-27T11:56:35.123+0000] {taskmixin.py:205} WARNING - Dependency <Task(BashOperator): create_entry_group>, delete_entry_group already registered for DAG: example_complex
[2024-08-27T11:56:35.124+0000] {logging_mixin.py:137} INFO - [2024-08-27T11:56:35.124+0000] {taskmixin.py:205} WARNING - Dependency <Task(BashOperator): delete_entry_group>, create_entry_group already registered for DAG: example_complex
[2024-08-27T11:56:35.125+0000] {logging_mixin.py:137} INFO - [2024-08-27T11:56:35.125+0000] {taskmixin.py:205} WARNING - Dependency <Task(BashOperator): create_entry_gcs>, delete_entry already registered for DAG: example_complex
[2024-08-27T11:56:35.125+0000] {logging_mixin.py:137} INFO - [2024-08-27T11:56:35.125+0000] {taskmixin.py:205} WARNING - Dependency <Task(BashOperator): delete_entry>, create_entry_gcs already registered for DAG: example_complex
[2024-08-27T11:56:35.126+0000] {logging_mixin.py:137} INFO - [2024-08-27T11:56:35.126+0000] {taskmixin.py:205} WARNING - Dependency <Task(BashOperator): create_tag>, delete_tag already registered for DAG: example_complex
[2024-08-27T11:56:35.126+0000] {logging_mixin.py:137} INFO - [2024-08-27T11:56:35.126+0000] {taskmixin.py:205} WARNING - Dependency <Task(BashOperator): delete_tag>, create_tag already registered for DAG: example_complex
[2024-08-27T11:56:35.134+0000] {processor.py:753} INFO - DAG(s) dict_keys(['example_complex']) retrieved from /home/airflow/.local/lib/python3.7/site-packages/airflow/example_dags/example_complex.py
[2024-08-27T11:56:35.172+0000] {logging_mixin.py:137} INFO - [2024-08-27T11:56:35.172+0000] {dag.py:2690} INFO - Sync 1 DAGs
[2024-08-27T11:56:35.204+0000] {logging_mixin.py:137} INFO - [2024-08-27T11:56:35.204+0000] {dag.py:3441} INFO - Setting next_dagrun for example_complex to None, run_after=None
[2024-08-27T11:56:35.233+0000] {processor.py:175} INFO - Processing /home/airflow/.local/lib/python3.7/site-packages/airflow/example_dags/example_complex.py took 0.129 seconds
[2024-08-27T11:57:06.022+0000] {processor.py:153} INFO - Started process (PID=302) to work on /home/airflow/.local/lib/python3.7/site-packages/airflow/example_dags/example_complex.py
[2024-08-27T11:57:06.024+0000] {processor.py:743} INFO - Processing file /home/airflow/.local/lib/python3.7/site-packages/airflow/example_dags/example_complex.py for tasks to queue
[2024-08-27T11:57:06.028+0000] {logging_mixin.py:137} INFO - [2024-08-27T11:57:06.028+0000] {dagbag.py:538} INFO - Filling up the DagBag from /home/airflow/.local/lib/python3.7/site-packages/airflow/example_dags/example_complex.py
[2024-08-27T11:57:06.068+0000] {logging_mixin.py:137} INFO - [2024-08-27T11:57:06.067+0000] {taskmixin.py:205} WARNING - Dependency <Task(BashOperator): create_entry_group>, delete_entry_group already registered for DAG: example_complex
[2024-08-27T11:57:06.070+0000] {logging_mixin.py:137} INFO - [2024-08-27T11:57:06.069+0000] {taskmixin.py:205} WARNING - Dependency <Task(BashOperator): delete_entry_group>, create_entry_group already registered for DAG: example_complex
[2024-08-27T11:57:06.071+0000] {logging_mixin.py:137} INFO - [2024-08-27T11:57:06.071+0000] {taskmixin.py:205} WARNING - Dependency <Task(BashOperator): create_entry_gcs>, delete_entry already registered for DAG: example_complex
[2024-08-27T11:57:06.072+0000] {logging_mixin.py:137} INFO - [2024-08-27T11:57:06.072+0000] {taskmixin.py:205} WARNING - Dependency <Task(BashOperator): delete_entry>, create_entry_gcs already registered for DAG: example_complex
[2024-08-27T11:57:06.075+0000] {logging_mixin.py:137} INFO - [2024-08-27T11:57:06.075+0000] {taskmixin.py:205} WARNING - Dependency <Task(BashOperator): create_tag>, delete_tag already registered for DAG: example_complex
[2024-08-27T11:57:06.076+0000] {logging_mixin.py:137} INFO - [2024-08-27T11:57:06.076+0000] {taskmixin.py:205} WARNING - Dependency <Task(BashOperator): delete_tag>, create_tag already registered for DAG: example_complex
[2024-08-27T11:57:06.119+0000] {processor.py:753} INFO - DAG(s) dict_keys(['example_complex']) retrieved from /home/airflow/.local/lib/python3.7/site-packages/airflow/example_dags/example_complex.py
[2024-08-27T11:57:06.261+0000] {logging_mixin.py:137} INFO - [2024-08-27T11:57:06.261+0000] {dag.py:2690} INFO - Sync 1 DAGs
[2024-08-27T11:57:06.380+0000] {logging_mixin.py:137} INFO - [2024-08-27T11:57:06.380+0000] {dag.py:3441} INFO - Setting next_dagrun for example_complex to None, run_after=None
[2024-08-27T11:57:06.519+0000] {processor.py:175} INFO - Processing /home/airflow/.local/lib/python3.7/site-packages/airflow/example_dags/example_complex.py took 0.508 seconds
[2024-08-27T11:57:37.080+0000] {processor.py:153} INFO - Started process (PID=382) to work on /home/airflow/.local/lib/python3.7/site-packages/airflow/example_dags/example_complex.py
[2024-08-27T11:57:37.084+0000] {processor.py:743} INFO - Processing file /home/airflow/.local/lib/python3.7/site-packages/airflow/example_dags/example_complex.py for tasks to queue
[2024-08-27T11:57:37.086+0000] {logging_mixin.py:137} INFO - [2024-08-27T11:57:37.085+0000] {dagbag.py:538} INFO - Filling up the DagBag from /home/airflow/.local/lib/python3.7/site-packages/airflow/example_dags/example_complex.py
[2024-08-27T11:57:37.100+0000] {logging_mixin.py:137} INFO - [2024-08-27T11:57:37.099+0000] {taskmixin.py:205} WARNING - Dependency <Task(BashOperator): create_entry_group>, delete_entry_group already registered for DAG: example_complex
[2024-08-27T11:57:37.100+0000] {logging_mixin.py:137} INFO - [2024-08-27T11:57:37.100+0000] {taskmixin.py:205} WARNING - Dependency <Task(BashOperator): delete_entry_group>, create_entry_group already registered for DAG: example_complex
[2024-08-27T11:57:37.101+0000] {logging_mixin.py:137} INFO - [2024-08-27T11:57:37.101+0000] {taskmixin.py:205} WARNING - Dependency <Task(BashOperator): create_entry_gcs>, delete_entry already registered for DAG: example_complex
[2024-08-27T11:57:37.101+0000] {logging_mixin.py:137} INFO - [2024-08-27T11:57:37.101+0000] {taskmixin.py:205} WARNING - Dependency <Task(BashOperator): delete_entry>, create_entry_gcs already registered for DAG: example_complex
[2024-08-27T11:57:37.102+0000] {logging_mixin.py:137} INFO - [2024-08-27T11:57:37.102+0000] {taskmixin.py:205} WARNING - Dependency <Task(BashOperator): create_tag>, delete_tag already registered for DAG: example_complex
[2024-08-27T11:57:37.102+0000] {logging_mixin.py:137} INFO - [2024-08-27T11:57:37.102+0000] {taskmixin.py:205} WARNING - Dependency <Task(BashOperator): delete_tag>, create_tag already registered for DAG: example_complex
[2024-08-27T11:57:37.110+0000] {processor.py:753} INFO - DAG(s) dict_keys(['example_complex']) retrieved from /home/airflow/.local/lib/python3.7/site-packages/airflow/example_dags/example_complex.py
[2024-08-27T11:57:37.150+0000] {logging_mixin.py:137} INFO - [2024-08-27T11:57:37.150+0000] {dag.py:2690} INFO - Sync 1 DAGs
[2024-08-27T11:57:37.181+0000] {logging_mixin.py:137} INFO - [2024-08-27T11:57:37.181+0000] {dag.py:3441} INFO - Setting next_dagrun for example_complex to None, run_after=None
[2024-08-27T11:57:37.211+0000] {processor.py:175} INFO - Processing /home/airflow/.local/lib/python3.7/site-packages/airflow/example_dags/example_complex.py took 0.135 seconds
[2024-08-27T11:58:07.481+0000] {processor.py:153} INFO - Started process (PID=453) to work on /home/airflow/.local/lib/python3.7/site-packages/airflow/example_dags/example_complex.py
[2024-08-27T11:58:07.483+0000] {processor.py:743} INFO - Processing file /home/airflow/.local/lib/python3.7/site-packages/airflow/example_dags/example_complex.py for tasks to queue
[2024-08-27T11:58:07.484+0000] {logging_mixin.py:137} INFO - [2024-08-27T11:58:07.484+0000] {dagbag.py:538} INFO - Filling up the DagBag from /home/airflow/.local/lib/python3.7/site-packages/airflow/example_dags/example_complex.py
[2024-08-27T11:58:07.515+0000] {logging_mixin.py:137} INFO - [2024-08-27T11:58:07.514+0000] {taskmixin.py:205} WARNING - Dependency <Task(BashOperator): create_entry_group>, delete_entry_group already registered for DAG: example_complex
[2024-08-27T11:58:07.516+0000] {logging_mixin.py:137} INFO - [2024-08-27T11:58:07.516+0000] {taskmixin.py:205} WARNING - Dependency <Task(BashOperator): delete_entry_group>, create_entry_group already registered for DAG: example_complex
[2024-08-27T11:58:07.517+0000] {logging_mixin.py:137} INFO - [2024-08-27T11:58:07.517+0000] {taskmixin.py:205} WARNING - Dependency <Task(BashOperator): create_entry_gcs>, delete_entry already registered for DAG: example_complex
[2024-08-27T11:58:07.517+0000] {logging_mixin.py:137} INFO - [2024-08-27T11:58:07.517+0000] {taskmixin.py:205} WARNING - Dependency <Task(BashOperator): delete_entry>, create_entry_gcs already registered for DAG: example_complex
[2024-08-27T11:58:07.518+0000] {logging_mixin.py:137} INFO - [2024-08-27T11:58:07.518+0000] {taskmixin.py:205} WARNING - Dependency <Task(BashOperator): create_tag>, delete_tag already registered for DAG: example_complex
[2024-08-27T11:58:07.519+0000] {logging_mixin.py:137} INFO - [2024-08-27T11:58:07.519+0000] {taskmixin.py:205} WARNING - Dependency <Task(BashOperator): delete_tag>, create_tag already registered for DAG: example_complex
[2024-08-27T11:58:07.538+0000] {processor.py:753} INFO - DAG(s) dict_keys(['example_complex']) retrieved from /home/airflow/.local/lib/python3.7/site-packages/airflow/example_dags/example_complex.py
[2024-08-27T11:58:07.580+0000] {logging_mixin.py:137} INFO - [2024-08-27T11:58:07.580+0000] {dag.py:2690} INFO - Sync 1 DAGs
[2024-08-27T11:58:07.618+0000] {logging_mixin.py:137} INFO - [2024-08-27T11:58:07.618+0000] {dag.py:3441} INFO - Setting next_dagrun for example_complex to None, run_after=None
[2024-08-27T11:58:07.648+0000] {processor.py:175} INFO - Processing /home/airflow/.local/lib/python3.7/site-packages/airflow/example_dags/example_complex.py took 0.170 seconds
[2024-08-27T12:00:29.907+0000] {processor.py:153} INFO - Started process (PID=94) to work on /home/airflow/.local/lib/python3.7/site-packages/airflow/example_dags/example_complex.py
[2024-08-27T12:00:29.909+0000] {processor.py:743} INFO - Processing file /home/airflow/.local/lib/python3.7/site-packages/airflow/example_dags/example_complex.py for tasks to queue
[2024-08-27T12:00:29.910+0000] {logging_mixin.py:137} INFO - [2024-08-27T12:00:29.910+0000] {dagbag.py:538} INFO - Filling up the DagBag from /home/airflow/.local/lib/python3.7/site-packages/airflow/example_dags/example_complex.py
[2024-08-27T12:00:29.928+0000] {logging_mixin.py:137} INFO - [2024-08-27T12:00:29.928+0000] {taskmixin.py:205} WARNING - Dependency <Task(BashOperator): create_entry_group>, delete_entry_group already registered for DAG: example_complex
[2024-08-27T12:00:29.929+0000] {logging_mixin.py:137} INFO - [2024-08-27T12:00:29.929+0000] {taskmixin.py:205} WARNING - Dependency <Task(BashOperator): delete_entry_group>, create_entry_group already registered for DAG: example_complex
[2024-08-27T12:00:29.930+0000] {logging_mixin.py:137} INFO - [2024-08-27T12:00:29.929+0000] {taskmixin.py:205} WARNING - Dependency <Task(BashOperator): create_entry_gcs>, delete_entry already registered for DAG: example_complex
[2024-08-27T12:00:29.930+0000] {logging_mixin.py:137} INFO - [2024-08-27T12:00:29.930+0000] {taskmixin.py:205} WARNING - Dependency <Task(BashOperator): delete_entry>, create_entry_gcs already registered for DAG: example_complex
[2024-08-27T12:00:29.931+0000] {logging_mixin.py:137} INFO - [2024-08-27T12:00:29.931+0000] {taskmixin.py:205} WARNING - Dependency <Task(BashOperator): create_tag>, delete_tag already registered for DAG: example_complex
[2024-08-27T12:00:29.931+0000] {logging_mixin.py:137} INFO - [2024-08-27T12:00:29.931+0000] {taskmixin.py:205} WARNING - Dependency <Task(BashOperator): delete_tag>, create_tag already registered for DAG: example_complex
[2024-08-27T12:00:29.942+0000] {processor.py:753} INFO - DAG(s) dict_keys(['example_complex']) retrieved from /home/airflow/.local/lib/python3.7/site-packages/airflow/example_dags/example_complex.py
[2024-08-27T12:00:29.960+0000] {logging_mixin.py:137} INFO - [2024-08-27T12:00:29.960+0000] {dag.py:2690} INFO - Sync 1 DAGs
[2024-08-27T12:00:30.011+0000] {logging_mixin.py:137} INFO - [2024-08-27T12:00:30.010+0000] {dag.py:3441} INFO - Setting next_dagrun for example_complex to None, run_after=None
[2024-08-27T12:00:30.051+0000] {processor.py:175} INFO - Processing /home/airflow/.local/lib/python3.7/site-packages/airflow/example_dags/example_complex.py took 0.150 seconds
[2024-08-27T12:01:02.262+0000] {processor.py:153} INFO - Started process (PID=178) to work on /home/airflow/.local/lib/python3.7/site-packages/airflow/example_dags/example_complex.py
[2024-08-27T12:01:02.264+0000] {processor.py:743} INFO - Processing file /home/airflow/.local/lib/python3.7/site-packages/airflow/example_dags/example_complex.py for tasks to queue
[2024-08-27T12:01:02.266+0000] {logging_mixin.py:137} INFO - [2024-08-27T12:01:02.265+0000] {dagbag.py:538} INFO - Filling up the DagBag from /home/airflow/.local/lib/python3.7/site-packages/airflow/example_dags/example_complex.py
[2024-08-27T12:01:02.293+0000] {logging_mixin.py:137} INFO - [2024-08-27T12:01:02.292+0000] {taskmixin.py:205} WARNING - Dependency <Task(BashOperator): create_entry_group>, delete_entry_group already registered for DAG: example_complex
[2024-08-27T12:01:02.294+0000] {logging_mixin.py:137} INFO - [2024-08-27T12:01:02.293+0000] {taskmixin.py:205} WARNING - Dependency <Task(BashOperator): delete_entry_group>, create_entry_group already registered for DAG: example_complex
[2024-08-27T12:01:02.295+0000] {logging_mixin.py:137} INFO - [2024-08-27T12:01:02.294+0000] {taskmixin.py:205} WARNING - Dependency <Task(BashOperator): create_entry_gcs>, delete_entry already registered for DAG: example_complex
[2024-08-27T12:01:02.295+0000] {logging_mixin.py:137} INFO - [2024-08-27T12:01:02.295+0000] {taskmixin.py:205} WARNING - Dependency <Task(BashOperator): delete_entry>, create_entry_gcs already registered for DAG: example_complex
[2024-08-27T12:01:02.296+0000] {logging_mixin.py:137} INFO - [2024-08-27T12:01:02.296+0000] {taskmixin.py:205} WARNING - Dependency <Task(BashOperator): create_tag>, delete_tag already registered for DAG: example_complex
[2024-08-27T12:01:02.297+0000] {logging_mixin.py:137} INFO - [2024-08-27T12:01:02.297+0000] {taskmixin.py:205} WARNING - Dependency <Task(BashOperator): delete_tag>, create_tag already registered for DAG: example_complex
[2024-08-27T12:01:02.314+0000] {processor.py:753} INFO - DAG(s) dict_keys(['example_complex']) retrieved from /home/airflow/.local/lib/python3.7/site-packages/airflow/example_dags/example_complex.py
[2024-08-27T12:01:02.380+0000] {logging_mixin.py:137} INFO - [2024-08-27T12:01:02.380+0000] {dag.py:2690} INFO - Sync 1 DAGs
[2024-08-27T12:01:02.522+0000] {logging_mixin.py:137} INFO - [2024-08-27T12:01:02.521+0000] {dag.py:3441} INFO - Setting next_dagrun for example_complex to None, run_after=None
[2024-08-27T12:01:02.616+0000] {processor.py:175} INFO - Processing /home/airflow/.local/lib/python3.7/site-packages/airflow/example_dags/example_complex.py took 0.360 seconds
