[2024-08-27T11:55:29.470+0000] {processor.py:153} INFO - Started process (PID=56) to work on /home/airflow/.local/lib/python3.7/site-packages/airflow/example_dags/example_datasets.py
[2024-08-27T11:55:29.472+0000] {processor.py:743} INFO - Processing file /home/airflow/.local/lib/python3.7/site-packages/airflow/example_dags/example_datasets.py for tasks to queue
[2024-08-27T11:55:29.474+0000] {logging_mixin.py:137} INFO - [2024-08-27T11:55:29.474+0000] {dagbag.py:538} INFO - Filling up the DagBag from /home/airflow/.local/lib/python3.7/site-packages/airflow/example_dags/example_datasets.py
[2024-08-27T11:55:29.504+0000] {processor.py:753} INFO - DAG(s) dict_keys(['dataset_consumes_1', 'dataset_consumes_unknown_never_scheduled', 'dataset_consumes_1_and_2', 'dataset_consumes_1_never_scheduled', 'dataset_produces_2', 'dataset_produces_1']) retrieved from /home/airflow/.local/lib/python3.7/site-packages/airflow/example_dags/example_datasets.py
[2024-08-27T11:55:29.687+0000] {logging_mixin.py:137} INFO - [2024-08-27T11:55:29.686+0000] {dag.py:2690} INFO - Sync 6 DAGs
[2024-08-27T11:55:29.739+0000] {logging_mixin.py:137} INFO - [2024-08-27T11:55:29.739+0000] {dag.py:3441} INFO - Setting next_dagrun for dataset_consumes_1 to None, run_after=None
[2024-08-27T11:55:29.749+0000] {logging_mixin.py:137} INFO - [2024-08-27T11:55:29.748+0000] {dag.py:3441} INFO - Setting next_dagrun for dataset_consumes_1_and_2 to None, run_after=None
[2024-08-27T11:55:29.752+0000] {logging_mixin.py:137} INFO - [2024-08-27T11:55:29.752+0000] {dag.py:3441} INFO - Setting next_dagrun for dataset_consumes_1_never_scheduled to None, run_after=None
[2024-08-27T11:55:29.756+0000] {logging_mixin.py:137} INFO - [2024-08-27T11:55:29.756+0000] {dag.py:3441} INFO - Setting next_dagrun for dataset_consumes_unknown_never_scheduled to None, run_after=None
[2024-08-27T11:55:29.763+0000] {logging_mixin.py:137} INFO - [2024-08-27T11:55:29.763+0000] {dag.py:3441} INFO - Setting next_dagrun for dataset_produces_1 to 2024-08-26T00:00:00+00:00, run_after=2024-08-27T00:00:00+00:00
[2024-08-27T11:55:29.765+0000] {logging_mixin.py:137} INFO - [2024-08-27T11:55:29.765+0000] {dag.py:3441} INFO - Setting next_dagrun for dataset_produces_2 to None, run_after=None
[2024-08-27T11:55:29.849+0000] {processor.py:175} INFO - Processing /home/airflow/.local/lib/python3.7/site-packages/airflow/example_dags/example_datasets.py took 0.384 seconds
[2024-08-27T11:56:00.419+0000] {processor.py:153} INFO - Started process (PID=128) to work on /home/airflow/.local/lib/python3.7/site-packages/airflow/example_dags/example_datasets.py
[2024-08-27T11:56:00.421+0000] {processor.py:743} INFO - Processing file /home/airflow/.local/lib/python3.7/site-packages/airflow/example_dags/example_datasets.py for tasks to queue
[2024-08-27T11:56:00.423+0000] {logging_mixin.py:137} INFO - [2024-08-27T11:56:00.423+0000] {dagbag.py:538} INFO - Filling up the DagBag from /home/airflow/.local/lib/python3.7/site-packages/airflow/example_dags/example_datasets.py
[2024-08-27T11:56:00.450+0000] {processor.py:753} INFO - DAG(s) dict_keys(['dataset_consumes_1_and_2', 'dataset_consumes_1', 'dataset_produces_2', 'dataset_consumes_unknown_never_scheduled', 'dataset_produces_1', 'dataset_consumes_1_never_scheduled']) retrieved from /home/airflow/.local/lib/python3.7/site-packages/airflow/example_dags/example_datasets.py
[2024-08-27T11:56:00.517+0000] {logging_mixin.py:137} INFO - [2024-08-27T11:56:00.517+0000] {dag.py:2690} INFO - Sync 6 DAGs
[2024-08-27T11:56:00.544+0000] {logging_mixin.py:137} INFO - [2024-08-27T11:56:00.544+0000] {dag.py:3441} INFO - Setting next_dagrun for dataset_consumes_1 to None, run_after=None
[2024-08-27T11:56:00.550+0000] {logging_mixin.py:137} INFO - [2024-08-27T11:56:00.549+0000] {dag.py:3441} INFO - Setting next_dagrun for dataset_consumes_1_and_2 to None, run_after=None
[2024-08-27T11:56:00.553+0000] {logging_mixin.py:137} INFO - [2024-08-27T11:56:00.552+0000] {dag.py:3441} INFO - Setting next_dagrun for dataset_consumes_1_never_scheduled to None, run_after=None
[2024-08-27T11:56:00.555+0000] {logging_mixin.py:137} INFO - [2024-08-27T11:56:00.555+0000] {dag.py:3441} INFO - Setting next_dagrun for dataset_consumes_unknown_never_scheduled to None, run_after=None
[2024-08-27T11:56:00.560+0000] {logging_mixin.py:137} INFO - [2024-08-27T11:56:00.559+0000] {dag.py:3441} INFO - Setting next_dagrun for dataset_produces_1 to 2024-08-26T00:00:00+00:00, run_after=2024-08-27T00:00:00+00:00
[2024-08-27T11:56:00.562+0000] {logging_mixin.py:137} INFO - [2024-08-27T11:56:00.562+0000] {dag.py:3441} INFO - Setting next_dagrun for dataset_produces_2 to None, run_after=None
[2024-08-27T11:56:00.615+0000] {processor.py:175} INFO - Processing /home/airflow/.local/lib/python3.7/site-packages/airflow/example_dags/example_datasets.py took 0.206 seconds
[2024-08-27T11:56:30.734+0000] {processor.py:153} INFO - Started process (PID=199) to work on /home/airflow/.local/lib/python3.7/site-packages/airflow/example_dags/example_datasets.py
[2024-08-27T11:56:30.735+0000] {processor.py:743} INFO - Processing file /home/airflow/.local/lib/python3.7/site-packages/airflow/example_dags/example_datasets.py for tasks to queue
[2024-08-27T11:56:30.736+0000] {logging_mixin.py:137} INFO - [2024-08-27T11:56:30.736+0000] {dagbag.py:538} INFO - Filling up the DagBag from /home/airflow/.local/lib/python3.7/site-packages/airflow/example_dags/example_datasets.py
[2024-08-27T11:56:30.756+0000] {processor.py:753} INFO - DAG(s) dict_keys(['dataset_produces_2', 'dataset_consumes_1', 'dataset_consumes_1_and_2', 'dataset_consumes_1_never_scheduled', 'dataset_produces_1', 'dataset_consumes_unknown_never_scheduled']) retrieved from /home/airflow/.local/lib/python3.7/site-packages/airflow/example_dags/example_datasets.py
[2024-08-27T11:56:30.810+0000] {logging_mixin.py:137} INFO - [2024-08-27T11:56:30.810+0000] {dag.py:2690} INFO - Sync 6 DAGs
[2024-08-27T11:56:30.839+0000] {logging_mixin.py:137} INFO - [2024-08-27T11:56:30.838+0000] {dag.py:3441} INFO - Setting next_dagrun for dataset_consumes_1 to None, run_after=None
[2024-08-27T11:56:30.843+0000] {logging_mixin.py:137} INFO - [2024-08-27T11:56:30.843+0000] {dag.py:3441} INFO - Setting next_dagrun for dataset_consumes_1_and_2 to None, run_after=None
[2024-08-27T11:56:30.846+0000] {logging_mixin.py:137} INFO - [2024-08-27T11:56:30.846+0000] {dag.py:3441} INFO - Setting next_dagrun for dataset_consumes_1_never_scheduled to None, run_after=None
[2024-08-27T11:56:30.848+0000] {logging_mixin.py:137} INFO - [2024-08-27T11:56:30.848+0000] {dag.py:3441} INFO - Setting next_dagrun for dataset_consumes_unknown_never_scheduled to None, run_after=None
[2024-08-27T11:56:30.852+0000] {logging_mixin.py:137} INFO - [2024-08-27T11:56:30.852+0000] {dag.py:3441} INFO - Setting next_dagrun for dataset_produces_1 to 2024-08-26T00:00:00+00:00, run_after=2024-08-27T00:00:00+00:00
[2024-08-27T11:56:30.855+0000] {logging_mixin.py:137} INFO - [2024-08-27T11:56:30.854+0000] {dag.py:3441} INFO - Setting next_dagrun for dataset_produces_2 to None, run_after=None
[2024-08-27T11:56:30.901+0000] {processor.py:175} INFO - Processing /home/airflow/.local/lib/python3.7/site-packages/airflow/example_dags/example_datasets.py took 0.171 seconds
[2024-08-27T11:57:01.612+0000] {processor.py:153} INFO - Started process (PID=270) to work on /home/airflow/.local/lib/python3.7/site-packages/airflow/example_dags/example_datasets.py
[2024-08-27T11:57:01.613+0000] {processor.py:743} INFO - Processing file /home/airflow/.local/lib/python3.7/site-packages/airflow/example_dags/example_datasets.py for tasks to queue
[2024-08-27T11:57:01.614+0000] {logging_mixin.py:137} INFO - [2024-08-27T11:57:01.614+0000] {dagbag.py:538} INFO - Filling up the DagBag from /home/airflow/.local/lib/python3.7/site-packages/airflow/example_dags/example_datasets.py
[2024-08-27T11:57:01.630+0000] {processor.py:753} INFO - DAG(s) dict_keys(['dataset_consumes_1_and_2', 'dataset_consumes_unknown_never_scheduled', 'dataset_consumes_1', 'dataset_produces_2', 'dataset_produces_1', 'dataset_consumes_1_never_scheduled']) retrieved from /home/airflow/.local/lib/python3.7/site-packages/airflow/example_dags/example_datasets.py
[2024-08-27T11:57:01.681+0000] {logging_mixin.py:137} INFO - [2024-08-27T11:57:01.680+0000] {dag.py:2690} INFO - Sync 6 DAGs
[2024-08-27T11:57:01.716+0000] {logging_mixin.py:137} INFO - [2024-08-27T11:57:01.716+0000] {dag.py:3441} INFO - Setting next_dagrun for dataset_consumes_1 to None, run_after=None
[2024-08-27T11:57:01.721+0000] {logging_mixin.py:137} INFO - [2024-08-27T11:57:01.721+0000] {dag.py:3441} INFO - Setting next_dagrun for dataset_consumes_1_and_2 to None, run_after=None
[2024-08-27T11:57:01.723+0000] {logging_mixin.py:137} INFO - [2024-08-27T11:57:01.723+0000] {dag.py:3441} INFO - Setting next_dagrun for dataset_consumes_1_never_scheduled to None, run_after=None
[2024-08-27T11:57:01.726+0000] {logging_mixin.py:137} INFO - [2024-08-27T11:57:01.725+0000] {dag.py:3441} INFO - Setting next_dagrun for dataset_consumes_unknown_never_scheduled to None, run_after=None
[2024-08-27T11:57:01.730+0000] {logging_mixin.py:137} INFO - [2024-08-27T11:57:01.729+0000] {dag.py:3441} INFO - Setting next_dagrun for dataset_produces_1 to 2024-08-26T00:00:00+00:00, run_after=2024-08-27T00:00:00+00:00
[2024-08-27T11:57:01.732+0000] {logging_mixin.py:137} INFO - [2024-08-27T11:57:01.732+0000] {dag.py:3441} INFO - Setting next_dagrun for dataset_produces_2 to None, run_after=None
[2024-08-27T11:57:01.788+0000] {processor.py:175} INFO - Processing /home/airflow/.local/lib/python3.7/site-packages/airflow/example_dags/example_datasets.py took 0.179 seconds
[2024-08-27T11:57:32.092+0000] {processor.py:153} INFO - Started process (PID=341) to work on /home/airflow/.local/lib/python3.7/site-packages/airflow/example_dags/example_datasets.py
[2024-08-27T11:57:32.094+0000] {processor.py:743} INFO - Processing file /home/airflow/.local/lib/python3.7/site-packages/airflow/example_dags/example_datasets.py for tasks to queue
[2024-08-27T11:57:32.095+0000] {logging_mixin.py:137} INFO - [2024-08-27T11:57:32.095+0000] {dagbag.py:538} INFO - Filling up the DagBag from /home/airflow/.local/lib/python3.7/site-packages/airflow/example_dags/example_datasets.py
[2024-08-27T11:57:32.123+0000] {processor.py:753} INFO - DAG(s) dict_keys(['dataset_consumes_unknown_never_scheduled', 'dataset_produces_1', 'dataset_consumes_1_never_scheduled', 'dataset_produces_2', 'dataset_consumes_1_and_2', 'dataset_consumes_1']) retrieved from /home/airflow/.local/lib/python3.7/site-packages/airflow/example_dags/example_datasets.py
[2024-08-27T11:57:32.187+0000] {logging_mixin.py:137} INFO - [2024-08-27T11:57:32.186+0000] {dag.py:2690} INFO - Sync 6 DAGs
[2024-08-27T11:57:32.217+0000] {logging_mixin.py:137} INFO - [2024-08-27T11:57:32.216+0000] {dag.py:3441} INFO - Setting next_dagrun for dataset_consumes_1 to None, run_after=None
[2024-08-27T11:57:32.221+0000] {logging_mixin.py:137} INFO - [2024-08-27T11:57:32.221+0000] {dag.py:3441} INFO - Setting next_dagrun for dataset_consumes_1_and_2 to None, run_after=None
[2024-08-27T11:57:32.224+0000] {logging_mixin.py:137} INFO - [2024-08-27T11:57:32.224+0000] {dag.py:3441} INFO - Setting next_dagrun for dataset_consumes_1_never_scheduled to None, run_after=None
[2024-08-27T11:57:32.227+0000] {logging_mixin.py:137} INFO - [2024-08-27T11:57:32.227+0000] {dag.py:3441} INFO - Setting next_dagrun for dataset_consumes_unknown_never_scheduled to None, run_after=None
[2024-08-27T11:57:32.231+0000] {logging_mixin.py:137} INFO - [2024-08-27T11:57:32.231+0000] {dag.py:3441} INFO - Setting next_dagrun for dataset_produces_1 to 2024-08-26T00:00:00+00:00, run_after=2024-08-27T00:00:00+00:00
[2024-08-27T11:57:32.234+0000] {logging_mixin.py:137} INFO - [2024-08-27T11:57:32.234+0000] {dag.py:3441} INFO - Setting next_dagrun for dataset_produces_2 to None, run_after=None
[2024-08-27T11:57:32.307+0000] {processor.py:175} INFO - Processing /home/airflow/.local/lib/python3.7/site-packages/airflow/example_dags/example_datasets.py took 0.222 seconds
[2024-08-27T11:58:02.536+0000] {processor.py:153} INFO - Started process (PID=428) to work on /home/airflow/.local/lib/python3.7/site-packages/airflow/example_dags/example_datasets.py
[2024-08-27T11:58:02.537+0000] {processor.py:743} INFO - Processing file /home/airflow/.local/lib/python3.7/site-packages/airflow/example_dags/example_datasets.py for tasks to queue
[2024-08-27T11:58:02.539+0000] {logging_mixin.py:137} INFO - [2024-08-27T11:58:02.538+0000] {dagbag.py:538} INFO - Filling up the DagBag from /home/airflow/.local/lib/python3.7/site-packages/airflow/example_dags/example_datasets.py
[2024-08-27T11:58:02.558+0000] {processor.py:753} INFO - DAG(s) dict_keys(['dataset_consumes_unknown_never_scheduled', 'dataset_produces_1', 'dataset_consumes_1_never_scheduled', 'dataset_consumes_1_and_2', 'dataset_produces_2', 'dataset_consumes_1']) retrieved from /home/airflow/.local/lib/python3.7/site-packages/airflow/example_dags/example_datasets.py
[2024-08-27T11:58:02.634+0000] {logging_mixin.py:137} INFO - [2024-08-27T11:58:02.634+0000] {dag.py:2690} INFO - Sync 6 DAGs
[2024-08-27T11:58:02.682+0000] {logging_mixin.py:137} INFO - [2024-08-27T11:58:02.682+0000] {dag.py:3441} INFO - Setting next_dagrun for dataset_consumes_1 to None, run_after=None
[2024-08-27T11:58:02.687+0000] {logging_mixin.py:137} INFO - [2024-08-27T11:58:02.687+0000] {dag.py:3441} INFO - Setting next_dagrun for dataset_consumes_1_and_2 to None, run_after=None
[2024-08-27T11:58:02.691+0000] {logging_mixin.py:137} INFO - [2024-08-27T11:58:02.691+0000] {dag.py:3441} INFO - Setting next_dagrun for dataset_consumes_1_never_scheduled to None, run_after=None
[2024-08-27T11:58:02.694+0000] {logging_mixin.py:137} INFO - [2024-08-27T11:58:02.694+0000] {dag.py:3441} INFO - Setting next_dagrun for dataset_consumes_unknown_never_scheduled to None, run_after=None
[2024-08-27T11:58:02.699+0000] {logging_mixin.py:137} INFO - [2024-08-27T11:58:02.699+0000] {dag.py:3441} INFO - Setting next_dagrun for dataset_produces_1 to 2024-08-26T00:00:00+00:00, run_after=2024-08-27T00:00:00+00:00
[2024-08-27T11:58:02.702+0000] {logging_mixin.py:137} INFO - [2024-08-27T11:58:02.702+0000] {dag.py:3441} INFO - Setting next_dagrun for dataset_produces_2 to None, run_after=None
[2024-08-27T11:58:02.768+0000] {processor.py:175} INFO - Processing /home/airflow/.local/lib/python3.7/site-packages/airflow/example_dags/example_datasets.py took 0.236 seconds
[2024-08-27T12:00:26.577+0000] {processor.py:153} INFO - Started process (PID=69) to work on /home/airflow/.local/lib/python3.7/site-packages/airflow/example_dags/example_datasets.py
[2024-08-27T12:00:26.580+0000] {processor.py:743} INFO - Processing file /home/airflow/.local/lib/python3.7/site-packages/airflow/example_dags/example_datasets.py for tasks to queue
[2024-08-27T12:00:26.582+0000] {logging_mixin.py:137} INFO - [2024-08-27T12:00:26.582+0000] {dagbag.py:538} INFO - Filling up the DagBag from /home/airflow/.local/lib/python3.7/site-packages/airflow/example_dags/example_datasets.py
[2024-08-27T12:00:26.652+0000] {processor.py:753} INFO - DAG(s) dict_keys(['dataset_consumes_1', 'dataset_consumes_1_never_scheduled', 'dataset_produces_1', 'dataset_consumes_unknown_never_scheduled', 'dataset_produces_2', 'dataset_consumes_1_and_2']) retrieved from /home/airflow/.local/lib/python3.7/site-packages/airflow/example_dags/example_datasets.py
[2024-08-27T12:00:26.709+0000] {logging_mixin.py:137} INFO - [2024-08-27T12:00:26.709+0000] {dag.py:2690} INFO - Sync 6 DAGs
[2024-08-27T12:00:26.841+0000] {logging_mixin.py:137} INFO - [2024-08-27T12:00:26.840+0000] {dag.py:3441} INFO - Setting next_dagrun for dataset_consumes_1 to None, run_after=None
[2024-08-27T12:00:26.861+0000] {logging_mixin.py:137} INFO - [2024-08-27T12:00:26.861+0000] {dag.py:3441} INFO - Setting next_dagrun for dataset_consumes_1_and_2 to None, run_after=None
[2024-08-27T12:00:26.866+0000] {logging_mixin.py:137} INFO - [2024-08-27T12:00:26.865+0000] {dag.py:3441} INFO - Setting next_dagrun for dataset_consumes_1_never_scheduled to None, run_after=None
[2024-08-27T12:00:26.870+0000] {logging_mixin.py:137} INFO - [2024-08-27T12:00:26.870+0000] {dag.py:3441} INFO - Setting next_dagrun for dataset_consumes_unknown_never_scheduled to None, run_after=None
[2024-08-27T12:00:26.886+0000] {logging_mixin.py:137} INFO - [2024-08-27T12:00:26.885+0000] {dag.py:3441} INFO - Setting next_dagrun for dataset_produces_1 to 2024-08-26T00:00:00+00:00, run_after=2024-08-27T00:00:00+00:00
[2024-08-27T12:00:26.889+0000] {logging_mixin.py:137} INFO - [2024-08-27T12:00:26.889+0000] {dag.py:3441} INFO - Setting next_dagrun for dataset_produces_2 to None, run_after=None
[2024-08-27T12:00:27.002+0000] {processor.py:175} INFO - Processing /home/airflow/.local/lib/python3.7/site-packages/airflow/example_dags/example_datasets.py took 0.436 seconds
[2024-08-27T12:00:57.578+0000] {processor.py:153} INFO - Started process (PID=153) to work on /home/airflow/.local/lib/python3.7/site-packages/airflow/example_dags/example_datasets.py
[2024-08-27T12:00:57.582+0000] {processor.py:743} INFO - Processing file /home/airflow/.local/lib/python3.7/site-packages/airflow/example_dags/example_datasets.py for tasks to queue
[2024-08-27T12:00:57.584+0000] {logging_mixin.py:137} INFO - [2024-08-27T12:00:57.583+0000] {dagbag.py:538} INFO - Filling up the DagBag from /home/airflow/.local/lib/python3.7/site-packages/airflow/example_dags/example_datasets.py
[2024-08-27T12:00:57.617+0000] {processor.py:753} INFO - DAG(s) dict_keys(['dataset_produces_1', 'dataset_consumes_unknown_never_scheduled', 'dataset_produces_2', 'dataset_consumes_1', 'dataset_consumes_1_never_scheduled', 'dataset_consumes_1_and_2']) retrieved from /home/airflow/.local/lib/python3.7/site-packages/airflow/example_dags/example_datasets.py
[2024-08-27T12:00:57.812+0000] {logging_mixin.py:137} INFO - [2024-08-27T12:00:57.811+0000] {dag.py:2690} INFO - Sync 6 DAGs
[2024-08-27T12:00:57.869+0000] {logging_mixin.py:137} INFO - [2024-08-27T12:00:57.869+0000] {dag.py:3441} INFO - Setting next_dagrun for dataset_consumes_1 to None, run_after=None
[2024-08-27T12:00:57.881+0000] {logging_mixin.py:137} INFO - [2024-08-27T12:00:57.880+0000] {dag.py:3441} INFO - Setting next_dagrun for dataset_consumes_1_and_2 to None, run_after=None
[2024-08-27T12:00:57.883+0000] {logging_mixin.py:137} INFO - [2024-08-27T12:00:57.883+0000] {dag.py:3441} INFO - Setting next_dagrun for dataset_consumes_1_never_scheduled to None, run_after=None
[2024-08-27T12:00:57.886+0000] {logging_mixin.py:137} INFO - [2024-08-27T12:00:57.886+0000] {dag.py:3441} INFO - Setting next_dagrun for dataset_consumes_unknown_never_scheduled to None, run_after=None
[2024-08-27T12:00:57.894+0000] {logging_mixin.py:137} INFO - [2024-08-27T12:00:57.894+0000] {dag.py:3441} INFO - Setting next_dagrun for dataset_produces_1 to 2024-08-26T00:00:00+00:00, run_after=2024-08-27T00:00:00+00:00
[2024-08-27T12:00:57.897+0000] {logging_mixin.py:137} INFO - [2024-08-27T12:00:57.896+0000] {dag.py:3441} INFO - Setting next_dagrun for dataset_produces_2 to None, run_after=None
[2024-08-27T12:00:58.014+0000] {processor.py:175} INFO - Processing /home/airflow/.local/lib/python3.7/site-packages/airflow/example_dags/example_datasets.py took 0.442 seconds
