[2024-08-27T11:55:33.403+0000] {processor.py:153} INFO - Started process (PID=79) to work on /home/airflow/.local/lib/python3.7/site-packages/airflow/example_dags/example_branch_labels.py
[2024-08-27T11:55:33.406+0000] {processor.py:743} INFO - Processing file /home/airflow/.local/lib/python3.7/site-packages/airflow/example_dags/example_branch_labels.py for tasks to queue
[2024-08-27T11:55:33.409+0000] {logging_mixin.py:137} INFO - [2024-08-27T11:55:33.409+0000] {dagbag.py:538} INFO - Filling up the DagBag from /home/airflow/.local/lib/python3.7/site-packages/airflow/example_dags/example_branch_labels.py
[2024-08-27T11:55:33.441+0000] {processor.py:753} INFO - DAG(s) dict_keys(['example_branch_labels']) retrieved from /home/airflow/.local/lib/python3.7/site-packages/airflow/example_dags/example_branch_labels.py
[2024-08-27T11:55:33.506+0000] {logging_mixin.py:137} INFO - [2024-08-27T11:55:33.506+0000] {dag.py:2690} INFO - Sync 1 DAGs
[2024-08-27T11:55:33.584+0000] {logging_mixin.py:137} INFO - [2024-08-27T11:55:33.583+0000] {dag.py:3441} INFO - Setting next_dagrun for example_branch_labels to 2024-08-26T00:00:00+00:00, run_after=2024-08-27T00:00:00+00:00
[2024-08-27T11:55:33.669+0000] {processor.py:175} INFO - Processing /home/airflow/.local/lib/python3.7/site-packages/airflow/example_dags/example_branch_labels.py took 0.273 seconds
[2024-08-27T11:56:03.777+0000] {processor.py:153} INFO - Started process (PID=150) to work on /home/airflow/.local/lib/python3.7/site-packages/airflow/example_dags/example_branch_labels.py
[2024-08-27T11:56:03.779+0000] {processor.py:743} INFO - Processing file /home/airflow/.local/lib/python3.7/site-packages/airflow/example_dags/example_branch_labels.py for tasks to queue
[2024-08-27T11:56:03.779+0000] {logging_mixin.py:137} INFO - [2024-08-27T11:56:03.779+0000] {dagbag.py:538} INFO - Filling up the DagBag from /home/airflow/.local/lib/python3.7/site-packages/airflow/example_dags/example_branch_labels.py
[2024-08-27T11:56:03.801+0000] {processor.py:753} INFO - DAG(s) dict_keys(['example_branch_labels']) retrieved from /home/airflow/.local/lib/python3.7/site-packages/airflow/example_dags/example_branch_labels.py
[2024-08-27T11:56:03.841+0000] {logging_mixin.py:137} INFO - [2024-08-27T11:56:03.841+0000] {dag.py:2690} INFO - Sync 1 DAGs
[2024-08-27T11:56:03.881+0000] {logging_mixin.py:137} INFO - [2024-08-27T11:56:03.881+0000] {dag.py:3441} INFO - Setting next_dagrun for example_branch_labels to 2024-08-26T00:00:00+00:00, run_after=2024-08-27T00:00:00+00:00
[2024-08-27T11:56:03.910+0000] {processor.py:175} INFO - Processing /home/airflow/.local/lib/python3.7/site-packages/airflow/example_dags/example_branch_labels.py took 0.137 seconds
[2024-08-27T11:56:34.043+0000] {processor.py:153} INFO - Started process (PID=221) to work on /home/airflow/.local/lib/python3.7/site-packages/airflow/example_dags/example_branch_labels.py
[2024-08-27T11:56:34.045+0000] {processor.py:743} INFO - Processing file /home/airflow/.local/lib/python3.7/site-packages/airflow/example_dags/example_branch_labels.py for tasks to queue
[2024-08-27T11:56:34.049+0000] {logging_mixin.py:137} INFO - [2024-08-27T11:56:34.048+0000] {dagbag.py:538} INFO - Filling up the DagBag from /home/airflow/.local/lib/python3.7/site-packages/airflow/example_dags/example_branch_labels.py
[2024-08-27T11:56:34.071+0000] {processor.py:753} INFO - DAG(s) dict_keys(['example_branch_labels']) retrieved from /home/airflow/.local/lib/python3.7/site-packages/airflow/example_dags/example_branch_labels.py
[2024-08-27T11:56:34.110+0000] {logging_mixin.py:137} INFO - [2024-08-27T11:56:34.110+0000] {dag.py:2690} INFO - Sync 1 DAGs
[2024-08-27T11:56:34.153+0000] {logging_mixin.py:137} INFO - [2024-08-27T11:56:34.152+0000] {dag.py:3441} INFO - Setting next_dagrun for example_branch_labels to 2024-08-26T00:00:00+00:00, run_after=2024-08-27T00:00:00+00:00
[2024-08-27T11:56:34.204+0000] {processor.py:175} INFO - Processing /home/airflow/.local/lib/python3.7/site-packages/airflow/example_dags/example_branch_labels.py took 0.168 seconds
[2024-08-27T11:57:04.890+0000] {processor.py:153} INFO - Started process (PID=293) to work on /home/airflow/.local/lib/python3.7/site-packages/airflow/example_dags/example_branch_labels.py
[2024-08-27T11:57:04.892+0000] {processor.py:743} INFO - Processing file /home/airflow/.local/lib/python3.7/site-packages/airflow/example_dags/example_branch_labels.py for tasks to queue
[2024-08-27T11:57:04.893+0000] {logging_mixin.py:137} INFO - [2024-08-27T11:57:04.893+0000] {dagbag.py:538} INFO - Filling up the DagBag from /home/airflow/.local/lib/python3.7/site-packages/airflow/example_dags/example_branch_labels.py
[2024-08-27T11:57:04.917+0000] {processor.py:753} INFO - DAG(s) dict_keys(['example_branch_labels']) retrieved from /home/airflow/.local/lib/python3.7/site-packages/airflow/example_dags/example_branch_labels.py
[2024-08-27T11:57:04.960+0000] {logging_mixin.py:137} INFO - [2024-08-27T11:57:04.960+0000] {dag.py:2690} INFO - Sync 1 DAGs
[2024-08-27T11:57:05.025+0000] {logging_mixin.py:137} INFO - [2024-08-27T11:57:05.024+0000] {dag.py:3441} INFO - Setting next_dagrun for example_branch_labels to 2024-08-26T00:00:00+00:00, run_after=2024-08-27T00:00:00+00:00
[2024-08-27T11:57:05.067+0000] {processor.py:175} INFO - Processing /home/airflow/.local/lib/python3.7/site-packages/airflow/example_dags/example_branch_labels.py took 0.184 seconds
[2024-08-27T11:57:35.985+0000] {processor.py:153} INFO - Started process (PID=380) to work on /home/airflow/.local/lib/python3.7/site-packages/airflow/example_dags/example_branch_labels.py
[2024-08-27T11:57:35.988+0000] {processor.py:743} INFO - Processing file /home/airflow/.local/lib/python3.7/site-packages/airflow/example_dags/example_branch_labels.py for tasks to queue
[2024-08-27T11:57:35.989+0000] {logging_mixin.py:137} INFO - [2024-08-27T11:57:35.989+0000] {dagbag.py:538} INFO - Filling up the DagBag from /home/airflow/.local/lib/python3.7/site-packages/airflow/example_dags/example_branch_labels.py
[2024-08-27T11:57:36.015+0000] {processor.py:753} INFO - DAG(s) dict_keys(['example_branch_labels']) retrieved from /home/airflow/.local/lib/python3.7/site-packages/airflow/example_dags/example_branch_labels.py
[2024-08-27T11:57:36.055+0000] {logging_mixin.py:137} INFO - [2024-08-27T11:57:36.054+0000] {dag.py:2690} INFO - Sync 1 DAGs
[2024-08-27T11:57:36.091+0000] {logging_mixin.py:137} INFO - [2024-08-27T11:57:36.091+0000] {dag.py:3441} INFO - Setting next_dagrun for example_branch_labels to 2024-08-26T00:00:00+00:00, run_after=2024-08-27T00:00:00+00:00
[2024-08-27T11:57:36.121+0000] {processor.py:175} INFO - Processing /home/airflow/.local/lib/python3.7/site-packages/airflow/example_dags/example_branch_labels.py took 0.142 seconds
[2024-08-27T11:58:06.271+0000] {processor.py:153} INFO - Started process (PID=451) to work on /home/airflow/.local/lib/python3.7/site-packages/airflow/example_dags/example_branch_labels.py
[2024-08-27T11:58:06.273+0000] {processor.py:743} INFO - Processing file /home/airflow/.local/lib/python3.7/site-packages/airflow/example_dags/example_branch_labels.py for tasks to queue
[2024-08-27T11:58:06.274+0000] {logging_mixin.py:137} INFO - [2024-08-27T11:58:06.274+0000] {dagbag.py:538} INFO - Filling up the DagBag from /home/airflow/.local/lib/python3.7/site-packages/airflow/example_dags/example_branch_labels.py
[2024-08-27T11:58:06.295+0000] {processor.py:753} INFO - DAG(s) dict_keys(['example_branch_labels']) retrieved from /home/airflow/.local/lib/python3.7/site-packages/airflow/example_dags/example_branch_labels.py
[2024-08-27T11:58:06.339+0000] {logging_mixin.py:137} INFO - [2024-08-27T11:58:06.338+0000] {dag.py:2690} INFO - Sync 1 DAGs
[2024-08-27T11:58:06.384+0000] {logging_mixin.py:137} INFO - [2024-08-27T11:58:06.383+0000] {dag.py:3441} INFO - Setting next_dagrun for example_branch_labels to 2024-08-26T00:00:00+00:00, run_after=2024-08-27T00:00:00+00:00
[2024-08-27T11:58:06.421+0000] {processor.py:175} INFO - Processing /home/airflow/.local/lib/python3.7/site-packages/airflow/example_dags/example_branch_labels.py took 0.155 seconds
[2024-08-27T12:00:29.714+0000] {processor.py:153} INFO - Started process (PID=92) to work on /home/airflow/.local/lib/python3.7/site-packages/airflow/example_dags/example_branch_labels.py
[2024-08-27T12:00:29.716+0000] {processor.py:743} INFO - Processing file /home/airflow/.local/lib/python3.7/site-packages/airflow/example_dags/example_branch_labels.py for tasks to queue
[2024-08-27T12:00:29.717+0000] {logging_mixin.py:137} INFO - [2024-08-27T12:00:29.717+0000] {dagbag.py:538} INFO - Filling up the DagBag from /home/airflow/.local/lib/python3.7/site-packages/airflow/example_dags/example_branch_labels.py
[2024-08-27T12:00:29.738+0000] {processor.py:753} INFO - DAG(s) dict_keys(['example_branch_labels']) retrieved from /home/airflow/.local/lib/python3.7/site-packages/airflow/example_dags/example_branch_labels.py
[2024-08-27T12:00:29.756+0000] {logging_mixin.py:137} INFO - [2024-08-27T12:00:29.756+0000] {dag.py:2690} INFO - Sync 1 DAGs
[2024-08-27T12:00:29.818+0000] {logging_mixin.py:137} INFO - [2024-08-27T12:00:29.816+0000] {dag.py:3441} INFO - Setting next_dagrun for example_branch_labels to 2024-08-26T00:00:00+00:00, run_after=2024-08-27T00:00:00+00:00
[2024-08-27T12:00:29.864+0000] {processor.py:175} INFO - Processing /home/airflow/.local/lib/python3.7/site-packages/airflow/example_dags/example_branch_labels.py took 0.155 seconds
[2024-08-27T12:01:01.978+0000] {processor.py:153} INFO - Started process (PID=176) to work on /home/airflow/.local/lib/python3.7/site-packages/airflow/example_dags/example_branch_labels.py
[2024-08-27T12:01:01.983+0000] {processor.py:743} INFO - Processing file /home/airflow/.local/lib/python3.7/site-packages/airflow/example_dags/example_branch_labels.py for tasks to queue
[2024-08-27T12:01:01.990+0000] {logging_mixin.py:137} INFO - [2024-08-27T12:01:01.990+0000] {dagbag.py:538} INFO - Filling up the DagBag from /home/airflow/.local/lib/python3.7/site-packages/airflow/example_dags/example_branch_labels.py
[2024-08-27T12:01:02.041+0000] {processor.py:753} INFO - DAG(s) dict_keys(['example_branch_labels']) retrieved from /home/airflow/.local/lib/python3.7/site-packages/airflow/example_dags/example_branch_labels.py
[2024-08-27T12:01:02.103+0000] {logging_mixin.py:137} INFO - [2024-08-27T12:01:02.103+0000] {dag.py:2690} INFO - Sync 1 DAGs
[2024-08-27T12:01:02.167+0000] {logging_mixin.py:137} INFO - [2024-08-27T12:01:02.167+0000] {dag.py:3441} INFO - Setting next_dagrun for example_branch_labels to 2024-08-26T00:00:00+00:00, run_after=2024-08-27T00:00:00+00:00
[2024-08-27T12:01:02.217+0000] {processor.py:175} INFO - Processing /home/airflow/.local/lib/python3.7/site-packages/airflow/example_dags/example_branch_labels.py took 0.248 seconds
