[2024-08-27T11:55:32.183+0000] {processor.py:153} INFO - Started process (PID=73) to work on /home/airflow/.local/lib/python3.7/site-packages/airflow/example_dags/example_branch_day_of_week_operator.py
[2024-08-27T11:55:32.184+0000] {processor.py:743} INFO - Processing file /home/airflow/.local/lib/python3.7/site-packages/airflow/example_dags/example_branch_day_of_week_operator.py for tasks to queue
[2024-08-27T11:55:32.186+0000] {logging_mixin.py:137} INFO - [2024-08-27T11:55:32.186+0000] {dagbag.py:538} INFO - Filling up the DagBag from /home/airflow/.local/lib/python3.7/site-packages/airflow/example_dags/example_branch_day_of_week_operator.py
[2024-08-27T11:55:32.234+0000] {processor.py:753} INFO - DAG(s) dict_keys(['example_weekday_branch_operator']) retrieved from /home/airflow/.local/lib/python3.7/site-packages/airflow/example_dags/example_branch_day_of_week_operator.py
[2024-08-27T11:55:32.306+0000] {logging_mixin.py:137} INFO - [2024-08-27T11:55:32.305+0000] {dag.py:2690} INFO - Sync 1 DAGs
[2024-08-27T11:55:32.359+0000] {logging_mixin.py:137} INFO - [2024-08-27T11:55:32.358+0000] {dag.py:3441} INFO - Setting next_dagrun for example_weekday_branch_operator to 2024-08-26T00:00:00+00:00, run_after=2024-08-27T00:00:00+00:00
[2024-08-27T11:55:32.401+0000] {processor.py:175} INFO - Processing /home/airflow/.local/lib/python3.7/site-packages/airflow/example_dags/example_branch_day_of_week_operator.py took 0.227 seconds
[2024-08-27T11:56:03.228+0000] {processor.py:153} INFO - Started process (PID=144) to work on /home/airflow/.local/lib/python3.7/site-packages/airflow/example_dags/example_branch_day_of_week_operator.py
[2024-08-27T11:56:03.229+0000] {processor.py:743} INFO - Processing file /home/airflow/.local/lib/python3.7/site-packages/airflow/example_dags/example_branch_day_of_week_operator.py for tasks to queue
[2024-08-27T11:56:03.230+0000] {logging_mixin.py:137} INFO - [2024-08-27T11:56:03.230+0000] {dagbag.py:538} INFO - Filling up the DagBag from /home/airflow/.local/lib/python3.7/site-packages/airflow/example_dags/example_branch_day_of_week_operator.py
[2024-08-27T11:56:03.251+0000] {processor.py:753} INFO - DAG(s) dict_keys(['example_weekday_branch_operator']) retrieved from /home/airflow/.local/lib/python3.7/site-packages/airflow/example_dags/example_branch_day_of_week_operator.py
[2024-08-27T11:56:03.279+0000] {logging_mixin.py:137} INFO - [2024-08-27T11:56:03.279+0000] {dag.py:2690} INFO - Sync 1 DAGs
[2024-08-27T11:56:03.308+0000] {logging_mixin.py:137} INFO - [2024-08-27T11:56:03.308+0000] {dag.py:3441} INFO - Setting next_dagrun for example_weekday_branch_operator to 2024-08-26T00:00:00+00:00, run_after=2024-08-27T00:00:00+00:00
[2024-08-27T11:56:03.347+0000] {processor.py:175} INFO - Processing /home/airflow/.local/lib/python3.7/site-packages/airflow/example_dags/example_branch_day_of_week_operator.py took 0.123 seconds
[2024-08-27T11:56:33.526+0000] {processor.py:153} INFO - Started process (PID=215) to work on /home/airflow/.local/lib/python3.7/site-packages/airflow/example_dags/example_branch_day_of_week_operator.py
[2024-08-27T11:56:33.528+0000] {processor.py:743} INFO - Processing file /home/airflow/.local/lib/python3.7/site-packages/airflow/example_dags/example_branch_day_of_week_operator.py for tasks to queue
[2024-08-27T11:56:33.529+0000] {logging_mixin.py:137} INFO - [2024-08-27T11:56:33.529+0000] {dagbag.py:538} INFO - Filling up the DagBag from /home/airflow/.local/lib/python3.7/site-packages/airflow/example_dags/example_branch_day_of_week_operator.py
[2024-08-27T11:56:33.547+0000] {processor.py:753} INFO - DAG(s) dict_keys(['example_weekday_branch_operator']) retrieved from /home/airflow/.local/lib/python3.7/site-packages/airflow/example_dags/example_branch_day_of_week_operator.py
[2024-08-27T11:56:33.579+0000] {logging_mixin.py:137} INFO - [2024-08-27T11:56:33.578+0000] {dag.py:2690} INFO - Sync 1 DAGs
[2024-08-27T11:56:33.610+0000] {logging_mixin.py:137} INFO - [2024-08-27T11:56:33.609+0000] {dag.py:3441} INFO - Setting next_dagrun for example_weekday_branch_operator to 2024-08-26T00:00:00+00:00, run_after=2024-08-27T00:00:00+00:00
[2024-08-27T11:56:33.636+0000] {processor.py:175} INFO - Processing /home/airflow/.local/lib/python3.7/site-packages/airflow/example_dags/example_branch_day_of_week_operator.py took 0.115 seconds
[2024-08-27T11:57:04.149+0000] {processor.py:153} INFO - Started process (PID=287) to work on /home/airflow/.local/lib/python3.7/site-packages/airflow/example_dags/example_branch_day_of_week_operator.py
[2024-08-27T11:57:04.151+0000] {processor.py:743} INFO - Processing file /home/airflow/.local/lib/python3.7/site-packages/airflow/example_dags/example_branch_day_of_week_operator.py for tasks to queue
[2024-08-27T11:57:04.152+0000] {logging_mixin.py:137} INFO - [2024-08-27T11:57:04.152+0000] {dagbag.py:538} INFO - Filling up the DagBag from /home/airflow/.local/lib/python3.7/site-packages/airflow/example_dags/example_branch_day_of_week_operator.py
[2024-08-27T11:57:04.172+0000] {processor.py:753} INFO - DAG(s) dict_keys(['example_weekday_branch_operator']) retrieved from /home/airflow/.local/lib/python3.7/site-packages/airflow/example_dags/example_branch_day_of_week_operator.py
[2024-08-27T11:57:04.206+0000] {logging_mixin.py:137} INFO - [2024-08-27T11:57:04.206+0000] {dag.py:2690} INFO - Sync 1 DAGs
[2024-08-27T11:57:04.244+0000] {logging_mixin.py:137} INFO - [2024-08-27T11:57:04.244+0000] {dag.py:3441} INFO - Setting next_dagrun for example_weekday_branch_operator to 2024-08-26T00:00:00+00:00, run_after=2024-08-27T00:00:00+00:00
[2024-08-27T11:57:04.273+0000] {processor.py:175} INFO - Processing /home/airflow/.local/lib/python3.7/site-packages/airflow/example_dags/example_branch_day_of_week_operator.py took 0.134 seconds
[2024-08-27T11:57:35.060+0000] {processor.py:153} INFO - Started process (PID=367) to work on /home/airflow/.local/lib/python3.7/site-packages/airflow/example_dags/example_branch_day_of_week_operator.py
[2024-08-27T11:57:35.061+0000] {processor.py:743} INFO - Processing file /home/airflow/.local/lib/python3.7/site-packages/airflow/example_dags/example_branch_day_of_week_operator.py for tasks to queue
[2024-08-27T11:57:35.062+0000] {logging_mixin.py:137} INFO - [2024-08-27T11:57:35.062+0000] {dagbag.py:538} INFO - Filling up the DagBag from /home/airflow/.local/lib/python3.7/site-packages/airflow/example_dags/example_branch_day_of_week_operator.py
[2024-08-27T11:57:35.103+0000] {processor.py:753} INFO - DAG(s) dict_keys(['example_weekday_branch_operator']) retrieved from /home/airflow/.local/lib/python3.7/site-packages/airflow/example_dags/example_branch_day_of_week_operator.py
[2024-08-27T11:57:35.258+0000] {logging_mixin.py:137} INFO - [2024-08-27T11:57:35.257+0000] {dag.py:2690} INFO - Sync 1 DAGs
[2024-08-27T11:57:35.325+0000] {logging_mixin.py:137} INFO - [2024-08-27T11:57:35.324+0000] {dag.py:3441} INFO - Setting next_dagrun for example_weekday_branch_operator to 2024-08-26T00:00:00+00:00, run_after=2024-08-27T00:00:00+00:00
[2024-08-27T11:57:35.371+0000] {processor.py:175} INFO - Processing /home/airflow/.local/lib/python3.7/site-packages/airflow/example_dags/example_branch_day_of_week_operator.py took 0.316 seconds
[2024-08-27T11:58:05.418+0000] {processor.py:153} INFO - Started process (PID=445) to work on /home/airflow/.local/lib/python3.7/site-packages/airflow/example_dags/example_branch_day_of_week_operator.py
[2024-08-27T11:58:05.419+0000] {processor.py:743} INFO - Processing file /home/airflow/.local/lib/python3.7/site-packages/airflow/example_dags/example_branch_day_of_week_operator.py for tasks to queue
[2024-08-27T11:58:05.420+0000] {logging_mixin.py:137} INFO - [2024-08-27T11:58:05.419+0000] {dagbag.py:538} INFO - Filling up the DagBag from /home/airflow/.local/lib/python3.7/site-packages/airflow/example_dags/example_branch_day_of_week_operator.py
[2024-08-27T11:58:05.436+0000] {processor.py:753} INFO - DAG(s) dict_keys(['example_weekday_branch_operator']) retrieved from /home/airflow/.local/lib/python3.7/site-packages/airflow/example_dags/example_branch_day_of_week_operator.py
[2024-08-27T11:58:05.465+0000] {logging_mixin.py:137} INFO - [2024-08-27T11:58:05.465+0000] {dag.py:2690} INFO - Sync 1 DAGs
[2024-08-27T11:58:05.496+0000] {logging_mixin.py:137} INFO - [2024-08-27T11:58:05.495+0000] {dag.py:3441} INFO - Setting next_dagrun for example_weekday_branch_operator to 2024-08-26T00:00:00+00:00, run_after=2024-08-27T00:00:00+00:00
[2024-08-27T11:58:05.532+0000] {processor.py:175} INFO - Processing /home/airflow/.local/lib/python3.7/site-packages/airflow/example_dags/example_branch_day_of_week_operator.py took 0.118 seconds
[2024-08-27T12:00:29.161+0000] {processor.py:153} INFO - Started process (PID=86) to work on /home/airflow/.local/lib/python3.7/site-packages/airflow/example_dags/example_branch_day_of_week_operator.py
[2024-08-27T12:00:29.163+0000] {processor.py:743} INFO - Processing file /home/airflow/.local/lib/python3.7/site-packages/airflow/example_dags/example_branch_day_of_week_operator.py for tasks to queue
[2024-08-27T12:00:29.165+0000] {logging_mixin.py:137} INFO - [2024-08-27T12:00:29.165+0000] {dagbag.py:538} INFO - Filling up the DagBag from /home/airflow/.local/lib/python3.7/site-packages/airflow/example_dags/example_branch_day_of_week_operator.py
[2024-08-27T12:00:29.202+0000] {processor.py:753} INFO - DAG(s) dict_keys(['example_weekday_branch_operator']) retrieved from /home/airflow/.local/lib/python3.7/site-packages/airflow/example_dags/example_branch_day_of_week_operator.py
[2024-08-27T12:00:29.226+0000] {logging_mixin.py:137} INFO - [2024-08-27T12:00:29.226+0000] {dag.py:2690} INFO - Sync 1 DAGs
[2024-08-27T12:00:29.300+0000] {logging_mixin.py:137} INFO - [2024-08-27T12:00:29.300+0000] {dag.py:3441} INFO - Setting next_dagrun for example_weekday_branch_operator to 2024-08-26T00:00:00+00:00, run_after=2024-08-27T00:00:00+00:00
[2024-08-27T12:00:29.339+0000] {processor.py:175} INFO - Processing /home/airflow/.local/lib/python3.7/site-packages/airflow/example_dags/example_branch_day_of_week_operator.py took 0.185 seconds
[2024-08-27T12:01:01.041+0000] {processor.py:153} INFO - Started process (PID=170) to work on /home/airflow/.local/lib/python3.7/site-packages/airflow/example_dags/example_branch_day_of_week_operator.py
[2024-08-27T12:01:01.043+0000] {processor.py:743} INFO - Processing file /home/airflow/.local/lib/python3.7/site-packages/airflow/example_dags/example_branch_day_of_week_operator.py for tasks to queue
[2024-08-27T12:01:01.046+0000] {logging_mixin.py:137} INFO - [2024-08-27T12:01:01.046+0000] {dagbag.py:538} INFO - Filling up the DagBag from /home/airflow/.local/lib/python3.7/site-packages/airflow/example_dags/example_branch_day_of_week_operator.py
[2024-08-27T12:01:01.084+0000] {processor.py:753} INFO - DAG(s) dict_keys(['example_weekday_branch_operator']) retrieved from /home/airflow/.local/lib/python3.7/site-packages/airflow/example_dags/example_branch_day_of_week_operator.py
[2024-08-27T12:01:01.133+0000] {logging_mixin.py:137} INFO - [2024-08-27T12:01:01.133+0000] {dag.py:2690} INFO - Sync 1 DAGs
[2024-08-27T12:01:01.208+0000] {logging_mixin.py:137} INFO - [2024-08-27T12:01:01.208+0000] {dag.py:3441} INFO - Setting next_dagrun for example_weekday_branch_operator to 2024-08-26T00:00:00+00:00, run_after=2024-08-27T00:00:00+00:00
[2024-08-27T12:01:01.259+0000] {processor.py:175} INFO - Processing /home/airflow/.local/lib/python3.7/site-packages/airflow/example_dags/example_branch_day_of_week_operator.py took 0.229 seconds
