[2024-08-27T11:55:34.114+0000] {processor.py:153} INFO - Started process (PID=82) to work on /home/airflow/.local/lib/python3.7/site-packages/airflow/example_dags/example_external_task_marker_dag.py
[2024-08-27T11:55:34.116+0000] {processor.py:743} INFO - Processing file /home/airflow/.local/lib/python3.7/site-packages/airflow/example_dags/example_external_task_marker_dag.py for tasks to queue
[2024-08-27T11:55:34.119+0000] {logging_mixin.py:137} INFO - [2024-08-27T11:55:34.118+0000] {dagbag.py:538} INFO - Filling up the DagBag from /home/airflow/.local/lib/python3.7/site-packages/airflow/example_dags/example_external_task_marker_dag.py
[2024-08-27T11:55:34.144+0000] {processor.py:753} INFO - DAG(s) dict_keys(['example_external_task_marker_child', 'example_external_task_marker_parent']) retrieved from /home/airflow/.local/lib/python3.7/site-packages/airflow/example_dags/example_external_task_marker_dag.py
[2024-08-27T11:55:34.196+0000] {logging_mixin.py:137} INFO - [2024-08-27T11:55:34.196+0000] {dag.py:2690} INFO - Sync 2 DAGs
[2024-08-27T11:55:34.246+0000] {logging_mixin.py:137} INFO - [2024-08-27T11:55:34.246+0000] {dag.py:3441} INFO - Setting next_dagrun for example_external_task_marker_child to None, run_after=None
[2024-08-27T11:55:34.254+0000] {logging_mixin.py:137} INFO - [2024-08-27T11:55:34.254+0000] {dag.py:3441} INFO - Setting next_dagrun for example_external_task_marker_parent to None, run_after=None
[2024-08-27T11:55:34.303+0000] {processor.py:175} INFO - Processing /home/airflow/.local/lib/python3.7/site-packages/airflow/example_dags/example_external_task_marker_dag.py took 0.196 seconds
[2024-08-27T11:56:05.097+0000] {processor.py:153} INFO - Started process (PID=153) to work on /home/airflow/.local/lib/python3.7/site-packages/airflow/example_dags/example_external_task_marker_dag.py
[2024-08-27T11:56:05.098+0000] {processor.py:743} INFO - Processing file /home/airflow/.local/lib/python3.7/site-packages/airflow/example_dags/example_external_task_marker_dag.py for tasks to queue
[2024-08-27T11:56:05.099+0000] {logging_mixin.py:137} INFO - [2024-08-27T11:56:05.099+0000] {dagbag.py:538} INFO - Filling up the DagBag from /home/airflow/.local/lib/python3.7/site-packages/airflow/example_dags/example_external_task_marker_dag.py
[2024-08-27T11:56:05.114+0000] {processor.py:753} INFO - DAG(s) dict_keys(['example_external_task_marker_parent', 'example_external_task_marker_child']) retrieved from /home/airflow/.local/lib/python3.7/site-packages/airflow/example_dags/example_external_task_marker_dag.py
[2024-08-27T11:56:05.148+0000] {logging_mixin.py:137} INFO - [2024-08-27T11:56:05.148+0000] {dag.py:2690} INFO - Sync 2 DAGs
[2024-08-27T11:56:05.177+0000] {logging_mixin.py:137} INFO - [2024-08-27T11:56:05.177+0000] {dag.py:3441} INFO - Setting next_dagrun for example_external_task_marker_child to None, run_after=None
[2024-08-27T11:56:05.181+0000] {logging_mixin.py:137} INFO - [2024-08-27T11:56:05.181+0000] {dag.py:3441} INFO - Setting next_dagrun for example_external_task_marker_parent to None, run_after=None
[2024-08-27T11:56:05.208+0000] {processor.py:175} INFO - Processing /home/airflow/.local/lib/python3.7/site-packages/airflow/example_dags/example_external_task_marker_dag.py took 0.115 seconds
[2024-08-27T11:56:35.271+0000] {processor.py:153} INFO - Started process (PID=224) to work on /home/airflow/.local/lib/python3.7/site-packages/airflow/example_dags/example_external_task_marker_dag.py
[2024-08-27T11:56:35.273+0000] {processor.py:743} INFO - Processing file /home/airflow/.local/lib/python3.7/site-packages/airflow/example_dags/example_external_task_marker_dag.py for tasks to queue
[2024-08-27T11:56:35.274+0000] {logging_mixin.py:137} INFO - [2024-08-27T11:56:35.274+0000] {dagbag.py:538} INFO - Filling up the DagBag from /home/airflow/.local/lib/python3.7/site-packages/airflow/example_dags/example_external_task_marker_dag.py
[2024-08-27T11:56:35.288+0000] {processor.py:753} INFO - DAG(s) dict_keys(['example_external_task_marker_parent', 'example_external_task_marker_child']) retrieved from /home/airflow/.local/lib/python3.7/site-packages/airflow/example_dags/example_external_task_marker_dag.py
[2024-08-27T11:56:35.322+0000] {logging_mixin.py:137} INFO - [2024-08-27T11:56:35.322+0000] {dag.py:2690} INFO - Sync 2 DAGs
[2024-08-27T11:56:35.382+0000] {logging_mixin.py:137} INFO - [2024-08-27T11:56:35.381+0000] {dag.py:3441} INFO - Setting next_dagrun for example_external_task_marker_child to None, run_after=None
[2024-08-27T11:56:35.388+0000] {logging_mixin.py:137} INFO - [2024-08-27T11:56:35.388+0000] {dag.py:3441} INFO - Setting next_dagrun for example_external_task_marker_parent to None, run_after=None
[2024-08-27T11:56:35.420+0000] {processor.py:175} INFO - Processing /home/airflow/.local/lib/python3.7/site-packages/airflow/example_dags/example_external_task_marker_dag.py took 0.152 seconds
[2024-08-27T11:57:06.591+0000] {processor.py:153} INFO - Started process (PID=305) to work on /home/airflow/.local/lib/python3.7/site-packages/airflow/example_dags/example_external_task_marker_dag.py
[2024-08-27T11:57:06.594+0000] {processor.py:743} INFO - Processing file /home/airflow/.local/lib/python3.7/site-packages/airflow/example_dags/example_external_task_marker_dag.py for tasks to queue
[2024-08-27T11:57:06.597+0000] {logging_mixin.py:137} INFO - [2024-08-27T11:57:06.596+0000] {dagbag.py:538} INFO - Filling up the DagBag from /home/airflow/.local/lib/python3.7/site-packages/airflow/example_dags/example_external_task_marker_dag.py
[2024-08-27T11:57:06.671+0000] {processor.py:753} INFO - DAG(s) dict_keys(['example_external_task_marker_child', 'example_external_task_marker_parent']) retrieved from /home/airflow/.local/lib/python3.7/site-packages/airflow/example_dags/example_external_task_marker_dag.py
[2024-08-27T11:57:06.761+0000] {logging_mixin.py:137} INFO - [2024-08-27T11:57:06.760+0000] {dag.py:2690} INFO - Sync 2 DAGs
[2024-08-27T11:57:06.852+0000] {logging_mixin.py:137} INFO - [2024-08-27T11:57:06.852+0000] {dag.py:3441} INFO - Setting next_dagrun for example_external_task_marker_child to None, run_after=None
[2024-08-27T11:57:06.861+0000] {logging_mixin.py:137} INFO - [2024-08-27T11:57:06.860+0000] {dag.py:3441} INFO - Setting next_dagrun for example_external_task_marker_parent to None, run_after=None
[2024-08-27T11:57:06.911+0000] {processor.py:175} INFO - Processing /home/airflow/.local/lib/python3.7/site-packages/airflow/example_dags/example_external_task_marker_dag.py took 0.329 seconds
[2024-08-27T11:57:37.250+0000] {processor.py:153} INFO - Started process (PID=383) to work on /home/airflow/.local/lib/python3.7/site-packages/airflow/example_dags/example_external_task_marker_dag.py
[2024-08-27T11:57:37.251+0000] {processor.py:743} INFO - Processing file /home/airflow/.local/lib/python3.7/site-packages/airflow/example_dags/example_external_task_marker_dag.py for tasks to queue
[2024-08-27T11:57:37.252+0000] {logging_mixin.py:137} INFO - [2024-08-27T11:57:37.252+0000] {dagbag.py:538} INFO - Filling up the DagBag from /home/airflow/.local/lib/python3.7/site-packages/airflow/example_dags/example_external_task_marker_dag.py
[2024-08-27T11:57:37.272+0000] {processor.py:753} INFO - DAG(s) dict_keys(['example_external_task_marker_parent', 'example_external_task_marker_child']) retrieved from /home/airflow/.local/lib/python3.7/site-packages/airflow/example_dags/example_external_task_marker_dag.py
[2024-08-27T11:57:37.320+0000] {logging_mixin.py:137} INFO - [2024-08-27T11:57:37.320+0000] {dag.py:2690} INFO - Sync 2 DAGs
[2024-08-27T11:57:37.374+0000] {logging_mixin.py:137} INFO - [2024-08-27T11:57:37.373+0000] {dag.py:3441} INFO - Setting next_dagrun for example_external_task_marker_child to None, run_after=None
[2024-08-27T11:57:37.399+0000] {logging_mixin.py:137} INFO - [2024-08-27T11:57:37.399+0000] {dag.py:3441} INFO - Setting next_dagrun for example_external_task_marker_parent to None, run_after=None
[2024-08-27T11:57:37.444+0000] {processor.py:175} INFO - Processing /home/airflow/.local/lib/python3.7/site-packages/airflow/example_dags/example_external_task_marker_dag.py took 0.197 seconds
[2024-08-27T11:58:07.685+0000] {processor.py:153} INFO - Started process (PID=454) to work on /home/airflow/.local/lib/python3.7/site-packages/airflow/example_dags/example_external_task_marker_dag.py
[2024-08-27T11:58:07.687+0000] {processor.py:743} INFO - Processing file /home/airflow/.local/lib/python3.7/site-packages/airflow/example_dags/example_external_task_marker_dag.py for tasks to queue
[2024-08-27T11:58:07.688+0000] {logging_mixin.py:137} INFO - [2024-08-27T11:58:07.687+0000] {dagbag.py:538} INFO - Filling up the DagBag from /home/airflow/.local/lib/python3.7/site-packages/airflow/example_dags/example_external_task_marker_dag.py
[2024-08-27T11:58:07.701+0000] {processor.py:753} INFO - DAG(s) dict_keys(['example_external_task_marker_child', 'example_external_task_marker_parent']) retrieved from /home/airflow/.local/lib/python3.7/site-packages/airflow/example_dags/example_external_task_marker_dag.py
[2024-08-27T11:58:07.762+0000] {logging_mixin.py:137} INFO - [2024-08-27T11:58:07.761+0000] {dag.py:2690} INFO - Sync 2 DAGs
[2024-08-27T11:58:07.807+0000] {logging_mixin.py:137} INFO - [2024-08-27T11:58:07.807+0000] {dag.py:3441} INFO - Setting next_dagrun for example_external_task_marker_child to None, run_after=None
[2024-08-27T11:58:07.815+0000] {logging_mixin.py:137} INFO - [2024-08-27T11:58:07.815+0000] {dag.py:3441} INFO - Setting next_dagrun for example_external_task_marker_parent to None, run_after=None
[2024-08-27T11:58:07.852+0000] {processor.py:175} INFO - Processing /home/airflow/.local/lib/python3.7/site-packages/airflow/example_dags/example_external_task_marker_dag.py took 0.170 seconds
[2024-08-27T12:00:30.058+0000] {processor.py:153} INFO - Started process (PID=95) to work on /home/airflow/.local/lib/python3.7/site-packages/airflow/example_dags/example_external_task_marker_dag.py
[2024-08-27T12:00:30.060+0000] {processor.py:743} INFO - Processing file /home/airflow/.local/lib/python3.7/site-packages/airflow/example_dags/example_external_task_marker_dag.py for tasks to queue
[2024-08-27T12:00:30.062+0000] {logging_mixin.py:137} INFO - [2024-08-27T12:00:30.062+0000] {dagbag.py:538} INFO - Filling up the DagBag from /home/airflow/.local/lib/python3.7/site-packages/airflow/example_dags/example_external_task_marker_dag.py
[2024-08-27T12:00:30.081+0000] {processor.py:753} INFO - DAG(s) dict_keys(['example_external_task_marker_child', 'example_external_task_marker_parent']) retrieved from /home/airflow/.local/lib/python3.7/site-packages/airflow/example_dags/example_external_task_marker_dag.py
[2024-08-27T12:00:30.106+0000] {logging_mixin.py:137} INFO - [2024-08-27T12:00:30.105+0000] {dag.py:2690} INFO - Sync 2 DAGs
[2024-08-27T12:00:30.155+0000] {logging_mixin.py:137} INFO - [2024-08-27T12:00:30.154+0000] {dag.py:3441} INFO - Setting next_dagrun for example_external_task_marker_child to None, run_after=None
[2024-08-27T12:00:30.163+0000] {logging_mixin.py:137} INFO - [2024-08-27T12:00:30.163+0000] {dag.py:3441} INFO - Setting next_dagrun for example_external_task_marker_parent to None, run_after=None
[2024-08-27T12:00:30.204+0000] {processor.py:175} INFO - Processing /home/airflow/.local/lib/python3.7/site-packages/airflow/example_dags/example_external_task_marker_dag.py took 0.152 seconds
[2024-08-27T12:01:02.346+0000] {processor.py:153} INFO - Started process (PID=179) to work on /home/airflow/.local/lib/python3.7/site-packages/airflow/example_dags/example_external_task_marker_dag.py
[2024-08-27T12:01:02.348+0000] {processor.py:743} INFO - Processing file /home/airflow/.local/lib/python3.7/site-packages/airflow/example_dags/example_external_task_marker_dag.py for tasks to queue
[2024-08-27T12:01:02.349+0000] {logging_mixin.py:137} INFO - [2024-08-27T12:01:02.349+0000] {dagbag.py:538} INFO - Filling up the DagBag from /home/airflow/.local/lib/python3.7/site-packages/airflow/example_dags/example_external_task_marker_dag.py
[2024-08-27T12:01:02.379+0000] {processor.py:753} INFO - DAG(s) dict_keys(['example_external_task_marker_parent', 'example_external_task_marker_child']) retrieved from /home/airflow/.local/lib/python3.7/site-packages/airflow/example_dags/example_external_task_marker_dag.py
[2024-08-27T12:01:02.513+0000] {logging_mixin.py:137} INFO - [2024-08-27T12:01:02.513+0000] {dag.py:2690} INFO - Sync 2 DAGs
[2024-08-27T12:01:02.650+0000] {logging_mixin.py:137} INFO - [2024-08-27T12:01:02.649+0000] {dag.py:3441} INFO - Setting next_dagrun for example_external_task_marker_child to None, run_after=None
[2024-08-27T12:01:02.672+0000] {logging_mixin.py:137} INFO - [2024-08-27T12:01:02.672+0000] {dag.py:3441} INFO - Setting next_dagrun for example_external_task_marker_parent to None, run_after=None
[2024-08-27T12:01:02.730+0000] {processor.py:175} INFO - Processing /home/airflow/.local/lib/python3.7/site-packages/airflow/example_dags/example_external_task_marker_dag.py took 0.390 seconds
