[2024-08-27T11:55:32.705+0000] {processor.py:153} INFO - Started process (PID=76) to work on /home/airflow/.local/lib/python3.7/site-packages/airflow/example_dags/example_sensors.py
[2024-08-27T11:55:32.707+0000] {processor.py:743} INFO - Processing file /home/airflow/.local/lib/python3.7/site-packages/airflow/example_dags/example_sensors.py for tasks to queue
[2024-08-27T11:55:32.709+0000] {logging_mixin.py:137} INFO - [2024-08-27T11:55:32.709+0000] {dagbag.py:538} INFO - Filling up the DagBag from /home/airflow/.local/lib/python3.7/site-packages/airflow/example_dags/example_sensors.py
[2024-08-27T11:55:32.758+0000] {processor.py:753} INFO - DAG(s) dict_keys(['example_sensors']) retrieved from /home/airflow/.local/lib/python3.7/site-packages/airflow/example_dags/example_sensors.py
[2024-08-27T11:55:32.802+0000] {logging_mixin.py:137} INFO - [2024-08-27T11:55:32.802+0000] {dag.py:2690} INFO - Sync 1 DAGs
[2024-08-27T11:55:32.849+0000] {logging_mixin.py:137} INFO - [2024-08-27T11:55:32.848+0000] {dag.py:3441} INFO - Setting next_dagrun for example_sensors to None, run_after=None
[2024-08-27T11:55:32.894+0000] {processor.py:175} INFO - Processing /home/airflow/.local/lib/python3.7/site-packages/airflow/example_dags/example_sensors.py took 0.194 seconds
[2024-08-27T11:56:03.452+0000] {processor.py:153} INFO - Started process (PID=147) to work on /home/airflow/.local/lib/python3.7/site-packages/airflow/example_dags/example_sensors.py
[2024-08-27T11:56:03.453+0000] {processor.py:743} INFO - Processing file /home/airflow/.local/lib/python3.7/site-packages/airflow/example_dags/example_sensors.py for tasks to queue
[2024-08-27T11:56:03.454+0000] {logging_mixin.py:137} INFO - [2024-08-27T11:56:03.454+0000] {dagbag.py:538} INFO - Filling up the DagBag from /home/airflow/.local/lib/python3.7/site-packages/airflow/example_dags/example_sensors.py
[2024-08-27T11:56:03.478+0000] {processor.py:753} INFO - DAG(s) dict_keys(['example_sensors']) retrieved from /home/airflow/.local/lib/python3.7/site-packages/airflow/example_dags/example_sensors.py
[2024-08-27T11:56:03.518+0000] {logging_mixin.py:137} INFO - [2024-08-27T11:56:03.517+0000] {dag.py:2690} INFO - Sync 1 DAGs
[2024-08-27T11:56:03.556+0000] {logging_mixin.py:137} INFO - [2024-08-27T11:56:03.555+0000] {dag.py:3441} INFO - Setting next_dagrun for example_sensors to None, run_after=None
[2024-08-27T11:56:03.592+0000] {processor.py:175} INFO - Processing /home/airflow/.local/lib/python3.7/site-packages/airflow/example_dags/example_sensors.py took 0.144 seconds
[2024-08-27T11:56:33.706+0000] {processor.py:153} INFO - Started process (PID=218) to work on /home/airflow/.local/lib/python3.7/site-packages/airflow/example_dags/example_sensors.py
[2024-08-27T11:56:33.708+0000] {processor.py:743} INFO - Processing file /home/airflow/.local/lib/python3.7/site-packages/airflow/example_dags/example_sensors.py for tasks to queue
[2024-08-27T11:56:33.709+0000] {logging_mixin.py:137} INFO - [2024-08-27T11:56:33.709+0000] {dagbag.py:538} INFO - Filling up the DagBag from /home/airflow/.local/lib/python3.7/site-packages/airflow/example_dags/example_sensors.py
[2024-08-27T11:56:33.734+0000] {processor.py:753} INFO - DAG(s) dict_keys(['example_sensors']) retrieved from /home/airflow/.local/lib/python3.7/site-packages/airflow/example_dags/example_sensors.py
[2024-08-27T11:56:33.772+0000] {logging_mixin.py:137} INFO - [2024-08-27T11:56:33.772+0000] {dag.py:2690} INFO - Sync 1 DAGs
[2024-08-27T11:56:33.822+0000] {logging_mixin.py:137} INFO - [2024-08-27T11:56:33.821+0000] {dag.py:3441} INFO - Setting next_dagrun for example_sensors to None, run_after=None
[2024-08-27T11:56:33.860+0000] {processor.py:175} INFO - Processing /home/airflow/.local/lib/python3.7/site-packages/airflow/example_dags/example_sensors.py took 0.157 seconds
[2024-08-27T11:57:04.356+0000] {processor.py:153} INFO - Started process (PID=290) to work on /home/airflow/.local/lib/python3.7/site-packages/airflow/example_dags/example_sensors.py
[2024-08-27T11:57:04.357+0000] {processor.py:743} INFO - Processing file /home/airflow/.local/lib/python3.7/site-packages/airflow/example_dags/example_sensors.py for tasks to queue
[2024-08-27T11:57:04.359+0000] {logging_mixin.py:137} INFO - [2024-08-27T11:57:04.358+0000] {dagbag.py:538} INFO - Filling up the DagBag from /home/airflow/.local/lib/python3.7/site-packages/airflow/example_dags/example_sensors.py
[2024-08-27T11:57:04.395+0000] {processor.py:753} INFO - DAG(s) dict_keys(['example_sensors']) retrieved from /home/airflow/.local/lib/python3.7/site-packages/airflow/example_dags/example_sensors.py
[2024-08-27T11:57:04.479+0000] {logging_mixin.py:137} INFO - [2024-08-27T11:57:04.479+0000] {dag.py:2690} INFO - Sync 1 DAGs
[2024-08-27T11:57:04.559+0000] {logging_mixin.py:137} INFO - [2024-08-27T11:57:04.558+0000] {dag.py:3441} INFO - Setting next_dagrun for example_sensors to None, run_after=None
[2024-08-27T11:57:04.620+0000] {processor.py:175} INFO - Processing /home/airflow/.local/lib/python3.7/site-packages/airflow/example_dags/example_sensors.py took 0.268 seconds
[2024-08-27T11:57:35.566+0000] {processor.py:153} INFO - Started process (PID=377) to work on /home/airflow/.local/lib/python3.7/site-packages/airflow/example_dags/example_sensors.py
[2024-08-27T11:57:35.569+0000] {processor.py:743} INFO - Processing file /home/airflow/.local/lib/python3.7/site-packages/airflow/example_dags/example_sensors.py for tasks to queue
[2024-08-27T11:57:35.571+0000] {logging_mixin.py:137} INFO - [2024-08-27T11:57:35.571+0000] {dagbag.py:538} INFO - Filling up the DagBag from /home/airflow/.local/lib/python3.7/site-packages/airflow/example_dags/example_sensors.py
[2024-08-27T11:57:35.631+0000] {processor.py:753} INFO - DAG(s) dict_keys(['example_sensors']) retrieved from /home/airflow/.local/lib/python3.7/site-packages/airflow/example_dags/example_sensors.py
[2024-08-27T11:57:35.684+0000] {logging_mixin.py:137} INFO - [2024-08-27T11:57:35.684+0000] {dag.py:2690} INFO - Sync 1 DAGs
[2024-08-27T11:57:35.731+0000] {logging_mixin.py:137} INFO - [2024-08-27T11:57:35.730+0000] {dag.py:3441} INFO - Setting next_dagrun for example_sensors to None, run_after=None
[2024-08-27T11:57:35.774+0000] {processor.py:175} INFO - Processing /home/airflow/.local/lib/python3.7/site-packages/airflow/example_dags/example_sensors.py took 0.214 seconds
[2024-08-27T11:58:05.911+0000] {processor.py:153} INFO - Started process (PID=448) to work on /home/airflow/.local/lib/python3.7/site-packages/airflow/example_dags/example_sensors.py
[2024-08-27T11:58:05.912+0000] {processor.py:743} INFO - Processing file /home/airflow/.local/lib/python3.7/site-packages/airflow/example_dags/example_sensors.py for tasks to queue
[2024-08-27T11:58:05.913+0000] {logging_mixin.py:137} INFO - [2024-08-27T11:58:05.913+0000] {dagbag.py:538} INFO - Filling up the DagBag from /home/airflow/.local/lib/python3.7/site-packages/airflow/example_dags/example_sensors.py
[2024-08-27T11:58:05.933+0000] {processor.py:753} INFO - DAG(s) dict_keys(['example_sensors']) retrieved from /home/airflow/.local/lib/python3.7/site-packages/airflow/example_dags/example_sensors.py
[2024-08-27T11:58:05.965+0000] {logging_mixin.py:137} INFO - [2024-08-27T11:58:05.965+0000] {dag.py:2690} INFO - Sync 1 DAGs
[2024-08-27T11:58:05.992+0000] {logging_mixin.py:137} INFO - [2024-08-27T11:58:05.992+0000] {dag.py:3441} INFO - Setting next_dagrun for example_sensors to None, run_after=None
[2024-08-27T11:58:06.018+0000] {processor.py:175} INFO - Processing /home/airflow/.local/lib/python3.7/site-packages/airflow/example_dags/example_sensors.py took 0.110 seconds
[2024-08-27T12:00:29.487+0000] {processor.py:153} INFO - Started process (PID=89) to work on /home/airflow/.local/lib/python3.7/site-packages/airflow/example_dags/example_sensors.py
[2024-08-27T12:00:29.488+0000] {processor.py:743} INFO - Processing file /home/airflow/.local/lib/python3.7/site-packages/airflow/example_dags/example_sensors.py for tasks to queue
[2024-08-27T12:00:29.490+0000] {logging_mixin.py:137} INFO - [2024-08-27T12:00:29.490+0000] {dagbag.py:538} INFO - Filling up the DagBag from /home/airflow/.local/lib/python3.7/site-packages/airflow/example_dags/example_sensors.py
[2024-08-27T12:00:29.521+0000] {processor.py:753} INFO - DAG(s) dict_keys(['example_sensors']) retrieved from /home/airflow/.local/lib/python3.7/site-packages/airflow/example_dags/example_sensors.py
[2024-08-27T12:00:29.540+0000] {logging_mixin.py:137} INFO - [2024-08-27T12:00:29.540+0000] {dag.py:2690} INFO - Sync 1 DAGs
[2024-08-27T12:00:29.577+0000] {logging_mixin.py:137} INFO - [2024-08-27T12:00:29.577+0000] {dag.py:3441} INFO - Setting next_dagrun for example_sensors to None, run_after=None
[2024-08-27T12:00:29.609+0000] {processor.py:175} INFO - Processing /home/airflow/.local/lib/python3.7/site-packages/airflow/example_dags/example_sensors.py took 0.127 seconds
[2024-08-27T12:01:01.373+0000] {processor.py:153} INFO - Started process (PID=173) to work on /home/airflow/.local/lib/python3.7/site-packages/airflow/example_dags/example_sensors.py
[2024-08-27T12:01:01.377+0000] {processor.py:743} INFO - Processing file /home/airflow/.local/lib/python3.7/site-packages/airflow/example_dags/example_sensors.py for tasks to queue
[2024-08-27T12:01:01.380+0000] {logging_mixin.py:137} INFO - [2024-08-27T12:01:01.379+0000] {dagbag.py:538} INFO - Filling up the DagBag from /home/airflow/.local/lib/python3.7/site-packages/airflow/example_dags/example_sensors.py
[2024-08-27T12:01:01.417+0000] {processor.py:753} INFO - DAG(s) dict_keys(['example_sensors']) retrieved from /home/airflow/.local/lib/python3.7/site-packages/airflow/example_dags/example_sensors.py
[2024-08-27T12:01:01.492+0000] {logging_mixin.py:137} INFO - [2024-08-27T12:01:01.491+0000] {dag.py:2690} INFO - Sync 1 DAGs
[2024-08-27T12:01:01.565+0000] {logging_mixin.py:137} INFO - [2024-08-27T12:01:01.565+0000] {dag.py:3441} INFO - Setting next_dagrun for example_sensors to None, run_after=None
[2024-08-27T12:01:01.604+0000] {processor.py:175} INFO - Processing /home/airflow/.local/lib/python3.7/site-packages/airflow/example_dags/example_sensors.py took 0.237 seconds
