[2024-08-27T11:55:35.057+0000] {processor.py:153} INFO - Started process (PID=87) to work on /home/airflow/.local/lib/python3.7/site-packages/airflow/example_dags/example_dag_decorator.py
[2024-08-27T11:55:35.059+0000] {processor.py:743} INFO - Processing file /home/airflow/.local/lib/python3.7/site-packages/airflow/example_dags/example_dag_decorator.py for tasks to queue
[2024-08-27T11:55:35.060+0000] {logging_mixin.py:137} INFO - [2024-08-27T11:55:35.060+0000] {dagbag.py:538} INFO - Filling up the DagBag from /home/airflow/.local/lib/python3.7/site-packages/airflow/example_dags/example_dag_decorator.py
[2024-08-27T11:55:35.098+0000] {logging_mixin.py:137} INFO - [2024-08-27T11:55:35.098+0000] {taskmixin.py:205} WARNING - Dependency <Task(_PythonDecoratedOperator): prepare_email>, send_email already registered for DAG: example_dag_decorator
[2024-08-27T11:55:35.099+0000] {logging_mixin.py:137} INFO - [2024-08-27T11:55:35.099+0000] {taskmixin.py:205} WARNING - Dependency <Task(EmailOperator): send_email>, prepare_email already registered for DAG: example_dag_decorator
[2024-08-27T11:55:35.133+0000] {processor.py:753} INFO - DAG(s) dict_keys(['example_dag_decorator']) retrieved from /home/airflow/.local/lib/python3.7/site-packages/airflow/example_dags/example_dag_decorator.py
[2024-08-27T11:55:35.281+0000] {logging_mixin.py:137} INFO - [2024-08-27T11:55:35.281+0000] {dag.py:2690} INFO - Sync 1 DAGs
[2024-08-27T11:55:35.336+0000] {logging_mixin.py:137} INFO - [2024-08-27T11:55:35.336+0000] {dag.py:3441} INFO - Setting next_dagrun for example_dag_decorator to None, run_after=None
[2024-08-27T11:55:35.383+0000] {processor.py:175} INFO - Processing /home/airflow/.local/lib/python3.7/site-packages/airflow/example_dags/example_dag_decorator.py took 0.333 seconds
[2024-08-27T11:56:05.771+0000] {processor.py:153} INFO - Started process (PID=158) to work on /home/airflow/.local/lib/python3.7/site-packages/airflow/example_dags/example_dag_decorator.py
[2024-08-27T11:56:05.772+0000] {processor.py:743} INFO - Processing file /home/airflow/.local/lib/python3.7/site-packages/airflow/example_dags/example_dag_decorator.py for tasks to queue
[2024-08-27T11:56:05.774+0000] {logging_mixin.py:137} INFO - [2024-08-27T11:56:05.773+0000] {dagbag.py:538} INFO - Filling up the DagBag from /home/airflow/.local/lib/python3.7/site-packages/airflow/example_dags/example_dag_decorator.py
[2024-08-27T11:56:05.797+0000] {logging_mixin.py:137} INFO - [2024-08-27T11:56:05.797+0000] {taskmixin.py:205} WARNING - Dependency <Task(_PythonDecoratedOperator): prepare_email>, send_email already registered for DAG: example_dag_decorator
[2024-08-27T11:56:05.798+0000] {logging_mixin.py:137} INFO - [2024-08-27T11:56:05.798+0000] {taskmixin.py:205} WARNING - Dependency <Task(EmailOperator): send_email>, prepare_email already registered for DAG: example_dag_decorator
[2024-08-27T11:56:05.816+0000] {processor.py:753} INFO - DAG(s) dict_keys(['example_dag_decorator']) retrieved from /home/airflow/.local/lib/python3.7/site-packages/airflow/example_dags/example_dag_decorator.py
[2024-08-27T11:56:05.901+0000] {logging_mixin.py:137} INFO - [2024-08-27T11:56:05.901+0000] {dag.py:2690} INFO - Sync 1 DAGs
[2024-08-27T11:56:05.939+0000] {logging_mixin.py:137} INFO - [2024-08-27T11:56:05.939+0000] {dag.py:3441} INFO - Setting next_dagrun for example_dag_decorator to None, run_after=None
[2024-08-27T11:56:05.972+0000] {processor.py:175} INFO - Processing /home/airflow/.local/lib/python3.7/site-packages/airflow/example_dags/example_dag_decorator.py took 0.207 seconds
[2024-08-27T11:56:36.088+0000] {processor.py:153} INFO - Started process (PID=230) to work on /home/airflow/.local/lib/python3.7/site-packages/airflow/example_dags/example_dag_decorator.py
[2024-08-27T11:56:36.089+0000] {processor.py:743} INFO - Processing file /home/airflow/.local/lib/python3.7/site-packages/airflow/example_dags/example_dag_decorator.py for tasks to queue
[2024-08-27T11:56:36.090+0000] {logging_mixin.py:137} INFO - [2024-08-27T11:56:36.090+0000] {dagbag.py:538} INFO - Filling up the DagBag from /home/airflow/.local/lib/python3.7/site-packages/airflow/example_dags/example_dag_decorator.py
[2024-08-27T11:56:36.112+0000] {logging_mixin.py:137} INFO - [2024-08-27T11:56:36.112+0000] {taskmixin.py:205} WARNING - Dependency <Task(_PythonDecoratedOperator): prepare_email>, send_email already registered for DAG: example_dag_decorator
[2024-08-27T11:56:36.113+0000] {logging_mixin.py:137} INFO - [2024-08-27T11:56:36.113+0000] {taskmixin.py:205} WARNING - Dependency <Task(EmailOperator): send_email>, prepare_email already registered for DAG: example_dag_decorator
[2024-08-27T11:56:36.127+0000] {processor.py:753} INFO - DAG(s) dict_keys(['example_dag_decorator']) retrieved from /home/airflow/.local/lib/python3.7/site-packages/airflow/example_dags/example_dag_decorator.py
[2024-08-27T11:56:36.220+0000] {logging_mixin.py:137} INFO - [2024-08-27T11:56:36.219+0000] {dag.py:2690} INFO - Sync 1 DAGs
[2024-08-27T11:56:36.265+0000] {logging_mixin.py:137} INFO - [2024-08-27T11:56:36.265+0000] {dag.py:3441} INFO - Setting next_dagrun for example_dag_decorator to None, run_after=None
[2024-08-27T11:56:36.310+0000] {processor.py:175} INFO - Processing /home/airflow/.local/lib/python3.7/site-packages/airflow/example_dags/example_dag_decorator.py took 0.225 seconds
[2024-08-27T11:57:07.495+0000] {processor.py:153} INFO - Started process (PID=310) to work on /home/airflow/.local/lib/python3.7/site-packages/airflow/example_dags/example_dag_decorator.py
[2024-08-27T11:57:07.498+0000] {processor.py:743} INFO - Processing file /home/airflow/.local/lib/python3.7/site-packages/airflow/example_dags/example_dag_decorator.py for tasks to queue
[2024-08-27T11:57:07.500+0000] {logging_mixin.py:137} INFO - [2024-08-27T11:57:07.500+0000] {dagbag.py:538} INFO - Filling up the DagBag from /home/airflow/.local/lib/python3.7/site-packages/airflow/example_dags/example_dag_decorator.py
[2024-08-27T11:57:07.573+0000] {logging_mixin.py:137} INFO - [2024-08-27T11:57:07.572+0000] {taskmixin.py:205} WARNING - Dependency <Task(_PythonDecoratedOperator): prepare_email>, send_email already registered for DAG: example_dag_decorator
[2024-08-27T11:57:07.576+0000] {logging_mixin.py:137} INFO - [2024-08-27T11:57:07.576+0000] {taskmixin.py:205} WARNING - Dependency <Task(EmailOperator): send_email>, prepare_email already registered for DAG: example_dag_decorator
[2024-08-27T11:57:07.655+0000] {processor.py:753} INFO - DAG(s) dict_keys(['example_dag_decorator']) retrieved from /home/airflow/.local/lib/python3.7/site-packages/airflow/example_dags/example_dag_decorator.py
[2024-08-27T11:57:07.969+0000] {logging_mixin.py:137} INFO - [2024-08-27T11:57:07.969+0000] {dag.py:2690} INFO - Sync 1 DAGs
[2024-08-27T11:57:08.048+0000] {logging_mixin.py:137} INFO - [2024-08-27T11:57:08.047+0000] {dag.py:3441} INFO - Setting next_dagrun for example_dag_decorator to None, run_after=None
[2024-08-27T11:57:08.104+0000] {processor.py:175} INFO - Processing /home/airflow/.local/lib/python3.7/site-packages/airflow/example_dags/example_dag_decorator.py took 0.615 seconds
[2024-08-27T11:57:38.823+0000] {processor.py:153} INFO - Started process (PID=388) to work on /home/airflow/.local/lib/python3.7/site-packages/airflow/example_dags/example_dag_decorator.py
[2024-08-27T11:57:38.824+0000] {processor.py:743} INFO - Processing file /home/airflow/.local/lib/python3.7/site-packages/airflow/example_dags/example_dag_decorator.py for tasks to queue
[2024-08-27T11:57:38.825+0000] {logging_mixin.py:137} INFO - [2024-08-27T11:57:38.825+0000] {dagbag.py:538} INFO - Filling up the DagBag from /home/airflow/.local/lib/python3.7/site-packages/airflow/example_dags/example_dag_decorator.py
[2024-08-27T11:57:38.842+0000] {logging_mixin.py:137} INFO - [2024-08-27T11:57:38.842+0000] {taskmixin.py:205} WARNING - Dependency <Task(_PythonDecoratedOperator): prepare_email>, send_email already registered for DAG: example_dag_decorator
[2024-08-27T11:57:38.843+0000] {logging_mixin.py:137} INFO - [2024-08-27T11:57:38.843+0000] {taskmixin.py:205} WARNING - Dependency <Task(EmailOperator): send_email>, prepare_email already registered for DAG: example_dag_decorator
[2024-08-27T11:57:38.856+0000] {processor.py:753} INFO - DAG(s) dict_keys(['example_dag_decorator']) retrieved from /home/airflow/.local/lib/python3.7/site-packages/airflow/example_dags/example_dag_decorator.py
[2024-08-27T11:57:38.935+0000] {logging_mixin.py:137} INFO - [2024-08-27T11:57:38.935+0000] {dag.py:2690} INFO - Sync 1 DAGs
[2024-08-27T11:57:38.963+0000] {logging_mixin.py:137} INFO - [2024-08-27T11:57:38.963+0000] {dag.py:3441} INFO - Setting next_dagrun for example_dag_decorator to None, run_after=None
[2024-08-27T11:57:38.994+0000] {processor.py:175} INFO - Processing /home/airflow/.local/lib/python3.7/site-packages/airflow/example_dags/example_dag_decorator.py took 0.174 seconds
[2024-08-27T11:58:09.097+0000] {processor.py:153} INFO - Started process (PID=459) to work on /home/airflow/.local/lib/python3.7/site-packages/airflow/example_dags/example_dag_decorator.py
[2024-08-27T11:58:09.099+0000] {processor.py:743} INFO - Processing file /home/airflow/.local/lib/python3.7/site-packages/airflow/example_dags/example_dag_decorator.py for tasks to queue
[2024-08-27T11:58:09.101+0000] {logging_mixin.py:137} INFO - [2024-08-27T11:58:09.101+0000] {dagbag.py:538} INFO - Filling up the DagBag from /home/airflow/.local/lib/python3.7/site-packages/airflow/example_dags/example_dag_decorator.py
[2024-08-27T11:58:09.139+0000] {logging_mixin.py:137} INFO - [2024-08-27T11:58:09.139+0000] {taskmixin.py:205} WARNING - Dependency <Task(_PythonDecoratedOperator): prepare_email>, send_email already registered for DAG: example_dag_decorator
[2024-08-27T11:58:09.140+0000] {logging_mixin.py:137} INFO - [2024-08-27T11:58:09.139+0000] {taskmixin.py:205} WARNING - Dependency <Task(EmailOperator): send_email>, prepare_email already registered for DAG: example_dag_decorator
[2024-08-27T11:58:09.162+0000] {processor.py:753} INFO - DAG(s) dict_keys(['example_dag_decorator']) retrieved from /home/airflow/.local/lib/python3.7/site-packages/airflow/example_dags/example_dag_decorator.py
[2024-08-27T11:58:09.315+0000] {logging_mixin.py:137} INFO - [2024-08-27T11:58:09.314+0000] {dag.py:2690} INFO - Sync 1 DAGs
[2024-08-27T11:58:09.390+0000] {logging_mixin.py:137} INFO - [2024-08-27T11:58:09.390+0000] {dag.py:3441} INFO - Setting next_dagrun for example_dag_decorator to None, run_after=None
[2024-08-27T11:58:09.452+0000] {processor.py:175} INFO - Processing /home/airflow/.local/lib/python3.7/site-packages/airflow/example_dags/example_dag_decorator.py took 0.364 seconds
[2024-08-27T12:00:30.475+0000] {processor.py:153} INFO - Started process (PID=100) to work on /home/airflow/.local/lib/python3.7/site-packages/airflow/example_dags/example_dag_decorator.py
[2024-08-27T12:00:30.477+0000] {processor.py:743} INFO - Processing file /home/airflow/.local/lib/python3.7/site-packages/airflow/example_dags/example_dag_decorator.py for tasks to queue
[2024-08-27T12:00:30.479+0000] {logging_mixin.py:137} INFO - [2024-08-27T12:00:30.479+0000] {dagbag.py:538} INFO - Filling up the DagBag from /home/airflow/.local/lib/python3.7/site-packages/airflow/example_dags/example_dag_decorator.py
[2024-08-27T12:00:30.503+0000] {logging_mixin.py:137} INFO - [2024-08-27T12:00:30.503+0000] {taskmixin.py:205} WARNING - Dependency <Task(_PythonDecoratedOperator): prepare_email>, send_email already registered for DAG: example_dag_decorator
[2024-08-27T12:00:30.504+0000] {logging_mixin.py:137} INFO - [2024-08-27T12:00:30.504+0000] {taskmixin.py:205} WARNING - Dependency <Task(EmailOperator): send_email>, prepare_email already registered for DAG: example_dag_decorator
[2024-08-27T12:00:30.524+0000] {processor.py:753} INFO - DAG(s) dict_keys(['example_dag_decorator']) retrieved from /home/airflow/.local/lib/python3.7/site-packages/airflow/example_dags/example_dag_decorator.py
[2024-08-27T12:00:30.545+0000] {logging_mixin.py:137} INFO - [2024-08-27T12:00:30.545+0000] {dag.py:2690} INFO - Sync 1 DAGs
[2024-08-27T12:00:30.596+0000] {logging_mixin.py:137} INFO - [2024-08-27T12:00:30.596+0000] {dag.py:3441} INFO - Setting next_dagrun for example_dag_decorator to None, run_after=None
[2024-08-27T12:00:30.633+0000] {processor.py:175} INFO - Processing /home/airflow/.local/lib/python3.7/site-packages/airflow/example_dags/example_dag_decorator.py took 0.164 seconds
[2024-08-27T12:01:03.305+0000] {processor.py:153} INFO - Started process (PID=184) to work on /home/airflow/.local/lib/python3.7/site-packages/airflow/example_dags/example_dag_decorator.py
[2024-08-27T12:01:03.307+0000] {processor.py:743} INFO - Processing file /home/airflow/.local/lib/python3.7/site-packages/airflow/example_dags/example_dag_decorator.py for tasks to queue
[2024-08-27T12:01:03.308+0000] {logging_mixin.py:137} INFO - [2024-08-27T12:01:03.308+0000] {dagbag.py:538} INFO - Filling up the DagBag from /home/airflow/.local/lib/python3.7/site-packages/airflow/example_dags/example_dag_decorator.py
[2024-08-27T12:01:03.342+0000] {logging_mixin.py:137} INFO - [2024-08-27T12:01:03.342+0000] {taskmixin.py:205} WARNING - Dependency <Task(_PythonDecoratedOperator): prepare_email>, send_email already registered for DAG: example_dag_decorator
[2024-08-27T12:01:03.343+0000] {logging_mixin.py:137} INFO - [2024-08-27T12:01:03.343+0000] {taskmixin.py:205} WARNING - Dependency <Task(EmailOperator): send_email>, prepare_email already registered for DAG: example_dag_decorator
[2024-08-27T12:01:03.365+0000] {processor.py:753} INFO - DAG(s) dict_keys(['example_dag_decorator']) retrieved from /home/airflow/.local/lib/python3.7/site-packages/airflow/example_dags/example_dag_decorator.py
[2024-08-27T12:01:03.497+0000] {logging_mixin.py:137} INFO - [2024-08-27T12:01:03.497+0000] {dag.py:2690} INFO - Sync 1 DAGs
[2024-08-27T12:01:03.556+0000] {logging_mixin.py:137} INFO - [2024-08-27T12:01:03.556+0000] {dag.py:3441} INFO - Setting next_dagrun for example_dag_decorator to None, run_after=None
[2024-08-27T12:01:03.596+0000] {processor.py:175} INFO - Processing /home/airflow/.local/lib/python3.7/site-packages/airflow/example_dags/example_dag_decorator.py took 0.297 seconds
