[2024-08-27T11:55:34.411+0000] {processor.py:153} INFO - Started process (PID=83) to work on /home/airflow/.local/lib/python3.7/site-packages/airflow/example_dags/example_branch_operator_decorator.py
[2024-08-27T11:55:34.419+0000] {processor.py:743} INFO - Processing file /home/airflow/.local/lib/python3.7/site-packages/airflow/example_dags/example_branch_operator_decorator.py for tasks to queue
[2024-08-27T11:55:34.421+0000] {logging_mixin.py:137} INFO - [2024-08-27T11:55:34.421+0000] {dagbag.py:538} INFO - Filling up the DagBag from /home/airflow/.local/lib/python3.7/site-packages/airflow/example_dags/example_branch_operator_decorator.py
[2024-08-27T11:55:34.541+0000] {processor.py:753} INFO - DAG(s) dict_keys(['example_branch_python_operator_decorator']) retrieved from /home/airflow/.local/lib/python3.7/site-packages/airflow/example_dags/example_branch_operator_decorator.py
[2024-08-27T11:55:34.626+0000] {logging_mixin.py:137} INFO - [2024-08-27T11:55:34.626+0000] {dag.py:2690} INFO - Sync 1 DAGs
[2024-08-27T11:55:34.729+0000] {logging_mixin.py:137} INFO - [2024-08-27T11:55:34.729+0000] {dag.py:3441} INFO - Setting next_dagrun for example_branch_python_operator_decorator to 2024-08-26T00:00:00+00:00, run_after=2024-08-27T00:00:00+00:00
[2024-08-27T11:55:34.771+0000] {processor.py:175} INFO - Processing /home/airflow/.local/lib/python3.7/site-packages/airflow/example_dags/example_branch_operator_decorator.py took 0.369 seconds
[2024-08-27T11:56:05.255+0000] {processor.py:153} INFO - Started process (PID=154) to work on /home/airflow/.local/lib/python3.7/site-packages/airflow/example_dags/example_branch_operator_decorator.py
[2024-08-27T11:56:05.257+0000] {processor.py:743} INFO - Processing file /home/airflow/.local/lib/python3.7/site-packages/airflow/example_dags/example_branch_operator_decorator.py for tasks to queue
[2024-08-27T11:56:05.257+0000] {logging_mixin.py:137} INFO - [2024-08-27T11:56:05.257+0000] {dagbag.py:538} INFO - Filling up the DagBag from /home/airflow/.local/lib/python3.7/site-packages/airflow/example_dags/example_branch_operator_decorator.py
[2024-08-27T11:56:05.285+0000] {processor.py:753} INFO - DAG(s) dict_keys(['example_branch_python_operator_decorator']) retrieved from /home/airflow/.local/lib/python3.7/site-packages/airflow/example_dags/example_branch_operator_decorator.py
[2024-08-27T11:56:05.320+0000] {logging_mixin.py:137} INFO - [2024-08-27T11:56:05.320+0000] {dag.py:2690} INFO - Sync 1 DAGs
[2024-08-27T11:56:05.351+0000] {logging_mixin.py:137} INFO - [2024-08-27T11:56:05.351+0000] {dag.py:3441} INFO - Setting next_dagrun for example_branch_python_operator_decorator to 2024-08-26T00:00:00+00:00, run_after=2024-08-27T00:00:00+00:00
[2024-08-27T11:56:05.378+0000] {processor.py:175} INFO - Processing /home/airflow/.local/lib/python3.7/site-packages/airflow/example_dags/example_branch_operator_decorator.py took 0.127 seconds
[2024-08-27T11:56:35.459+0000] {processor.py:153} INFO - Started process (PID=225) to work on /home/airflow/.local/lib/python3.7/site-packages/airflow/example_dags/example_branch_operator_decorator.py
[2024-08-27T11:56:35.460+0000] {processor.py:743} INFO - Processing file /home/airflow/.local/lib/python3.7/site-packages/airflow/example_dags/example_branch_operator_decorator.py for tasks to queue
[2024-08-27T11:56:35.461+0000] {logging_mixin.py:137} INFO - [2024-08-27T11:56:35.461+0000] {dagbag.py:538} INFO - Filling up the DagBag from /home/airflow/.local/lib/python3.7/site-packages/airflow/example_dags/example_branch_operator_decorator.py
[2024-08-27T11:56:35.490+0000] {processor.py:753} INFO - DAG(s) dict_keys(['example_branch_python_operator_decorator']) retrieved from /home/airflow/.local/lib/python3.7/site-packages/airflow/example_dags/example_branch_operator_decorator.py
[2024-08-27T11:56:35.534+0000] {logging_mixin.py:137} INFO - [2024-08-27T11:56:35.533+0000] {dag.py:2690} INFO - Sync 1 DAGs
[2024-08-27T11:56:35.568+0000] {logging_mixin.py:137} INFO - [2024-08-27T11:56:35.568+0000] {dag.py:3441} INFO - Setting next_dagrun for example_branch_python_operator_decorator to 2024-08-26T00:00:00+00:00, run_after=2024-08-27T00:00:00+00:00
[2024-08-27T11:56:35.597+0000] {processor.py:175} INFO - Processing /home/airflow/.local/lib/python3.7/site-packages/airflow/example_dags/example_branch_operator_decorator.py took 0.142 seconds
[2024-08-27T11:57:06.647+0000] {processor.py:153} INFO - Started process (PID=306) to work on /home/airflow/.local/lib/python3.7/site-packages/airflow/example_dags/example_branch_operator_decorator.py
[2024-08-27T11:57:06.650+0000] {processor.py:743} INFO - Processing file /home/airflow/.local/lib/python3.7/site-packages/airflow/example_dags/example_branch_operator_decorator.py for tasks to queue
[2024-08-27T11:57:06.655+0000] {logging_mixin.py:137} INFO - [2024-08-27T11:57:06.652+0000] {dagbag.py:538} INFO - Filling up the DagBag from /home/airflow/.local/lib/python3.7/site-packages/airflow/example_dags/example_branch_operator_decorator.py
[2024-08-27T11:57:06.757+0000] {processor.py:753} INFO - DAG(s) dict_keys(['example_branch_python_operator_decorator']) retrieved from /home/airflow/.local/lib/python3.7/site-packages/airflow/example_dags/example_branch_operator_decorator.py
[2024-08-27T11:57:06.838+0000] {logging_mixin.py:137} INFO - [2024-08-27T11:57:06.838+0000] {dag.py:2690} INFO - Sync 1 DAGs
[2024-08-27T11:57:06.910+0000] {logging_mixin.py:137} INFO - [2024-08-27T11:57:06.909+0000] {dag.py:3441} INFO - Setting next_dagrun for example_branch_python_operator_decorator to 2024-08-26T00:00:00+00:00, run_after=2024-08-27T00:00:00+00:00
[2024-08-27T11:57:06.991+0000] {processor.py:175} INFO - Processing /home/airflow/.local/lib/python3.7/site-packages/airflow/example_dags/example_branch_operator_decorator.py took 0.354 seconds
[2024-08-27T11:57:37.492+0000] {processor.py:153} INFO - Started process (PID=384) to work on /home/airflow/.local/lib/python3.7/site-packages/airflow/example_dags/example_branch_operator_decorator.py
[2024-08-27T11:57:37.494+0000] {processor.py:743} INFO - Processing file /home/airflow/.local/lib/python3.7/site-packages/airflow/example_dags/example_branch_operator_decorator.py for tasks to queue
[2024-08-27T11:57:37.495+0000] {logging_mixin.py:137} INFO - [2024-08-27T11:57:37.495+0000] {dagbag.py:538} INFO - Filling up the DagBag from /home/airflow/.local/lib/python3.7/site-packages/airflow/example_dags/example_branch_operator_decorator.py
[2024-08-27T11:57:37.523+0000] {processor.py:753} INFO - DAG(s) dict_keys(['example_branch_python_operator_decorator']) retrieved from /home/airflow/.local/lib/python3.7/site-packages/airflow/example_dags/example_branch_operator_decorator.py
[2024-08-27T11:57:37.559+0000] {logging_mixin.py:137} INFO - [2024-08-27T11:57:37.558+0000] {dag.py:2690} INFO - Sync 1 DAGs
[2024-08-27T11:57:37.592+0000] {logging_mixin.py:137} INFO - [2024-08-27T11:57:37.592+0000] {dag.py:3441} INFO - Setting next_dagrun for example_branch_python_operator_decorator to 2024-08-26T00:00:00+00:00, run_after=2024-08-27T00:00:00+00:00
[2024-08-27T11:57:37.617+0000] {processor.py:175} INFO - Processing /home/airflow/.local/lib/python3.7/site-packages/airflow/example_dags/example_branch_operator_decorator.py took 0.128 seconds
[2024-08-27T11:58:07.896+0000] {processor.py:153} INFO - Started process (PID=455) to work on /home/airflow/.local/lib/python3.7/site-packages/airflow/example_dags/example_branch_operator_decorator.py
[2024-08-27T11:58:07.898+0000] {processor.py:743} INFO - Processing file /home/airflow/.local/lib/python3.7/site-packages/airflow/example_dags/example_branch_operator_decorator.py for tasks to queue
[2024-08-27T11:58:07.899+0000] {logging_mixin.py:137} INFO - [2024-08-27T11:58:07.899+0000] {dagbag.py:538} INFO - Filling up the DagBag from /home/airflow/.local/lib/python3.7/site-packages/airflow/example_dags/example_branch_operator_decorator.py
[2024-08-27T11:58:07.927+0000] {processor.py:753} INFO - DAG(s) dict_keys(['example_branch_python_operator_decorator']) retrieved from /home/airflow/.local/lib/python3.7/site-packages/airflow/example_dags/example_branch_operator_decorator.py
[2024-08-27T11:58:07.961+0000] {logging_mixin.py:137} INFO - [2024-08-27T11:58:07.961+0000] {dag.py:2690} INFO - Sync 1 DAGs
[2024-08-27T11:58:07.998+0000] {logging_mixin.py:137} INFO - [2024-08-27T11:58:07.998+0000] {dag.py:3441} INFO - Setting next_dagrun for example_branch_python_operator_decorator to 2024-08-26T00:00:00+00:00, run_after=2024-08-27T00:00:00+00:00
[2024-08-27T11:58:08.026+0000] {processor.py:175} INFO - Processing /home/airflow/.local/lib/python3.7/site-packages/airflow/example_dags/example_branch_operator_decorator.py took 0.134 seconds
[2024-08-27T12:00:30.087+0000] {processor.py:153} INFO - Started process (PID=96) to work on /home/airflow/.local/lib/python3.7/site-packages/airflow/example_dags/example_branch_operator_decorator.py
[2024-08-27T12:00:30.089+0000] {processor.py:743} INFO - Processing file /home/airflow/.local/lib/python3.7/site-packages/airflow/example_dags/example_branch_operator_decorator.py for tasks to queue
[2024-08-27T12:00:30.091+0000] {logging_mixin.py:137} INFO - [2024-08-27T12:00:30.090+0000] {dagbag.py:538} INFO - Filling up the DagBag from /home/airflow/.local/lib/python3.7/site-packages/airflow/example_dags/example_branch_operator_decorator.py
[2024-08-27T12:00:30.136+0000] {processor.py:753} INFO - DAG(s) dict_keys(['example_branch_python_operator_decorator']) retrieved from /home/airflow/.local/lib/python3.7/site-packages/airflow/example_dags/example_branch_operator_decorator.py
[2024-08-27T12:00:30.163+0000] {logging_mixin.py:137} INFO - [2024-08-27T12:00:30.163+0000] {dag.py:2690} INFO - Sync 1 DAGs
[2024-08-27T12:00:30.225+0000] {logging_mixin.py:137} INFO - [2024-08-27T12:00:30.224+0000] {dag.py:3441} INFO - Setting next_dagrun for example_branch_python_operator_decorator to 2024-08-26T00:00:00+00:00, run_after=2024-08-27T00:00:00+00:00
[2024-08-27T12:00:30.260+0000] {processor.py:175} INFO - Processing /home/airflow/.local/lib/python3.7/site-packages/airflow/example_dags/example_branch_operator_decorator.py took 0.178 seconds
[2024-08-27T12:01:02.695+0000] {processor.py:153} INFO - Started process (PID=180) to work on /home/airflow/.local/lib/python3.7/site-packages/airflow/example_dags/example_branch_operator_decorator.py
[2024-08-27T12:01:02.698+0000] {processor.py:743} INFO - Processing file /home/airflow/.local/lib/python3.7/site-packages/airflow/example_dags/example_branch_operator_decorator.py for tasks to queue
[2024-08-27T12:01:02.700+0000] {logging_mixin.py:137} INFO - [2024-08-27T12:01:02.699+0000] {dagbag.py:538} INFO - Filling up the DagBag from /home/airflow/.local/lib/python3.7/site-packages/airflow/example_dags/example_branch_operator_decorator.py
[2024-08-27T12:01:02.791+0000] {processor.py:753} INFO - DAG(s) dict_keys(['example_branch_python_operator_decorator']) retrieved from /home/airflow/.local/lib/python3.7/site-packages/airflow/example_dags/example_branch_operator_decorator.py
[2024-08-27T12:01:02.891+0000] {logging_mixin.py:137} INFO - [2024-08-27T12:01:02.890+0000] {dag.py:2690} INFO - Sync 1 DAGs
[2024-08-27T12:01:02.959+0000] {logging_mixin.py:137} INFO - [2024-08-27T12:01:02.959+0000] {dag.py:3441} INFO - Setting next_dagrun for example_branch_python_operator_decorator to 2024-08-26T00:00:00+00:00, run_after=2024-08-27T00:00:00+00:00
[2024-08-27T12:01:02.997+0000] {processor.py:175} INFO - Processing /home/airflow/.local/lib/python3.7/site-packages/airflow/example_dags/example_branch_operator_decorator.py took 0.312 seconds
