[2024-08-27T11:55:35.055+0000] {processor.py:153} INFO - Started process (PID=86) to work on /home/airflow/.local/lib/python3.7/site-packages/airflow/example_dags/example_sla_dag.py
[2024-08-27T11:55:35.057+0000] {processor.py:743} INFO - Processing file /home/airflow/.local/lib/python3.7/site-packages/airflow/example_dags/example_sla_dag.py for tasks to queue
[2024-08-27T11:55:35.059+0000] {logging_mixin.py:137} INFO - [2024-08-27T11:55:35.059+0000] {dagbag.py:538} INFO - Filling up the DagBag from /home/airflow/.local/lib/python3.7/site-packages/airflow/example_dags/example_sla_dag.py
[2024-08-27T11:55:35.112+0000] {processor.py:753} INFO - DAG(s) dict_keys(['example_sla_dag']) retrieved from /home/airflow/.local/lib/python3.7/site-packages/airflow/example_dags/example_sla_dag.py
[2024-08-27T11:55:35.165+0000] {logging_mixin.py:137} INFO - [2024-08-27T11:55:35.165+0000] {dag.py:2690} INFO - Sync 1 DAGs
[2024-08-27T11:55:35.239+0000] {logging_mixin.py:137} INFO - [2024-08-27T11:55:35.239+0000] {dag.py:3441} INFO - Setting next_dagrun for example_sla_dag to 2024-08-27T11:52:00+00:00, run_after=2024-08-27T11:54:00+00:00
[2024-08-27T11:55:35.271+0000] {processor.py:175} INFO - Processing /home/airflow/.local/lib/python3.7/site-packages/airflow/example_dags/example_sla_dag.py took 0.222 seconds
[2024-08-27T11:56:05.595+0000] {processor.py:153} INFO - Started process (PID=157) to work on /home/airflow/.local/lib/python3.7/site-packages/airflow/example_dags/example_sla_dag.py
[2024-08-27T11:56:05.597+0000] {processor.py:743} INFO - Processing file /home/airflow/.local/lib/python3.7/site-packages/airflow/example_dags/example_sla_dag.py for tasks to queue
[2024-08-27T11:56:05.598+0000] {logging_mixin.py:137} INFO - [2024-08-27T11:56:05.598+0000] {dagbag.py:538} INFO - Filling up the DagBag from /home/airflow/.local/lib/python3.7/site-packages/airflow/example_dags/example_sla_dag.py
[2024-08-27T11:56:05.636+0000] {processor.py:753} INFO - DAG(s) dict_keys(['example_sla_dag']) retrieved from /home/airflow/.local/lib/python3.7/site-packages/airflow/example_dags/example_sla_dag.py
[2024-08-27T11:56:05.668+0000] {logging_mixin.py:137} INFO - [2024-08-27T11:56:05.668+0000] {dag.py:2690} INFO - Sync 1 DAGs
[2024-08-27T11:56:05.704+0000] {logging_mixin.py:137} INFO - [2024-08-27T11:56:05.704+0000] {dag.py:3441} INFO - Setting next_dagrun for example_sla_dag to 2024-08-27T11:54:00+00:00, run_after=2024-08-27T11:56:00+00:00
[2024-08-27T11:56:05.732+0000] {processor.py:175} INFO - Processing /home/airflow/.local/lib/python3.7/site-packages/airflow/example_dags/example_sla_dag.py took 0.141 seconds
[2024-08-27T11:56:35.791+0000] {processor.py:153} INFO - Started process (PID=228) to work on /home/airflow/.local/lib/python3.7/site-packages/airflow/example_dags/example_sla_dag.py
[2024-08-27T11:56:35.792+0000] {processor.py:743} INFO - Processing file /home/airflow/.local/lib/python3.7/site-packages/airflow/example_dags/example_sla_dag.py for tasks to queue
[2024-08-27T11:56:35.793+0000] {logging_mixin.py:137} INFO - [2024-08-27T11:56:35.793+0000] {dagbag.py:538} INFO - Filling up the DagBag from /home/airflow/.local/lib/python3.7/site-packages/airflow/example_dags/example_sla_dag.py
[2024-08-27T11:56:35.817+0000] {processor.py:753} INFO - DAG(s) dict_keys(['example_sla_dag']) retrieved from /home/airflow/.local/lib/python3.7/site-packages/airflow/example_dags/example_sla_dag.py
[2024-08-27T11:56:35.845+0000] {logging_mixin.py:137} INFO - [2024-08-27T11:56:35.845+0000] {dag.py:2690} INFO - Sync 1 DAGs
[2024-08-27T11:56:35.879+0000] {logging_mixin.py:137} INFO - [2024-08-27T11:56:35.879+0000] {dag.py:3441} INFO - Setting next_dagrun for example_sla_dag to 2024-08-27T11:54:00+00:00, run_after=2024-08-27T11:56:00+00:00
[2024-08-27T11:56:35.904+0000] {processor.py:175} INFO - Processing /home/airflow/.local/lib/python3.7/site-packages/airflow/example_dags/example_sla_dag.py took 0.116 seconds
[2024-08-27T11:57:07.439+0000] {processor.py:153} INFO - Started process (PID=309) to work on /home/airflow/.local/lib/python3.7/site-packages/airflow/example_dags/example_sla_dag.py
[2024-08-27T11:57:07.442+0000] {processor.py:743} INFO - Processing file /home/airflow/.local/lib/python3.7/site-packages/airflow/example_dags/example_sla_dag.py for tasks to queue
[2024-08-27T11:57:07.444+0000] {logging_mixin.py:137} INFO - [2024-08-27T11:57:07.444+0000] {dagbag.py:538} INFO - Filling up the DagBag from /home/airflow/.local/lib/python3.7/site-packages/airflow/example_dags/example_sla_dag.py
[2024-08-27T11:57:07.525+0000] {processor.py:753} INFO - DAG(s) dict_keys(['example_sla_dag']) retrieved from /home/airflow/.local/lib/python3.7/site-packages/airflow/example_dags/example_sla_dag.py
[2024-08-27T11:57:07.646+0000] {logging_mixin.py:137} INFO - [2024-08-27T11:57:07.645+0000] {dag.py:2690} INFO - Sync 1 DAGs
[2024-08-27T11:57:07.724+0000] {logging_mixin.py:137} INFO - [2024-08-27T11:57:07.724+0000] {dag.py:3441} INFO - Setting next_dagrun for example_sla_dag to 2024-08-27T11:54:00+00:00, run_after=2024-08-27T11:56:00+00:00
[2024-08-27T11:57:07.789+0000] {processor.py:175} INFO - Processing /home/airflow/.local/lib/python3.7/site-packages/airflow/example_dags/example_sla_dag.py took 0.396 seconds
[2024-08-27T11:57:38.823+0000] {processor.py:153} INFO - Started process (PID=387) to work on /home/airflow/.local/lib/python3.7/site-packages/airflow/example_dags/example_sla_dag.py
[2024-08-27T11:57:38.824+0000] {processor.py:743} INFO - Processing file /home/airflow/.local/lib/python3.7/site-packages/airflow/example_dags/example_sla_dag.py for tasks to queue
[2024-08-27T11:57:38.825+0000] {logging_mixin.py:137} INFO - [2024-08-27T11:57:38.825+0000] {dagbag.py:538} INFO - Filling up the DagBag from /home/airflow/.local/lib/python3.7/site-packages/airflow/example_dags/example_sla_dag.py
[2024-08-27T11:57:38.848+0000] {processor.py:753} INFO - DAG(s) dict_keys(['example_sla_dag']) retrieved from /home/airflow/.local/lib/python3.7/site-packages/airflow/example_dags/example_sla_dag.py
[2024-08-27T11:57:38.877+0000] {logging_mixin.py:137} INFO - [2024-08-27T11:57:38.877+0000] {dag.py:2690} INFO - Sync 1 DAGs
[2024-08-27T11:57:38.906+0000] {logging_mixin.py:137} INFO - [2024-08-27T11:57:38.906+0000] {dag.py:3441} INFO - Setting next_dagrun for example_sla_dag to 2024-08-27T11:54:00+00:00, run_after=2024-08-27T11:56:00+00:00
[2024-08-27T11:57:38.931+0000] {processor.py:175} INFO - Processing /home/airflow/.local/lib/python3.7/site-packages/airflow/example_dags/example_sla_dag.py took 0.111 seconds
[2024-08-27T11:58:09.099+0000] {processor.py:153} INFO - Started process (PID=458) to work on /home/airflow/.local/lib/python3.7/site-packages/airflow/example_dags/example_sla_dag.py
[2024-08-27T11:58:09.101+0000] {processor.py:743} INFO - Processing file /home/airflow/.local/lib/python3.7/site-packages/airflow/example_dags/example_sla_dag.py for tasks to queue
[2024-08-27T11:58:09.102+0000] {logging_mixin.py:137} INFO - [2024-08-27T11:58:09.102+0000] {dagbag.py:538} INFO - Filling up the DagBag from /home/airflow/.local/lib/python3.7/site-packages/airflow/example_dags/example_sla_dag.py
[2024-08-27T11:58:09.154+0000] {processor.py:753} INFO - DAG(s) dict_keys(['example_sla_dag']) retrieved from /home/airflow/.local/lib/python3.7/site-packages/airflow/example_dags/example_sla_dag.py
[2024-08-27T11:58:09.203+0000] {logging_mixin.py:137} INFO - [2024-08-27T11:58:09.203+0000] {dag.py:2690} INFO - Sync 1 DAGs
[2024-08-27T11:58:09.263+0000] {logging_mixin.py:137} INFO - [2024-08-27T11:58:09.263+0000] {dag.py:3441} INFO - Setting next_dagrun for example_sla_dag to 2024-08-27T11:56:00+00:00, run_after=2024-08-27T11:58:00+00:00
[2024-08-27T11:58:09.313+0000] {processor.py:175} INFO - Processing /home/airflow/.local/lib/python3.7/site-packages/airflow/example_dags/example_sla_dag.py took 0.229 seconds
[2024-08-27T12:00:30.443+0000] {processor.py:153} INFO - Started process (PID=99) to work on /home/airflow/.local/lib/python3.7/site-packages/airflow/example_dags/example_sla_dag.py
[2024-08-27T12:00:30.444+0000] {processor.py:743} INFO - Processing file /home/airflow/.local/lib/python3.7/site-packages/airflow/example_dags/example_sla_dag.py for tasks to queue
[2024-08-27T12:00:30.445+0000] {logging_mixin.py:137} INFO - [2024-08-27T12:00:30.445+0000] {dagbag.py:538} INFO - Filling up the DagBag from /home/airflow/.local/lib/python3.7/site-packages/airflow/example_dags/example_sla_dag.py
[2024-08-27T12:00:30.480+0000] {processor.py:753} INFO - DAG(s) dict_keys(['example_sla_dag']) retrieved from /home/airflow/.local/lib/python3.7/site-packages/airflow/example_dags/example_sla_dag.py
[2024-08-27T12:00:30.498+0000] {logging_mixin.py:137} INFO - [2024-08-27T12:00:30.498+0000] {dag.py:2690} INFO - Sync 1 DAGs
[2024-08-27T12:00:30.546+0000] {logging_mixin.py:137} INFO - [2024-08-27T12:00:30.546+0000] {dag.py:3441} INFO - Setting next_dagrun for example_sla_dag to 2024-08-27T11:58:00+00:00, run_after=2024-08-27T12:00:00+00:00
[2024-08-27T12:00:30.579+0000] {processor.py:175} INFO - Processing /home/airflow/.local/lib/python3.7/site-packages/airflow/example_dags/example_sla_dag.py took 0.142 seconds
[2024-08-27T12:01:03.175+0000] {processor.py:153} INFO - Started process (PID=183) to work on /home/airflow/.local/lib/python3.7/site-packages/airflow/example_dags/example_sla_dag.py
[2024-08-27T12:01:03.176+0000] {processor.py:743} INFO - Processing file /home/airflow/.local/lib/python3.7/site-packages/airflow/example_dags/example_sla_dag.py for tasks to queue
[2024-08-27T12:01:03.178+0000] {logging_mixin.py:137} INFO - [2024-08-27T12:01:03.177+0000] {dagbag.py:538} INFO - Filling up the DagBag from /home/airflow/.local/lib/python3.7/site-packages/airflow/example_dags/example_sla_dag.py
[2024-08-27T12:01:03.220+0000] {processor.py:753} INFO - DAG(s) dict_keys(['example_sla_dag']) retrieved from /home/airflow/.local/lib/python3.7/site-packages/airflow/example_dags/example_sla_dag.py
[2024-08-27T12:01:03.268+0000] {logging_mixin.py:137} INFO - [2024-08-27T12:01:03.268+0000] {dag.py:2690} INFO - Sync 1 DAGs
[2024-08-27T12:01:03.326+0000] {logging_mixin.py:137} INFO - [2024-08-27T12:01:03.325+0000] {dag.py:3441} INFO - Setting next_dagrun for example_sla_dag to 2024-08-27T11:58:00+00:00, run_after=2024-08-27T12:00:00+00:00
[2024-08-27T12:01:03.364+0000] {processor.py:175} INFO - Processing /home/airflow/.local/lib/python3.7/site-packages/airflow/example_dags/example_sla_dag.py took 0.196 seconds
