[2024-08-27T11:55:32.107+0000] {processor.py:153} INFO - Started process (PID=72) to work on /home/airflow/.local/lib/python3.7/site-packages/airflow/example_dags/example_dynamic_task_mapping.py
[2024-08-27T11:55:32.109+0000] {processor.py:743} INFO - Processing file /home/airflow/.local/lib/python3.7/site-packages/airflow/example_dags/example_dynamic_task_mapping.py for tasks to queue
[2024-08-27T11:55:32.111+0000] {logging_mixin.py:137} INFO - [2024-08-27T11:55:32.111+0000] {dagbag.py:538} INFO - Filling up the DagBag from /home/airflow/.local/lib/python3.7/site-packages/airflow/example_dags/example_dynamic_task_mapping.py
[2024-08-27T11:55:32.161+0000] {processor.py:753} INFO - DAG(s) dict_keys(['example_dynamic_task_mapping']) retrieved from /home/airflow/.local/lib/python3.7/site-packages/airflow/example_dags/example_dynamic_task_mapping.py
[2024-08-27T11:55:32.227+0000] {logging_mixin.py:137} INFO - [2024-08-27T11:55:32.226+0000] {dag.py:2690} INFO - Sync 1 DAGs
[2024-08-27T11:55:32.287+0000] {logging_mixin.py:137} INFO - [2024-08-27T11:55:32.286+0000] {dag.py:3441} INFO - Setting next_dagrun for example_dynamic_task_mapping to 2022-03-04T00:00:00+00:00, run_after=2022-03-05T00:00:00+00:00
[2024-08-27T11:55:32.340+0000] {processor.py:175} INFO - Processing /home/airflow/.local/lib/python3.7/site-packages/airflow/example_dags/example_dynamic_task_mapping.py took 0.239 seconds
[2024-08-27T11:56:03.104+0000] {processor.py:153} INFO - Started process (PID=143) to work on /home/airflow/.local/lib/python3.7/site-packages/airflow/example_dags/example_dynamic_task_mapping.py
[2024-08-27T11:56:03.106+0000] {processor.py:743} INFO - Processing file /home/airflow/.local/lib/python3.7/site-packages/airflow/example_dags/example_dynamic_task_mapping.py for tasks to queue
[2024-08-27T11:56:03.107+0000] {logging_mixin.py:137} INFO - [2024-08-27T11:56:03.107+0000] {dagbag.py:538} INFO - Filling up the DagBag from /home/airflow/.local/lib/python3.7/site-packages/airflow/example_dags/example_dynamic_task_mapping.py
[2024-08-27T11:56:03.138+0000] {processor.py:753} INFO - DAG(s) dict_keys(['example_dynamic_task_mapping']) retrieved from /home/airflow/.local/lib/python3.7/site-packages/airflow/example_dags/example_dynamic_task_mapping.py
[2024-08-27T11:56:03.171+0000] {logging_mixin.py:137} INFO - [2024-08-27T11:56:03.171+0000] {dag.py:2690} INFO - Sync 1 DAGs
[2024-08-27T11:56:03.202+0000] {logging_mixin.py:137} INFO - [2024-08-27T11:56:03.202+0000] {dag.py:3441} INFO - Setting next_dagrun for example_dynamic_task_mapping to 2022-03-04T00:00:00+00:00, run_after=2022-03-05T00:00:00+00:00
[2024-08-27T11:56:03.231+0000] {processor.py:175} INFO - Processing /home/airflow/.local/lib/python3.7/site-packages/airflow/example_dags/example_dynamic_task_mapping.py took 0.131 seconds
[2024-08-27T11:56:33.400+0000] {processor.py:153} INFO - Started process (PID=214) to work on /home/airflow/.local/lib/python3.7/site-packages/airflow/example_dags/example_dynamic_task_mapping.py
[2024-08-27T11:56:33.401+0000] {processor.py:743} INFO - Processing file /home/airflow/.local/lib/python3.7/site-packages/airflow/example_dags/example_dynamic_task_mapping.py for tasks to queue
[2024-08-27T11:56:33.402+0000] {logging_mixin.py:137} INFO - [2024-08-27T11:56:33.402+0000] {dagbag.py:538} INFO - Filling up the DagBag from /home/airflow/.local/lib/python3.7/site-packages/airflow/example_dags/example_dynamic_task_mapping.py
[2024-08-27T11:56:33.430+0000] {processor.py:753} INFO - DAG(s) dict_keys(['example_dynamic_task_mapping']) retrieved from /home/airflow/.local/lib/python3.7/site-packages/airflow/example_dags/example_dynamic_task_mapping.py
[2024-08-27T11:56:33.461+0000] {logging_mixin.py:137} INFO - [2024-08-27T11:56:33.461+0000] {dag.py:2690} INFO - Sync 1 DAGs
[2024-08-27T11:56:33.492+0000] {logging_mixin.py:137} INFO - [2024-08-27T11:56:33.492+0000] {dag.py:3441} INFO - Setting next_dagrun for example_dynamic_task_mapping to 2022-03-04T00:00:00+00:00, run_after=2022-03-05T00:00:00+00:00
[2024-08-27T11:56:33.517+0000] {processor.py:175} INFO - Processing /home/airflow/.local/lib/python3.7/site-packages/airflow/example_dags/example_dynamic_task_mapping.py took 0.121 seconds
[2024-08-27T11:57:03.964+0000] {processor.py:153} INFO - Started process (PID=286) to work on /home/airflow/.local/lib/python3.7/site-packages/airflow/example_dags/example_dynamic_task_mapping.py
[2024-08-27T11:57:03.965+0000] {processor.py:743} INFO - Processing file /home/airflow/.local/lib/python3.7/site-packages/airflow/example_dags/example_dynamic_task_mapping.py for tasks to queue
[2024-08-27T11:57:03.966+0000] {logging_mixin.py:137} INFO - [2024-08-27T11:57:03.966+0000] {dagbag.py:538} INFO - Filling up the DagBag from /home/airflow/.local/lib/python3.7/site-packages/airflow/example_dags/example_dynamic_task_mapping.py
[2024-08-27T11:57:03.999+0000] {processor.py:753} INFO - DAG(s) dict_keys(['example_dynamic_task_mapping']) retrieved from /home/airflow/.local/lib/python3.7/site-packages/airflow/example_dags/example_dynamic_task_mapping.py
[2024-08-27T11:57:04.042+0000] {logging_mixin.py:137} INFO - [2024-08-27T11:57:04.041+0000] {dag.py:2690} INFO - Sync 1 DAGs
[2024-08-27T11:57:04.089+0000] {logging_mixin.py:137} INFO - [2024-08-27T11:57:04.088+0000] {dag.py:3441} INFO - Setting next_dagrun for example_dynamic_task_mapping to 2022-03-04T00:00:00+00:00, run_after=2022-03-05T00:00:00+00:00
[2024-08-27T11:57:04.129+0000] {processor.py:175} INFO - Processing /home/airflow/.local/lib/python3.7/site-packages/airflow/example_dags/example_dynamic_task_mapping.py took 0.170 seconds
[2024-08-27T11:57:34.893+0000] {processor.py:153} INFO - Started process (PID=366) to work on /home/airflow/.local/lib/python3.7/site-packages/airflow/example_dags/example_dynamic_task_mapping.py
[2024-08-27T11:57:34.895+0000] {processor.py:743} INFO - Processing file /home/airflow/.local/lib/python3.7/site-packages/airflow/example_dags/example_dynamic_task_mapping.py for tasks to queue
[2024-08-27T11:57:34.896+0000] {logging_mixin.py:137} INFO - [2024-08-27T11:57:34.895+0000] {dagbag.py:538} INFO - Filling up the DagBag from /home/airflow/.local/lib/python3.7/site-packages/airflow/example_dags/example_dynamic_task_mapping.py
[2024-08-27T11:57:34.938+0000] {processor.py:753} INFO - DAG(s) dict_keys(['example_dynamic_task_mapping']) retrieved from /home/airflow/.local/lib/python3.7/site-packages/airflow/example_dags/example_dynamic_task_mapping.py
[2024-08-27T11:57:35.027+0000] {logging_mixin.py:137} INFO - [2024-08-27T11:57:35.027+0000] {dag.py:2690} INFO - Sync 1 DAGs
[2024-08-27T11:57:35.068+0000] {logging_mixin.py:137} INFO - [2024-08-27T11:57:35.068+0000] {dag.py:3441} INFO - Setting next_dagrun for example_dynamic_task_mapping to 2022-03-04T00:00:00+00:00, run_after=2022-03-05T00:00:00+00:00
[2024-08-27T11:57:35.112+0000] {processor.py:175} INFO - Processing /home/airflow/.local/lib/python3.7/site-packages/airflow/example_dags/example_dynamic_task_mapping.py took 0.222 seconds
[2024-08-27T11:58:05.254+0000] {processor.py:153} INFO - Started process (PID=444) to work on /home/airflow/.local/lib/python3.7/site-packages/airflow/example_dags/example_dynamic_task_mapping.py
[2024-08-27T11:58:05.255+0000] {processor.py:743} INFO - Processing file /home/airflow/.local/lib/python3.7/site-packages/airflow/example_dags/example_dynamic_task_mapping.py for tasks to queue
[2024-08-27T11:58:05.256+0000] {logging_mixin.py:137} INFO - [2024-08-27T11:58:05.256+0000] {dagbag.py:538} INFO - Filling up the DagBag from /home/airflow/.local/lib/python3.7/site-packages/airflow/example_dags/example_dynamic_task_mapping.py
[2024-08-27T11:58:05.283+0000] {processor.py:753} INFO - DAG(s) dict_keys(['example_dynamic_task_mapping']) retrieved from /home/airflow/.local/lib/python3.7/site-packages/airflow/example_dags/example_dynamic_task_mapping.py
[2024-08-27T11:58:05.320+0000] {logging_mixin.py:137} INFO - [2024-08-27T11:58:05.320+0000] {dag.py:2690} INFO - Sync 1 DAGs
[2024-08-27T11:58:05.346+0000] {logging_mixin.py:137} INFO - [2024-08-27T11:58:05.346+0000] {dag.py:3441} INFO - Setting next_dagrun for example_dynamic_task_mapping to 2022-03-04T00:00:00+00:00, run_after=2022-03-05T00:00:00+00:00
[2024-08-27T11:58:05.374+0000] {processor.py:175} INFO - Processing /home/airflow/.local/lib/python3.7/site-packages/airflow/example_dags/example_dynamic_task_mapping.py took 0.124 seconds
[2024-08-27T12:00:29.038+0000] {processor.py:153} INFO - Started process (PID=85) to work on /home/airflow/.local/lib/python3.7/site-packages/airflow/example_dags/example_dynamic_task_mapping.py
[2024-08-27T12:00:29.040+0000] {processor.py:743} INFO - Processing file /home/airflow/.local/lib/python3.7/site-packages/airflow/example_dags/example_dynamic_task_mapping.py for tasks to queue
[2024-08-27T12:00:29.041+0000] {logging_mixin.py:137} INFO - [2024-08-27T12:00:29.041+0000] {dagbag.py:538} INFO - Filling up the DagBag from /home/airflow/.local/lib/python3.7/site-packages/airflow/example_dags/example_dynamic_task_mapping.py
[2024-08-27T12:00:29.078+0000] {processor.py:753} INFO - DAG(s) dict_keys(['example_dynamic_task_mapping']) retrieved from /home/airflow/.local/lib/python3.7/site-packages/airflow/example_dags/example_dynamic_task_mapping.py
[2024-08-27T12:00:29.102+0000] {logging_mixin.py:137} INFO - [2024-08-27T12:00:29.102+0000] {dag.py:2690} INFO - Sync 1 DAGs
[2024-08-27T12:00:29.183+0000] {logging_mixin.py:137} INFO - [2024-08-27T12:00:29.182+0000] {dag.py:3441} INFO - Setting next_dagrun for example_dynamic_task_mapping to 2022-03-04T00:00:00+00:00, run_after=2022-03-05T00:00:00+00:00
[2024-08-27T12:00:29.226+0000] {processor.py:175} INFO - Processing /home/airflow/.local/lib/python3.7/site-packages/airflow/example_dags/example_dynamic_task_mapping.py took 0.195 seconds
[2024-08-27T12:01:00.747+0000] {processor.py:153} INFO - Started process (PID=169) to work on /home/airflow/.local/lib/python3.7/site-packages/airflow/example_dags/example_dynamic_task_mapping.py
[2024-08-27T12:01:00.749+0000] {processor.py:743} INFO - Processing file /home/airflow/.local/lib/python3.7/site-packages/airflow/example_dags/example_dynamic_task_mapping.py for tasks to queue
[2024-08-27T12:01:00.750+0000] {logging_mixin.py:137} INFO - [2024-08-27T12:01:00.750+0000] {dagbag.py:538} INFO - Filling up the DagBag from /home/airflow/.local/lib/python3.7/site-packages/airflow/example_dags/example_dynamic_task_mapping.py
[2024-08-27T12:01:00.802+0000] {processor.py:753} INFO - DAG(s) dict_keys(['example_dynamic_task_mapping']) retrieved from /home/airflow/.local/lib/python3.7/site-packages/airflow/example_dags/example_dynamic_task_mapping.py
[2024-08-27T12:01:00.881+0000] {logging_mixin.py:137} INFO - [2024-08-27T12:01:00.881+0000] {dag.py:2690} INFO - Sync 1 DAGs
[2024-08-27T12:01:00.940+0000] {logging_mixin.py:137} INFO - [2024-08-27T12:01:00.940+0000] {dag.py:3441} INFO - Setting next_dagrun for example_dynamic_task_mapping to 2022-03-04T00:00:00+00:00, run_after=2022-03-05T00:00:00+00:00
[2024-08-27T12:01:00.984+0000] {processor.py:175} INFO - Processing /home/airflow/.local/lib/python3.7/site-packages/airflow/example_dags/example_dynamic_task_mapping.py took 0.246 seconds
