[2024-08-27T11:55:31.314+0000] {processor.py:153} INFO - Started process (PID=67) to work on /home/airflow/.local/lib/python3.7/site-packages/airflow/example_dags/tutorial.py
[2024-08-27T11:55:31.316+0000] {processor.py:743} INFO - Processing file /home/airflow/.local/lib/python3.7/site-packages/airflow/example_dags/tutorial.py for tasks to queue
[2024-08-27T11:55:31.317+0000] {logging_mixin.py:137} INFO - [2024-08-27T11:55:31.317+0000] {dagbag.py:538} INFO - Filling up the DagBag from /home/airflow/.local/lib/python3.7/site-packages/airflow/example_dags/tutorial.py
[2024-08-27T11:55:31.352+0000] {processor.py:753} INFO - DAG(s) dict_keys(['tutorial']) retrieved from /home/airflow/.local/lib/python3.7/site-packages/airflow/example_dags/tutorial.py
[2024-08-27T11:55:31.410+0000] {logging_mixin.py:137} INFO - [2024-08-27T11:55:31.409+0000] {dag.py:2690} INFO - Sync 1 DAGs
[2024-08-27T11:55:31.454+0000] {logging_mixin.py:137} INFO - [2024-08-27T11:55:31.454+0000] {dag.py:3441} INFO - Setting next_dagrun for tutorial to 2024-08-26T11:55:31.453918+00:00, run_after=2024-08-27T11:55:31.453918+00:00
[2024-08-27T11:55:31.498+0000] {processor.py:175} INFO - Processing /home/airflow/.local/lib/python3.7/site-packages/airflow/example_dags/tutorial.py took 0.198 seconds
[2024-08-27T11:56:01.678+0000] {processor.py:153} INFO - Started process (PID=138) to work on /home/airflow/.local/lib/python3.7/site-packages/airflow/example_dags/tutorial.py
[2024-08-27T11:56:01.679+0000] {processor.py:743} INFO - Processing file /home/airflow/.local/lib/python3.7/site-packages/airflow/example_dags/tutorial.py for tasks to queue
[2024-08-27T11:56:01.680+0000] {logging_mixin.py:137} INFO - [2024-08-27T11:56:01.680+0000] {dagbag.py:538} INFO - Filling up the DagBag from /home/airflow/.local/lib/python3.7/site-packages/airflow/example_dags/tutorial.py
[2024-08-27T11:56:01.698+0000] {processor.py:753} INFO - DAG(s) dict_keys(['tutorial']) retrieved from /home/airflow/.local/lib/python3.7/site-packages/airflow/example_dags/tutorial.py
[2024-08-27T11:56:01.730+0000] {logging_mixin.py:137} INFO - [2024-08-27T11:56:01.730+0000] {dag.py:2690} INFO - Sync 1 DAGs
[2024-08-27T11:56:01.762+0000] {logging_mixin.py:137} INFO - [2024-08-27T11:56:01.762+0000] {dag.py:3441} INFO - Setting next_dagrun for tutorial to 2024-08-26T11:56:01.761965+00:00, run_after=2024-08-27T11:56:01.761965+00:00
[2024-08-27T11:56:01.790+0000] {processor.py:175} INFO - Processing /home/airflow/.local/lib/python3.7/site-packages/airflow/example_dags/tutorial.py took 0.116 seconds
[2024-08-27T11:56:31.945+0000] {processor.py:153} INFO - Started process (PID=209) to work on /home/airflow/.local/lib/python3.7/site-packages/airflow/example_dags/tutorial.py
[2024-08-27T11:56:31.946+0000] {processor.py:743} INFO - Processing file /home/airflow/.local/lib/python3.7/site-packages/airflow/example_dags/tutorial.py for tasks to queue
[2024-08-27T11:56:31.947+0000] {logging_mixin.py:137} INFO - [2024-08-27T11:56:31.947+0000] {dagbag.py:538} INFO - Filling up the DagBag from /home/airflow/.local/lib/python3.7/site-packages/airflow/example_dags/tutorial.py
[2024-08-27T11:56:31.961+0000] {processor.py:753} INFO - DAG(s) dict_keys(['tutorial']) retrieved from /home/airflow/.local/lib/python3.7/site-packages/airflow/example_dags/tutorial.py
[2024-08-27T11:56:32.000+0000] {logging_mixin.py:137} INFO - [2024-08-27T11:56:32.000+0000] {dag.py:2690} INFO - Sync 1 DAGs
[2024-08-27T11:56:32.056+0000] {logging_mixin.py:137} INFO - [2024-08-27T11:56:32.056+0000] {dag.py:3441} INFO - Setting next_dagrun for tutorial to 2024-08-26T11:56:32.056061+00:00, run_after=2024-08-27T11:56:32.056061+00:00
[2024-08-27T11:56:32.078+0000] {processor.py:175} INFO - Processing /home/airflow/.local/lib/python3.7/site-packages/airflow/example_dags/tutorial.py took 0.137 seconds
[2024-08-27T11:57:02.616+0000] {processor.py:153} INFO - Started process (PID=281) to work on /home/airflow/.local/lib/python3.7/site-packages/airflow/example_dags/tutorial.py
[2024-08-27T11:57:02.617+0000] {processor.py:743} INFO - Processing file /home/airflow/.local/lib/python3.7/site-packages/airflow/example_dags/tutorial.py for tasks to queue
[2024-08-27T11:57:02.619+0000] {logging_mixin.py:137} INFO - [2024-08-27T11:57:02.619+0000] {dagbag.py:538} INFO - Filling up the DagBag from /home/airflow/.local/lib/python3.7/site-packages/airflow/example_dags/tutorial.py
[2024-08-27T11:57:02.641+0000] {processor.py:753} INFO - DAG(s) dict_keys(['tutorial']) retrieved from /home/airflow/.local/lib/python3.7/site-packages/airflow/example_dags/tutorial.py
[2024-08-27T11:57:02.679+0000] {logging_mixin.py:137} INFO - [2024-08-27T11:57:02.679+0000] {dag.py:2690} INFO - Sync 1 DAGs
[2024-08-27T11:57:02.720+0000] {logging_mixin.py:137} INFO - [2024-08-27T11:57:02.720+0000] {dag.py:3441} INFO - Setting next_dagrun for tutorial to 2024-08-26T11:57:02.720098+00:00, run_after=2024-08-27T11:57:02.720098+00:00
[2024-08-27T11:57:02.747+0000] {processor.py:175} INFO - Processing /home/airflow/.local/lib/python3.7/site-packages/airflow/example_dags/tutorial.py took 0.135 seconds
[2024-08-27T11:57:33.382+0000] {processor.py:153} INFO - Started process (PID=352) to work on /home/airflow/.local/lib/python3.7/site-packages/airflow/example_dags/tutorial.py
[2024-08-27T11:57:33.383+0000] {processor.py:743} INFO - Processing file /home/airflow/.local/lib/python3.7/site-packages/airflow/example_dags/tutorial.py for tasks to queue
[2024-08-27T11:57:33.384+0000] {logging_mixin.py:137} INFO - [2024-08-27T11:57:33.384+0000] {dagbag.py:538} INFO - Filling up the DagBag from /home/airflow/.local/lib/python3.7/site-packages/airflow/example_dags/tutorial.py
[2024-08-27T11:57:33.405+0000] {processor.py:753} INFO - DAG(s) dict_keys(['tutorial']) retrieved from /home/airflow/.local/lib/python3.7/site-packages/airflow/example_dags/tutorial.py
[2024-08-27T11:57:33.444+0000] {logging_mixin.py:137} INFO - [2024-08-27T11:57:33.444+0000] {dag.py:2690} INFO - Sync 1 DAGs
[2024-08-27T11:57:33.481+0000] {logging_mixin.py:137} INFO - [2024-08-27T11:57:33.480+0000] {dag.py:3441} INFO - Setting next_dagrun for tutorial to 2024-08-26T11:57:33.480362+00:00, run_after=2024-08-27T11:57:33.480362+00:00
[2024-08-27T11:57:33.522+0000] {processor.py:175} INFO - Processing /home/airflow/.local/lib/python3.7/site-packages/airflow/example_dags/tutorial.py took 0.145 seconds
[2024-08-27T11:58:03.644+0000] {processor.py:153} INFO - Started process (PID=439) to work on /home/airflow/.local/lib/python3.7/site-packages/airflow/example_dags/tutorial.py
[2024-08-27T11:58:03.646+0000] {processor.py:743} INFO - Processing file /home/airflow/.local/lib/python3.7/site-packages/airflow/example_dags/tutorial.py for tasks to queue
[2024-08-27T11:58:03.647+0000] {logging_mixin.py:137} INFO - [2024-08-27T11:58:03.647+0000] {dagbag.py:538} INFO - Filling up the DagBag from /home/airflow/.local/lib/python3.7/site-packages/airflow/example_dags/tutorial.py
[2024-08-27T11:58:03.670+0000] {processor.py:753} INFO - DAG(s) dict_keys(['tutorial']) retrieved from /home/airflow/.local/lib/python3.7/site-packages/airflow/example_dags/tutorial.py
[2024-08-27T11:58:03.707+0000] {logging_mixin.py:137} INFO - [2024-08-27T11:58:03.707+0000] {dag.py:2690} INFO - Sync 1 DAGs
[2024-08-27T11:58:03.748+0000] {logging_mixin.py:137} INFO - [2024-08-27T11:58:03.747+0000] {dag.py:3441} INFO - Setting next_dagrun for tutorial to 2024-08-26T11:58:03.745820+00:00, run_after=2024-08-27T11:58:03.745820+00:00
[2024-08-27T11:58:03.794+0000] {processor.py:175} INFO - Processing /home/airflow/.local/lib/python3.7/site-packages/airflow/example_dags/tutorial.py took 0.155 seconds
[2024-08-27T12:00:28.439+0000] {processor.py:153} INFO - Started process (PID=80) to work on /home/airflow/.local/lib/python3.7/site-packages/airflow/example_dags/tutorial.py
[2024-08-27T12:00:28.441+0000] {processor.py:743} INFO - Processing file /home/airflow/.local/lib/python3.7/site-packages/airflow/example_dags/tutorial.py for tasks to queue
[2024-08-27T12:00:28.443+0000] {logging_mixin.py:137} INFO - [2024-08-27T12:00:28.443+0000] {dagbag.py:538} INFO - Filling up the DagBag from /home/airflow/.local/lib/python3.7/site-packages/airflow/example_dags/tutorial.py
[2024-08-27T12:00:28.492+0000] {processor.py:753} INFO - DAG(s) dict_keys(['tutorial']) retrieved from /home/airflow/.local/lib/python3.7/site-packages/airflow/example_dags/tutorial.py
[2024-08-27T12:00:28.547+0000] {logging_mixin.py:137} INFO - [2024-08-27T12:00:28.547+0000] {dag.py:2690} INFO - Sync 1 DAGs
[2024-08-27T12:00:28.597+0000] {logging_mixin.py:137} INFO - [2024-08-27T12:00:28.597+0000] {dag.py:3441} INFO - Setting next_dagrun for tutorial to 2024-08-26T12:00:28.597331+00:00, run_after=2024-08-27T12:00:28.597331+00:00
[2024-08-27T12:00:28.644+0000] {processor.py:175} INFO - Processing /home/airflow/.local/lib/python3.7/site-packages/airflow/example_dags/tutorial.py took 0.224 seconds
[2024-08-27T12:00:59.608+0000] {processor.py:153} INFO - Started process (PID=164) to work on /home/airflow/.local/lib/python3.7/site-packages/airflow/example_dags/tutorial.py
[2024-08-27T12:00:59.615+0000] {processor.py:743} INFO - Processing file /home/airflow/.local/lib/python3.7/site-packages/airflow/example_dags/tutorial.py for tasks to queue
[2024-08-27T12:00:59.617+0000] {logging_mixin.py:137} INFO - [2024-08-27T12:00:59.616+0000] {dagbag.py:538} INFO - Filling up the DagBag from /home/airflow/.local/lib/python3.7/site-packages/airflow/example_dags/tutorial.py
[2024-08-27T12:00:59.680+0000] {processor.py:753} INFO - DAG(s) dict_keys(['tutorial']) retrieved from /home/airflow/.local/lib/python3.7/site-packages/airflow/example_dags/tutorial.py
[2024-08-27T12:00:59.739+0000] {logging_mixin.py:137} INFO - [2024-08-27T12:00:59.739+0000] {dag.py:2690} INFO - Sync 1 DAGs
[2024-08-27T12:00:59.819+0000] {logging_mixin.py:137} INFO - [2024-08-27T12:00:59.819+0000] {dag.py:3441} INFO - Setting next_dagrun for tutorial to 2024-08-26T12:00:59.818983+00:00, run_after=2024-08-27T12:00:59.818983+00:00
[2024-08-27T12:00:59.880+0000] {processor.py:175} INFO - Processing /home/airflow/.local/lib/python3.7/site-packages/airflow/example_dags/tutorial.py took 0.280 seconds
