[2024-08-27T11:55:35.319+0000] {processor.py:153} INFO - Started process (PID=88) to work on /home/airflow/.local/lib/python3.7/site-packages/airflow/example_dags/tutorial_taskflow_api.py
[2024-08-27T11:55:35.321+0000] {processor.py:743} INFO - Processing file /home/airflow/.local/lib/python3.7/site-packages/airflow/example_dags/tutorial_taskflow_api.py for tasks to queue
[2024-08-27T11:55:35.323+0000] {logging_mixin.py:137} INFO - [2024-08-27T11:55:35.322+0000] {dagbag.py:538} INFO - Filling up the DagBag from /home/airflow/.local/lib/python3.7/site-packages/airflow/example_dags/tutorial_taskflow_api.py
[2024-08-27T11:55:35.372+0000] {processor.py:753} INFO - DAG(s) dict_keys(['tutorial_taskflow_api']) retrieved from /home/airflow/.local/lib/python3.7/site-packages/airflow/example_dags/tutorial_taskflow_api.py
[2024-08-27T11:55:35.444+0000] {logging_mixin.py:137} INFO - [2024-08-27T11:55:35.443+0000] {dag.py:2690} INFO - Sync 1 DAGs
[2024-08-27T11:55:35.496+0000] {logging_mixin.py:137} INFO - [2024-08-27T11:55:35.495+0000] {dag.py:3441} INFO - Setting next_dagrun for tutorial_taskflow_api to None, run_after=None
[2024-08-27T11:55:35.551+0000] {processor.py:175} INFO - Processing /home/airflow/.local/lib/python3.7/site-packages/airflow/example_dags/tutorial_taskflow_api.py took 0.239 seconds
[2024-08-27T11:56:05.771+0000] {processor.py:153} INFO - Started process (PID=159) to work on /home/airflow/.local/lib/python3.7/site-packages/airflow/example_dags/tutorial_taskflow_api.py
[2024-08-27T11:56:05.773+0000] {processor.py:743} INFO - Processing file /home/airflow/.local/lib/python3.7/site-packages/airflow/example_dags/tutorial_taskflow_api.py for tasks to queue
[2024-08-27T11:56:05.774+0000] {logging_mixin.py:137} INFO - [2024-08-27T11:56:05.773+0000] {dagbag.py:538} INFO - Filling up the DagBag from /home/airflow/.local/lib/python3.7/site-packages/airflow/example_dags/tutorial_taskflow_api.py
[2024-08-27T11:56:05.803+0000] {processor.py:753} INFO - DAG(s) dict_keys(['tutorial_taskflow_api']) retrieved from /home/airflow/.local/lib/python3.7/site-packages/airflow/example_dags/tutorial_taskflow_api.py
[2024-08-27T11:56:05.839+0000] {logging_mixin.py:137} INFO - [2024-08-27T11:56:05.839+0000] {dag.py:2690} INFO - Sync 1 DAGs
[2024-08-27T11:56:05.876+0000] {logging_mixin.py:137} INFO - [2024-08-27T11:56:05.875+0000] {dag.py:3441} INFO - Setting next_dagrun for tutorial_taskflow_api to None, run_after=None
[2024-08-27T11:56:05.906+0000] {processor.py:175} INFO - Processing /home/airflow/.local/lib/python3.7/site-packages/airflow/example_dags/tutorial_taskflow_api.py took 0.141 seconds
[2024-08-27T11:56:35.943+0000] {processor.py:153} INFO - Started process (PID=229) to work on /home/airflow/.local/lib/python3.7/site-packages/airflow/example_dags/tutorial_taskflow_api.py
[2024-08-27T11:56:35.944+0000] {processor.py:743} INFO - Processing file /home/airflow/.local/lib/python3.7/site-packages/airflow/example_dags/tutorial_taskflow_api.py for tasks to queue
[2024-08-27T11:56:35.946+0000] {logging_mixin.py:137} INFO - [2024-08-27T11:56:35.945+0000] {dagbag.py:538} INFO - Filling up the DagBag from /home/airflow/.local/lib/python3.7/site-packages/airflow/example_dags/tutorial_taskflow_api.py
[2024-08-27T11:56:35.970+0000] {processor.py:753} INFO - DAG(s) dict_keys(['tutorial_taskflow_api']) retrieved from /home/airflow/.local/lib/python3.7/site-packages/airflow/example_dags/tutorial_taskflow_api.py
[2024-08-27T11:56:36.001+0000] {logging_mixin.py:137} INFO - [2024-08-27T11:56:36.000+0000] {dag.py:2690} INFO - Sync 1 DAGs
[2024-08-27T11:56:36.028+0000] {logging_mixin.py:137} INFO - [2024-08-27T11:56:36.028+0000] {dag.py:3441} INFO - Setting next_dagrun for tutorial_taskflow_api to None, run_after=None
[2024-08-27T11:56:36.053+0000] {processor.py:175} INFO - Processing /home/airflow/.local/lib/python3.7/site-packages/airflow/example_dags/tutorial_taskflow_api.py took 0.113 seconds
[2024-08-27T11:57:07.961+0000] {processor.py:153} INFO - Started process (PID=311) to work on /home/airflow/.local/lib/python3.7/site-packages/airflow/example_dags/tutorial_taskflow_api.py
[2024-08-27T11:57:07.972+0000] {processor.py:743} INFO - Processing file /home/airflow/.local/lib/python3.7/site-packages/airflow/example_dags/tutorial_taskflow_api.py for tasks to queue
[2024-08-27T11:57:07.976+0000] {logging_mixin.py:137} INFO - [2024-08-27T11:57:07.976+0000] {dagbag.py:538} INFO - Filling up the DagBag from /home/airflow/.local/lib/python3.7/site-packages/airflow/example_dags/tutorial_taskflow_api.py
[2024-08-27T11:57:08.041+0000] {processor.py:753} INFO - DAG(s) dict_keys(['tutorial_taskflow_api']) retrieved from /home/airflow/.local/lib/python3.7/site-packages/airflow/example_dags/tutorial_taskflow_api.py
[2024-08-27T11:57:08.101+0000] {logging_mixin.py:137} INFO - [2024-08-27T11:57:08.101+0000] {dag.py:2690} INFO - Sync 1 DAGs
[2024-08-27T11:57:08.162+0000] {logging_mixin.py:137} INFO - [2024-08-27T11:57:08.162+0000] {dag.py:3441} INFO - Setting next_dagrun for tutorial_taskflow_api to None, run_after=None
[2024-08-27T11:57:08.210+0000] {processor.py:175} INFO - Processing /home/airflow/.local/lib/python3.7/site-packages/airflow/example_dags/tutorial_taskflow_api.py took 0.286 seconds
[2024-08-27T11:57:38.962+0000] {processor.py:153} INFO - Started process (PID=389) to work on /home/airflow/.local/lib/python3.7/site-packages/airflow/example_dags/tutorial_taskflow_api.py
[2024-08-27T11:57:38.964+0000] {processor.py:743} INFO - Processing file /home/airflow/.local/lib/python3.7/site-packages/airflow/example_dags/tutorial_taskflow_api.py for tasks to queue
[2024-08-27T11:57:38.965+0000] {logging_mixin.py:137} INFO - [2024-08-27T11:57:38.965+0000] {dagbag.py:538} INFO - Filling up the DagBag from /home/airflow/.local/lib/python3.7/site-packages/airflow/example_dags/tutorial_taskflow_api.py
[2024-08-27T11:57:38.992+0000] {processor.py:753} INFO - DAG(s) dict_keys(['tutorial_taskflow_api']) retrieved from /home/airflow/.local/lib/python3.7/site-packages/airflow/example_dags/tutorial_taskflow_api.py
[2024-08-27T11:57:39.025+0000] {logging_mixin.py:137} INFO - [2024-08-27T11:57:39.025+0000] {dag.py:2690} INFO - Sync 1 DAGs
[2024-08-27T11:57:39.057+0000] {logging_mixin.py:137} INFO - [2024-08-27T11:57:39.057+0000] {dag.py:3441} INFO - Setting next_dagrun for tutorial_taskflow_api to None, run_after=None
[2024-08-27T11:57:39.086+0000] {processor.py:175} INFO - Processing /home/airflow/.local/lib/python3.7/site-packages/airflow/example_dags/tutorial_taskflow_api.py took 0.127 seconds
[2024-08-27T11:58:09.369+0000] {processor.py:153} INFO - Started process (PID=460) to work on /home/airflow/.local/lib/python3.7/site-packages/airflow/example_dags/tutorial_taskflow_api.py
[2024-08-27T11:58:09.371+0000] {processor.py:743} INFO - Processing file /home/airflow/.local/lib/python3.7/site-packages/airflow/example_dags/tutorial_taskflow_api.py for tasks to queue
[2024-08-27T11:58:09.374+0000] {logging_mixin.py:137} INFO - [2024-08-27T11:58:09.373+0000] {dagbag.py:538} INFO - Filling up the DagBag from /home/airflow/.local/lib/python3.7/site-packages/airflow/example_dags/tutorial_taskflow_api.py
[2024-08-27T11:58:09.436+0000] {processor.py:753} INFO - DAG(s) dict_keys(['tutorial_taskflow_api']) retrieved from /home/airflow/.local/lib/python3.7/site-packages/airflow/example_dags/tutorial_taskflow_api.py
[2024-08-27T11:58:09.495+0000] {logging_mixin.py:137} INFO - [2024-08-27T11:58:09.495+0000] {dag.py:2690} INFO - Sync 1 DAGs
[2024-08-27T11:58:09.548+0000] {logging_mixin.py:137} INFO - [2024-08-27T11:58:09.548+0000] {dag.py:3441} INFO - Setting next_dagrun for tutorial_taskflow_api to None, run_after=None
[2024-08-27T11:58:09.609+0000] {processor.py:175} INFO - Processing /home/airflow/.local/lib/python3.7/site-packages/airflow/example_dags/tutorial_taskflow_api.py took 0.248 seconds
[2024-08-27T12:00:30.620+0000] {processor.py:153} INFO - Started process (PID=101) to work on /home/airflow/.local/lib/python3.7/site-packages/airflow/example_dags/tutorial_taskflow_api.py
[2024-08-27T12:00:30.622+0000] {processor.py:743} INFO - Processing file /home/airflow/.local/lib/python3.7/site-packages/airflow/example_dags/tutorial_taskflow_api.py for tasks to queue
[2024-08-27T12:00:30.623+0000] {logging_mixin.py:137} INFO - [2024-08-27T12:00:30.623+0000] {dagbag.py:538} INFO - Filling up the DagBag from /home/airflow/.local/lib/python3.7/site-packages/airflow/example_dags/tutorial_taskflow_api.py
[2024-08-27T12:00:30.665+0000] {processor.py:753} INFO - DAG(s) dict_keys(['tutorial_taskflow_api']) retrieved from /home/airflow/.local/lib/python3.7/site-packages/airflow/example_dags/tutorial_taskflow_api.py
[2024-08-27T12:00:30.686+0000] {logging_mixin.py:137} INFO - [2024-08-27T12:00:30.686+0000] {dag.py:2690} INFO - Sync 1 DAGs
[2024-08-27T12:00:30.724+0000] {logging_mixin.py:137} INFO - [2024-08-27T12:00:30.724+0000] {dag.py:3441} INFO - Setting next_dagrun for tutorial_taskflow_api to None, run_after=None
[2024-08-27T12:00:30.757+0000] {processor.py:175} INFO - Processing /home/airflow/.local/lib/python3.7/site-packages/airflow/example_dags/tutorial_taskflow_api.py took 0.143 seconds
[2024-08-27T12:01:03.405+0000] {processor.py:153} INFO - Started process (PID=185) to work on /home/airflow/.local/lib/python3.7/site-packages/airflow/example_dags/tutorial_taskflow_api.py
[2024-08-27T12:01:03.407+0000] {processor.py:743} INFO - Processing file /home/airflow/.local/lib/python3.7/site-packages/airflow/example_dags/tutorial_taskflow_api.py for tasks to queue
[2024-08-27T12:01:03.408+0000] {logging_mixin.py:137} INFO - [2024-08-27T12:01:03.408+0000] {dagbag.py:538} INFO - Filling up the DagBag from /home/airflow/.local/lib/python3.7/site-packages/airflow/example_dags/tutorial_taskflow_api.py
[2024-08-27T12:01:03.446+0000] {processor.py:753} INFO - DAG(s) dict_keys(['tutorial_taskflow_api']) retrieved from /home/airflow/.local/lib/python3.7/site-packages/airflow/example_dags/tutorial_taskflow_api.py
[2024-08-27T12:01:03.489+0000] {logging_mixin.py:137} INFO - [2024-08-27T12:01:03.489+0000] {dag.py:2690} INFO - Sync 1 DAGs
[2024-08-27T12:01:03.545+0000] {logging_mixin.py:137} INFO - [2024-08-27T12:01:03.545+0000] {dag.py:3441} INFO - Setting next_dagrun for tutorial_taskflow_api to None, run_after=None
[2024-08-27T12:01:03.582+0000] {processor.py:175} INFO - Processing /home/airflow/.local/lib/python3.7/site-packages/airflow/example_dags/tutorial_taskflow_api.py took 0.182 seconds
