[2024-08-27T11:55:30.477+0000] {processor.py:153} INFO - Started process (PID=62) to work on /home/airflow/.local/lib/python3.7/site-packages/airflow/example_dags/tutorial_dag.py
[2024-08-27T11:55:30.479+0000] {processor.py:743} INFO - Processing file /home/airflow/.local/lib/python3.7/site-packages/airflow/example_dags/tutorial_dag.py for tasks to queue
[2024-08-27T11:55:30.480+0000] {logging_mixin.py:137} INFO - [2024-08-27T11:55:30.480+0000] {dagbag.py:538} INFO - Filling up the DagBag from /home/airflow/.local/lib/python3.7/site-packages/airflow/example_dags/tutorial_dag.py
[2024-08-27T11:55:30.510+0000] {processor.py:753} INFO - DAG(s) dict_keys(['tutorial_dag']) retrieved from /home/airflow/.local/lib/python3.7/site-packages/airflow/example_dags/tutorial_dag.py
[2024-08-27T11:55:30.569+0000] {logging_mixin.py:137} INFO - [2024-08-27T11:55:30.569+0000] {dag.py:2690} INFO - Sync 1 DAGs
[2024-08-27T11:55:30.652+0000] {logging_mixin.py:137} INFO - [2024-08-27T11:55:30.652+0000] {dag.py:3441} INFO - Setting next_dagrun for tutorial_dag to None, run_after=None
[2024-08-27T11:55:30.725+0000] {processor.py:175} INFO - Processing /home/airflow/.local/lib/python3.7/site-packages/airflow/example_dags/tutorial_dag.py took 0.254 seconds
[2024-08-27T11:56:00.834+0000] {processor.py:153} INFO - Started process (PID=133) to work on /home/airflow/.local/lib/python3.7/site-packages/airflow/example_dags/tutorial_dag.py
[2024-08-27T11:56:00.836+0000] {processor.py:743} INFO - Processing file /home/airflow/.local/lib/python3.7/site-packages/airflow/example_dags/tutorial_dag.py for tasks to queue
[2024-08-27T11:56:00.837+0000] {logging_mixin.py:137} INFO - [2024-08-27T11:56:00.837+0000] {dagbag.py:538} INFO - Filling up the DagBag from /home/airflow/.local/lib/python3.7/site-packages/airflow/example_dags/tutorial_dag.py
[2024-08-27T11:56:00.853+0000] {processor.py:753} INFO - DAG(s) dict_keys(['tutorial_dag']) retrieved from /home/airflow/.local/lib/python3.7/site-packages/airflow/example_dags/tutorial_dag.py
[2024-08-27T11:56:00.884+0000] {logging_mixin.py:137} INFO - [2024-08-27T11:56:00.884+0000] {dag.py:2690} INFO - Sync 1 DAGs
[2024-08-27T11:56:00.921+0000] {logging_mixin.py:137} INFO - [2024-08-27T11:56:00.921+0000] {dag.py:3441} INFO - Setting next_dagrun for tutorial_dag to None, run_after=None
[2024-08-27T11:56:00.952+0000] {processor.py:175} INFO - Processing /home/airflow/.local/lib/python3.7/site-packages/airflow/example_dags/tutorial_dag.py took 0.122 seconds
[2024-08-27T11:56:31.437+0000] {processor.py:153} INFO - Started process (PID=204) to work on /home/airflow/.local/lib/python3.7/site-packages/airflow/example_dags/tutorial_dag.py
[2024-08-27T11:56:31.438+0000] {processor.py:743} INFO - Processing file /home/airflow/.local/lib/python3.7/site-packages/airflow/example_dags/tutorial_dag.py for tasks to queue
[2024-08-27T11:56:31.439+0000] {logging_mixin.py:137} INFO - [2024-08-27T11:56:31.439+0000] {dagbag.py:538} INFO - Filling up the DagBag from /home/airflow/.local/lib/python3.7/site-packages/airflow/example_dags/tutorial_dag.py
[2024-08-27T11:56:31.454+0000] {processor.py:753} INFO - DAG(s) dict_keys(['tutorial_dag']) retrieved from /home/airflow/.local/lib/python3.7/site-packages/airflow/example_dags/tutorial_dag.py
[2024-08-27T11:56:31.481+0000] {logging_mixin.py:137} INFO - [2024-08-27T11:56:31.481+0000] {dag.py:2690} INFO - Sync 1 DAGs
[2024-08-27T11:56:31.533+0000] {logging_mixin.py:137} INFO - [2024-08-27T11:56:31.532+0000] {dag.py:3441} INFO - Setting next_dagrun for tutorial_dag to None, run_after=None
[2024-08-27T11:56:31.591+0000] {processor.py:175} INFO - Processing /home/airflow/.local/lib/python3.7/site-packages/airflow/example_dags/tutorial_dag.py took 0.157 seconds
[2024-08-27T11:57:02.151+0000] {processor.py:153} INFO - Started process (PID=276) to work on /home/airflow/.local/lib/python3.7/site-packages/airflow/example_dags/tutorial_dag.py
[2024-08-27T11:57:02.153+0000] {processor.py:743} INFO - Processing file /home/airflow/.local/lib/python3.7/site-packages/airflow/example_dags/tutorial_dag.py for tasks to queue
[2024-08-27T11:57:02.154+0000] {logging_mixin.py:137} INFO - [2024-08-27T11:57:02.154+0000] {dagbag.py:538} INFO - Filling up the DagBag from /home/airflow/.local/lib/python3.7/site-packages/airflow/example_dags/tutorial_dag.py
[2024-08-27T11:57:02.175+0000] {processor.py:753} INFO - DAG(s) dict_keys(['tutorial_dag']) retrieved from /home/airflow/.local/lib/python3.7/site-packages/airflow/example_dags/tutorial_dag.py
[2024-08-27T11:57:02.212+0000] {logging_mixin.py:137} INFO - [2024-08-27T11:57:02.212+0000] {dag.py:2690} INFO - Sync 1 DAGs
[2024-08-27T11:57:02.252+0000] {logging_mixin.py:137} INFO - [2024-08-27T11:57:02.251+0000] {dag.py:3441} INFO - Setting next_dagrun for tutorial_dag to None, run_after=None
[2024-08-27T11:57:02.288+0000] {processor.py:175} INFO - Processing /home/airflow/.local/lib/python3.7/site-packages/airflow/example_dags/tutorial_dag.py took 0.141 seconds
[2024-08-27T11:57:32.769+0000] {processor.py:153} INFO - Started process (PID=347) to work on /home/airflow/.local/lib/python3.7/site-packages/airflow/example_dags/tutorial_dag.py
[2024-08-27T11:57:32.771+0000] {processor.py:743} INFO - Processing file /home/airflow/.local/lib/python3.7/site-packages/airflow/example_dags/tutorial_dag.py for tasks to queue
[2024-08-27T11:57:32.772+0000] {logging_mixin.py:137} INFO - [2024-08-27T11:57:32.772+0000] {dagbag.py:538} INFO - Filling up the DagBag from /home/airflow/.local/lib/python3.7/site-packages/airflow/example_dags/tutorial_dag.py
[2024-08-27T11:57:32.790+0000] {processor.py:753} INFO - DAG(s) dict_keys(['tutorial_dag']) retrieved from /home/airflow/.local/lib/python3.7/site-packages/airflow/example_dags/tutorial_dag.py
[2024-08-27T11:57:32.833+0000] {logging_mixin.py:137} INFO - [2024-08-27T11:57:32.832+0000] {dag.py:2690} INFO - Sync 1 DAGs
[2024-08-27T11:57:32.876+0000] {logging_mixin.py:137} INFO - [2024-08-27T11:57:32.875+0000] {dag.py:3441} INFO - Setting next_dagrun for tutorial_dag to None, run_after=None
[2024-08-27T11:57:32.931+0000] {processor.py:175} INFO - Processing /home/airflow/.local/lib/python3.7/site-packages/airflow/example_dags/tutorial_dag.py took 0.166 seconds
[2024-08-27T11:58:03.174+0000] {processor.py:153} INFO - Started process (PID=434) to work on /home/airflow/.local/lib/python3.7/site-packages/airflow/example_dags/tutorial_dag.py
[2024-08-27T11:58:03.176+0000] {processor.py:743} INFO - Processing file /home/airflow/.local/lib/python3.7/site-packages/airflow/example_dags/tutorial_dag.py for tasks to queue
[2024-08-27T11:58:03.177+0000] {logging_mixin.py:137} INFO - [2024-08-27T11:58:03.177+0000] {dagbag.py:538} INFO - Filling up the DagBag from /home/airflow/.local/lib/python3.7/site-packages/airflow/example_dags/tutorial_dag.py
[2024-08-27T11:58:03.192+0000] {processor.py:753} INFO - DAG(s) dict_keys(['tutorial_dag']) retrieved from /home/airflow/.local/lib/python3.7/site-packages/airflow/example_dags/tutorial_dag.py
[2024-08-27T11:58:03.222+0000] {logging_mixin.py:137} INFO - [2024-08-27T11:58:03.222+0000] {dag.py:2690} INFO - Sync 1 DAGs
[2024-08-27T11:58:03.251+0000] {logging_mixin.py:137} INFO - [2024-08-27T11:58:03.251+0000] {dag.py:3441} INFO - Setting next_dagrun for tutorial_dag to None, run_after=None
[2024-08-27T11:58:03.282+0000] {processor.py:175} INFO - Processing /home/airflow/.local/lib/python3.7/site-packages/airflow/example_dags/tutorial_dag.py took 0.111 seconds
[2024-08-27T12:00:27.763+0000] {processor.py:153} INFO - Started process (PID=75) to work on /home/airflow/.local/lib/python3.7/site-packages/airflow/example_dags/tutorial_dag.py
[2024-08-27T12:00:27.764+0000] {processor.py:743} INFO - Processing file /home/airflow/.local/lib/python3.7/site-packages/airflow/example_dags/tutorial_dag.py for tasks to queue
[2024-08-27T12:00:27.766+0000] {logging_mixin.py:137} INFO - [2024-08-27T12:00:27.765+0000] {dagbag.py:538} INFO - Filling up the DagBag from /home/airflow/.local/lib/python3.7/site-packages/airflow/example_dags/tutorial_dag.py
[2024-08-27T12:00:27.791+0000] {processor.py:753} INFO - DAG(s) dict_keys(['tutorial_dag']) retrieved from /home/airflow/.local/lib/python3.7/site-packages/airflow/example_dags/tutorial_dag.py
[2024-08-27T12:00:27.812+0000] {logging_mixin.py:137} INFO - [2024-08-27T12:00:27.811+0000] {dag.py:2690} INFO - Sync 1 DAGs
[2024-08-27T12:00:27.861+0000] {logging_mixin.py:137} INFO - [2024-08-27T12:00:27.861+0000] {dag.py:3441} INFO - Setting next_dagrun for tutorial_dag to None, run_after=None
[2024-08-27T12:00:27.904+0000] {processor.py:175} INFO - Processing /home/airflow/.local/lib/python3.7/site-packages/airflow/example_dags/tutorial_dag.py took 0.147 seconds
[2024-08-27T12:00:58.590+0000] {processor.py:153} INFO - Started process (PID=159) to work on /home/airflow/.local/lib/python3.7/site-packages/airflow/example_dags/tutorial_dag.py
[2024-08-27T12:00:58.593+0000] {processor.py:743} INFO - Processing file /home/airflow/.local/lib/python3.7/site-packages/airflow/example_dags/tutorial_dag.py for tasks to queue
[2024-08-27T12:00:58.594+0000] {logging_mixin.py:137} INFO - [2024-08-27T12:00:58.594+0000] {dagbag.py:538} INFO - Filling up the DagBag from /home/airflow/.local/lib/python3.7/site-packages/airflow/example_dags/tutorial_dag.py
[2024-08-27T12:00:58.634+0000] {processor.py:753} INFO - DAG(s) dict_keys(['tutorial_dag']) retrieved from /home/airflow/.local/lib/python3.7/site-packages/airflow/example_dags/tutorial_dag.py
[2024-08-27T12:00:58.719+0000] {logging_mixin.py:137} INFO - [2024-08-27T12:00:58.719+0000] {dag.py:2690} INFO - Sync 1 DAGs
[2024-08-27T12:00:58.809+0000] {logging_mixin.py:137} INFO - [2024-08-27T12:00:58.808+0000] {dag.py:3441} INFO - Setting next_dagrun for tutorial_dag to None, run_after=None
[2024-08-27T12:00:58.966+0000] {processor.py:175} INFO - Processing /home/airflow/.local/lib/python3.7/site-packages/airflow/example_dags/tutorial_dag.py took 0.382 seconds
