[2024-08-27T12:01:01.318+0000] {taskinstance.py:1083} INFO - Dependencies all met for <TaskInstance: catchup_example.python_operator scheduled__2024-08-27T08:10:00+00:00 [queued]>
[2024-08-27T12:01:01.352+0000] {taskinstance.py:1083} INFO - Dependencies all met for <TaskInstance: catchup_example.python_operator scheduled__2024-08-27T08:10:00+00:00 [queued]>
[2024-08-27T12:01:01.356+0000] {taskinstance.py:1279} INFO - 
--------------------------------------------------------------------------------
[2024-08-27T12:01:01.359+0000] {taskinstance.py:1280} INFO - Starting attempt 1 of 1
[2024-08-27T12:01:01.360+0000] {taskinstance.py:1281} INFO - 
--------------------------------------------------------------------------------
[2024-08-27T12:01:01.403+0000] {taskinstance.py:1300} INFO - Executing <Task(PythonOperator): python_operator> on 2024-08-27 08:10:00+00:00
[2024-08-27T12:01:01.415+0000] {standard_task_runner.py:55} INFO - Started process 121 to run task
[2024-08-27T12:01:01.419+0000] {standard_task_runner.py:82} INFO - Running: ['***', 'tasks', 'run', 'catchup_example', 'python_operator', 'scheduled__2024-08-27T08:10:00+00:00', '--job-id', '14', '--raw', '--subdir', 'DAGS_FOLDER/5catchup_dag.py', '--cfg-path', '/tmp/tmp4yaj2g4k']
[2024-08-27T12:01:01.425+0000] {standard_task_runner.py:83} INFO - Job 14: Subtask python_operator
[2024-08-27T12:01:01.600+0000] {task_command.py:388} INFO - Running <TaskInstance: catchup_example.python_operator scheduled__2024-08-27T08:10:00+00:00 [running]> on host bcac54097145
[2024-08-27T12:01:01.705+0000] {warnings.py:110} WARNING - /home/***/.local/lib/python3.7/site-packages/***/utils/context.py:205: AirflowContextDeprecationWarning: Accessing 'execution_date' from the template is deprecated and will be removed in a future version. Please use 'data_interval_start' or 'logical_date' instead.
  warnings.warn(_create_deprecation_warning(key, self._deprecation_replacements[key]))

[2024-08-27T12:01:01.804+0000] {taskinstance.py:1509} INFO - Exporting the following env vars:
AIRFLOW_CTX_DAG_OWNER=***
AIRFLOW_CTX_DAG_ID=catchup_example
AIRFLOW_CTX_TASK_ID=python_operator
AIRFLOW_CTX_EXECUTION_DATE=2024-08-27T08:10:00+00:00
AIRFLOW_CTX_TRY_NUMBER=1
AIRFLOW_CTX_DAG_RUN_ID=scheduled__2024-08-27T08:10:00+00:00
[2024-08-27T12:01:01.807+0000] {logging_mixin.py:137} INFO - conf: <***.configuration.AirflowConfigParser object at 0x7f1a0aad25d0>
[2024-08-27T12:01:01.808+0000] {logging_mixin.py:137} INFO - dag: <DAG: catchup_example>
[2024-08-27T12:01:01.808+0000] {logging_mixin.py:137} INFO - dag_run: <DagRun catchup_example @ 2024-08-27 08:10:00+00:00: scheduled__2024-08-27T08:10:00+00:00, state:running, queued_at: 2024-08-27 12:00:59.207820+00:00. externally triggered: False>
[2024-08-27T12:01:01.809+0000] {logging_mixin.py:137} INFO - data_interval_end: 2024-08-27T08:20:00+00:00
[2024-08-27T12:01:01.809+0000] {logging_mixin.py:137} INFO - data_interval_start: 2024-08-27T08:10:00+00:00
[2024-08-27T12:01:01.810+0000] {logging_mixin.py:137} INFO - ds: 2024-08-27
[2024-08-27T12:01:01.810+0000] {logging_mixin.py:137} INFO - ds_nodash: 20240827
[2024-08-27T12:01:01.810+0000] {logging_mixin.py:137} INFO - execution_date: 2024-08-27T08:10:00+00:00
[2024-08-27T12:01:01.810+0000] {logging_mixin.py:137} INFO - expanded_ti_count: None
[2024-08-27T12:01:01.812+0000] {logging_mixin.py:137} INFO - inlets: []
[2024-08-27T12:01:01.813+0000] {logging_mixin.py:137} INFO - logical_date: 2024-08-27T08:10:00+00:00
[2024-08-27T12:01:01.814+0000] {logging_mixin.py:137} INFO - macros: <module '***.macros' from '/home/***/.local/lib/python3.7/site-packages/***/macros/__init__.py'>
[2024-08-27T12:01:01.816+0000] {warnings.py:110} WARNING - /home/***/.local/lib/python3.7/site-packages/***/utils/context.py:313: AirflowContextDeprecationWarning: Accessing 'next_ds' from the template is deprecated and will be removed in a future version. Please use '{{ data_interval_end | ds }}' instead.
  warnings.warn(_create_deprecation_warning(k, replacements))

[2024-08-27T12:01:01.817+0000] {logging_mixin.py:137} INFO - next_ds: 2024-08-27
[2024-08-27T12:01:01.818+0000] {warnings.py:110} WARNING - /home/***/.local/lib/python3.7/site-packages/***/utils/context.py:313: AirflowContextDeprecationWarning: Accessing 'next_ds_nodash' from the template is deprecated and will be removed in a future version. Please use '{{ data_interval_end | ds_nodash }}' instead.
  warnings.warn(_create_deprecation_warning(k, replacements))

[2024-08-27T12:01:01.818+0000] {logging_mixin.py:137} INFO - next_ds_nodash: 20240827
[2024-08-27T12:01:01.819+0000] {warnings.py:110} WARNING - /home/***/.local/lib/python3.7/site-packages/***/utils/context.py:313: AirflowContextDeprecationWarning: Accessing 'next_execution_date' from the template is deprecated and will be removed in a future version. Please use 'data_interval_end' instead.
  warnings.warn(_create_deprecation_warning(k, replacements))

[2024-08-27T12:01:01.820+0000] {logging_mixin.py:137} INFO - next_execution_date: 2024-08-27T08:20:00+00:00
[2024-08-27T12:01:01.821+0000] {logging_mixin.py:137} INFO - outlets: []
[2024-08-27T12:01:01.822+0000] {logging_mixin.py:137} INFO - params: {}
[2024-08-27T12:01:01.822+0000] {logging_mixin.py:137} INFO - prev_data_interval_start_success: 2024-08-27T07:40:00+00:00
[2024-08-27T12:01:01.823+0000] {logging_mixin.py:137} INFO - prev_data_interval_end_success: 2024-08-27T07:50:00+00:00
[2024-08-27T12:01:01.823+0000] {warnings.py:110} WARNING - /home/***/.local/lib/python3.7/site-packages/***/utils/context.py:313: AirflowContextDeprecationWarning: Accessing 'prev_ds' from the template is deprecated and will be removed in a future version.
  warnings.warn(_create_deprecation_warning(k, replacements))

[2024-08-27T12:01:01.824+0000] {logging_mixin.py:137} INFO - prev_ds: 2024-08-27
[2024-08-27T12:01:01.825+0000] {warnings.py:110} WARNING - /home/***/.local/lib/python3.7/site-packages/***/utils/context.py:313: AirflowContextDeprecationWarning: Accessing 'prev_ds_nodash' from the template is deprecated and will be removed in a future version.
  warnings.warn(_create_deprecation_warning(k, replacements))

[2024-08-27T12:01:01.826+0000] {logging_mixin.py:137} INFO - prev_ds_nodash: 20240827
[2024-08-27T12:01:01.826+0000] {warnings.py:110} WARNING - /home/***/.local/lib/python3.7/site-packages/***/utils/context.py:313: AirflowContextDeprecationWarning: Accessing 'prev_execution_date' from the template is deprecated and will be removed in a future version.
  warnings.warn(_create_deprecation_warning(k, replacements))

[2024-08-27T12:01:01.827+0000] {logging_mixin.py:137} INFO - prev_execution_date: 2024-08-27T08:00:00+00:00
[2024-08-27T12:01:01.828+0000] {warnings.py:110} WARNING - /home/***/.local/lib/python3.7/site-packages/***/utils/context.py:313: AirflowContextDeprecationWarning: Accessing 'prev_execution_date_success' from the template is deprecated and will be removed in a future version. Please use 'prev_data_interval_start_success' instead.
  warnings.warn(_create_deprecation_warning(k, replacements))

[2024-08-27T12:01:01.829+0000] {logging_mixin.py:137} INFO - prev_execution_date_success: 2024-08-27T07:40:00+00:00
[2024-08-27T12:01:01.829+0000] {logging_mixin.py:137} INFO - prev_start_date_success: 2024-08-27T12:00:57.959388+00:00
[2024-08-27T12:01:01.830+0000] {logging_mixin.py:137} INFO - run_id: scheduled__2024-08-27T08:10:00+00:00
[2024-08-27T12:01:01.831+0000] {logging_mixin.py:137} INFO - task: <Task(PythonOperator): python_operator>
[2024-08-27T12:01:01.832+0000] {logging_mixin.py:137} INFO - task_instance: <TaskInstance: catchup_example.python_operator scheduled__2024-08-27T08:10:00+00:00 [running]>
[2024-08-27T12:01:01.833+0000] {logging_mixin.py:137} INFO - task_instance_key_str: catchup_example__python_operator__20240827
[2024-08-27T12:01:01.834+0000] {logging_mixin.py:137} INFO - test_mode: False
[2024-08-27T12:01:01.835+0000] {logging_mixin.py:137} INFO - ti: <TaskInstance: catchup_example.python_operator scheduled__2024-08-27T08:10:00+00:00 [running]>
[2024-08-27T12:01:01.835+0000] {warnings.py:110} WARNING - /home/***/.local/lib/python3.7/site-packages/***/utils/context.py:313: AirflowContextDeprecationWarning: Accessing 'tomorrow_ds' from the template is deprecated and will be removed in a future version.
  warnings.warn(_create_deprecation_warning(k, replacements))

[2024-08-27T12:01:01.836+0000] {logging_mixin.py:137} INFO - tomorrow_ds: 2024-08-28
[2024-08-27T12:01:01.837+0000] {warnings.py:110} WARNING - /home/***/.local/lib/python3.7/site-packages/***/utils/context.py:313: AirflowContextDeprecationWarning: Accessing 'tomorrow_ds_nodash' from the template is deprecated and will be removed in a future version.
  warnings.warn(_create_deprecation_warning(k, replacements))

[2024-08-27T12:01:01.837+0000] {logging_mixin.py:137} INFO - tomorrow_ds_nodash: 20240828
[2024-08-27T12:01:01.854+0000] {logging_mixin.py:137} INFO - triggering_dataset_events: defaultdict(<class 'list'>, {})
[2024-08-27T12:01:01.854+0000] {logging_mixin.py:137} INFO - ts: 2024-08-27T08:10:00+00:00
[2024-08-27T12:01:01.855+0000] {logging_mixin.py:137} INFO - ts_nodash: 20240827T081000
[2024-08-27T12:01:01.856+0000] {logging_mixin.py:137} INFO - ts_nodash_with_tz: 20240827T081000+0000
[2024-08-27T12:01:01.856+0000] {logging_mixin.py:137} INFO - var: {'json': None, 'value': None}
[2024-08-27T12:01:01.857+0000] {logging_mixin.py:137} INFO - conn: None
[2024-08-27T12:01:01.857+0000] {warnings.py:110} WARNING - /home/***/.local/lib/python3.7/site-packages/***/utils/context.py:313: AirflowContextDeprecationWarning: Accessing 'yesterday_ds' from the template is deprecated and will be removed in a future version.
  warnings.warn(_create_deprecation_warning(k, replacements))

[2024-08-27T12:01:01.858+0000] {logging_mixin.py:137} INFO - yesterday_ds: 2024-08-26
[2024-08-27T12:01:01.860+0000] {warnings.py:110} WARNING - /home/***/.local/lib/python3.7/site-packages/***/utils/context.py:313: AirflowContextDeprecationWarning: Accessing 'yesterday_ds_nodash' from the template is deprecated and will be removed in a future version.
  warnings.warn(_create_deprecation_warning(k, replacements))

[2024-08-27T12:01:01.860+0000] {logging_mixin.py:137} INFO - yesterday_ds_nodash: 20240826
[2024-08-27T12:01:01.861+0000] {logging_mixin.py:137} INFO - templates_dict: None
[2024-08-27T12:01:01.862+0000] {python.py:177} INFO - Done. Returned value was: None
[2024-08-27T12:01:01.883+0000] {taskinstance.py:1323} INFO - Marking task as SUCCESS. dag_id=catchup_example, task_id=python_operator, execution_date=20240827T081000, start_date=20240827T120101, end_date=20240827T120101
[2024-08-27T12:01:01.957+0000] {local_task_job.py:208} INFO - Task exited with return code 0
[2024-08-27T12:01:02.020+0000] {taskinstance.py:2578} INFO - 1 downstream tasks scheduled from follow-on schedule check
