[2024-08-27T12:01:11.659+0000] {taskinstance.py:1083} INFO - Dependencies all met for <TaskInstance: catchup_example.python_operator scheduled__2024-08-27T09:50:00+00:00 [queued]>
[2024-08-27T12:01:11.690+0000] {taskinstance.py:1083} INFO - Dependencies all met for <TaskInstance: catchup_example.python_operator scheduled__2024-08-27T09:50:00+00:00 [queued]>
[2024-08-27T12:01:11.691+0000] {taskinstance.py:1279} INFO - 
--------------------------------------------------------------------------------
[2024-08-27T12:01:11.693+0000] {taskinstance.py:1280} INFO - Starting attempt 1 of 1
[2024-08-27T12:01:11.694+0000] {taskinstance.py:1281} INFO - 
--------------------------------------------------------------------------------
[2024-08-27T12:01:11.736+0000] {taskinstance.py:1300} INFO - Executing <Task(PythonOperator): python_operator> on 2024-08-27 09:50:00+00:00
[2024-08-27T12:01:11.746+0000] {standard_task_runner.py:55} INFO - Started process 156 to run task
[2024-08-27T12:01:11.753+0000] {standard_task_runner.py:82} INFO - Running: ['***', 'tasks', 'run', 'catchup_example', 'python_operator', 'scheduled__2024-08-27T09:50:00+00:00', '--job-id', '24', '--raw', '--subdir', 'DAGS_FOLDER/5catchup_dag.py', '--cfg-path', '/tmp/tmp0wtihn7q']
[2024-08-27T12:01:11.755+0000] {standard_task_runner.py:83} INFO - Job 24: Subtask python_operator
[2024-08-27T12:01:12.046+0000] {task_command.py:388} INFO - Running <TaskInstance: catchup_example.python_operator scheduled__2024-08-27T09:50:00+00:00 [running]> on host bcac54097145
[2024-08-27T12:01:12.159+0000] {warnings.py:110} WARNING - /home/***/.local/lib/python3.7/site-packages/***/utils/context.py:205: AirflowContextDeprecationWarning: Accessing 'execution_date' from the template is deprecated and will be removed in a future version. Please use 'data_interval_start' or 'logical_date' instead.
  warnings.warn(_create_deprecation_warning(key, self._deprecation_replacements[key]))

[2024-08-27T12:01:12.313+0000] {taskinstance.py:1509} INFO - Exporting the following env vars:
AIRFLOW_CTX_DAG_OWNER=***
AIRFLOW_CTX_DAG_ID=catchup_example
AIRFLOW_CTX_TASK_ID=python_operator
AIRFLOW_CTX_EXECUTION_DATE=2024-08-27T09:50:00+00:00
AIRFLOW_CTX_TRY_NUMBER=1
AIRFLOW_CTX_DAG_RUN_ID=scheduled__2024-08-27T09:50:00+00:00
[2024-08-27T12:01:12.316+0000] {logging_mixin.py:137} INFO - conf: <***.configuration.AirflowConfigParser object at 0x7f1a0aad25d0>
[2024-08-27T12:01:12.317+0000] {logging_mixin.py:137} INFO - dag: <DAG: catchup_example>
[2024-08-27T12:01:12.318+0000] {logging_mixin.py:137} INFO - dag_run: <DagRun catchup_example @ 2024-08-27 09:50:00+00:00: scheduled__2024-08-27T09:50:00+00:00, state:running, queued_at: 2024-08-27 12:01:08.678503+00:00. externally triggered: False>
[2024-08-27T12:01:12.318+0000] {logging_mixin.py:137} INFO - data_interval_end: 2024-08-27T10:00:00+00:00
[2024-08-27T12:01:12.319+0000] {logging_mixin.py:137} INFO - data_interval_start: 2024-08-27T09:50:00+00:00
[2024-08-27T12:01:12.320+0000] {logging_mixin.py:137} INFO - ds: 2024-08-27
[2024-08-27T12:01:12.325+0000] {logging_mixin.py:137} INFO - ds_nodash: 20240827
[2024-08-27T12:01:12.326+0000] {logging_mixin.py:137} INFO - execution_date: 2024-08-27T09:50:00+00:00
[2024-08-27T12:01:12.328+0000] {logging_mixin.py:137} INFO - expanded_ti_count: None
[2024-08-27T12:01:12.329+0000] {logging_mixin.py:137} INFO - inlets: []
[2024-08-27T12:01:12.330+0000] {logging_mixin.py:137} INFO - logical_date: 2024-08-27T09:50:00+00:00
[2024-08-27T12:01:12.331+0000] {logging_mixin.py:137} INFO - macros: <module '***.macros' from '/home/***/.local/lib/python3.7/site-packages/***/macros/__init__.py'>
[2024-08-27T12:01:12.331+0000] {warnings.py:110} WARNING - /home/***/.local/lib/python3.7/site-packages/***/utils/context.py:313: AirflowContextDeprecationWarning: Accessing 'next_ds' from the template is deprecated and will be removed in a future version. Please use '{{ data_interval_end | ds }}' instead.
  warnings.warn(_create_deprecation_warning(k, replacements))

[2024-08-27T12:01:12.332+0000] {logging_mixin.py:137} INFO - next_ds: 2024-08-27
[2024-08-27T12:01:12.333+0000] {warnings.py:110} WARNING - /home/***/.local/lib/python3.7/site-packages/***/utils/context.py:313: AirflowContextDeprecationWarning: Accessing 'next_ds_nodash' from the template is deprecated and will be removed in a future version. Please use '{{ data_interval_end | ds_nodash }}' instead.
  warnings.warn(_create_deprecation_warning(k, replacements))

[2024-08-27T12:01:12.333+0000] {logging_mixin.py:137} INFO - next_ds_nodash: 20240827
[2024-08-27T12:01:12.334+0000] {warnings.py:110} WARNING - /home/***/.local/lib/python3.7/site-packages/***/utils/context.py:313: AirflowContextDeprecationWarning: Accessing 'next_execution_date' from the template is deprecated and will be removed in a future version. Please use 'data_interval_end' instead.
  warnings.warn(_create_deprecation_warning(k, replacements))

[2024-08-27T12:01:12.335+0000] {logging_mixin.py:137} INFO - next_execution_date: 2024-08-27T10:00:00+00:00
[2024-08-27T12:01:12.335+0000] {logging_mixin.py:137} INFO - outlets: []
[2024-08-27T12:01:12.336+0000] {logging_mixin.py:137} INFO - params: {}
[2024-08-27T12:01:12.337+0000] {logging_mixin.py:137} INFO - prev_data_interval_start_success: 2024-08-27T09:20:00+00:00
[2024-08-27T12:01:12.337+0000] {logging_mixin.py:137} INFO - prev_data_interval_end_success: 2024-08-27T09:30:00+00:00
[2024-08-27T12:01:12.338+0000] {warnings.py:110} WARNING - /home/***/.local/lib/python3.7/site-packages/***/utils/context.py:313: AirflowContextDeprecationWarning: Accessing 'prev_ds' from the template is deprecated and will be removed in a future version.
  warnings.warn(_create_deprecation_warning(k, replacements))

[2024-08-27T12:01:12.338+0000] {logging_mixin.py:137} INFO - prev_ds: 2024-08-27
[2024-08-27T12:01:12.339+0000] {warnings.py:110} WARNING - /home/***/.local/lib/python3.7/site-packages/***/utils/context.py:313: AirflowContextDeprecationWarning: Accessing 'prev_ds_nodash' from the template is deprecated and will be removed in a future version.
  warnings.warn(_create_deprecation_warning(k, replacements))

[2024-08-27T12:01:12.340+0000] {logging_mixin.py:137} INFO - prev_ds_nodash: 20240827
[2024-08-27T12:01:12.341+0000] {warnings.py:110} WARNING - /home/***/.local/lib/python3.7/site-packages/***/utils/context.py:313: AirflowContextDeprecationWarning: Accessing 'prev_execution_date' from the template is deprecated and will be removed in a future version.
  warnings.warn(_create_deprecation_warning(k, replacements))

[2024-08-27T12:01:12.342+0000] {logging_mixin.py:137} INFO - prev_execution_date: 2024-08-27T09:40:00+00:00
[2024-08-27T12:01:12.343+0000] {warnings.py:110} WARNING - /home/***/.local/lib/python3.7/site-packages/***/utils/context.py:313: AirflowContextDeprecationWarning: Accessing 'prev_execution_date_success' from the template is deprecated and will be removed in a future version. Please use 'prev_data_interval_start_success' instead.
  warnings.warn(_create_deprecation_warning(k, replacements))

[2024-08-27T12:01:12.344+0000] {logging_mixin.py:137} INFO - prev_execution_date_success: 2024-08-27T09:20:00+00:00
[2024-08-27T12:01:12.345+0000] {logging_mixin.py:137} INFO - prev_start_date_success: 2024-08-27T12:01:07.112521+00:00
[2024-08-27T12:01:12.345+0000] {logging_mixin.py:137} INFO - run_id: scheduled__2024-08-27T09:50:00+00:00
[2024-08-27T12:01:12.346+0000] {logging_mixin.py:137} INFO - task: <Task(PythonOperator): python_operator>
[2024-08-27T12:01:12.346+0000] {logging_mixin.py:137} INFO - task_instance: <TaskInstance: catchup_example.python_operator scheduled__2024-08-27T09:50:00+00:00 [running]>
[2024-08-27T12:01:12.347+0000] {logging_mixin.py:137} INFO - task_instance_key_str: catchup_example__python_operator__20240827
[2024-08-27T12:01:12.347+0000] {logging_mixin.py:137} INFO - test_mode: False
[2024-08-27T12:01:12.348+0000] {logging_mixin.py:137} INFO - ti: <TaskInstance: catchup_example.python_operator scheduled__2024-08-27T09:50:00+00:00 [running]>
[2024-08-27T12:01:12.348+0000] {warnings.py:110} WARNING - /home/***/.local/lib/python3.7/site-packages/***/utils/context.py:313: AirflowContextDeprecationWarning: Accessing 'tomorrow_ds' from the template is deprecated and will be removed in a future version.
  warnings.warn(_create_deprecation_warning(k, replacements))

[2024-08-27T12:01:12.349+0000] {logging_mixin.py:137} INFO - tomorrow_ds: 2024-08-28
[2024-08-27T12:01:12.350+0000] {warnings.py:110} WARNING - /home/***/.local/lib/python3.7/site-packages/***/utils/context.py:313: AirflowContextDeprecationWarning: Accessing 'tomorrow_ds_nodash' from the template is deprecated and will be removed in a future version.
  warnings.warn(_create_deprecation_warning(k, replacements))

[2024-08-27T12:01:12.350+0000] {logging_mixin.py:137} INFO - tomorrow_ds_nodash: 20240828
[2024-08-27T12:01:12.376+0000] {logging_mixin.py:137} INFO - triggering_dataset_events: defaultdict(<class 'list'>, {})
[2024-08-27T12:01:12.378+0000] {logging_mixin.py:137} INFO - ts: 2024-08-27T09:50:00+00:00
[2024-08-27T12:01:12.379+0000] {logging_mixin.py:137} INFO - ts_nodash: 20240827T095000
[2024-08-27T12:01:12.395+0000] {logging_mixin.py:137} INFO - ts_nodash_with_tz: 20240827T095000+0000
[2024-08-27T12:01:12.396+0000] {logging_mixin.py:137} INFO - var: {'json': None, 'value': None}
[2024-08-27T12:01:12.402+0000] {logging_mixin.py:137} INFO - conn: None
[2024-08-27T12:01:12.406+0000] {warnings.py:110} WARNING - /home/***/.local/lib/python3.7/site-packages/***/utils/context.py:313: AirflowContextDeprecationWarning: Accessing 'yesterday_ds' from the template is deprecated and will be removed in a future version.
  warnings.warn(_create_deprecation_warning(k, replacements))

[2024-08-27T12:01:12.408+0000] {logging_mixin.py:137} INFO - yesterday_ds: 2024-08-26
[2024-08-27T12:01:12.409+0000] {warnings.py:110} WARNING - /home/***/.local/lib/python3.7/site-packages/***/utils/context.py:313: AirflowContextDeprecationWarning: Accessing 'yesterday_ds_nodash' from the template is deprecated and will be removed in a future version.
  warnings.warn(_create_deprecation_warning(k, replacements))

[2024-08-27T12:01:12.410+0000] {logging_mixin.py:137} INFO - yesterday_ds_nodash: 20240826
[2024-08-27T12:01:12.411+0000] {logging_mixin.py:137} INFO - templates_dict: None
[2024-08-27T12:01:12.411+0000] {python.py:177} INFO - Done. Returned value was: None
[2024-08-27T12:01:12.445+0000] {taskinstance.py:1323} INFO - Marking task as SUCCESS. dag_id=catchup_example, task_id=python_operator, execution_date=20240827T095000, start_date=20240827T120111, end_date=20240827T120112
[2024-08-27T12:01:12.548+0000] {local_task_job.py:208} INFO - Task exited with return code 0
[2024-08-27T12:01:12.631+0000] {taskinstance.py:2578} INFO - 1 downstream tasks scheduled from follow-on schedule check
