[2024-08-27T12:00:24.122+0000] {processor.py:153} INFO - Started process (PID=56) to work on /opt/airflow/dags/11xcoms_dag.py
[2024-08-27T12:00:24.124+0000] {processor.py:743} INFO - Processing file /opt/airflow/dags/11xcoms_dag.py for tasks to queue
[2024-08-27T12:00:24.127+0000] {logging_mixin.py:137} INFO - [2024-08-27T12:00:24.126+0000] {dagbag.py:538} INFO - Filling up the DagBag from /opt/airflow/dags/11xcoms_dag.py
[2024-08-27T12:00:24.170+0000] {logging_mixin.py:137} INFO - [2024-08-27T12:00:24.169+0000] {taskmixin.py:205} WARNING - Dependency <Task(PythonOperator): implicit_xcom_push>, xcom_pull already registered for DAG: xcom_example
[2024-08-27T12:00:24.174+0000] {logging_mixin.py:137} INFO - [2024-08-27T12:00:24.173+0000] {taskmixin.py:205} WARNING - Dependency <Task(PythonOperator): xcom_pull>, implicit_xcom_push already registered for DAG: xcom_example
[2024-08-27T12:00:24.189+0000] {processor.py:753} INFO - DAG(s) dict_keys(['xcom_example']) retrieved from /opt/airflow/dags/11xcoms_dag.py
[2024-08-27T12:00:24.533+0000] {logging_mixin.py:137} INFO - [2024-08-27T12:00:24.532+0000] {manager.py:504} INFO - Created Permission View: can read on DAG:xcom_example
[2024-08-27T12:00:24.574+0000] {logging_mixin.py:137} INFO - [2024-08-27T12:00:24.574+0000] {manager.py:504} INFO - Created Permission View: can edit on DAG:xcom_example
[2024-08-27T12:00:24.598+0000] {logging_mixin.py:137} INFO - [2024-08-27T12:00:24.598+0000] {manager.py:504} INFO - Created Permission View: can delete on DAG:xcom_example
[2024-08-27T12:00:24.599+0000] {logging_mixin.py:137} INFO - [2024-08-27T12:00:24.599+0000] {dag.py:2690} INFO - Sync 1 DAGs
[2024-08-27T12:00:24.659+0000] {logging_mixin.py:137} INFO - [2024-08-27T12:00:24.659+0000] {dag.py:2711} INFO - Creating ORM DAG for xcom_example
[2024-08-27T12:00:24.700+0000] {logging_mixin.py:137} INFO - [2024-08-27T12:00:24.700+0000] {dag.py:3441} INFO - Setting next_dagrun for xcom_example to None, run_after=None
[2024-08-27T12:00:24.808+0000] {processor.py:175} INFO - Processing /opt/airflow/dags/11xcoms_dag.py took 0.701 seconds
[2024-08-27T12:00:55.177+0000] {processor.py:153} INFO - Started process (PID=147) to work on /opt/airflow/dags/11xcoms_dag.py
[2024-08-27T12:00:55.178+0000] {processor.py:743} INFO - Processing file /opt/airflow/dags/11xcoms_dag.py for tasks to queue
[2024-08-27T12:00:55.180+0000] {logging_mixin.py:137} INFO - [2024-08-27T12:00:55.179+0000] {dagbag.py:538} INFO - Filling up the DagBag from /opt/airflow/dags/11xcoms_dag.py
[2024-08-27T12:00:55.197+0000] {logging_mixin.py:137} INFO - [2024-08-27T12:00:55.197+0000] {taskmixin.py:205} WARNING - Dependency <Task(PythonOperator): implicit_xcom_push>, xcom_pull already registered for DAG: xcom_example
[2024-08-27T12:00:55.197+0000] {logging_mixin.py:137} INFO - [2024-08-27T12:00:55.197+0000] {taskmixin.py:205} WARNING - Dependency <Task(PythonOperator): xcom_pull>, implicit_xcom_push already registered for DAG: xcom_example
[2024-08-27T12:00:55.203+0000] {processor.py:753} INFO - DAG(s) dict_keys(['xcom_example']) retrieved from /opt/airflow/dags/11xcoms_dag.py
[2024-08-27T12:00:55.232+0000] {logging_mixin.py:137} INFO - [2024-08-27T12:00:55.232+0000] {dag.py:2690} INFO - Sync 1 DAGs
[2024-08-27T12:00:55.268+0000] {logging_mixin.py:137} INFO - [2024-08-27T12:00:55.268+0000] {dag.py:3441} INFO - Setting next_dagrun for xcom_example to None, run_after=None
[2024-08-27T12:00:55.298+0000] {processor.py:175} INFO - Processing /opt/airflow/dags/11xcoms_dag.py took 0.127 seconds
