[2024-08-27T12:00:24.508+0000] {processor.py:153} INFO - Started process (PID=57) to work on /opt/airflow/dags/12branching_dag.py
[2024-08-27T12:00:24.510+0000] {processor.py:743} INFO - Processing file /opt/airflow/dags/12branching_dag.py for tasks to queue
[2024-08-27T12:00:24.512+0000] {logging_mixin.py:137} INFO - [2024-08-27T12:00:24.512+0000] {dagbag.py:538} INFO - Filling up the DagBag from /opt/airflow/dags/12branching_dag.py
[2024-08-27T12:00:24.579+0000] {logging_mixin.py:137} INFO - [2024-08-27T12:00:24.576+0000] {taskmixin.py:205} WARNING - Dependency <Task(PythonOperator): save_to_s3>, branch already registered for DAG: branch_operator_example
[2024-08-27T12:00:24.583+0000] {logging_mixin.py:137} INFO - [2024-08-27T12:00:24.582+0000] {taskmixin.py:205} WARNING - Dependency <Task(BranchPythonOperator): branch>, save_to_s3 already registered for DAG: branch_operator_example
[2024-08-27T12:00:24.605+0000] {processor.py:753} INFO - DAG(s) dict_keys(['branch_operator_example']) retrieved from /opt/airflow/dags/12branching_dag.py
[2024-08-27T12:00:25.163+0000] {logging_mixin.py:137} INFO - [2024-08-27T12:00:25.163+0000] {manager.py:504} INFO - Created Permission View: can read on DAG:branch_operator_example
[2024-08-27T12:00:25.249+0000] {logging_mixin.py:137} INFO - [2024-08-27T12:00:25.242+0000] {manager.py:504} INFO - Created Permission View: can edit on DAG:branch_operator_example
[2024-08-27T12:00:25.298+0000] {logging_mixin.py:137} INFO - [2024-08-27T12:00:25.298+0000] {manager.py:504} INFO - Created Permission View: can delete on DAG:branch_operator_example
[2024-08-27T12:00:25.314+0000] {logging_mixin.py:137} INFO - [2024-08-27T12:00:25.314+0000] {dag.py:2690} INFO - Sync 1 DAGs
[2024-08-27T12:00:25.389+0000] {logging_mixin.py:137} INFO - [2024-08-27T12:00:25.388+0000] {dag.py:2711} INFO - Creating ORM DAG for branch_operator_example
[2024-08-27T12:00:25.425+0000] {logging_mixin.py:137} INFO - [2024-08-27T12:00:25.425+0000] {dag.py:3441} INFO - Setting next_dagrun for branch_operator_example to None, run_after=None
[2024-08-27T12:00:25.522+0000] {processor.py:175} INFO - Processing /opt/airflow/dags/12branching_dag.py took 1.024 seconds
[2024-08-27T12:00:56.202+0000] {processor.py:153} INFO - Started process (PID=148) to work on /opt/airflow/dags/12branching_dag.py
[2024-08-27T12:00:56.203+0000] {processor.py:743} INFO - Processing file /opt/airflow/dags/12branching_dag.py for tasks to queue
[2024-08-27T12:00:56.204+0000] {logging_mixin.py:137} INFO - [2024-08-27T12:00:56.204+0000] {dagbag.py:538} INFO - Filling up the DagBag from /opt/airflow/dags/12branching_dag.py
[2024-08-27T12:00:56.218+0000] {logging_mixin.py:137} INFO - [2024-08-27T12:00:56.218+0000] {taskmixin.py:205} WARNING - Dependency <Task(PythonOperator): save_to_s3>, branch already registered for DAG: branch_operator_example
[2024-08-27T12:00:56.219+0000] {logging_mixin.py:137} INFO - [2024-08-27T12:00:56.219+0000] {taskmixin.py:205} WARNING - Dependency <Task(BranchPythonOperator): branch>, save_to_s3 already registered for DAG: branch_operator_example
[2024-08-27T12:00:56.224+0000] {processor.py:753} INFO - DAG(s) dict_keys(['branch_operator_example']) retrieved from /opt/airflow/dags/12branching_dag.py
[2024-08-27T12:00:56.252+0000] {logging_mixin.py:137} INFO - [2024-08-27T12:00:56.252+0000] {dag.py:2690} INFO - Sync 1 DAGs
[2024-08-27T12:00:56.277+0000] {logging_mixin.py:137} INFO - [2024-08-27T12:00:56.277+0000] {dag.py:3441} INFO - Setting next_dagrun for branch_operator_example to None, run_after=None
[2024-08-27T12:00:56.305+0000] {processor.py:175} INFO - Processing /opt/airflow/dags/12branching_dag.py took 0.106 seconds
