[2024-08-27T12:01:08.225+0000] {taskinstance.py:1083} INFO - Dependencies all met for <TaskInstance: catchup_example.python_operator scheduled__2024-08-27T08:50:00+00:00 [queued]>
[2024-08-27T12:01:08.257+0000] {taskinstance.py:1083} INFO - Dependencies all met for <TaskInstance: catchup_example.python_operator scheduled__2024-08-27T08:50:00+00:00 [queued]>
[2024-08-27T12:01:08.258+0000] {taskinstance.py:1279} INFO - 
--------------------------------------------------------------------------------
[2024-08-27T12:01:08.259+0000] {taskinstance.py:1280} INFO - Starting attempt 1 of 1
[2024-08-27T12:01:08.260+0000] {taskinstance.py:1281} INFO - 
--------------------------------------------------------------------------------
[2024-08-27T12:01:08.388+0000] {taskinstance.py:1300} INFO - Executing <Task(PythonOperator): python_operator> on 2024-08-27 08:50:00+00:00
[2024-08-27T12:01:08.410+0000] {standard_task_runner.py:55} INFO - Started process 146 to run task
[2024-08-27T12:01:08.445+0000] {standard_task_runner.py:82} INFO - Running: ['***', 'tasks', 'run', 'catchup_example', 'python_operator', 'scheduled__2024-08-27T08:50:00+00:00', '--job-id', '18', '--raw', '--subdir', 'DAGS_FOLDER/5catchup_dag.py', '--cfg-path', '/tmp/tmpo3h80w72']
[2024-08-27T12:01:08.453+0000] {standard_task_runner.py:83} INFO - Job 18: Subtask python_operator
[2024-08-27T12:01:08.771+0000] {task_command.py:388} INFO - Running <TaskInstance: catchup_example.python_operator scheduled__2024-08-27T08:50:00+00:00 [running]> on host bcac54097145
[2024-08-27T12:01:08.888+0000] {warnings.py:110} WARNING - /home/***/.local/lib/python3.7/site-packages/***/utils/context.py:205: AirflowContextDeprecationWarning: Accessing 'execution_date' from the template is deprecated and will be removed in a future version. Please use 'data_interval_start' or 'logical_date' instead.
  warnings.warn(_create_deprecation_warning(key, self._deprecation_replacements[key]))

[2024-08-27T12:01:08.994+0000] {taskinstance.py:1509} INFO - Exporting the following env vars:
AIRFLOW_CTX_DAG_OWNER=***
AIRFLOW_CTX_DAG_ID=catchup_example
AIRFLOW_CTX_TASK_ID=python_operator
AIRFLOW_CTX_EXECUTION_DATE=2024-08-27T08:50:00+00:00
AIRFLOW_CTX_TRY_NUMBER=1
AIRFLOW_CTX_DAG_RUN_ID=scheduled__2024-08-27T08:50:00+00:00
[2024-08-27T12:01:08.996+0000] {logging_mixin.py:137} INFO - conf: <***.configuration.AirflowConfigParser object at 0x7f1a0aad25d0>
[2024-08-27T12:01:08.999+0000] {logging_mixin.py:137} INFO - dag: <DAG: catchup_example>
[2024-08-27T12:01:08.999+0000] {logging_mixin.py:137} INFO - dag_run: <DagRun catchup_example @ 2024-08-27 08:50:00+00:00: scheduled__2024-08-27T08:50:00+00:00, state:running, queued_at: 2024-08-27 12:01:06.327296+00:00. externally triggered: False>
[2024-08-27T12:01:09.000+0000] {logging_mixin.py:137} INFO - data_interval_end: 2024-08-27T09:00:00+00:00
[2024-08-27T12:01:09.001+0000] {logging_mixin.py:137} INFO - data_interval_start: 2024-08-27T08:50:00+00:00
[2024-08-27T12:01:09.002+0000] {logging_mixin.py:137} INFO - ds: 2024-08-27
[2024-08-27T12:01:09.002+0000] {logging_mixin.py:137} INFO - ds_nodash: 20240827
[2024-08-27T12:01:09.003+0000] {logging_mixin.py:137} INFO - execution_date: 2024-08-27T08:50:00+00:00
[2024-08-27T12:01:09.003+0000] {logging_mixin.py:137} INFO - expanded_ti_count: None
[2024-08-27T12:01:09.004+0000] {logging_mixin.py:137} INFO - inlets: []
[2024-08-27T12:01:09.004+0000] {logging_mixin.py:137} INFO - logical_date: 2024-08-27T08:50:00+00:00
[2024-08-27T12:01:09.005+0000] {logging_mixin.py:137} INFO - macros: <module '***.macros' from '/home/***/.local/lib/python3.7/site-packages/***/macros/__init__.py'>
[2024-08-27T12:01:09.006+0000] {warnings.py:110} WARNING - /home/***/.local/lib/python3.7/site-packages/***/utils/context.py:313: AirflowContextDeprecationWarning: Accessing 'next_ds' from the template is deprecated and will be removed in a future version. Please use '{{ data_interval_end | ds }}' instead.
  warnings.warn(_create_deprecation_warning(k, replacements))

[2024-08-27T12:01:09.007+0000] {logging_mixin.py:137} INFO - next_ds: 2024-08-27
[2024-08-27T12:01:09.007+0000] {warnings.py:110} WARNING - /home/***/.local/lib/python3.7/site-packages/***/utils/context.py:313: AirflowContextDeprecationWarning: Accessing 'next_ds_nodash' from the template is deprecated and will be removed in a future version. Please use '{{ data_interval_end | ds_nodash }}' instead.
  warnings.warn(_create_deprecation_warning(k, replacements))

[2024-08-27T12:01:09.008+0000] {logging_mixin.py:137} INFO - next_ds_nodash: 20240827
[2024-08-27T12:01:09.010+0000] {warnings.py:110} WARNING - /home/***/.local/lib/python3.7/site-packages/***/utils/context.py:313: AirflowContextDeprecationWarning: Accessing 'next_execution_date' from the template is deprecated and will be removed in a future version. Please use 'data_interval_end' instead.
  warnings.warn(_create_deprecation_warning(k, replacements))

[2024-08-27T12:01:09.011+0000] {logging_mixin.py:137} INFO - next_execution_date: 2024-08-27T09:00:00+00:00
[2024-08-27T12:01:09.017+0000] {logging_mixin.py:137} INFO - outlets: []
[2024-08-27T12:01:09.018+0000] {logging_mixin.py:137} INFO - params: {}
[2024-08-27T12:01:09.022+0000] {logging_mixin.py:137} INFO - prev_data_interval_start_success: 2024-08-27T08:30:00+00:00
[2024-08-27T12:01:09.035+0000] {logging_mixin.py:137} INFO - prev_data_interval_end_success: 2024-08-27T08:40:00+00:00
[2024-08-27T12:01:09.036+0000] {warnings.py:110} WARNING - /home/***/.local/lib/python3.7/site-packages/***/utils/context.py:313: AirflowContextDeprecationWarning: Accessing 'prev_ds' from the template is deprecated and will be removed in a future version.
  warnings.warn(_create_deprecation_warning(k, replacements))

[2024-08-27T12:01:09.037+0000] {logging_mixin.py:137} INFO - prev_ds: 2024-08-27
[2024-08-27T12:01:09.037+0000] {warnings.py:110} WARNING - /home/***/.local/lib/python3.7/site-packages/***/utils/context.py:313: AirflowContextDeprecationWarning: Accessing 'prev_ds_nodash' from the template is deprecated and will be removed in a future version.
  warnings.warn(_create_deprecation_warning(k, replacements))

[2024-08-27T12:01:09.038+0000] {logging_mixin.py:137} INFO - prev_ds_nodash: 20240827
[2024-08-27T12:01:09.038+0000] {warnings.py:110} WARNING - /home/***/.local/lib/python3.7/site-packages/***/utils/context.py:313: AirflowContextDeprecationWarning: Accessing 'prev_execution_date' from the template is deprecated and will be removed in a future version.
  warnings.warn(_create_deprecation_warning(k, replacements))

[2024-08-27T12:01:09.039+0000] {logging_mixin.py:137} INFO - prev_execution_date: 2024-08-27T08:40:00+00:00
[2024-08-27T12:01:09.039+0000] {warnings.py:110} WARNING - /home/***/.local/lib/python3.7/site-packages/***/utils/context.py:313: AirflowContextDeprecationWarning: Accessing 'prev_execution_date_success' from the template is deprecated and will be removed in a future version. Please use 'prev_data_interval_start_success' instead.
  warnings.warn(_create_deprecation_warning(k, replacements))

[2024-08-27T12:01:09.042+0000] {logging_mixin.py:137} INFO - prev_execution_date_success: 2024-08-27T08:30:00+00:00
[2024-08-27T12:01:09.044+0000] {logging_mixin.py:137} INFO - prev_start_date_success: 2024-08-27T12:01:00.194107+00:00
[2024-08-27T12:01:09.047+0000] {logging_mixin.py:137} INFO - run_id: scheduled__2024-08-27T08:50:00+00:00
[2024-08-27T12:01:09.048+0000] {logging_mixin.py:137} INFO - task: <Task(PythonOperator): python_operator>
[2024-08-27T12:01:09.049+0000] {logging_mixin.py:137} INFO - task_instance: <TaskInstance: catchup_example.python_operator scheduled__2024-08-27T08:50:00+00:00 [running]>
[2024-08-27T12:01:09.052+0000] {logging_mixin.py:137} INFO - task_instance_key_str: catchup_example__python_operator__20240827
[2024-08-27T12:01:09.053+0000] {logging_mixin.py:137} INFO - test_mode: False
[2024-08-27T12:01:09.054+0000] {logging_mixin.py:137} INFO - ti: <TaskInstance: catchup_example.python_operator scheduled__2024-08-27T08:50:00+00:00 [running]>
[2024-08-27T12:01:09.056+0000] {warnings.py:110} WARNING - /home/***/.local/lib/python3.7/site-packages/***/utils/context.py:313: AirflowContextDeprecationWarning: Accessing 'tomorrow_ds' from the template is deprecated and will be removed in a future version.
  warnings.warn(_create_deprecation_warning(k, replacements))

[2024-08-27T12:01:09.057+0000] {logging_mixin.py:137} INFO - tomorrow_ds: 2024-08-28
[2024-08-27T12:01:09.058+0000] {warnings.py:110} WARNING - /home/***/.local/lib/python3.7/site-packages/***/utils/context.py:313: AirflowContextDeprecationWarning: Accessing 'tomorrow_ds_nodash' from the template is deprecated and will be removed in a future version.
  warnings.warn(_create_deprecation_warning(k, replacements))

[2024-08-27T12:01:09.059+0000] {logging_mixin.py:137} INFO - tomorrow_ds_nodash: 20240828
[2024-08-27T12:01:09.087+0000] {logging_mixin.py:137} INFO - triggering_dataset_events: defaultdict(<class 'list'>, {})
[2024-08-27T12:01:09.093+0000] {logging_mixin.py:137} INFO - ts: 2024-08-27T08:50:00+00:00
[2024-08-27T12:01:09.094+0000] {logging_mixin.py:137} INFO - ts_nodash: 20240827T085000
[2024-08-27T12:01:09.095+0000] {logging_mixin.py:137} INFO - ts_nodash_with_tz: 20240827T085000+0000
[2024-08-27T12:01:09.096+0000] {logging_mixin.py:137} INFO - var: {'json': None, 'value': None}
[2024-08-27T12:01:09.097+0000] {logging_mixin.py:137} INFO - conn: None
[2024-08-27T12:01:09.098+0000] {warnings.py:110} WARNING - /home/***/.local/lib/python3.7/site-packages/***/utils/context.py:313: AirflowContextDeprecationWarning: Accessing 'yesterday_ds' from the template is deprecated and will be removed in a future version.
  warnings.warn(_create_deprecation_warning(k, replacements))

[2024-08-27T12:01:09.099+0000] {logging_mixin.py:137} INFO - yesterday_ds: 2024-08-26
[2024-08-27T12:01:09.099+0000] {warnings.py:110} WARNING - /home/***/.local/lib/python3.7/site-packages/***/utils/context.py:313: AirflowContextDeprecationWarning: Accessing 'yesterday_ds_nodash' from the template is deprecated and will be removed in a future version.
  warnings.warn(_create_deprecation_warning(k, replacements))

[2024-08-27T12:01:09.100+0000] {logging_mixin.py:137} INFO - yesterday_ds_nodash: 20240826
[2024-08-27T12:01:09.102+0000] {logging_mixin.py:137} INFO - templates_dict: None
[2024-08-27T12:01:09.114+0000] {python.py:177} INFO - Done. Returned value was: None
[2024-08-27T12:01:09.164+0000] {taskinstance.py:1323} INFO - Marking task as SUCCESS. dag_id=catchup_example, task_id=python_operator, execution_date=20240827T085000, start_date=20240827T120108, end_date=20240827T120109
[2024-08-27T12:01:09.241+0000] {local_task_job.py:208} INFO - Task exited with return code 0
[2024-08-27T12:01:09.317+0000] {taskinstance.py:2578} INFO - 1 downstream tasks scheduled from follow-on schedule check
